-- The C compiler identification is GNU 11.4.0
-- The CXX compiler identification is GNU 11.4.0
-- Detecting C compiler ABI info
-- Detecting C compiler ABI info - done
-- Check for working C compiler: /usr/bin/cc - skipped
-- Detecting C compile features
-- Detecting C compile features - done
-- Detecting CXX compiler ABI info
-- Detecting CXX compiler ABI info - done
-- Check for working CXX compiler: /usr/bin/c++ - skipped
-- Detecting CXX compile features
-- Detecting CXX compile features - done
-- Found ament_cmake: 1.3.8 (/opt/ros/humble/share/ament_cmake/cmake)
-- Found Python3: /usr/bin/python3 (found version "3.10.12") found components: Interpreter 
-- Found rclcpp: 16.0.8 (/opt/ros/humble/share/rclcpp/cmake)
-- Found rosidl_generator_c: 3.1.5 (/opt/ros/humble/share/rosidl_generator_c/cmake)
-- Found rosidl_adapter: 3.1.5 (/opt/ros/humble/share/rosidl_adapter/cmake)
-- Found rosidl_generator_cpp: 3.1.5 (/opt/ros/humble/share/rosidl_generator_cpp/cmake)
-- Using all available rosidl_typesupport_c: rosidl_typesupport_fastrtps_c;rosidl_typesupport_introspection_c
-- Using all available rosidl_typesupport_cpp: rosidl_typesupport_fastrtps_cpp;rosidl_typesupport_introspection_cpp
-- Found rmw_implementation_cmake: 6.1.1 (/opt/ros/humble/share/rmw_implementation_cmake/cmake)
-- Found rmw_fastrtps_cpp: 6.2.6 (/opt/ros/humble/share/rmw_fastrtps_cpp/cmake)
-- Found OpenSSL: /usr/lib/x86_64-linux-gnu/libcrypto.so (found version "3.0.2")  
-- Found FastRTPS: /opt/ros/humble/include  
-- Using RMW implementation 'rmw_fastrtps_cpp' as default
-- Looking for pthread.h
-- Looking for pthread.h - found
-- Performing Test CMAKE_HAVE_LIBC_PTHREAD
-- Performing Test CMAKE_HAVE_LIBC_PTHREAD - Success
-- Found Threads: TRUE  
-- Found sensor_msgs: 4.2.3 (/opt/ros/humble/share/sensor_msgs/cmake)
-- Configuring done
-- Generating done
-- Build files have been written to: /home/jsc/ros2_ws/build/delta_lidar
[ 21%] [32mBuilding CXX object CMakeFiles/delta_lidar_node_client.dir/src/client.cpp.o[0m
[ 21%] [32mBuilding CXX object CMakeFiles/delta_lidar_node.dir/sdk/src/C3iroboticsLidar.cpp.o[0m
[ 28%] [32mBuilding CXX object CMakeFiles/delta_lidar_node.dir/sdk/src/CCountDown.cpp.o[0m
[ 35%] [32mBuilding CXX object CMakeFiles/delta_lidar_node.dir/sdk/src/CLidarPacket.cpp.o[0m
[ 42%] [32mBuilding CXX object CMakeFiles/delta_lidar_node.dir/sdk/src/CDeviceConnection.cpp.o[0m
[ 50%] [32mBuilding CXX object CMakeFiles/delta_lidar_node.dir/sdk/src/CLidarPacketReceiver.cpp.o[0m
[ 57%] [32mBuilding CXX object CMakeFiles/delta_lidar_node.dir/src/node.cpp.o[0m
[ 64%] [32mBuilding CXX object CMakeFiles/delta_lidar_node.dir/sdk/src/CSimulateSerial.cpp.o[0m
[ 64%] [32mBuilding CXX object CMakeFiles/delta_lidar_node.dir/sdk/src/CSerialConnection.cpp.o[0m
[ 78%] [32mBuilding CXX object CMakeFiles/delta_lidar_node.dir/sdk/src/CArcTime.cpp.o[0m
[ 78%] [32mBuilding CXX object CMakeFiles/delta_lidar_node.dir/sdk/src/CTime.cpp.o[0m
[ 85%] [32mBuilding CXX object CMakeFiles/delta_lidar_node.dir/sdk/src/CLidarUnpacket.cpp.o[0m
[ 92%] [32m[1mLinking CXX executable delta_lidar_node_client[0m
[ 92%] Built target delta_lidar_node_client
