[1.661s] Invoking command in '/home/jsc/ros2_ws/src/robot_nav2': PYTHONPATH=/home/jsc/ros2_ws/build/robot_nav2/prefix_override:/home/jsc/ros2_ws/install/robot_nav2/lib/python3.10/site-packages:${PYTHONPATH} /usr/bin/python3 -W ignore:setup.py install is deprecated setup.py egg_info --egg-base ../../build/robot_nav2 build --build-base /home/jsc/ros2_ws/build/robot_nav2/build install --record /home/jsc/ros2_ws/build/robot_nav2/install.log --single-version-externally-managed install_data
[1.952s] running egg_info
[1.952s] creating ../../build/robot_nav2/robot_nav2.egg-info
[1.952s] writing ../../build/robot_nav2/robot_nav2.egg-info/PKG-INFO
[1.953s] writing dependency_links to ../../build/robot_nav2/robot_nav2.egg-info/dependency_links.txt
[1.953s] writing entry points to ../../build/robot_nav2/robot_nav2.egg-info/entry_points.txt
[1.953s] writing requirements to ../../build/robot_nav2/robot_nav2.egg-info/requires.txt
[1.953s] writing top-level names to ../../build/robot_nav2/robot_nav2.egg-info/top_level.txt
[1.954s] writing manifest file '../../build/robot_nav2/robot_nav2.egg-info/SOURCES.txt'
[1.956s] reading manifest file '../../build/robot_nav2/robot_nav2.egg-info/SOURCES.txt'
[1.956s] writing manifest file '../../build/robot_nav2/robot_nav2.egg-info/SOURCES.txt'
[1.957s] running build
[1.957s] running build_py
[1.957s] creating /home/jsc/ros2_ws/build/robot_nav2/build
[1.957s] creating /home/jsc/ros2_ws/build/robot_nav2/build/lib
[1.957s] creating /home/jsc/ros2_ws/build/robot_nav2/build/lib/robot_nav2
[1.957s] copying robot_nav2/__init__.py -> /home/jsc/ros2_ws/build/robot_nav2/build/lib/robot_nav2
[1.957s] running install
[1.958s] running install_lib
[1.958s] creating /home/jsc/ros2_ws/install/robot_nav2/lib/python3.10/site-packages/robot_nav2
[1.959s] copying /home/jsc/ros2_ws/build/robot_nav2/build/lib/robot_nav2/__init__.py -> /home/jsc/ros2_ws/install/robot_nav2/lib/python3.10/site-packages/robot_nav2
[1.959s] byte-compiling /home/jsc/ros2_ws/install/robot_nav2/lib/python3.10/site-packages/robot_nav2/__init__.py to __init__.cpython-310.pyc
[1.959s] running install_data
[1.959s] creating /home/jsc/ros2_ws/install/robot_nav2/share/ament_index
[1.960s] creating /home/jsc/ros2_ws/install/robot_nav2/share/ament_index/resource_index
[1.960s] creating /home/jsc/ros2_ws/install/robot_nav2/share/ament_index/resource_index/packages
[1.960s] copying resource/robot_nav2 -> /home/jsc/ros2_ws/install/robot_nav2/share/ament_index/resource_index/packages
[1.960s] copying package.xml -> /home/jsc/ros2_ws/install/robot_nav2/share/robot_nav2
[1.960s] creating /home/jsc/ros2_ws/install/robot_nav2/share/robot_nav2/launch
[1.960s] copying launch/lidar_launch.py -> /home/jsc/ros2_ws/install/robot_nav2/share/robot_nav2/launch
[1.960s] copying launch/amcl_launch.py -> /home/jsc/ros2_ws/install/robot_nav2/share/robot_nav2/launch
[1.960s] copying launch/nav2_launch.py -> /home/jsc/ros2_ws/install/robot_nav2/share/robot_nav2/launch
[1.961s] creating /home/jsc/ros2_ws/install/robot_nav2/share/robot_nav2/config
[1.961s] copying config/amcl_config.yaml -> /home/jsc/ros2_ws/install/robot_nav2/share/robot_nav2/config
[1.961s] copying config/nav2_params.yaml -> /home/jsc/ros2_ws/install/robot_nav2/share/robot_nav2/config
[1.961s] running install_egg_info
[1.963s] Copying ../../build/robot_nav2/robot_nav2.egg-info to /home/jsc/ros2_ws/install/robot_nav2/lib/python3.10/site-packages/robot_nav2-0.0.0-py3.10.egg-info
[1.964s] running install_scripts
[1.987s] writing list of installed files to '/home/jsc/ros2_ws/build/robot_nav2/install.log'
[2.018s] Invoked command in '/home/jsc/ros2_ws/src/robot_nav2' returned '0': PYTHONPATH=/home/jsc/ros2_ws/build/robot_nav2/prefix_override:/home/jsc/ros2_ws/install/robot_nav2/lib/python3.10/site-packages:${PYTHONPATH} /usr/bin/python3 -W ignore:setup.py install is deprecated setup.py egg_info --egg-base ../../build/robot_nav2 build --build-base /home/jsc/ros2_ws/build/robot_nav2/build install --record /home/jsc/ros2_ws/build/robot_nav2/install.log --single-version-externally-managed install_data
