[0.516s] Invoking command in '/home/jsc/ros2_ws/src/robot_controller': PYTHONPATH=/home/jsc/ros2_ws/build/robot_controller/prefix_override:/home/jsc/ros2_ws/install/robot_controller/lib/python3.10/site-packages:${PYTHONPATH} /usr/bin/python3 -W ignore:setup.py install is deprecated setup.py egg_info --egg-base ../../build/robot_controller build --build-base /home/jsc/ros2_ws/build/robot_controller/build install --record /home/jsc/ros2_ws/build/robot_controller/install.log --single-version-externally-managed install_data
[0.736s] running egg_info
[0.736s] writing ../../build/robot_controller/robot_controller.egg-info/PKG-INFO
[0.736s] writing dependency_links to ../../build/robot_controller/robot_controller.egg-info/dependency_links.txt
[0.737s] writing entry points to ../../build/robot_controller/robot_controller.egg-info/entry_points.txt
[0.737s] writing requirements to ../../build/robot_controller/robot_controller.egg-info/requires.txt
[0.737s] writing top-level names to ../../build/robot_controller/robot_controller.egg-info/top_level.txt
[0.738s] reading manifest file '../../build/robot_controller/robot_controller.egg-info/SOURCES.txt'
[0.739s] writing manifest file '../../build/robot_controller/robot_controller.egg-info/SOURCES.txt'
[0.739s] running build
[0.739s] running build_py
[0.740s] copying robot_controller/find_ports.py -> /home/jsc/ros2_ws/build/robot_controller/build/lib/robot_controller
[0.740s] running install
[0.740s] running install_lib
[0.741s] copying /home/jsc/ros2_ws/build/robot_controller/build/lib/robot_controller/find_ports.py -> /home/jsc/ros2_ws/install/robot_controller/lib/python3.10/site-packages/robot_controller
[0.741s] byte-compiling /home/jsc/ros2_ws/install/robot_controller/lib/python3.10/site-packages/robot_controller/find_ports.py to find_ports.cpython-310.pyc
[0.742s] running install_data
[0.742s] running install_egg_info
[0.743s] removing '/home/jsc/ros2_ws/install/robot_controller/lib/python3.10/site-packages/robot_controller-0.0.0-py3.10.egg-info' (and everything under it)
[0.744s] Copying ../../build/robot_controller/robot_controller.egg-info to /home/jsc/ros2_ws/install/robot_controller/lib/python3.10/site-packages/robot_controller-0.0.0-py3.10.egg-info
[0.744s] running install_scripts
[0.762s] Installing find_ports script to /home/jsc/ros2_ws/install/robot_controller/lib/robot_controller
[0.763s] Installing text_node script to /home/jsc/ros2_ws/install/robot_controller/lib/robot_controller
[0.763s] writing list of installed files to '/home/jsc/ros2_ws/build/robot_controller/install.log'
[0.781s] Invoked command in '/home/jsc/ros2_ws/src/robot_controller' returned '0': PYTHONPATH=/home/jsc/ros2_ws/build/robot_controller/prefix_override:/home/jsc/ros2_ws/install/robot_controller/lib/python3.10/site-packages:${PYTHONPATH} /usr/bin/python3 -W ignore:setup.py install is deprecated setup.py egg_info --egg-base ../../build/robot_controller build --build-base /home/jsc/ros2_ws/build/robot_controller/build install --record /home/jsc/ros2_ws/build/robot_controller/install.log --single-version-externally-managed install_data
