[0.856s] Invoking command in '/home/jsc/ros2_ws/build/sllidar_ros2': CMAKE_PREFIX_PATH=${CMAKE_PREFIX_PATH}:/home/jsc/ros2_ws/install/robot_sensor_distance:/home/jsc/ros2_ws/install/robot_distancia:/home/jsc/ros2_ws/install/robot_controller:/home/jsc/ros2_ws/install/prueba:/home/jsc/ros2_ws/install/aros2duino:/home/jsc/Aros2duino/install/aros2duino:/opt/ros/humble /usr/bin/cmake --build /home/jsc/ros2_ws/build/sllidar_ros2 -- -j12 -l12
[0.916s] [ 10%] Built target sllidar_client
[0.934s] [100%] Built target sllidar_node
[0.948s] Invoked command in '/home/jsc/ros2_ws/build/sllidar_ros2' returned '0': CMAKE_PREFIX_PATH=${CMAKE_PREFIX_PATH}:/home/jsc/ros2_ws/install/robot_sensor_distance:/home/jsc/ros2_ws/install/robot_distancia:/home/jsc/ros2_ws/install/robot_controller:/home/jsc/ros2_ws/install/prueba:/home/jsc/ros2_ws/install/aros2duino:/home/jsc/Aros2duino/install/aros2duino:/opt/ros/humble /usr/bin/cmake --build /home/jsc/ros2_ws/build/sllidar_ros2 -- -j12 -l12
[1.024s] Invoking command in '/home/jsc/ros2_ws/build/sllidar_ros2': CMAKE_PREFIX_PATH=${CMAKE_PREFIX_PATH}:/home/jsc/ros2_ws/install/robot_sensor_distance:/home/jsc/ros2_ws/install/robot_distancia:/home/jsc/ros2_ws/install/robot_controller:/home/jsc/ros2_ws/install/prueba:/home/jsc/ros2_ws/install/aros2duino:/home/jsc/Aros2duino/install/aros2duino:/opt/ros/humble /usr/bin/cmake --install /home/jsc/ros2_ws/build/sllidar_ros2
[1.031s] -- Install configuration: ""
[1.032s] -- Execute custom install script
[1.032s] -- Up-to-date symlink: /home/jsc/ros2_ws/install/sllidar_ros2/share/sllidar_ros2/launch/sllidar_a1_launch.py
[1.032s] -- Up-to-date symlink: /home/jsc/ros2_ws/install/sllidar_ros2/share/sllidar_ros2/launch/sllidar_a2m12_launch .py
[1.033s] -- Up-to-date symlink: /home/jsc/ros2_ws/install/sllidar_ros2/share/sllidar_ros2/launch/sllidar_a2m7_launch.py
[1.033s] -- Up-to-date symlink: /home/jsc/ros2_ws/install/sllidar_ros2/share/sllidar_ros2/launch/sllidar_a2m8_launch.py
[1.033s] -- Up-to-date symlink: /home/jsc/ros2_ws/install/sllidar_ros2/share/sllidar_ros2/launch/sllidar_a3_launch.py
[1.033s] -- Up-to-date symlink: /home/jsc/ros2_ws/install/sllidar_ros2/share/sllidar_ros2/launch/sllidar_c1_launch.py
[1.033s] -- Up-to-date symlink: /home/jsc/ros2_ws/install/sllidar_ros2/share/sllidar_ros2/launch/sllidar_s1_launch.py
[1.033s] -- Up-to-date symlink: /home/jsc/ros2_ws/install/sllidar_ros2/share/sllidar_ros2/launch/sllidar_s1_tcp_launch.py
[1.034s] -- Up-to-date symlink: /home/jsc/ros2_ws/install/sllidar_ros2/share/sllidar_ros2/launch/sllidar_s2_launch.py
[1.034s] -- Up-to-date symlink: /home/jsc/ros2_ws/install/sllidar_ros2/share/sllidar_ros2/launch/sllidar_s2e_launch.py
[1.034s] -- Up-to-date symlink: /home/jsc/ros2_ws/install/sllidar_ros2/share/sllidar_ros2/launch/sllidar_s3_launch.py
[1.034s] -- Up-to-date symlink: /home/jsc/ros2_ws/install/sllidar_ros2/share/sllidar_ros2/launch/sllidar_t1_launch.py
[1.034s] -- Up-to-date symlink: /home/jsc/ros2_ws/install/sllidar_ros2/share/sllidar_ros2/launch/view_sllidar_a1_launch.py
[1.034s] -- Up-to-date symlink: /home/jsc/ros2_ws/install/sllidar_ros2/share/sllidar_ros2/launch/view_sllidar_a2m12_launch.py
[1.035s] -- Up-to-date symlink: /home/jsc/ros2_ws/install/sllidar_ros2/share/sllidar_ros2/launch/view_sllidar_a2m7_launch.py
[1.035s] -- Up-to-date symlink: /home/jsc/ros2_ws/install/sllidar_ros2/share/sllidar_ros2/launch/view_sllidar_a2m8_launch.py
[1.035s] -- Up-to-date symlink: /home/jsc/ros2_ws/install/sllidar_ros2/share/sllidar_ros2/launch/view_sllidar_a3_launch.py
[1.035s] -- Up-to-date symlink: /home/jsc/ros2_ws/install/sllidar_ros2/share/sllidar_ros2/launch/view_sllidar_c1_launch.py
[1.035s] -- Up-to-date symlink: /home/jsc/ros2_ws/install/sllidar_ros2/share/sllidar_ros2/launch/view_sllidar_s1_launch.py
[1.035s] -- Up-to-date symlink: /home/jsc/ros2_ws/install/sllidar_ros2/share/sllidar_ros2/launch/view_sllidar_s1_tcp_launch.py
[1.035s] -- Up-to-date symlink: /home/jsc/ros2_ws/install/sllidar_ros2/share/sllidar_ros2/launch/view_sllidar_s2_launch.py
[1.036s] -- Up-to-date symlink: /home/jsc/ros2_ws/install/sllidar_ros2/share/sllidar_ros2/launch/view_sllidar_s2e_launch.py
[1.036s] -- Up-to-date symlink: /home/jsc/ros2_ws/install/sllidar_ros2/share/sllidar_ros2/launch/view_sllidar_s3_launch.py
[1.036s] -- Up-to-date symlink: /home/jsc/ros2_ws/install/sllidar_ros2/share/sllidar_ros2/launch/view_sllidar_t1_launch.py
[1.036s] -- Up-to-date symlink: /home/jsc/ros2_ws/install/sllidar_ros2/share/sllidar_ros2/rviz/sllidar_ros2.rviz
[1.036s] -- Up-to-date symlink: /home/jsc/ros2_ws/install/sllidar_ros2/lib/sllidar_ros2/sllidar_node
[1.036s] -- Up-to-date symlink: /home/jsc/ros2_ws/install/sllidar_ros2/lib/sllidar_ros2/sllidar_client
[1.037s] -- Up-to-date symlink: /home/jsc/ros2_ws/install/sllidar_ros2/share/ament_index/resource_index/package_run_dependencies/sllidar_ros2
[1.037s] -- Up-to-date symlink: /home/jsc/ros2_ws/install/sllidar_ros2/share/ament_index/resource_index/parent_prefix_path/sllidar_ros2
[1.037s] -- Up-to-date symlink: /home/jsc/ros2_ws/install/sllidar_ros2/share/sllidar_ros2/environment/ament_prefix_path.sh
[1.037s] -- Up-to-date symlink: /home/jsc/ros2_ws/install/sllidar_ros2/share/sllidar_ros2/environment/ament_prefix_path.dsv
[1.037s] -- Up-to-date symlink: /home/jsc/ros2_ws/install/sllidar_ros2/share/sllidar_ros2/environment/path.sh
[1.037s] -- Up-to-date symlink: /home/jsc/ros2_ws/install/sllidar_ros2/share/sllidar_ros2/environment/path.dsv
[1.037s] -- Up-to-date symlink: /home/jsc/ros2_ws/install/sllidar_ros2/share/sllidar_ros2/local_setup.bash
[1.038s] -- Up-to-date symlink: /home/jsc/ros2_ws/install/sllidar_ros2/share/sllidar_ros2/local_setup.sh
[1.038s] -- Up-to-date symlink: /home/jsc/ros2_ws/install/sllidar_ros2/share/sllidar_ros2/local_setup.zsh
[1.038s] -- Up-to-date symlink: /home/jsc/ros2_ws/install/sllidar_ros2/share/sllidar_ros2/local_setup.dsv
[1.038s] -- Symlinking: /home/jsc/ros2_ws/install/sllidar_ros2/share/sllidar_ros2/package.dsv
[1.047s] -- Up-to-date symlink: /home/jsc/ros2_ws/install/sllidar_ros2/share/ament_index/resource_index/packages/sllidar_ros2
[1.047s] -- Up-to-date symlink: /home/jsc/ros2_ws/install/sllidar_ros2/share/sllidar_ros2/cmake/ament_cmake_export_dependencies-extras.cmake
[1.047s] -- Up-to-date symlink: /home/jsc/ros2_ws/install/sllidar_ros2/share/sllidar_ros2/cmake/ament_cmake_export_include_directories-extras.cmake
[1.048s] -- Up-to-date symlink: /home/jsc/ros2_ws/install/sllidar_ros2/share/sllidar_ros2/cmake/sllidar_ros2Config.cmake
[1.048s] -- Up-to-date symlink: /home/jsc/ros2_ws/install/sllidar_ros2/share/sllidar_ros2/cmake/sllidar_ros2Config-version.cmake
[1.048s] -- Up-to-date symlink: /home/jsc/ros2_ws/install/sllidar_ros2/share/sllidar_ros2/package.xml
[1.051s] Invoked command in '/home/jsc/ros2_ws/build/sllidar_ros2' returned '0': CMAKE_PREFIX_PATH=${CMAKE_PREFIX_PATH}:/home/jsc/ros2_ws/install/robot_sensor_distance:/home/jsc/ros2_ws/install/robot_distancia:/home/jsc/ros2_ws/install/robot_controller:/home/jsc/ros2_ws/install/prueba:/home/jsc/ros2_ws/install/aros2duino:/home/jsc/Aros2duino/install/aros2duino:/opt/ros/humble /usr/bin/cmake --install /home/jsc/ros2_ws/build/sllidar_ros2
