[1.300s] Invoking command in '/home/jsc/ros2_ws/src/robot_controller': PYTHONPATH=/home/jsc/ros2_ws/build/robot_controller/prefix_override:/home/jsc/ros2_ws/install/robot_controller/lib/python3.10/site-packages:${PYTHONPATH} /usr/bin/python3 -W ignore:setup.py install is deprecated setup.py egg_info --egg-base ../../build/robot_controller build --build-base /home/jsc/ros2_ws/build/robot_controller/build install --record /home/jsc/ros2_ws/build/robot_controller/install.log --single-version-externally-managed install_data
[1.563s] running egg_info
[1.564s] writing ../../build/robot_controller/robot_controller.egg-info/PKG-INFO
[1.564s] writing dependency_links to ../../build/robot_controller/robot_controller.egg-info/dependency_links.txt
[1.564s] writing entry points to ../../build/robot_controller/robot_controller.egg-info/entry_points.txt
[1.564s] writing requirements to ../../build/robot_controller/robot_controller.egg-info/requires.txt
[1.565s] writing top-level names to ../../build/robot_controller/robot_controller.egg-info/top_level.txt
[1.566s] reading manifest file '../../build/robot_controller/robot_controller.egg-info/SOURCES.txt'
[1.573s] writing manifest file '../../build/robot_controller/robot_controller.egg-info/SOURCES.txt'
[1.573s] running build
[1.573s] running build_py
[1.574s] running install
[1.574s] running install_lib
[1.575s] running install_data
[1.576s] running install_egg_info
[1.577s] removing '/home/jsc/ros2_ws/install/robot_controller/lib/python3.10/site-packages/robot_controller-0.0.0-py3.10.egg-info' (and everything under it)
[1.578s] Copying ../../build/robot_controller/robot_controller.egg-info to /home/jsc/ros2_ws/install/robot_controller/lib/python3.10/site-packages/robot_controller-0.0.0-py3.10.egg-info
[1.579s] running install_scripts
[1.604s] Installing find_ports script to /home/jsc/ros2_ws/install/robot_controller/lib/robot_controller
[1.604s] Installing text_node script to /home/jsc/ros2_ws/install/robot_controller/lib/robot_controller
[1.605s] writing list of installed files to '/home/jsc/ros2_ws/build/robot_controller/install.log'
[1.648s] Invoked command in '/home/jsc/ros2_ws/src/robot_controller' returned '0': PYTHONPATH=/home/jsc/ros2_ws/build/robot_controller/prefix_override:/home/jsc/ros2_ws/install/robot_controller/lib/python3.10/site-packages:${PYTHONPATH} /usr/bin/python3 -W ignore:setup.py install is deprecated setup.py egg_info --egg-base ../../build/robot_controller build --build-base /home/jsc/ros2_ws/build/robot_controller/build install --record /home/jsc/ros2_ws/build/robot_controller/install.log --single-version-externally-managed install_data
