[0.047s] Invoking command in '/home/jsc/ros2_ws/build/jsc_bot_description': CMAKE_PREFIX_PATH=${CMAKE_PREFIX_PATH}:/home/jsc/ros2_ws/install/robot_sensor_distance:/home/jsc/ros2_ws/install/robot_nav2:/home/jsc/ros2_ws/install/robot_distancia:/home/jsc/ros2_ws/install/robot_controller:/home/jsc/ros2_ws/install/prueba:/home/jsc/ros2_ws/install/aros2duino:/home/jsc/Aros2duino/install/aros2duino:/opt/ros/humble /usr/bin/cmake /home/jsc/ros2_ws/src/jsc_bot_description -DCMAKE_INSTALL_PREFIX=/home/jsc/ros2_ws/install/jsc_bot_description
[1.161s] -- The C compiler identification is GNU 11.4.0
[1.162s] -- The CXX compiler identification is GNU 11.4.0
[1.163s] -- Detecting C compiler ABI info
[1.163s] -- Detecting C compiler ABI info - done
[1.163s] -- Check for working C compiler: /usr/bin/cc - skipped
[1.163s] -- Detecting C compile features
[1.163s] -- Detecting C compile features - done
[1.164s] -- Detecting CXX compiler ABI info
[1.164s] -- Detecting CXX compiler ABI info - done
[1.164s] -- Check for working CXX compiler: /usr/bin/c++ - skipped
[1.164s] -- Detecting CXX compile features
[1.165s] -- Detecting CXX compile features - done
[1.165s] -- Found ament_cmake: 1.3.9 (/opt/ros/humble/share/ament_cmake/cmake)
[1.165s] -- Found Python3: /usr/bin/python3 (found version "3.10.12") found components: Interpreter 
[1.166s] -- Found ament_lint_auto: 0.12.11 (/opt/ros/humble/share/ament_lint_auto/cmake)
[1.166s] -- Added test 'flake8' to check Python code syntax and style conventions
[1.167s] -- Added test 'lint_cmake' to check CMake code style
[1.168s] -- Added test 'pep257' to check Python code against some of the docstring style conventions in PEP 257
[1.168s] -- Added test 'xmllint' to check XML markup files
[1.168s] -- Configuring done
[1.169s] -- Generating done
[1.170s] -- Build files have been written to: /home/jsc/ros2_ws/build/jsc_bot_description
[1.173s] Invoked command in '/home/jsc/ros2_ws/build/jsc_bot_description' returned '0': CMAKE_PREFIX_PATH=${CMAKE_PREFIX_PATH}:/home/jsc/ros2_ws/install/robot_sensor_distance:/home/jsc/ros2_ws/install/robot_nav2:/home/jsc/ros2_ws/install/robot_distancia:/home/jsc/ros2_ws/install/robot_controller:/home/jsc/ros2_ws/install/prueba:/home/jsc/ros2_ws/install/aros2duino:/home/jsc/Aros2duino/install/aros2duino:/opt/ros/humble /usr/bin/cmake /home/jsc/ros2_ws/src/jsc_bot_description -DCMAKE_INSTALL_PREFIX=/home/jsc/ros2_ws/install/jsc_bot_description
[1.174s] Invoking command in '/home/jsc/ros2_ws/build/jsc_bot_description': CMAKE_PREFIX_PATH=${CMAKE_PREFIX_PATH}:/home/jsc/ros2_ws/install/robot_sensor_distance:/home/jsc/ros2_ws/install/robot_nav2:/home/jsc/ros2_ws/install/robot_distancia:/home/jsc/ros2_ws/install/robot_controller:/home/jsc/ros2_ws/install/prueba:/home/jsc/ros2_ws/install/aros2duino:/home/jsc/Aros2duino/install/aros2duino:/opt/ros/humble /usr/bin/cmake --build /home/jsc/ros2_ws/build/jsc_bot_description -- -j12 -l12
[1.209s] Invoked command in '/home/jsc/ros2_ws/build/jsc_bot_description' returned '0': CMAKE_PREFIX_PATH=${CMAKE_PREFIX_PATH}:/home/jsc/ros2_ws/install/robot_sensor_distance:/home/jsc/ros2_ws/install/robot_nav2:/home/jsc/ros2_ws/install/robot_distancia:/home/jsc/ros2_ws/install/robot_controller:/home/jsc/ros2_ws/install/prueba:/home/jsc/ros2_ws/install/aros2duino:/home/jsc/Aros2duino/install/aros2duino:/opt/ros/humble /usr/bin/cmake --build /home/jsc/ros2_ws/build/jsc_bot_description -- -j12 -l12
[1.236s] Invoking command in '/home/jsc/ros2_ws/build/jsc_bot_description': CMAKE_PREFIX_PATH=${CMAKE_PREFIX_PATH}:/home/jsc/ros2_ws/install/robot_sensor_distance:/home/jsc/ros2_ws/install/robot_nav2:/home/jsc/ros2_ws/install/robot_distancia:/home/jsc/ros2_ws/install/robot_controller:/home/jsc/ros2_ws/install/prueba:/home/jsc/ros2_ws/install/aros2duino:/home/jsc/Aros2duino/install/aros2duino:/opt/ros/humble /usr/bin/cmake --install /home/jsc/ros2_ws/build/jsc_bot_description
[1.247s] -- Install configuration: ""
[1.247s] -- Installing: /home/jsc/ros2_ws/install/jsc_bot_description/share/jsc_bot_description/src
[1.247s] -- Installing: /home/jsc/ros2_ws/install/jsc_bot_description/share/jsc_bot_description/src/description
[1.248s] -- Installing: /home/jsc/ros2_ws/install/jsc_bot_description/share/jsc_bot_description/src/description/jsc_bot_description
[1.248s] -- Installing: /home/jsc/ros2_ws/install/jsc_bot_description/share/jsc_bot_description/launch
[1.248s] -- Installing: /home/jsc/ros2_ws/install/jsc_bot_description/share/jsc_bot_description/launch/display.launch.py
[1.248s] -- Installing: /home/jsc/ros2_ws/install/jsc_bot_description/share/jsc_bot_description/rviz
[1.249s] -- Installing: /home/jsc/ros2_ws/install/jsc_bot_description/share/jsc_bot_description/rviz/ urdf_config.rviz
[1.249s] -- Installing: /home/jsc/ros2_ws/install/jsc_bot_description/share/ament_index/resource_index/package_run_dependencies/jsc_bot_description
[1.249s] -- Installing: /home/jsc/ros2_ws/install/jsc_bot_description/share/ament_index/resource_index/parent_prefix_path/jsc_bot_description
[1.249s] -- Installing: /home/jsc/ros2_ws/install/jsc_bot_description/share/jsc_bot_description/environment/ament_prefix_path.sh
[1.250s] -- Installing: /home/jsc/ros2_ws/install/jsc_bot_description/share/jsc_bot_description/environment/ament_prefix_path.dsv
[1.250s] -- Installing: /home/jsc/ros2_ws/install/jsc_bot_description/share/jsc_bot_description/environment/path.sh
[1.250s] -- Installing: /home/jsc/ros2_ws/install/jsc_bot_description/share/jsc_bot_description/environment/path.dsv
[1.251s] -- Installing: /home/jsc/ros2_ws/install/jsc_bot_description/share/jsc_bot_description/local_setup.bash
[1.251s] -- Installing: /home/jsc/ros2_ws/install/jsc_bot_description/share/jsc_bot_description/local_setup.sh
[1.251s] -- Installing: /home/jsc/ros2_ws/install/jsc_bot_description/share/jsc_bot_description/local_setup.zsh
[1.251s] -- Installing: /home/jsc/ros2_ws/install/jsc_bot_description/share/jsc_bot_description/local_setup.dsv
[1.251s] -- Installing: /home/jsc/ros2_ws/install/jsc_bot_description/share/jsc_bot_description/package.dsv
[1.252s] -- Installing: /home/jsc/ros2_ws/install/jsc_bot_description/share/ament_index/resource_index/packages/jsc_bot_description
[1.252s] -- Installing: /home/jsc/ros2_ws/install/jsc_bot_description/share/jsc_bot_description/cmake/jsc_bot_descriptionConfig.cmake
[1.252s] -- Installing: /home/jsc/ros2_ws/install/jsc_bot_description/share/jsc_bot_description/cmake/jsc_bot_descriptionConfig-version.cmake
[1.252s] -- Installing: /home/jsc/ros2_ws/install/jsc_bot_description/share/jsc_bot_description/package.xml
[1.269s] Invoked command in '/home/jsc/ros2_ws/build/jsc_bot_description' returned '0': CMAKE_PREFIX_PATH=${CMAKE_PREFIX_PATH}:/home/jsc/ros2_ws/install/robot_sensor_distance:/home/jsc/ros2_ws/install/robot_nav2:/home/jsc/ros2_ws/install/robot_distancia:/home/jsc/ros2_ws/install/robot_controller:/home/jsc/ros2_ws/install/prueba:/home/jsc/ros2_ws/install/aros2duino:/home/jsc/Aros2duino/install/aros2duino:/opt/ros/humble /usr/bin/cmake --install /home/jsc/ros2_ws/build/jsc_bot_description
