running develop
Removing /home/jsc/ros2_ws/install/robot_nav2/lib/python3.10/site-packages/robot-nav2.egg-link (link to .)
running egg_info
writing ../../build/robot_nav2/robot_nav2.egg-info/PKG-INFO
writing dependency_links to ../../build/robot_nav2/robot_nav2.egg-info/dependency_links.txt
writing entry points to ../../build/robot_nav2/robot_nav2.egg-info/entry_points.txt
writing requirements to ../../build/robot_nav2/robot_nav2.egg-info/requires.txt
writing top-level names to ../../build/robot_nav2/robot_nav2.egg-info/top_level.txt
reading manifest file '../../build/robot_nav2/robot_nav2.egg-info/SOURCES.txt'
writing manifest file '../../build/robot_nav2/robot_nav2.egg-info/SOURCES.txt'
running build
running build_py
running install
running install_lib
creating /home/jsc/ros2_ws/install/robot_nav2/lib/python3.10/site-packages/robot_nav2
copying /home/jsc/ros2_ws/build/robot_nav2/build/lib/robot_nav2/__init__.py -> /home/jsc/ros2_ws/install/robot_nav2/lib/python3.10/site-packages/robot_nav2
byte-compiling /home/jsc/ros2_ws/install/robot_nav2/lib/python3.10/site-packages/robot_nav2/__init__.py to __init__.cpython-310.pyc
running install_data
copying resource/robot_nav2 -> /home/jsc/ros2_ws/install/robot_nav2/share/ament_index/resource_index/packages
copying package.xml -> /home/jsc/ros2_ws/install/robot_nav2/share/robot_nav2
copying launch/lidar_launch.py -> /home/jsc/ros2_ws/install/robot_nav2/share/robot_nav2/launch
copying launch/amcl_launch.py -> /home/jsc/ros2_ws/install/robot_nav2/share/robot_nav2/launch
copying launch/nav2_launch.py -> /home/jsc/ros2_ws/install/robot_nav2/share/robot_nav2/launch
copying config/amcl_config.yaml -> /home/jsc/ros2_ws/install/robot_nav2/share/robot_nav2/config
copying config/nav2_params.yaml -> /home/jsc/ros2_ws/install/robot_nav2/share/robot_nav2/config
running install_egg_info
Copying ../../build/robot_nav2/robot_nav2.egg-info to /home/jsc/ros2_ws/install/robot_nav2/lib/python3.10/site-packages/robot_nav2-0.0.0-py3.10.egg-info
running install_scripts
writing list of installed files to '/home/jsc/ros2_ws/build/robot_nav2/install.log'
