[1.576s] Invoking command in '/home/jsc/ros2_ws/build/robot_sensor_distance': PYTHONPATH=/home/jsc/ros2_ws/build/robot_sensor_distance/prefix_override:/usr/lib/python3/dist-packages/colcon_core/task/python/colcon_distutils_commands:/home/jsc/ros2_ws/install/robot_sensor_distance/lib/python3.10/site-packages:${PYTHONPATH} /usr/bin/python3 -W ignore:setup.py install is deprecated setup.py develop --editable --build-directory /home/jsc/ros2_ws/build/robot_sensor_distance/build --no-deps symlink_data --force
[1.873s] running develop
[1.873s] /usr/lib/python3/dist-packages/setuptools/command/easy_install.py:158: EasyInstallDeprecationWarning: easy_install command is deprecated. Use build and pip and other standards-based tools.
[1.873s]   warnings.warn(
[2.087s] running egg_info
[2.088s] writing robot_sensor_distance.egg-info/PKG-INFO
[2.088s] writing dependency_links to robot_sensor_distance.egg-info/dependency_links.txt
[2.088s] writing entry points to robot_sensor_distance.egg-info/entry_points.txt
[2.089s] writing requirements to robot_sensor_distance.egg-info/requires.txt
[2.089s] writing top-level names to robot_sensor_distance.egg-info/top_level.txt
[2.091s] reading manifest file 'robot_sensor_distance.egg-info/SOURCES.txt'
[2.092s] writing manifest file 'robot_sensor_distance.egg-info/SOURCES.txt'
[2.094s] running build_ext
[2.095s] Creating /home/jsc/ros2_ws/install/robot_sensor_distance/lib/python3.10/site-packages/robot-sensor-distance.egg-link (link to .)
[2.098s] Installing distancia script to /home/jsc/ros2_ws/install/robot_sensor_distance/lib/robot_sensor_distance
[2.098s] 
[2.098s] Installed /home/jsc/ros2_ws/build/robot_sensor_distance
[2.099s] running symlink_data
[2.099s] symbolically linking /home/jsc/ros2_ws/build/robot_sensor_distance/resource/robot_sensor_distance -> /home/jsc/ros2_ws/install/robot_sensor_distance/share/ament_index/resource_index/packages
[2.099s] symbolically linking /home/jsc/ros2_ws/build/robot_sensor_distance/package.xml -> /home/jsc/ros2_ws/install/robot_sensor_distance/share/robot_sensor_distance
[2.139s] Invoked command in '/home/jsc/ros2_ws/build/robot_sensor_distance' returned '0': PYTHONPATH=/home/jsc/ros2_ws/build/robot_sensor_distance/prefix_override:/usr/lib/python3/dist-packages/colcon_core/task/python/colcon_distutils_commands:/home/jsc/ros2_ws/install/robot_sensor_distance/lib/python3.10/site-packages:${PYTHONPATH} /usr/bin/python3 -W ignore:setup.py install is deprecated setup.py develop --editable --build-directory /home/jsc/ros2_ws/build/robot_sensor_distance/build --no-deps symlink_data --force
