[0.010s] Invoking command in '/home/jsc/ros2_ws/build/jsc_mobile_robot': CMAKE_PREFIX_PATH=${CMAKE_PREFIX_PATH}:/home/jsc/ros2_ws/install/robot_sensor_distance:/home/jsc/ros2_ws/install/robot_nav2:/home/jsc/ros2_ws/install/robot_distancia:/home/jsc/ros2_ws/install/robot_controller:/home/jsc/ros2_ws/install/prueba:/home/jsc/ros2_ws/install/aros2duino:/home/jsc/Aros2duino/install/aros2duino:/opt/ros/humble /usr/bin/cmake --build /home/jsc/ros2_ws/build/jsc_mobile_robot -- -j12 -l12
[0.032s] -- Found ament_cmake: 1.3.9 (/opt/ros/humble/share/ament_cmake/cmake)
[0.154s] -- Override CMake install command with custom implementation using symlinks instead of copying resources
[0.162s] -- Found ament_lint_auto: 0.12.11 (/opt/ros/humble/share/ament_lint_auto/cmake)
[0.233s] -- Added test 'copyright' to check source files copyright and LICENSE
[0.238s] -- Added test 'flake8' to check Python code syntax and style conventions
[0.239s] -- Added test 'lint_cmake' to check CMake code style
[0.239s] -- Added test 'pep257' to check Python code against some of the docstring style conventions in PEP 257
[0.242s] -- Added test 'xmllint' to check XML markup files
[0.243s] -- Configuring done
[0.245s] -- Generating done
[0.246s] -- Build files have been written to: /home/jsc/ros2_ws/build/jsc_mobile_robot
[0.266s] Invoked command in '/home/jsc/ros2_ws/build/jsc_mobile_robot' returned '0': CMAKE_PREFIX_PATH=${CMAKE_PREFIX_PATH}:/home/jsc/ros2_ws/install/robot_sensor_distance:/home/jsc/ros2_ws/install/robot_nav2:/home/jsc/ros2_ws/install/robot_distancia:/home/jsc/ros2_ws/install/robot_controller:/home/jsc/ros2_ws/install/prueba:/home/jsc/ros2_ws/install/aros2duino:/home/jsc/Aros2duino/install/aros2duino:/opt/ros/humble /usr/bin/cmake --build /home/jsc/ros2_ws/build/jsc_mobile_robot -- -j12 -l12
[0.294s] Invoking command in '/home/jsc/ros2_ws/build/jsc_mobile_robot': CMAKE_PREFIX_PATH=${CMAKE_PREFIX_PATH}:/home/jsc/ros2_ws/install/robot_sensor_distance:/home/jsc/ros2_ws/install/robot_nav2:/home/jsc/ros2_ws/install/robot_distancia:/home/jsc/ros2_ws/install/robot_controller:/home/jsc/ros2_ws/install/prueba:/home/jsc/ros2_ws/install/aros2duino:/home/jsc/Aros2duino/install/aros2duino:/opt/ros/humble /usr/bin/cmake --install /home/jsc/ros2_ws/build/jsc_mobile_robot
[0.301s] -- Install configuration: ""
[0.302s] -- Execute custom install script
[0.302s] -- Symlinking: /home/jsc/ros2_ws/install/jsc_mobile_robot/share/jsc_mobile_robot/config/ekf.yaml
[0.311s] -- Up-to-date symlink: /home/jsc/ros2_ws/install/jsc_mobile_robot/share/jsc_mobile_robot/launch/jsc_mobile_bot_v1_launch.py
[0.311s] -- Up-to-date symlink: /home/jsc/ros2_ws/install/jsc_mobile_robot/share/jsc_mobile_robot/launch/jsc_mobile_bot_v2_launch.py
[0.311s] -- Symlinking: /home/jsc/ros2_ws/install/jsc_mobile_robot/share/jsc_mobile_robot/launch/jsc_mobile_bot_v3_launch.py
[0.321s] -- Up-to-date symlink: /home/jsc/ros2_ws/install/jsc_mobile_robot/share/jsc_mobile_robot/meshes/arm_base.stl
[0.321s] -- Up-to-date symlink: /home/jsc/ros2_ws/install/jsc_mobile_robot/share/jsc_mobile_robot/meshes/bicep.stl
[0.321s] -- Up-to-date symlink: /home/jsc/ros2_ws/install/jsc_mobile_robot/share/jsc_mobile_robot/meshes/elbow.stl
[0.321s] -- Up-to-date symlink: /home/jsc/ros2_ws/install/jsc_mobile_robot/share/jsc_mobile_robot/meshes/robot_base.stl
[0.321s] -- Up-to-date symlink: /home/jsc/ros2_ws/install/jsc_mobile_robot/share/jsc_mobile_robot/meshes/wheel.stl
[0.322s] -- Up-to-date symlink: /home/jsc/ros2_ws/install/jsc_mobile_robot/share/jsc_mobile_robot/meshes/wrist.stl
[0.322s] -- Up-to-date symlink: /home/jsc/ros2_ws/install/jsc_mobile_robot/share/jsc_mobile_robot/models/Pasillo_Telematica/model.config
[0.322s] -- Up-to-date symlink: /home/jsc/ros2_ws/install/jsc_mobile_robot/share/jsc_mobile_robot/models/Pasillo_Telematica/model.sdf
[0.322s] -- Up-to-date symlink: /home/jsc/ros2_ws/install/jsc_mobile_robot/share/jsc_mobile_robot/models/jsc_mobile_bot_description/meshes/arm_base.stl
[0.322s] -- Up-to-date symlink: /home/jsc/ros2_ws/install/jsc_mobile_robot/share/jsc_mobile_robot/models/jsc_mobile_bot_description/meshes/bicep.stl
[0.323s] -- Up-to-date symlink: /home/jsc/ros2_ws/install/jsc_mobile_robot/share/jsc_mobile_robot/models/jsc_mobile_bot_description/meshes/elbow.stl
[0.323s] -- Up-to-date symlink: /home/jsc/ros2_ws/install/jsc_mobile_robot/share/jsc_mobile_robot/models/jsc_mobile_bot_description/meshes/robot_base.stl
[0.323s] -- Up-to-date symlink: /home/jsc/ros2_ws/install/jsc_mobile_robot/share/jsc_mobile_robot/models/jsc_mobile_bot_description/meshes/wheel.stl
[0.323s] -- Up-to-date symlink: /home/jsc/ros2_ws/install/jsc_mobile_robot/share/jsc_mobile_robot/models/jsc_mobile_bot_description/meshes/wrist.stl
[0.323s] -- Up-to-date symlink: /home/jsc/ros2_ws/install/jsc_mobile_robot/share/jsc_mobile_robot/models/jsc_mobile_bot_description/model.config
[0.323s] -- Up-to-date symlink: /home/jsc/ros2_ws/install/jsc_mobile_robot/share/jsc_mobile_robot/models/jsc_mobile_bot_description/model.sdf
[0.323s] -- Up-to-date symlink: /home/jsc/ros2_ws/install/jsc_mobile_robot/share/jsc_mobile_robot/models/jsc_mobile_bot_v1.urdf
[0.324s] -- Up-to-date symlink: /home/jsc/ros2_ws/install/jsc_mobile_robot/share/jsc_mobile_robot/rviz/urdf_config.rviz
[0.324s] -- Up-to-date symlink: /home/jsc/ros2_ws/install/jsc_mobile_robot/share/jsc_mobile_robot/worlds/jsc_mobile_bot_world/pasillo_telematica.world
[0.324s] -- Up-to-date symlink: /home/jsc/ros2_ws/install/jsc_mobile_robot/share/ament_index/resource_index/package_run_dependencies/jsc_mobile_robot
[0.324s] -- Up-to-date symlink: /home/jsc/ros2_ws/install/jsc_mobile_robot/share/ament_index/resource_index/parent_prefix_path/jsc_mobile_robot
[0.324s] -- Up-to-date symlink: /home/jsc/ros2_ws/install/jsc_mobile_robot/share/jsc_mobile_robot/environment/ament_prefix_path.sh
[0.325s] -- Up-to-date symlink: /home/jsc/ros2_ws/install/jsc_mobile_robot/share/jsc_mobile_robot/environment/ament_prefix_path.dsv
[0.325s] -- Up-to-date symlink: /home/jsc/ros2_ws/install/jsc_mobile_robot/share/jsc_mobile_robot/environment/path.sh
[0.325s] -- Up-to-date symlink: /home/jsc/ros2_ws/install/jsc_mobile_robot/share/jsc_mobile_robot/environment/path.dsv
[0.325s] -- Up-to-date symlink: /home/jsc/ros2_ws/install/jsc_mobile_robot/share/jsc_mobile_robot/local_setup.bash
[0.325s] -- Up-to-date symlink: /home/jsc/ros2_ws/install/jsc_mobile_robot/share/jsc_mobile_robot/local_setup.sh
[0.326s] -- Up-to-date symlink: /home/jsc/ros2_ws/install/jsc_mobile_robot/share/jsc_mobile_robot/local_setup.zsh
[0.326s] -- Up-to-date symlink: /home/jsc/ros2_ws/install/jsc_mobile_robot/share/jsc_mobile_robot/local_setup.dsv
[0.326s] -- Symlinking: /home/jsc/ros2_ws/install/jsc_mobile_robot/share/jsc_mobile_robot/package.dsv
[0.335s] -- Up-to-date symlink: /home/jsc/ros2_ws/install/jsc_mobile_robot/share/ament_index/resource_index/packages/jsc_mobile_robot
[0.335s] -- Up-to-date symlink: /home/jsc/ros2_ws/install/jsc_mobile_robot/share/jsc_mobile_robot/cmake/jsc_mobile_robotConfig.cmake
[0.335s] -- Up-to-date symlink: /home/jsc/ros2_ws/install/jsc_mobile_robot/share/jsc_mobile_robot/cmake/jsc_mobile_robotConfig-version.cmake
[0.335s] -- Up-to-date symlink: /home/jsc/ros2_ws/install/jsc_mobile_robot/share/jsc_mobile_robot/package.xml
[0.337s] Invoked command in '/home/jsc/ros2_ws/build/jsc_mobile_robot' returned '0': CMAKE_PREFIX_PATH=${CMAKE_PREFIX_PATH}:/home/jsc/ros2_ws/install/robot_sensor_distance:/home/jsc/ros2_ws/install/robot_nav2:/home/jsc/ros2_ws/install/robot_distancia:/home/jsc/ros2_ws/install/robot_controller:/home/jsc/ros2_ws/install/prueba:/home/jsc/ros2_ws/install/aros2duino:/home/jsc/Aros2duino/install/aros2duino:/opt/ros/humble /usr/bin/cmake --install /home/jsc/ros2_ws/build/jsc_mobile_robot
