-- Found ament_cmake: 1.3.9 (/opt/ros/humble/share/ament_cmake/cmake)
-- Override CMake install command with custom implementation using symlinks instead of copying resources
-- Found ament_lint_auto: 0.12.11 (/opt/ros/humble/share/ament_lint_auto/cmake)
-- Added test 'flake8' to check Python code syntax and style conventions
-- Added test 'lint_cmake' to check CMake code style
-- Added test 'pep257' to check Python code against some of the docstring style conventions in PEP 257
-- Added test 'xmllint' to check XML markup files
-- Configuring done
-- Generating done
-- Build files have been written to: /home/jsc/ros2_ws/build/robot_slam
-- Install configuration: ""
-- Up-to-date: /home/jsc/ros2_ws/install/robot_slam/share/robot_slam/launch
-- Up-to-date: /home/jsc/ros2_ws/install/robot_slam/share/robot_slam/launch/nav2_bringup_launch.py
-- Up-to-date: /home/jsc/ros2_ws/install/robot_slam/share/robot_slam/launch/slam_toolbox_launch.py
-- Up-to-date: /home/jsc/ros2_ws/install/robot_slam/share/robot_slam/config
-- Up-to-date: /home/jsc/ros2_ws/install/robot_slam/share/robot_slam/config/nav2_params.yaml
-- Up-to-date: /home/jsc/ros2_ws/install/robot_slam/share/robot_slam/config/slam_toolbox_config.yaml
-- Execute custom install script
-- Symlinking: /home/jsc/ros2_ws/install/robot_slam/share/ament_index/resource_index/package_run_dependencies/robot_slam
-- Symlinking: /home/jsc/ros2_ws/install/robot_slam/share/ament_index/resource_index/parent_prefix_path/robot_slam
-- Symlinking: /home/jsc/ros2_ws/install/robot_slam/share/robot_slam/environment/ament_prefix_path.sh
-- Symlinking: /home/jsc/ros2_ws/install/robot_slam/share/robot_slam/environment/ament_prefix_path.dsv
-- Symlinking: /home/jsc/ros2_ws/install/robot_slam/share/robot_slam/environment/path.sh
-- Symlinking: /home/jsc/ros2_ws/install/robot_slam/share/robot_slam/environment/path.dsv
-- Symlinking: /home/jsc/ros2_ws/install/robot_slam/share/robot_slam/local_setup.bash
-- Symlinking: /home/jsc/ros2_ws/install/robot_slam/share/robot_slam/local_setup.sh
-- Symlinking: /home/jsc/ros2_ws/install/robot_slam/share/robot_slam/local_setup.zsh
-- Symlinking: /home/jsc/ros2_ws/install/robot_slam/share/robot_slam/local_setup.dsv
-- Symlinking: /home/jsc/ros2_ws/install/robot_slam/share/robot_slam/package.dsv
-- Symlinking: /home/jsc/ros2_ws/install/robot_slam/share/ament_index/resource_index/packages/robot_slam
-- Symlinking: /home/jsc/ros2_ws/install/robot_slam/share/robot_slam/cmake/robot_slamConfig.cmake
-- Symlinking: /home/jsc/ros2_ws/install/robot_slam/share/robot_slam/cmake/robot_slamConfig-version.cmake
-- Symlinking: /home/jsc/ros2_ws/install/robot_slam/share/robot_slam/package.xml
