[1.048s] Invoking command in '/home/jsc/ros2_ws/build/robot_slam': CMAKE_PREFIX_PATH=${CMAKE_PREFIX_PATH}:/home/jsc/ros2_ws/install/robot_sensor_distance:/home/jsc/ros2_ws/install/robot_nav2:/home/jsc/ros2_ws/install/robot_distancia:/home/jsc/ros2_ws/install/robot_controller:/home/jsc/ros2_ws/install/prueba:/home/jsc/ros2_ws/install/aros2duino:/home/jsc/Aros2duino/install/aros2duino:/opt/ros/humble /usr/bin/cmake /home/jsc/ros2_ws/src/robot_slam -DAMENT_CMAKE_SYMLINK_INSTALL=1 -DCMAKE_INSTALL_PREFIX=/home/jsc/ros2_ws/install/robot_slam
[1.059s] -- Found ament_cmake: 1.3.9 (/opt/ros/humble/share/ament_cmake/cmake)
[1.195s] -- Override CMake install command with custom implementation using symlinks instead of copying resources
[1.206s] -- Found ament_lint_auto: 0.12.11 (/opt/ros/humble/share/ament_lint_auto/cmake)
[1.303s] -- Added test 'flake8' to check Python code syntax and style conventions
[1.304s] -- Added test 'lint_cmake' to check CMake code style
[1.305s] -- Added test 'pep257' to check Python code against some of the docstring style conventions in PEP 257
[1.307s] -- Added test 'xmllint' to check XML markup files
[1.308s] -- Configuring done
[1.312s] -- Generating done
[1.314s] -- Build files have been written to: /home/jsc/ros2_ws/build/robot_slam
[1.318s] Invoked command in '/home/jsc/ros2_ws/build/robot_slam' returned '0': CMAKE_PREFIX_PATH=${CMAKE_PREFIX_PATH}:/home/jsc/ros2_ws/install/robot_sensor_distance:/home/jsc/ros2_ws/install/robot_nav2:/home/jsc/ros2_ws/install/robot_distancia:/home/jsc/ros2_ws/install/robot_controller:/home/jsc/ros2_ws/install/prueba:/home/jsc/ros2_ws/install/aros2duino:/home/jsc/Aros2duino/install/aros2duino:/opt/ros/humble /usr/bin/cmake /home/jsc/ros2_ws/src/robot_slam -DAMENT_CMAKE_SYMLINK_INSTALL=1 -DCMAKE_INSTALL_PREFIX=/home/jsc/ros2_ws/install/robot_slam
[1.320s] Invoking command in '/home/jsc/ros2_ws/build/robot_slam': CMAKE_PREFIX_PATH=${CMAKE_PREFIX_PATH}:/home/jsc/ros2_ws/install/robot_sensor_distance:/home/jsc/ros2_ws/install/robot_nav2:/home/jsc/ros2_ws/install/robot_distancia:/home/jsc/ros2_ws/install/robot_controller:/home/jsc/ros2_ws/install/prueba:/home/jsc/ros2_ws/install/aros2duino:/home/jsc/Aros2duino/install/aros2duino:/opt/ros/humble /usr/bin/cmake --build /home/jsc/ros2_ws/build/robot_slam -- -j12 -l12
[1.365s] Invoked command in '/home/jsc/ros2_ws/build/robot_slam' returned '0': CMAKE_PREFIX_PATH=${CMAKE_PREFIX_PATH}:/home/jsc/ros2_ws/install/robot_sensor_distance:/home/jsc/ros2_ws/install/robot_nav2:/home/jsc/ros2_ws/install/robot_distancia:/home/jsc/ros2_ws/install/robot_controller:/home/jsc/ros2_ws/install/prueba:/home/jsc/ros2_ws/install/aros2duino:/home/jsc/Aros2duino/install/aros2duino:/opt/ros/humble /usr/bin/cmake --build /home/jsc/ros2_ws/build/robot_slam -- -j12 -l12
[1.390s] Invoking command in '/home/jsc/ros2_ws/build/robot_slam': CMAKE_PREFIX_PATH=${CMAKE_PREFIX_PATH}:/home/jsc/ros2_ws/install/robot_sensor_distance:/home/jsc/ros2_ws/install/robot_nav2:/home/jsc/ros2_ws/install/robot_distancia:/home/jsc/ros2_ws/install/robot_controller:/home/jsc/ros2_ws/install/prueba:/home/jsc/ros2_ws/install/aros2duino:/home/jsc/Aros2duino/install/aros2duino:/opt/ros/humble /usr/bin/cmake --install /home/jsc/ros2_ws/build/robot_slam
[1.396s] -- Install configuration: ""
[1.397s] -- Up-to-date: /home/jsc/ros2_ws/install/robot_slam/share/robot_slam/launch
[1.397s] -- Up-to-date: /home/jsc/ros2_ws/install/robot_slam/share/robot_slam/launch/nav2_bringup_launch.py
[1.397s] -- Up-to-date: /home/jsc/ros2_ws/install/robot_slam/share/robot_slam/launch/slam_toolbox_launch.py
[1.397s] -- Up-to-date: /home/jsc/ros2_ws/install/robot_slam/share/robot_slam/config
[1.397s] -- Up-to-date: /home/jsc/ros2_ws/install/robot_slam/share/robot_slam/config/nav2_params.yaml
[1.397s] -- Up-to-date: /home/jsc/ros2_ws/install/robot_slam/share/robot_slam/config/slam_toolbox_config.yaml
[1.397s] -- Execute custom install script
[1.397s] -- Symlinking: /home/jsc/ros2_ws/install/robot_slam/share/ament_index/resource_index/package_run_dependencies/robot_slam
[1.407s] -- Symlinking: /home/jsc/ros2_ws/install/robot_slam/share/ament_index/resource_index/parent_prefix_path/robot_slam
[1.416s] -- Symlinking: /home/jsc/ros2_ws/install/robot_slam/share/robot_slam/environment/ament_prefix_path.sh
[1.425s] -- Symlinking: /home/jsc/ros2_ws/install/robot_slam/share/robot_slam/environment/ament_prefix_path.dsv
[1.433s] -- Symlinking: /home/jsc/ros2_ws/install/robot_slam/share/robot_slam/environment/path.sh
[1.442s] -- Symlinking: /home/jsc/ros2_ws/install/robot_slam/share/robot_slam/environment/path.dsv
[1.451s] -- Symlinking: /home/jsc/ros2_ws/install/robot_slam/share/robot_slam/local_setup.bash
[1.460s] -- Symlinking: /home/jsc/ros2_ws/install/robot_slam/share/robot_slam/local_setup.sh
[1.470s] -- Symlinking: /home/jsc/ros2_ws/install/robot_slam/share/robot_slam/local_setup.zsh
[1.479s] -- Symlinking: /home/jsc/ros2_ws/install/robot_slam/share/robot_slam/local_setup.dsv
[1.491s] -- Symlinking: /home/jsc/ros2_ws/install/robot_slam/share/robot_slam/package.dsv
[1.498s] -- Symlinking: /home/jsc/ros2_ws/install/robot_slam/share/ament_index/resource_index/packages/robot_slam
[1.509s] -- Symlinking: /home/jsc/ros2_ws/install/robot_slam/share/robot_slam/cmake/robot_slamConfig.cmake
[1.520s] -- Symlinking: /home/jsc/ros2_ws/install/robot_slam/share/robot_slam/cmake/robot_slamConfig-version.cmake
[1.530s] -- Symlinking: /home/jsc/ros2_ws/install/robot_slam/share/robot_slam/package.xml
[1.541s] Invoked command in '/home/jsc/ros2_ws/build/robot_slam' returned '0': CMAKE_PREFIX_PATH=${CMAKE_PREFIX_PATH}:/home/jsc/ros2_ws/install/robot_sensor_distance:/home/jsc/ros2_ws/install/robot_nav2:/home/jsc/ros2_ws/install/robot_distancia:/home/jsc/ros2_ws/install/robot_controller:/home/jsc/ros2_ws/install/prueba:/home/jsc/ros2_ws/install/aros2duino:/home/jsc/Aros2duino/install/aros2duino:/opt/ros/humble /usr/bin/cmake --install /home/jsc/ros2_ws/build/robot_slam
