running develop
/usr/lib/python3/dist-packages/setuptools/command/easy_install.py:158: EasyInstallDeprecationWarning: easy_install command is deprecated. Use build and pip and other standards-based tools.
  warnings.warn(
Removing /home/jsc/ros2_ws/install/wheel_control/lib/python3.10/site-packages/wheel-control.egg-link (link to .)
running egg_info
writing ../../build/wheel_control/wheel_control.egg-info/PKG-INFO
writing dependency_links to ../../build/wheel_control/wheel_control.egg-info/dependency_links.txt
writing entry points to ../../build/wheel_control/wheel_control.egg-info/entry_points.txt
writing requirements to ../../build/wheel_control/wheel_control.egg-info/requires.txt
writing top-level names to ../../build/wheel_control/wheel_control.egg-info/top_level.txt
reading manifest file '../../build/wheel_control/wheel_control.egg-info/SOURCES.txt'
writing manifest file '../../build/wheel_control/wheel_control.egg-info/SOURCES.txt'
running build
running build_py
creating /home/jsc/ros2_ws/build/wheel_control/build
creating /home/jsc/ros2_ws/build/wheel_control/build/lib
creating /home/jsc/ros2_ws/build/wheel_control/build/lib/wheel_control
copying wheel_control/wheel_control_node.py -> /home/jsc/ros2_ws/build/wheel_control/build/lib/wheel_control
copying wheel_control/__init__.py -> /home/jsc/ros2_ws/build/wheel_control/build/lib/wheel_control
running install
running install_lib
creating /home/jsc/ros2_ws/install/wheel_control/lib/python3.10/site-packages/wheel_control
copying /home/jsc/ros2_ws/build/wheel_control/build/lib/wheel_control/wheel_control_node.py -> /home/jsc/ros2_ws/install/wheel_control/lib/python3.10/site-packages/wheel_control
copying /home/jsc/ros2_ws/build/wheel_control/build/lib/wheel_control/__init__.py -> /home/jsc/ros2_ws/install/wheel_control/lib/python3.10/site-packages/wheel_control
byte-compiling /home/jsc/ros2_ws/install/wheel_control/lib/python3.10/site-packages/wheel_control/wheel_control_node.py to wheel_control_node.cpython-310.pyc
byte-compiling /home/jsc/ros2_ws/install/wheel_control/lib/python3.10/site-packages/wheel_control/__init__.py to __init__.cpython-310.pyc
running install_data
copying resource/wheel_control -> /home/jsc/ros2_ws/install/wheel_control/share/ament_index/resource_index/packages
copying package.xml -> /home/jsc/ros2_ws/install/wheel_control/share/wheel_control
running install_egg_info
Copying ../../build/wheel_control/wheel_control.egg-info to /home/jsc/ros2_ws/install/wheel_control/lib/python3.10/site-packages/wheel_control-0.0.0-py3.10.egg-info
running install_scripts
Installing wheel_control_node script to /home/jsc/ros2_ws/install/wheel_control/lib/wheel_control
writing list of installed files to '/home/jsc/ros2_ws/build/wheel_control/install.log'
