[0.012s] Invoking command in '/home/jsc/ros2_ws/build/basic_mobile_robot': CMAKE_PREFIX_PATH=${CMAKE_PREFIX_PATH}:/home/jsc/ros2_ws/install/wheel_control:/home/jsc/ros2_ws/install/robot_sensor_distance:/home/jsc/ros2_ws/install/robot_nav2:/home/jsc/ros2_ws/install/robot_distancia:/home/jsc/ros2_ws/install/robot_controller:/home/jsc/ros2_ws/install/prueba:/home/jsc/ros2_ws/install/aros2duino:/home/jsc/Aros2duino/install/aros2duino:/opt/ros/humble /usr/bin/cmake --build /home/jsc/ros2_ws/build/basic_mobile_robot -- -j12 -l12
[0.048s] Invoked command in '/home/jsc/ros2_ws/build/basic_mobile_robot' returned '0': CMAKE_PREFIX_PATH=${CMAKE_PREFIX_PATH}:/home/jsc/ros2_ws/install/wheel_control:/home/jsc/ros2_ws/install/robot_sensor_distance:/home/jsc/ros2_ws/install/robot_nav2:/home/jsc/ros2_ws/install/robot_distancia:/home/jsc/ros2_ws/install/robot_controller:/home/jsc/ros2_ws/install/prueba:/home/jsc/ros2_ws/install/aros2duino:/home/jsc/Aros2duino/install/aros2duino:/opt/ros/humble /usr/bin/cmake --build /home/jsc/ros2_ws/build/basic_mobile_robot -- -j12 -l12
[0.075s] Invoking command in '/home/jsc/ros2_ws/build/basic_mobile_robot': CMAKE_PREFIX_PATH=${CMAKE_PREFIX_PATH}:/home/jsc/ros2_ws/install/wheel_control:/home/jsc/ros2_ws/install/robot_sensor_distance:/home/jsc/ros2_ws/install/robot_nav2:/home/jsc/ros2_ws/install/robot_distancia:/home/jsc/ros2_ws/install/robot_controller:/home/jsc/ros2_ws/install/prueba:/home/jsc/ros2_ws/install/aros2duino:/home/jsc/Aros2duino/install/aros2duino:/opt/ros/humble /usr/bin/cmake --install /home/jsc/ros2_ws/build/basic_mobile_robot
[0.082s] -- Install configuration: ""
[0.082s] -- Execute custom install script
[0.083s] -- Up-to-date symlink: /home/jsc/ros2_ws/install/basic_mobile_robot/share/basic_mobile_robot/config/ekf.yaml
[0.083s] -- Up-to-date symlink: /home/jsc/ros2_ws/install/basic_mobile_robot/share/basic_mobile_robot/launch/basic_mobile_bot_v1.launch.py
[0.083s] -- Up-to-date symlink: /home/jsc/ros2_ws/install/basic_mobile_robot/share/basic_mobile_robot/launch/basic_mobile_bot_v2.launch.py
[0.083s] -- Up-to-date symlink: /home/jsc/ros2_ws/install/basic_mobile_robot/share/basic_mobile_robot/launch/basic_mobile_bot_v3.launch.py
[0.083s] -- Up-to-date symlink: /home/jsc/ros2_ws/install/basic_mobile_robot/share/basic_mobile_robot/launch/basic_mobile_bot_v4.launch.py
[0.084s] -- Symlinking: /home/jsc/ros2_ws/install/basic_mobile_robot/share/basic_mobile_robot/meshes/arm_base.stl
[0.091s] -- Symlinking: /home/jsc/ros2_ws/install/basic_mobile_robot/share/basic_mobile_robot/meshes/bicep.stl
[0.099s] -- Symlinking: /home/jsc/ros2_ws/install/basic_mobile_robot/share/basic_mobile_robot/meshes/elbow.stl
[0.107s] -- Symlinking: /home/jsc/ros2_ws/install/basic_mobile_robot/share/basic_mobile_robot/meshes/robot_base.stl
[0.115s] -- Symlinking: /home/jsc/ros2_ws/install/basic_mobile_robot/share/basic_mobile_robot/meshes/wheel.stl
[0.123s] -- Symlinking: /home/jsc/ros2_ws/install/basic_mobile_robot/share/basic_mobile_robot/meshes/wrist.stl
[0.132s] -- Symlinking: /home/jsc/ros2_ws/install/basic_mobile_robot/share/basic_mobile_robot/models/basic_mobile_bot_description/meshes/arm_base.stl
[0.140s] -- Symlinking: /home/jsc/ros2_ws/install/basic_mobile_robot/share/basic_mobile_robot/models/basic_mobile_bot_description/meshes/bicep.stl
[0.148s] -- Symlinking: /home/jsc/ros2_ws/install/basic_mobile_robot/share/basic_mobile_robot/models/basic_mobile_bot_description/meshes/elbow.stl
[0.155s] -- Symlinking: /home/jsc/ros2_ws/install/basic_mobile_robot/share/basic_mobile_robot/models/basic_mobile_bot_description/meshes/robot_base.stl
[0.163s] -- Symlinking: /home/jsc/ros2_ws/install/basic_mobile_robot/share/basic_mobile_robot/models/basic_mobile_bot_description/meshes/wheel.stl
[0.172s] -- Symlinking: /home/jsc/ros2_ws/install/basic_mobile_robot/share/basic_mobile_robot/models/basic_mobile_bot_description/meshes/wrist.stl
[0.180s] -- Symlinking: /home/jsc/ros2_ws/install/basic_mobile_robot/share/basic_mobile_robot/models/basic_mobile_bot_description/model.config
[0.188s] -- Symlinking: /home/jsc/ros2_ws/install/basic_mobile_robot/share/basic_mobile_robot/models/basic_mobile_bot_description/model.sdf
[0.195s] -- Symlinking: /home/jsc/ros2_ws/install/basic_mobile_robot/share/basic_mobile_robot/models/basic_mobile_bot_v1.urdf
[0.204s] -- Symlinking: /home/jsc/ros2_ws/install/basic_mobile_robot/share/basic_mobile_robot/models/basic_mobile_bot_v2.urdf
[0.211s] [31mCMake Error at ament_cmake_symlink_install/ament_cmake_symlink_install.cmake:100 (message):
[0.212s]   ament_cmake_symlink_install_directory() can't find
[0.212s]   '/home/jsc/ros2_ws/src/basic_mobile_robot/params'
[0.212s] Call Stack (most recent call first):
[0.212s]   ament_cmake_symlink_install/ament_cmake_symlink_install.cmake:314 (ament_cmake_symlink_install_directory)
[0.212s]   cmake_install.cmake:46 (include)
[0.212s] 
[0.212s] [0m
[0.214s] Invoked command in '/home/jsc/ros2_ws/build/basic_mobile_robot' returned '1': CMAKE_PREFIX_PATH=${CMAKE_PREFIX_PATH}:/home/jsc/ros2_ws/install/wheel_control:/home/jsc/ros2_ws/install/robot_sensor_distance:/home/jsc/ros2_ws/install/robot_nav2:/home/jsc/ros2_ws/install/robot_distancia:/home/jsc/ros2_ws/install/robot_controller:/home/jsc/ros2_ws/install/prueba:/home/jsc/ros2_ws/install/aros2duino:/home/jsc/Aros2duino/install/aros2duino:/opt/ros/humble /usr/bin/cmake --install /home/jsc/ros2_ws/build/basic_mobile_robot
