[1.091s] Invoking command in '/home/jsc/ros2_ws/build/sllidar_ros2': CMAKE_PREFIX_PATH=${CMAKE_PREFIX_PATH}:/home/jsc/ros2_ws/install/robot_sensor_distance:/home/jsc/ros2_ws/install/robot_nav2:/home/jsc/ros2_ws/install/robot_distancia:/home/jsc/ros2_ws/install/robot_controller:/home/jsc/ros2_ws/install/prueba:/home/jsc/ros2_ws/install/aros2duino:/home/jsc/Aros2duino/install/aros2duino:/opt/ros/humble /usr/bin/cmake /home/jsc/ros2_ws/src/sllidar_ros2 -DCMAKE_INSTALL_PREFIX=/home/jsc/ros2_ws/install/sllidar_ros2
[1.102s] -- Found ament_cmake: 1.3.9 (/opt/ros/humble/share/ament_cmake/cmake)
[1.278s] -- Override CMake install command with custom implementation using symlinks instead of copying resources
[1.289s] -- Found rclcpp: 16.0.9 (/opt/ros/humble/share/rclcpp/cmake)
[1.350s] -- Found rosidl_generator_c: 3.1.5 (/opt/ros/humble/share/rosidl_generator_c/cmake)
[1.355s] -- Found rosidl_adapter: 3.1.5 (/opt/ros/humble/share/rosidl_adapter/cmake)
[1.369s] -- Found rosidl_generator_cpp: 3.1.5 (/opt/ros/humble/share/rosidl_generator_cpp/cmake)
[1.393s] -- Using all available rosidl_typesupport_c: rosidl_typesupport_fastrtps_c;rosidl_typesupport_introspection_c
[1.428s] -- Using all available rosidl_typesupport_cpp: rosidl_typesupport_fastrtps_cpp;rosidl_typesupport_introspection_cpp
[1.528s] -- Found rmw_implementation_cmake: 6.1.2 (/opt/ros/humble/share/rmw_implementation_cmake/cmake)
[1.532s] -- Found rmw_cyclonedds_cpp: 1.3.4 (/opt/ros/humble/share/rmw_cyclonedds_cpp/cmake)
[1.571s] -- Using RMW implementation 'rmw_cyclonedds_cpp' as default
[1.765s] -- Found sensor_msgs: 4.2.4 (/opt/ros/humble/share/sensor_msgs/cmake)
[1.905s] -- Found std_srvs: 4.2.4 (/opt/ros/humble/share/std_srvs/cmake)
[2.002s] -- Configuring done
[2.019s] -- Generating done
[2.021s] -- Build files have been written to: /home/jsc/ros2_ws/build/sllidar_ros2
[2.027s] Invoked command in '/home/jsc/ros2_ws/build/sllidar_ros2' returned '0': CMAKE_PREFIX_PATH=${CMAKE_PREFIX_PATH}:/home/jsc/ros2_ws/install/robot_sensor_distance:/home/jsc/ros2_ws/install/robot_nav2:/home/jsc/ros2_ws/install/robot_distancia:/home/jsc/ros2_ws/install/robot_controller:/home/jsc/ros2_ws/install/prueba:/home/jsc/ros2_ws/install/aros2duino:/home/jsc/Aros2duino/install/aros2duino:/opt/ros/humble /usr/bin/cmake /home/jsc/ros2_ws/src/sllidar_ros2 -DCMAKE_INSTALL_PREFIX=/home/jsc/ros2_ws/install/sllidar_ros2
[2.029s] Invoking command in '/home/jsc/ros2_ws/build/sllidar_ros2': CMAKE_PREFIX_PATH=${CMAKE_PREFIX_PATH}:/home/jsc/ros2_ws/install/robot_sensor_distance:/home/jsc/ros2_ws/install/robot_nav2:/home/jsc/ros2_ws/install/robot_distancia:/home/jsc/ros2_ws/install/robot_controller:/home/jsc/ros2_ws/install/prueba:/home/jsc/ros2_ws/install/aros2duino:/home/jsc/Aros2duino/install/aros2duino:/opt/ros/humble /usr/bin/cmake --build /home/jsc/ros2_ws/build/sllidar_ros2 -- -j12 -l12
[2.070s] [35m[1mConsolidate compiler generated dependencies of target sllidar_client[0m
[2.075s] [35m[1mConsolidate compiler generated dependencies of target sllidar_node[0m
[2.090s] [ 10%] Built target sllidar_client
[2.123s] [100%] Built target sllidar_node
[2.136s] Invoked command in '/home/jsc/ros2_ws/build/sllidar_ros2' returned '0': CMAKE_PREFIX_PATH=${CMAKE_PREFIX_PATH}:/home/jsc/ros2_ws/install/robot_sensor_distance:/home/jsc/ros2_ws/install/robot_nav2:/home/jsc/ros2_ws/install/robot_distancia:/home/jsc/ros2_ws/install/robot_controller:/home/jsc/ros2_ws/install/prueba:/home/jsc/ros2_ws/install/aros2duino:/home/jsc/Aros2duino/install/aros2duino:/opt/ros/humble /usr/bin/cmake --build /home/jsc/ros2_ws/build/sllidar_ros2 -- -j12 -l12
[2.204s] Invoking command in '/home/jsc/ros2_ws/build/sllidar_ros2': CMAKE_PREFIX_PATH=${CMAKE_PREFIX_PATH}:/home/jsc/ros2_ws/install/robot_sensor_distance:/home/jsc/ros2_ws/install/robot_nav2:/home/jsc/ros2_ws/install/robot_distancia:/home/jsc/ros2_ws/install/robot_controller:/home/jsc/ros2_ws/install/prueba:/home/jsc/ros2_ws/install/aros2duino:/home/jsc/Aros2duino/install/aros2duino:/opt/ros/humble /usr/bin/cmake --install /home/jsc/ros2_ws/build/sllidar_ros2
[2.212s] -- Install configuration: ""
[2.213s] -- Execute custom install script
[2.214s] -- Up-to-date symlink: /home/jsc/ros2_ws/install/sllidar_ros2/share/sllidar_ros2/launch/sllidar_a1_launch.py
[2.214s] -- Up-to-date symlink: /home/jsc/ros2_ws/install/sllidar_ros2/share/sllidar_ros2/launch/sllidar_a2m12_launch .py
[2.214s] -- Up-to-date symlink: /home/jsc/ros2_ws/install/sllidar_ros2/share/sllidar_ros2/launch/sllidar_a2m7_launch.py
[2.214s] -- Up-to-date symlink: /home/jsc/ros2_ws/install/sllidar_ros2/share/sllidar_ros2/launch/sllidar_a2m8_launch.py
[2.215s] -- Up-to-date symlink: /home/jsc/ros2_ws/install/sllidar_ros2/share/sllidar_ros2/launch/sllidar_a3_launch.py
[2.215s] -- Up-to-date symlink: /home/jsc/ros2_ws/install/sllidar_ros2/share/sllidar_ros2/launch/sllidar_c1_launch.py
[2.215s] -- Up-to-date symlink: /home/jsc/ros2_ws/install/sllidar_ros2/share/sllidar_ros2/launch/sllidar_s1_launch.py
[2.215s] -- Up-to-date symlink: /home/jsc/ros2_ws/install/sllidar_ros2/share/sllidar_ros2/launch/sllidar_s1_tcp_launch.py
[2.215s] -- Up-to-date symlink: /home/jsc/ros2_ws/install/sllidar_ros2/share/sllidar_ros2/launch/sllidar_s2_launch.py
[2.215s] -- Up-to-date symlink: /home/jsc/ros2_ws/install/sllidar_ros2/share/sllidar_ros2/launch/sllidar_s2_launch_copy.py
[2.215s] -- Up-to-date symlink: /home/jsc/ros2_ws/install/sllidar_ros2/share/sllidar_ros2/launch/sllidar_s2e_launch.py
[2.215s] -- Up-to-date symlink: /home/jsc/ros2_ws/install/sllidar_ros2/share/sllidar_ros2/launch/sllidar_s3_launch.py
[2.216s] -- Up-to-date symlink: /home/jsc/ros2_ws/install/sllidar_ros2/share/sllidar_ros2/launch/sllidar_t1_launch.py
[2.216s] -- Up-to-date symlink: /home/jsc/ros2_ws/install/sllidar_ros2/share/sllidar_ros2/launch/view_sllidar_a1_launch.py
[2.216s] -- Up-to-date symlink: /home/jsc/ros2_ws/install/sllidar_ros2/share/sllidar_ros2/launch/view_sllidar_a2m12_launch.py
[2.216s] -- Up-to-date symlink: /home/jsc/ros2_ws/install/sllidar_ros2/share/sllidar_ros2/launch/view_sllidar_a2m7_launch.py
[2.216s] -- Up-to-date symlink: /home/jsc/ros2_ws/install/sllidar_ros2/share/sllidar_ros2/launch/view_sllidar_a2m8_launch.py
[2.216s] -- Up-to-date symlink: /home/jsc/ros2_ws/install/sllidar_ros2/share/sllidar_ros2/launch/view_sllidar_a3_launch.py
[2.217s] -- Up-to-date symlink: /home/jsc/ros2_ws/install/sllidar_ros2/share/sllidar_ros2/launch/view_sllidar_c1_launch.py
[2.217s] -- Up-to-date symlink: /home/jsc/ros2_ws/install/sllidar_ros2/share/sllidar_ros2/launch/view_sllidar_s1_launch.py
[2.217s] -- Up-to-date symlink: /home/jsc/ros2_ws/install/sllidar_ros2/share/sllidar_ros2/launch/view_sllidar_s1_tcp_launch.py
[2.217s] -- Up-to-date symlink: /home/jsc/ros2_ws/install/sllidar_ros2/share/sllidar_ros2/launch/view_sllidar_s2_launch.py
[2.217s] -- Up-to-date symlink: /home/jsc/ros2_ws/install/sllidar_ros2/share/sllidar_ros2/launch/view_sllidar_s2e_launch.py
[2.217s] -- Up-to-date symlink: /home/jsc/ros2_ws/install/sllidar_ros2/share/sllidar_ros2/launch/view_sllidar_s3_launch.py
[2.217s] -- Up-to-date symlink: /home/jsc/ros2_ws/install/sllidar_ros2/share/sllidar_ros2/launch/view_sllidar_t1_launch.py
[2.217s] -- Up-to-date symlink: /home/jsc/ros2_ws/install/sllidar_ros2/share/sllidar_ros2/rviz/sllidar_ros2.rviz
[2.218s] -- Up-to-date symlink: /home/jsc/ros2_ws/install/sllidar_ros2/lib/sllidar_ros2/sllidar_node
[2.218s] -- Up-to-date symlink: /home/jsc/ros2_ws/install/sllidar_ros2/lib/sllidar_ros2/sllidar_client
[2.218s] -- Up-to-date symlink: /home/jsc/ros2_ws/install/sllidar_ros2/share/ament_index/resource_index/package_run_dependencies/sllidar_ros2
[2.218s] -- Up-to-date symlink: /home/jsc/ros2_ws/install/sllidar_ros2/share/ament_index/resource_index/parent_prefix_path/sllidar_ros2
[2.218s] -- Up-to-date symlink: /home/jsc/ros2_ws/install/sllidar_ros2/share/sllidar_ros2/environment/ament_prefix_path.sh
[2.218s] -- Up-to-date symlink: /home/jsc/ros2_ws/install/sllidar_ros2/share/sllidar_ros2/environment/ament_prefix_path.dsv
[2.218s] -- Up-to-date symlink: /home/jsc/ros2_ws/install/sllidar_ros2/share/sllidar_ros2/environment/path.sh
[2.219s] -- Up-to-date symlink: /home/jsc/ros2_ws/install/sllidar_ros2/share/sllidar_ros2/environment/path.dsv
[2.219s] -- Up-to-date symlink: /home/jsc/ros2_ws/install/sllidar_ros2/share/sllidar_ros2/local_setup.bash
[2.219s] -- Up-to-date symlink: /home/jsc/ros2_ws/install/sllidar_ros2/share/sllidar_ros2/local_setup.sh
[2.219s] -- Up-to-date symlink: /home/jsc/ros2_ws/install/sllidar_ros2/share/sllidar_ros2/local_setup.zsh
[2.219s] -- Up-to-date symlink: /home/jsc/ros2_ws/install/sllidar_ros2/share/sllidar_ros2/local_setup.dsv
[2.219s] -- Symlinking: /home/jsc/ros2_ws/install/sllidar_ros2/share/sllidar_ros2/package.dsv
[2.229s] -- Up-to-date symlink: /home/jsc/ros2_ws/install/sllidar_ros2/share/ament_index/resource_index/packages/sllidar_ros2
[2.229s] -- Up-to-date symlink: /home/jsc/ros2_ws/install/sllidar_ros2/share/sllidar_ros2/cmake/ament_cmake_export_dependencies-extras.cmake
[2.229s] -- Up-to-date symlink: /home/jsc/ros2_ws/install/sllidar_ros2/share/sllidar_ros2/cmake/ament_cmake_export_include_directories-extras.cmake
[2.229s] -- Up-to-date symlink: /home/jsc/ros2_ws/install/sllidar_ros2/share/sllidar_ros2/cmake/sllidar_ros2Config.cmake
[2.230s] -- Up-to-date symlink: /home/jsc/ros2_ws/install/sllidar_ros2/share/sllidar_ros2/cmake/sllidar_ros2Config-version.cmake
[2.230s] -- Up-to-date symlink: /home/jsc/ros2_ws/install/sllidar_ros2/share/sllidar_ros2/package.xml
[2.232s] Invoked command in '/home/jsc/ros2_ws/build/sllidar_ros2' returned '0': CMAKE_PREFIX_PATH=${CMAKE_PREFIX_PATH}:/home/jsc/ros2_ws/install/robot_sensor_distance:/home/jsc/ros2_ws/install/robot_nav2:/home/jsc/ros2_ws/install/robot_distancia:/home/jsc/ros2_ws/install/robot_controller:/home/jsc/ros2_ws/install/prueba:/home/jsc/ros2_ws/install/aros2duino:/home/jsc/Aros2duino/install/aros2duino:/opt/ros/humble /usr/bin/cmake --install /home/jsc/ros2_ws/build/sllidar_ros2
