[2.016s] Invoking command in '/home/jsc/ros2_ws/src/robot_nav2': PYTHONPATH=/home/jsc/ros2_ws/build/robot_nav2/prefix_override:/usr/lib/python3/dist-packages/colcon_core/task/python/colcon_distutils_commands:/home/jsc/ros2_ws/install/robot_nav2/lib/python3.10/site-packages:${PYTHONPATH} /usr/bin/python3 -W ignore:setup.py install is deprecated setup.py egg_info --egg-base ../../build/robot_nav2 build --build-base /home/jsc/ros2_ws/build/robot_nav2/build install --record /home/jsc/ros2_ws/build/robot_nav2/install.log --single-version-externally-managed install_data
[2.982s] running egg_info
[2.983s] writing ../../build/robot_nav2/robot_nav2.egg-info/PKG-INFO
[2.985s] writing dependency_links to ../../build/robot_nav2/robot_nav2.egg-info/dependency_links.txt
[2.985s] writing entry points to ../../build/robot_nav2/robot_nav2.egg-info/entry_points.txt
[2.985s] writing requirements to ../../build/robot_nav2/robot_nav2.egg-info/requires.txt
[2.985s] writing top-level names to ../../build/robot_nav2/robot_nav2.egg-info/top_level.txt
[2.988s] reading manifest file '../../build/robot_nav2/robot_nav2.egg-info/SOURCES.txt'
[2.991s] writing manifest file '../../build/robot_nav2/robot_nav2.egg-info/SOURCES.txt'
[2.991s] running build
[2.991s] running build_py
[2.992s] running install
[2.994s] running install_lib
[2.994s] running install_data
[2.994s] running install_egg_info
[3.002s] removing '/home/jsc/ros2_ws/install/robot_nav2/lib/python3.10/site-packages/robot_nav2-0.0.0-py3.10.egg-info' (and everything under it)
[3.002s] Copying ../../build/robot_nav2/robot_nav2.egg-info to /home/jsc/ros2_ws/install/robot_nav2/lib/python3.10/site-packages/robot_nav2-0.0.0-py3.10.egg-info
[3.002s] running install_scripts
[3.049s] writing list of installed files to '/home/jsc/ros2_ws/build/robot_nav2/install.log'
[3.093s] Invoked command in '/home/jsc/ros2_ws/src/robot_nav2' returned '0': PYTHONPATH=/home/jsc/ros2_ws/build/robot_nav2/prefix_override:/usr/lib/python3/dist-packages/colcon_core/task/python/colcon_distutils_commands:/home/jsc/ros2_ws/install/robot_nav2/lib/python3.10/site-packages:${PYTHONPATH} /usr/bin/python3 -W ignore:setup.py install is deprecated setup.py egg_info --egg-base ../../build/robot_nav2 build --build-base /home/jsc/ros2_ws/build/robot_nav2/build install --record /home/jsc/ros2_ws/build/robot_nav2/install.log --single-version-externally-managed install_data
