[0.100s] DEBUG:colcon:Command line arguments: ['/usr/bin/colcon', 'build', '--symlink-install']
[0.101s] DEBUG:colcon:Parsed command line arguments: Namespace(log_base=None, log_level=None, verb_name='build', build_base='build', install_base='install', merge_install=False, symlink_install=True, test_result_base=None, continue_on_error=False, executor='parallel', parallel_workers=12, event_handlers=None, ignore_user_meta=False, metas=['./colcon.meta'], base_paths=['.'], packages_ignore=None, packages_ignore_regex=None, paths=None, packages_up_to=None, packages_up_to_regex=None, packages_above=None, packages_above_and_dependencies=None, packages_above_depth=None, packages_select_by_dep=None, packages_skip_by_dep=None, packages_skip_up_to=None, packages_select_build_failed=False, packages_skip_build_finished=False, packages_select_test_failures=False, packages_skip_test_passed=False, packages_select=None, packages_skip=None, packages_select_regex=None, packages_skip_regex=None, packages_start=None, packages_end=None, allow_overriding=[], cmake_args=None, cmake_target=None, cmake_target_skip_unavailable=False, cmake_clean_cache=False, cmake_clean_first=False, cmake_force_configure=False, ament_cmake_args=None, catkin_cmake_args=None, catkin_skip_building_tests=False, verb_parser=<colcon_defaults.argument_parser.defaults.DefaultArgumentsDecorator object at 0x71931efc2170>, verb_extension=<colcon_core.verb.build.BuildVerb object at 0x71931efc1c60>, main=<bound method BuildVerb.main of <colcon_core.verb.build.BuildVerb object at 0x71931efc1c60>>)
[0.259s] Level 1:colcon.colcon_core.package_discovery:discover_packages(colcon_meta) check parameters
[0.259s] Level 1:colcon.colcon_core.package_discovery:discover_packages(recursive) check parameters
[0.268s] Level 1:colcon.colcon_core.package_discovery:discover_packages(ignore) check parameters
[0.268s] Level 1:colcon.colcon_core.package_discovery:discover_packages(path) check parameters
[0.268s] Level 1:colcon.colcon_core.package_discovery:discover_packages(colcon_meta) discover
[0.268s] Level 1:colcon.colcon_core.package_discovery:discover_packages(recursive) discover
[0.268s] INFO:colcon.colcon_core.package_discovery:Crawling recursively for packages in '/home/jsc/ros2_ws'
[0.268s] Level 1:colcon.colcon_core.package_identification:_identify(.) by extensions ['ignore', 'ignore_ament_install']
[0.268s] Level 1:colcon.colcon_core.package_identification:_identify(.) by extension 'ignore'
[0.269s] Level 1:colcon.colcon_core.package_identification:_identify(.) by extension 'ignore_ament_install'
[0.269s] Level 1:colcon.colcon_core.package_identification:_identify(.) by extensions ['colcon_pkg']
[0.269s] Level 1:colcon.colcon_core.package_identification:_identify(.) by extension 'colcon_pkg'
[0.269s] Level 1:colcon.colcon_core.package_identification:_identify(.) by extensions ['colcon_meta']
[0.269s] Level 1:colcon.colcon_core.package_identification:_identify(.) by extension 'colcon_meta'
[0.269s] Level 1:colcon.colcon_core.package_identification:_identify(.) by extensions ['ros']
[0.269s] Level 1:colcon.colcon_core.package_identification:_identify(.) by extension 'ros'
[0.279s] Level 1:colcon.colcon_core.package_identification:_identify(.) by extensions ['cmake', 'python']
[0.279s] Level 1:colcon.colcon_core.package_identification:_identify(.) by extension 'cmake'
[0.279s] Level 1:colcon.colcon_core.package_identification:_identify(.) by extension 'python'
[0.279s] Level 1:colcon.colcon_core.package_identification:_identify(.) by extensions ['python_setup_py']
[0.279s] Level 1:colcon.colcon_core.package_identification:_identify(.) by extension 'python_setup_py'
[0.279s] Level 1:colcon.colcon_core.package_identification:_identify(build) by extensions ['ignore', 'ignore_ament_install']
[0.279s] Level 1:colcon.colcon_core.package_identification:_identify(build) by extension 'ignore'
[0.279s] Level 1:colcon.colcon_core.package_identification:_identify(build) ignored
[0.279s] Level 1:colcon.colcon_core.package_identification:_identify(install) by extensions ['ignore', 'ignore_ament_install']
[0.280s] Level 1:colcon.colcon_core.package_identification:_identify(install) by extension 'ignore'
[0.280s] Level 1:colcon.colcon_core.package_identification:_identify(install) ignored
[0.280s] Level 1:colcon.colcon_core.package_identification:_identify(log) by extensions ['ignore', 'ignore_ament_install']
[0.280s] Level 1:colcon.colcon_core.package_identification:_identify(log) by extension 'ignore'
[0.280s] Level 1:colcon.colcon_core.package_identification:_identify(log) ignored
[0.280s] Level 1:colcon.colcon_core.package_identification:_identify(src) by extensions ['ignore', 'ignore_ament_install']
[0.280s] Level 1:colcon.colcon_core.package_identification:_identify(src) by extension 'ignore'
[0.280s] Level 1:colcon.colcon_core.package_identification:_identify(src) by extension 'ignore_ament_install'
[0.280s] Level 1:colcon.colcon_core.package_identification:_identify(src) by extensions ['colcon_pkg']
[0.280s] Level 1:colcon.colcon_core.package_identification:_identify(src) by extension 'colcon_pkg'
[0.280s] Level 1:colcon.colcon_core.package_identification:_identify(src) by extensions ['colcon_meta']
[0.280s] Level 1:colcon.colcon_core.package_identification:_identify(src) by extension 'colcon_meta'
[0.280s] Level 1:colcon.colcon_core.package_identification:_identify(src) by extensions ['ros']
[0.280s] Level 1:colcon.colcon_core.package_identification:_identify(src) by extension 'ros'
[0.280s] Level 1:colcon.colcon_core.package_identification:_identify(src) by extensions ['cmake', 'python']
[0.280s] Level 1:colcon.colcon_core.package_identification:_identify(src) by extension 'cmake'
[0.281s] Level 1:colcon.colcon_core.package_identification:_identify(src) by extension 'python'
[0.281s] Level 1:colcon.colcon_core.package_identification:_identify(src) by extensions ['python_setup_py']
[0.281s] Level 1:colcon.colcon_core.package_identification:_identify(src) by extension 'python_setup_py'
[0.281s] Level 1:colcon.colcon_core.package_identification:_identify(src/jsc_bot_description) by extensions ['ignore', 'ignore_ament_install']
[0.281s] Level 1:colcon.colcon_core.package_identification:_identify(src/jsc_bot_description) by extension 'ignore'
[0.281s] Level 1:colcon.colcon_core.package_identification:_identify(src/jsc_bot_description) by extension 'ignore_ament_install'
[0.281s] Level 1:colcon.colcon_core.package_identification:_identify(src/jsc_bot_description) by extensions ['colcon_pkg']
[0.281s] Level 1:colcon.colcon_core.package_identification:_identify(src/jsc_bot_description) by extension 'colcon_pkg'
[0.281s] Level 1:colcon.colcon_core.package_identification:_identify(src/jsc_bot_description) by extensions ['colcon_meta']
[0.281s] Level 1:colcon.colcon_core.package_identification:_identify(src/jsc_bot_description) by extension 'colcon_meta'
[0.281s] Level 1:colcon.colcon_core.package_identification:_identify(src/jsc_bot_description) by extensions ['ros']
[0.281s] Level 1:colcon.colcon_core.package_identification:_identify(src/jsc_bot_description) by extension 'ros'
[0.283s] DEBUG:colcon.colcon_core.package_identification:Package 'src/jsc_bot_description' with type 'ros.ament_cmake' and name 'jsc_bot_description'
[0.283s] Level 1:colcon.colcon_core.package_identification:_identify(src/robot_controller) by extensions ['ignore', 'ignore_ament_install']
[0.283s] Level 1:colcon.colcon_core.package_identification:_identify(src/robot_controller) by extension 'ignore'
[0.283s] Level 1:colcon.colcon_core.package_identification:_identify(src/robot_controller) by extension 'ignore_ament_install'
[0.283s] Level 1:colcon.colcon_core.package_identification:_identify(src/robot_controller) by extensions ['colcon_pkg']
[0.283s] Level 1:colcon.colcon_core.package_identification:_identify(src/robot_controller) by extension 'colcon_pkg'
[0.283s] Level 1:colcon.colcon_core.package_identification:_identify(src/robot_controller) by extensions ['colcon_meta']
[0.284s] Level 1:colcon.colcon_core.package_identification:_identify(src/robot_controller) by extension 'colcon_meta'
[0.284s] Level 1:colcon.colcon_core.package_identification:_identify(src/robot_controller) by extensions ['ros']
[0.284s] Level 1:colcon.colcon_core.package_identification:_identify(src/robot_controller) by extension 'ros'
[0.284s] DEBUG:colcon.colcon_core.package_identification:Package 'src/robot_controller' with type 'ros.ament_python' and name 'robot_controller'
[0.285s] Level 1:colcon.colcon_core.package_identification:_identify(src/robot_distancia) by extensions ['ignore', 'ignore_ament_install']
[0.285s] Level 1:colcon.colcon_core.package_identification:_identify(src/robot_distancia) by extension 'ignore'
[0.285s] Level 1:colcon.colcon_core.package_identification:_identify(src/robot_distancia) by extension 'ignore_ament_install'
[0.285s] Level 1:colcon.colcon_core.package_identification:_identify(src/robot_distancia) by extensions ['colcon_pkg']
[0.285s] Level 1:colcon.colcon_core.package_identification:_identify(src/robot_distancia) by extension 'colcon_pkg'
[0.285s] Level 1:colcon.colcon_core.package_identification:_identify(src/robot_distancia) by extensions ['colcon_meta']
[0.285s] Level 1:colcon.colcon_core.package_identification:_identify(src/robot_distancia) by extension 'colcon_meta'
[0.285s] Level 1:colcon.colcon_core.package_identification:_identify(src/robot_distancia) by extensions ['ros']
[0.285s] Level 1:colcon.colcon_core.package_identification:_identify(src/robot_distancia) by extension 'ros'
[0.285s] DEBUG:colcon.colcon_core.package_identification:Package 'src/robot_distancia' with type 'ros.ament_python' and name 'robot_distancia'
[0.285s] Level 1:colcon.colcon_core.package_identification:_identify(src/robot_nav2) by extensions ['ignore', 'ignore_ament_install']
[0.286s] Level 1:colcon.colcon_core.package_identification:_identify(src/robot_nav2) by extension 'ignore'
[0.286s] Level 1:colcon.colcon_core.package_identification:_identify(src/robot_nav2) by extension 'ignore_ament_install'
[0.286s] Level 1:colcon.colcon_core.package_identification:_identify(src/robot_nav2) by extensions ['colcon_pkg']
[0.286s] Level 1:colcon.colcon_core.package_identification:_identify(src/robot_nav2) by extension 'colcon_pkg'
[0.286s] Level 1:colcon.colcon_core.package_identification:_identify(src/robot_nav2) by extensions ['colcon_meta']
[0.286s] Level 1:colcon.colcon_core.package_identification:_identify(src/robot_nav2) by extension 'colcon_meta'
[0.286s] Level 1:colcon.colcon_core.package_identification:_identify(src/robot_nav2) by extensions ['ros']
[0.286s] Level 1:colcon.colcon_core.package_identification:_identify(src/robot_nav2) by extension 'ros'
[0.286s] DEBUG:colcon.colcon_core.package_identification:Package 'src/robot_nav2' with type 'ros.ament_python' and name 'robot_nav2'
[0.287s] Level 1:colcon.colcon_core.package_identification:_identify(src/robot_sensor_distance) by extensions ['ignore', 'ignore_ament_install']
[0.287s] Level 1:colcon.colcon_core.package_identification:_identify(src/robot_sensor_distance) by extension 'ignore'
[0.287s] Level 1:colcon.colcon_core.package_identification:_identify(src/robot_sensor_distance) by extension 'ignore_ament_install'
[0.287s] Level 1:colcon.colcon_core.package_identification:_identify(src/robot_sensor_distance) by extensions ['colcon_pkg']
[0.287s] Level 1:colcon.colcon_core.package_identification:_identify(src/robot_sensor_distance) by extension 'colcon_pkg'
[0.287s] Level 1:colcon.colcon_core.package_identification:_identify(src/robot_sensor_distance) by extensions ['colcon_meta']
[0.287s] Level 1:colcon.colcon_core.package_identification:_identify(src/robot_sensor_distance) by extension 'colcon_meta'
[0.287s] Level 1:colcon.colcon_core.package_identification:_identify(src/robot_sensor_distance) by extensions ['ros']
[0.287s] Level 1:colcon.colcon_core.package_identification:_identify(src/robot_sensor_distance) by extension 'ros'
[0.287s] DEBUG:colcon.colcon_core.package_identification:Package 'src/robot_sensor_distance' with type 'ros.ament_python' and name 'robot_sensor_distance'
[0.288s] Level 1:colcon.colcon_core.package_identification:_identify(src/robot_slam) by extensions ['ignore', 'ignore_ament_install']
[0.288s] Level 1:colcon.colcon_core.package_identification:_identify(src/robot_slam) by extension 'ignore'
[0.288s] Level 1:colcon.colcon_core.package_identification:_identify(src/robot_slam) by extension 'ignore_ament_install'
[0.288s] Level 1:colcon.colcon_core.package_identification:_identify(src/robot_slam) by extensions ['colcon_pkg']
[0.288s] Level 1:colcon.colcon_core.package_identification:_identify(src/robot_slam) by extension 'colcon_pkg'
[0.288s] Level 1:colcon.colcon_core.package_identification:_identify(src/robot_slam) by extensions ['colcon_meta']
[0.288s] Level 1:colcon.colcon_core.package_identification:_identify(src/robot_slam) by extension 'colcon_meta'
[0.288s] Level 1:colcon.colcon_core.package_identification:_identify(src/robot_slam) by extensions ['ros']
[0.288s] Level 1:colcon.colcon_core.package_identification:_identify(src/robot_slam) by extension 'ros'
[0.288s] DEBUG:colcon.colcon_core.package_identification:Package 'src/robot_slam' with type 'ros.ament_cmake' and name 'robot_slam'
[0.289s] Level 1:colcon.colcon_core.package_identification:_identify(src/sllidar_ros2) by extensions ['ignore', 'ignore_ament_install']
[0.289s] Level 1:colcon.colcon_core.package_identification:_identify(src/sllidar_ros2) by extension 'ignore'
[0.289s] Level 1:colcon.colcon_core.package_identification:_identify(src/sllidar_ros2) by extension 'ignore_ament_install'
[0.289s] Level 1:colcon.colcon_core.package_identification:_identify(src/sllidar_ros2) by extensions ['colcon_pkg']
[0.289s] Level 1:colcon.colcon_core.package_identification:_identify(src/sllidar_ros2) by extension 'colcon_pkg'
[0.289s] Level 1:colcon.colcon_core.package_identification:_identify(src/sllidar_ros2) by extensions ['colcon_meta']
[0.289s] Level 1:colcon.colcon_core.package_identification:_identify(src/sllidar_ros2) by extension 'colcon_meta'
[0.289s] Level 1:colcon.colcon_core.package_identification:_identify(src/sllidar_ros2) by extensions ['ros']
[0.289s] Level 1:colcon.colcon_core.package_identification:_identify(src/sllidar_ros2) by extension 'ros'
[0.290s] DEBUG:colcon.colcon_core.package_identification:Package 'src/sllidar_ros2' with type 'ros.ament_cmake' and name 'sllidar_ros2'
[0.290s] Level 1:colcon.colcon_core.package_discovery:discover_packages(recursive) using defaults
[0.290s] Level 1:colcon.colcon_core.package_discovery:discover_packages(ignore) discover
[0.290s] Level 1:colcon.colcon_core.package_discovery:discover_packages(ignore) using defaults
[0.290s] Level 1:colcon.colcon_core.package_discovery:discover_packages(path) discover
[0.290s] Level 1:colcon.colcon_core.package_discovery:discover_packages(path) using defaults
[0.308s] Level 1:colcon.colcon_core.package_discovery:discover_packages(prefix_path) check parameters
[0.308s] Level 1:colcon.colcon_core.package_discovery:discover_packages(prefix_path) discover
[0.311s] DEBUG:colcon.colcon_installed_package_information.package_discovery:Found 11 installed packages in /home/jsc/ros2_ws/install
[0.311s] DEBUG:colcon.colcon_installed_package_information.package_discovery:Found 1 installed packages in /home/jsc/Aros2duino/install
[0.313s] DEBUG:colcon.colcon_installed_package_information.package_discovery:Found 385 installed packages in /opt/ros/humble
[0.322s] Level 1:colcon.colcon_core.package_discovery:discover_packages(prefix_path) using defaults
[0.367s] Level 5:colcon.colcon_core.verb:set package 'jsc_bot_description' build argument 'cmake_args' from command line to 'None'
[0.367s] Level 5:colcon.colcon_core.verb:set package 'jsc_bot_description' build argument 'cmake_target' from command line to 'None'
[0.367s] Level 5:colcon.colcon_core.verb:set package 'jsc_bot_description' build argument 'cmake_target_skip_unavailable' from command line to 'False'
[0.367s] Level 5:colcon.colcon_core.verb:set package 'jsc_bot_description' build argument 'cmake_clean_cache' from command line to 'False'
[0.367s] Level 5:colcon.colcon_core.verb:set package 'jsc_bot_description' build argument 'cmake_clean_first' from command line to 'False'
[0.367s] Level 5:colcon.colcon_core.verb:set package 'jsc_bot_description' build argument 'cmake_force_configure' from command line to 'False'
[0.367s] Level 5:colcon.colcon_core.verb:set package 'jsc_bot_description' build argument 'ament_cmake_args' from command line to 'None'
[0.367s] Level 5:colcon.colcon_core.verb:set package 'jsc_bot_description' build argument 'catkin_cmake_args' from command line to 'None'
[0.367s] Level 5:colcon.colcon_core.verb:set package 'jsc_bot_description' build argument 'catkin_skip_building_tests' from command line to 'False'
[0.367s] DEBUG:colcon.colcon_core.verb:Building package 'jsc_bot_description' with the following arguments: {'ament_cmake_args': None, 'build_base': '/home/jsc/ros2_ws/build/jsc_bot_description', 'catkin_cmake_args': None, 'catkin_skip_building_tests': False, 'cmake_args': None, 'cmake_clean_cache': False, 'cmake_clean_first': False, 'cmake_force_configure': False, 'cmake_target': None, 'cmake_target_skip_unavailable': False, 'install_base': '/home/jsc/ros2_ws/install/jsc_bot_description', 'merge_install': False, 'path': '/home/jsc/ros2_ws/src/jsc_bot_description', 'symlink_install': True, 'test_result_base': None}
[0.367s] Level 5:colcon.colcon_core.verb:set package 'robot_controller' build argument 'cmake_args' from command line to 'None'
[0.367s] Level 5:colcon.colcon_core.verb:set package 'robot_controller' build argument 'cmake_target' from command line to 'None'
[0.367s] Level 5:colcon.colcon_core.verb:set package 'robot_controller' build argument 'cmake_target_skip_unavailable' from command line to 'False'
[0.368s] Level 5:colcon.colcon_core.verb:set package 'robot_controller' build argument 'cmake_clean_cache' from command line to 'False'
[0.368s] Level 5:colcon.colcon_core.verb:set package 'robot_controller' build argument 'cmake_clean_first' from command line to 'False'
[0.368s] Level 5:colcon.colcon_core.verb:set package 'robot_controller' build argument 'cmake_force_configure' from command line to 'False'
[0.368s] Level 5:colcon.colcon_core.verb:set package 'robot_controller' build argument 'ament_cmake_args' from command line to 'None'
[0.368s] Level 5:colcon.colcon_core.verb:set package 'robot_controller' build argument 'catkin_cmake_args' from command line to 'None'
[0.368s] Level 5:colcon.colcon_core.verb:set package 'robot_controller' build argument 'catkin_skip_building_tests' from command line to 'False'
[0.368s] DEBUG:colcon.colcon_core.verb:Building package 'robot_controller' with the following arguments: {'ament_cmake_args': None, 'build_base': '/home/jsc/ros2_ws/build/robot_controller', 'catkin_cmake_args': None, 'catkin_skip_building_tests': False, 'cmake_args': None, 'cmake_clean_cache': False, 'cmake_clean_first': False, 'cmake_force_configure': False, 'cmake_target': None, 'cmake_target_skip_unavailable': False, 'install_base': '/home/jsc/ros2_ws/install/robot_controller', 'merge_install': False, 'path': '/home/jsc/ros2_ws/src/robot_controller', 'symlink_install': True, 'test_result_base': None}
[0.368s] Level 5:colcon.colcon_core.verb:set package 'robot_distancia' build argument 'cmake_args' from command line to 'None'
[0.368s] Level 5:colcon.colcon_core.verb:set package 'robot_distancia' build argument 'cmake_target' from command line to 'None'
[0.368s] Level 5:colcon.colcon_core.verb:set package 'robot_distancia' build argument 'cmake_target_skip_unavailable' from command line to 'False'
[0.368s] Level 5:colcon.colcon_core.verb:set package 'robot_distancia' build argument 'cmake_clean_cache' from command line to 'False'
[0.368s] Level 5:colcon.colcon_core.verb:set package 'robot_distancia' build argument 'cmake_clean_first' from command line to 'False'
[0.368s] Level 5:colcon.colcon_core.verb:set package 'robot_distancia' build argument 'cmake_force_configure' from command line to 'False'
[0.368s] Level 5:colcon.colcon_core.verb:set package 'robot_distancia' build argument 'ament_cmake_args' from command line to 'None'
[0.368s] Level 5:colcon.colcon_core.verb:set package 'robot_distancia' build argument 'catkin_cmake_args' from command line to 'None'
[0.368s] Level 5:colcon.colcon_core.verb:set package 'robot_distancia' build argument 'catkin_skip_building_tests' from command line to 'False'
[0.368s] DEBUG:colcon.colcon_core.verb:Building package 'robot_distancia' with the following arguments: {'ament_cmake_args': None, 'build_base': '/home/jsc/ros2_ws/build/robot_distancia', 'catkin_cmake_args': None, 'catkin_skip_building_tests': False, 'cmake_args': None, 'cmake_clean_cache': False, 'cmake_clean_first': False, 'cmake_force_configure': False, 'cmake_target': None, 'cmake_target_skip_unavailable': False, 'install_base': '/home/jsc/ros2_ws/install/robot_distancia', 'merge_install': False, 'path': '/home/jsc/ros2_ws/src/robot_distancia', 'symlink_install': True, 'test_result_base': None}
[0.369s] Level 5:colcon.colcon_core.verb:set package 'robot_nav2' build argument 'cmake_args' from command line to 'None'
[0.369s] Level 5:colcon.colcon_core.verb:set package 'robot_nav2' build argument 'cmake_target' from command line to 'None'
[0.369s] Level 5:colcon.colcon_core.verb:set package 'robot_nav2' build argument 'cmake_target_skip_unavailable' from command line to 'False'
[0.369s] Level 5:colcon.colcon_core.verb:set package 'robot_nav2' build argument 'cmake_clean_cache' from command line to 'False'
[0.369s] Level 5:colcon.colcon_core.verb:set package 'robot_nav2' build argument 'cmake_clean_first' from command line to 'False'
[0.369s] Level 5:colcon.colcon_core.verb:set package 'robot_nav2' build argument 'cmake_force_configure' from command line to 'False'
[0.369s] Level 5:colcon.colcon_core.verb:set package 'robot_nav2' build argument 'ament_cmake_args' from command line to 'None'
[0.369s] Level 5:colcon.colcon_core.verb:set package 'robot_nav2' build argument 'catkin_cmake_args' from command line to 'None'
[0.369s] Level 5:colcon.colcon_core.verb:set package 'robot_nav2' build argument 'catkin_skip_building_tests' from command line to 'False'
[0.369s] DEBUG:colcon.colcon_core.verb:Building package 'robot_nav2' with the following arguments: {'ament_cmake_args': None, 'build_base': '/home/jsc/ros2_ws/build/robot_nav2', 'catkin_cmake_args': None, 'catkin_skip_building_tests': False, 'cmake_args': None, 'cmake_clean_cache': False, 'cmake_clean_first': False, 'cmake_force_configure': False, 'cmake_target': None, 'cmake_target_skip_unavailable': False, 'install_base': '/home/jsc/ros2_ws/install/robot_nav2', 'merge_install': False, 'path': '/home/jsc/ros2_ws/src/robot_nav2', 'symlink_install': True, 'test_result_base': None}
[0.369s] Level 5:colcon.colcon_core.verb:set package 'robot_sensor_distance' build argument 'cmake_args' from command line to 'None'
[0.369s] Level 5:colcon.colcon_core.verb:set package 'robot_sensor_distance' build argument 'cmake_target' from command line to 'None'
[0.369s] Level 5:colcon.colcon_core.verb:set package 'robot_sensor_distance' build argument 'cmake_target_skip_unavailable' from command line to 'False'
[0.369s] Level 5:colcon.colcon_core.verb:set package 'robot_sensor_distance' build argument 'cmake_clean_cache' from command line to 'False'
[0.369s] Level 5:colcon.colcon_core.verb:set package 'robot_sensor_distance' build argument 'cmake_clean_first' from command line to 'False'
[0.369s] Level 5:colcon.colcon_core.verb:set package 'robot_sensor_distance' build argument 'cmake_force_configure' from command line to 'False'
[0.370s] Level 5:colcon.colcon_core.verb:set package 'robot_sensor_distance' build argument 'ament_cmake_args' from command line to 'None'
[0.370s] Level 5:colcon.colcon_core.verb:set package 'robot_sensor_distance' build argument 'catkin_cmake_args' from command line to 'None'
[0.370s] Level 5:colcon.colcon_core.verb:set package 'robot_sensor_distance' build argument 'catkin_skip_building_tests' from command line to 'False'
[0.370s] DEBUG:colcon.colcon_core.verb:Building package 'robot_sensor_distance' with the following arguments: {'ament_cmake_args': None, 'build_base': '/home/jsc/ros2_ws/build/robot_sensor_distance', 'catkin_cmake_args': None, 'catkin_skip_building_tests': False, 'cmake_args': None, 'cmake_clean_cache': False, 'cmake_clean_first': False, 'cmake_force_configure': False, 'cmake_target': None, 'cmake_target_skip_unavailable': False, 'install_base': '/home/jsc/ros2_ws/install/robot_sensor_distance', 'merge_install': False, 'path': '/home/jsc/ros2_ws/src/robot_sensor_distance', 'symlink_install': True, 'test_result_base': None}
[0.370s] Level 5:colcon.colcon_core.verb:set package 'robot_slam' build argument 'cmake_args' from command line to 'None'
[0.370s] Level 5:colcon.colcon_core.verb:set package 'robot_slam' build argument 'cmake_target' from command line to 'None'
[0.370s] Level 5:colcon.colcon_core.verb:set package 'robot_slam' build argument 'cmake_target_skip_unavailable' from command line to 'False'
[0.370s] Level 5:colcon.colcon_core.verb:set package 'robot_slam' build argument 'cmake_clean_cache' from command line to 'False'
[0.370s] Level 5:colcon.colcon_core.verb:set package 'robot_slam' build argument 'cmake_clean_first' from command line to 'False'
[0.370s] Level 5:colcon.colcon_core.verb:set package 'robot_slam' build argument 'cmake_force_configure' from command line to 'False'
[0.370s] Level 5:colcon.colcon_core.verb:set package 'robot_slam' build argument 'ament_cmake_args' from command line to 'None'
[0.370s] Level 5:colcon.colcon_core.verb:set package 'robot_slam' build argument 'catkin_cmake_args' from command line to 'None'
[0.370s] Level 5:colcon.colcon_core.verb:set package 'robot_slam' build argument 'catkin_skip_building_tests' from command line to 'False'
[0.370s] DEBUG:colcon.colcon_core.verb:Building package 'robot_slam' with the following arguments: {'ament_cmake_args': None, 'build_base': '/home/jsc/ros2_ws/build/robot_slam', 'catkin_cmake_args': None, 'catkin_skip_building_tests': False, 'cmake_args': None, 'cmake_clean_cache': False, 'cmake_clean_first': False, 'cmake_force_configure': False, 'cmake_target': None, 'cmake_target_skip_unavailable': False, 'install_base': '/home/jsc/ros2_ws/install/robot_slam', 'merge_install': False, 'path': '/home/jsc/ros2_ws/src/robot_slam', 'symlink_install': True, 'test_result_base': None}
[0.370s] Level 5:colcon.colcon_core.verb:set package 'sllidar_ros2' build argument 'cmake_args' from command line to 'None'
[0.370s] Level 5:colcon.colcon_core.verb:set package 'sllidar_ros2' build argument 'cmake_target' from command line to 'None'
[0.371s] Level 5:colcon.colcon_core.verb:set package 'sllidar_ros2' build argument 'cmake_target_skip_unavailable' from command line to 'False'
[0.371s] Level 5:colcon.colcon_core.verb:set package 'sllidar_ros2' build argument 'cmake_clean_cache' from command line to 'False'
[0.371s] Level 5:colcon.colcon_core.verb:set package 'sllidar_ros2' build argument 'cmake_clean_first' from command line to 'False'
[0.371s] Level 5:colcon.colcon_core.verb:set package 'sllidar_ros2' build argument 'cmake_force_configure' from command line to 'False'
[0.371s] Level 5:colcon.colcon_core.verb:set package 'sllidar_ros2' build argument 'ament_cmake_args' from command line to 'None'
[0.371s] Level 5:colcon.colcon_core.verb:set package 'sllidar_ros2' build argument 'catkin_cmake_args' from command line to 'None'
[0.371s] Level 5:colcon.colcon_core.verb:set package 'sllidar_ros2' build argument 'catkin_skip_building_tests' from command line to 'False'
[0.371s] DEBUG:colcon.colcon_core.verb:Building package 'sllidar_ros2' with the following arguments: {'ament_cmake_args': None, 'build_base': '/home/jsc/ros2_ws/build/sllidar_ros2', 'catkin_cmake_args': None, 'catkin_skip_building_tests': False, 'cmake_args': None, 'cmake_clean_cache': False, 'cmake_clean_first': False, 'cmake_force_configure': False, 'cmake_target': None, 'cmake_target_skip_unavailable': False, 'install_base': '/home/jsc/ros2_ws/install/sllidar_ros2', 'merge_install': False, 'path': '/home/jsc/ros2_ws/src/sllidar_ros2', 'symlink_install': True, 'test_result_base': None}
[0.371s] INFO:colcon.colcon_core.executor:Executing jobs using 'parallel' executor
[0.372s] DEBUG:colcon.colcon_parallel_executor.executor.parallel:run_until_complete
[0.373s] INFO:colcon.colcon_ros.task.ament_cmake.build:Building ROS package in '/home/jsc/ros2_ws/src/jsc_bot_description' with build type 'ament_cmake'
[0.373s] INFO:colcon.colcon_cmake.task.cmake.build:Building CMake package in '/home/jsc/ros2_ws/src/jsc_bot_description'
[0.375s] INFO:colcon.colcon_core.plugin_system:Skipping extension 'colcon_core.shell.bat': Not used on non-Windows systems
[0.376s] INFO:colcon.colcon_core.shell:Skip shell extension 'powershell' for command environment: Not usable outside of PowerShell
[0.376s] DEBUG:colcon.colcon_core.shell:Skip shell extension 'dsv' for command environment
[0.380s] INFO:colcon.colcon_ros.task.ament_python.build:Building ROS package in '/home/jsc/ros2_ws/src/robot_controller' with build type 'ament_python'
[0.380s] Level 1:colcon.colcon_core.shell:create_environment_hook('robot_controller', 'ament_prefix_path')
[0.380s] INFO:colcon.colcon_core.shell:Creating environment hook '/home/jsc/ros2_ws/install/robot_controller/share/robot_controller/hook/ament_prefix_path.ps1'
[0.381s] INFO:colcon.colcon_core.shell:Creating environment descriptor '/home/jsc/ros2_ws/install/robot_controller/share/robot_controller/hook/ament_prefix_path.dsv'
[0.381s] INFO:colcon.colcon_core.shell:Creating environment hook '/home/jsc/ros2_ws/install/robot_controller/share/robot_controller/hook/ament_prefix_path.sh'
[0.382s] INFO:colcon.colcon_core.shell:Skip shell extension 'powershell' for command environment: Not usable outside of PowerShell
[0.382s] DEBUG:colcon.colcon_core.shell:Skip shell extension 'dsv' for command environment
[0.386s] INFO:colcon.colcon_ros.task.ament_python.build:Building ROS package in '/home/jsc/ros2_ws/src/robot_distancia' with build type 'ament_python'
[0.386s] Level 1:colcon.colcon_core.shell:create_environment_hook('robot_distancia', 'ament_prefix_path')
[0.387s] INFO:colcon.colcon_core.shell:Creating environment hook '/home/jsc/ros2_ws/install/robot_distancia/share/robot_distancia/hook/ament_prefix_path.ps1'
[0.387s] INFO:colcon.colcon_core.shell:Creating environment descriptor '/home/jsc/ros2_ws/install/robot_distancia/share/robot_distancia/hook/ament_prefix_path.dsv'
[0.387s] INFO:colcon.colcon_core.shell:Creating environment hook '/home/jsc/ros2_ws/install/robot_distancia/share/robot_distancia/hook/ament_prefix_path.sh'
[0.388s] INFO:colcon.colcon_core.shell:Skip shell extension 'powershell' for command environment: Not usable outside of PowerShell
[0.388s] DEBUG:colcon.colcon_core.shell:Skip shell extension 'dsv' for command environment
[0.392s] INFO:colcon.colcon_ros.task.ament_python.build:Building ROS package in '/home/jsc/ros2_ws/src/robot_nav2' with build type 'ament_python'
[0.392s] Level 1:colcon.colcon_core.shell:create_environment_hook('robot_nav2', 'ament_prefix_path')
[0.393s] INFO:colcon.colcon_core.shell:Creating environment hook '/home/jsc/ros2_ws/install/robot_nav2/share/robot_nav2/hook/ament_prefix_path.ps1'
[0.393s] INFO:colcon.colcon_core.shell:Creating environment descriptor '/home/jsc/ros2_ws/install/robot_nav2/share/robot_nav2/hook/ament_prefix_path.dsv'
[0.394s] INFO:colcon.colcon_core.shell:Creating environment hook '/home/jsc/ros2_ws/install/robot_nav2/share/robot_nav2/hook/ament_prefix_path.sh'
[0.394s] INFO:colcon.colcon_core.shell:Skip shell extension 'powershell' for command environment: Not usable outside of PowerShell
[0.394s] DEBUG:colcon.colcon_core.shell:Skip shell extension 'dsv' for command environment
[0.398s] INFO:colcon.colcon_ros.task.ament_python.build:Building ROS package in '/home/jsc/ros2_ws/src/robot_sensor_distance' with build type 'ament_python'
[0.398s] Level 1:colcon.colcon_core.shell:create_environment_hook('robot_sensor_distance', 'ament_prefix_path')
[0.398s] INFO:colcon.colcon_core.shell:Creating environment hook '/home/jsc/ros2_ws/install/robot_sensor_distance/share/robot_sensor_distance/hook/ament_prefix_path.ps1'
[0.399s] INFO:colcon.colcon_core.shell:Creating environment descriptor '/home/jsc/ros2_ws/install/robot_sensor_distance/share/robot_sensor_distance/hook/ament_prefix_path.dsv'
[0.399s] INFO:colcon.colcon_core.shell:Creating environment hook '/home/jsc/ros2_ws/install/robot_sensor_distance/share/robot_sensor_distance/hook/ament_prefix_path.sh'
[0.400s] INFO:colcon.colcon_core.shell:Skip shell extension 'powershell' for command environment: Not usable outside of PowerShell
[0.400s] DEBUG:colcon.colcon_core.shell:Skip shell extension 'dsv' for command environment
[0.404s] INFO:colcon.colcon_ros.task.ament_cmake.build:Building ROS package in '/home/jsc/ros2_ws/src/robot_slam' with build type 'ament_cmake'
[0.404s] INFO:colcon.colcon_cmake.task.cmake.build:Building CMake package in '/home/jsc/ros2_ws/src/robot_slam'
[0.405s] INFO:colcon.colcon_core.shell:Skip shell extension 'powershell' for command environment: Not usable outside of PowerShell
[0.405s] DEBUG:colcon.colcon_core.shell:Skip shell extension 'dsv' for command environment
[0.409s] INFO:colcon.colcon_ros.task.ament_cmake.build:Building ROS package in '/home/jsc/ros2_ws/src/sllidar_ros2' with build type 'ament_cmake'
[0.409s] INFO:colcon.colcon_cmake.task.cmake.build:Building CMake package in '/home/jsc/ros2_ws/src/sllidar_ros2'
[0.409s] INFO:colcon.colcon_core.shell:Skip shell extension 'powershell' for command environment: Not usable outside of PowerShell
[0.409s] DEBUG:colcon.colcon_core.shell:Skip shell extension 'dsv' for command environment
[0.418s] DEBUG:colcon.colcon_core.event_handler.log_command:Invoking command in '/home/jsc/ros2_ws/build/jsc_bot_description': CMAKE_PREFIX_PATH=${CMAKE_PREFIX_PATH}:/home/jsc/ros2_ws/install/robot_sensor_distance:/home/jsc/ros2_ws/install/robot_nav2:/home/jsc/ros2_ws/install/robot_distancia:/home/jsc/ros2_ws/install/robot_controller:/home/jsc/ros2_ws/install/prueba:/home/jsc/ros2_ws/install/aros2duino:/home/jsc/Aros2duino/install/aros2duino:/opt/ros/humble /usr/bin/cmake --build /home/jsc/ros2_ws/build/jsc_bot_description -- -j12 -l12
[0.675s] INFO:colcon.colcon_core.task.python.build:Building Python package in '/home/jsc/ros2_ws/src/robot_controller'
[0.675s] INFO:colcon.colcon_core.shell:Skip shell extension 'powershell' for command environment: Not usable outside of PowerShell
[0.675s] DEBUG:colcon.colcon_core.shell:Skip shell extension 'dsv' for command environment
[0.932s] INFO:colcon.colcon_core.task.python.build:Building Python package in '/home/jsc/ros2_ws/src/robot_distancia'
[0.933s] INFO:colcon.colcon_core.shell:Skip shell extension 'powershell' for command environment: Not usable outside of PowerShell
[0.933s] DEBUG:colcon.colcon_core.shell:Skip shell extension 'dsv' for command environment
[1.183s] INFO:colcon.colcon_core.task.python.build:Building Python package in '/home/jsc/ros2_ws/src/robot_nav2'
[1.184s] INFO:colcon.colcon_core.shell:Skip shell extension 'powershell' for command environment: Not usable outside of PowerShell
[1.184s] DEBUG:colcon.colcon_core.shell:Skip shell extension 'dsv' for command environment
[1.431s] INFO:colcon.colcon_core.task.python.build:Building Python package in '/home/jsc/ros2_ws/src/robot_sensor_distance'
[1.431s] INFO:colcon.colcon_core.shell:Skip shell extension 'powershell' for command environment: Not usable outside of PowerShell
[1.431s] DEBUG:colcon.colcon_core.shell:Skip shell extension 'dsv' for command environment
[1.440s] DEBUG:colcon.colcon_core.event_handler.log_command:Invoking command in '/home/jsc/ros2_ws/build/robot_slam': CMAKE_PREFIX_PATH=${CMAKE_PREFIX_PATH}:/home/jsc/ros2_ws/install/robot_sensor_distance:/home/jsc/ros2_ws/install/robot_nav2:/home/jsc/ros2_ws/install/robot_distancia:/home/jsc/ros2_ws/install/robot_controller:/home/jsc/ros2_ws/install/prueba:/home/jsc/ros2_ws/install/aros2duino:/home/jsc/Aros2duino/install/aros2duino:/opt/ros/humble /usr/bin/cmake --build /home/jsc/ros2_ws/build/robot_slam -- -j12 -l12
[1.443s] DEBUG:colcon.colcon_core.event_handler.log_command:Invoking command in '/home/jsc/ros2_ws/build/sllidar_ros2': CMAKE_PREFIX_PATH=${CMAKE_PREFIX_PATH}:/home/jsc/ros2_ws/install/robot_sensor_distance:/home/jsc/ros2_ws/install/robot_nav2:/home/jsc/ros2_ws/install/robot_distancia:/home/jsc/ros2_ws/install/robot_controller:/home/jsc/ros2_ws/install/prueba:/home/jsc/ros2_ws/install/aros2duino:/home/jsc/Aros2duino/install/aros2duino:/opt/ros/humble /usr/bin/cmake --build /home/jsc/ros2_ws/build/sllidar_ros2 -- -j12 -l12
[1.444s] DEBUG:colcon.colcon_core.event_handler.log_command:Invoked command in '/home/jsc/ros2_ws/build/jsc_bot_description' returned '0': CMAKE_PREFIX_PATH=${CMAKE_PREFIX_PATH}:/home/jsc/ros2_ws/install/robot_sensor_distance:/home/jsc/ros2_ws/install/robot_nav2:/home/jsc/ros2_ws/install/robot_distancia:/home/jsc/ros2_ws/install/robot_controller:/home/jsc/ros2_ws/install/prueba:/home/jsc/ros2_ws/install/aros2duino:/home/jsc/Aros2duino/install/aros2duino:/opt/ros/humble /usr/bin/cmake --build /home/jsc/ros2_ws/build/jsc_bot_description -- -j12 -l12
[1.474s] DEBUG:colcon.colcon_core.event_handler.log_command:Invoking command in '/home/jsc/ros2_ws/build/jsc_bot_description': CMAKE_PREFIX_PATH=${CMAKE_PREFIX_PATH}:/home/jsc/ros2_ws/install/robot_sensor_distance:/home/jsc/ros2_ws/install/robot_nav2:/home/jsc/ros2_ws/install/robot_distancia:/home/jsc/ros2_ws/install/robot_controller:/home/jsc/ros2_ws/install/prueba:/home/jsc/ros2_ws/install/aros2duino:/home/jsc/Aros2duino/install/aros2duino:/opt/ros/humble /usr/bin/cmake --install /home/jsc/ros2_ws/build/jsc_bot_description
[1.477s] DEBUG:colcon.colcon_core.event_handler.log_command:Invoked command in '/home/jsc/ros2_ws/build/robot_slam' returned '0': CMAKE_PREFIX_PATH=${CMAKE_PREFIX_PATH}:/home/jsc/ros2_ws/install/robot_sensor_distance:/home/jsc/ros2_ws/install/robot_nav2:/home/jsc/ros2_ws/install/robot_distancia:/home/jsc/ros2_ws/install/robot_controller:/home/jsc/ros2_ws/install/prueba:/home/jsc/ros2_ws/install/aros2duino:/home/jsc/Aros2duino/install/aros2duino:/opt/ros/humble /usr/bin/cmake --build /home/jsc/ros2_ws/build/robot_slam -- -j12 -l12
[1.498s] Level 1:colcon.colcon_core.environment:create_environment_scripts_only(jsc_bot_description)
[1.499s] DEBUG:colcon.colcon_core.event_handler.log_command:Invoked command in '/home/jsc/ros2_ws/build/jsc_bot_description' returned '0': CMAKE_PREFIX_PATH=${CMAKE_PREFIX_PATH}:/home/jsc/ros2_ws/install/robot_sensor_distance:/home/jsc/ros2_ws/install/robot_nav2:/home/jsc/ros2_ws/install/robot_distancia:/home/jsc/ros2_ws/install/robot_controller:/home/jsc/ros2_ws/install/prueba:/home/jsc/ros2_ws/install/aros2duino:/home/jsc/Aros2duino/install/aros2duino:/opt/ros/humble /usr/bin/cmake --install /home/jsc/ros2_ws/build/jsc_bot_description
[1.504s] Level 1:colcon.colcon_core.environment:checking '/home/jsc/ros2_ws/install/jsc_bot_description' for CMake module files
[1.505s] Level 1:colcon.colcon_core.environment:checking '/home/jsc/ros2_ws/install/jsc_bot_description' for CMake config files
[1.505s] Level 1:colcon.colcon_core.shell:create_environment_hook('jsc_bot_description', 'cmake_prefix_path')
[1.505s] INFO:colcon.colcon_core.shell:Creating environment hook '/home/jsc/ros2_ws/install/jsc_bot_description/share/jsc_bot_description/hook/cmake_prefix_path.ps1'
[1.506s] INFO:colcon.colcon_core.shell:Creating environment descriptor '/home/jsc/ros2_ws/install/jsc_bot_description/share/jsc_bot_description/hook/cmake_prefix_path.dsv'
[1.506s] INFO:colcon.colcon_core.shell:Creating environment hook '/home/jsc/ros2_ws/install/jsc_bot_description/share/jsc_bot_description/hook/cmake_prefix_path.sh'
[1.507s] Level 1:colcon.colcon_core.environment:checking '/home/jsc/ros2_ws/install/jsc_bot_description/bin'
[1.507s] Level 1:colcon.colcon_core.environment:checking '/home/jsc/ros2_ws/install/jsc_bot_description/lib/pkgconfig/jsc_bot_description.pc'
[1.507s] Level 1:colcon.colcon_core.environment:checking '/home/jsc/ros2_ws/install/jsc_bot_description/lib/python3.10/site-packages'
[1.508s] Level 1:colcon.colcon_core.environment:checking '/home/jsc/ros2_ws/install/jsc_bot_description/bin'
[1.508s] INFO:colcon.colcon_core.shell:Creating package script '/home/jsc/ros2_ws/install/jsc_bot_description/share/jsc_bot_description/package.ps1'
[1.509s] INFO:colcon.colcon_core.shell:Creating package descriptor '/home/jsc/ros2_ws/install/jsc_bot_description/share/jsc_bot_description/package.dsv'
[1.509s] INFO:colcon.colcon_core.shell:Creating package script '/home/jsc/ros2_ws/install/jsc_bot_description/share/jsc_bot_description/package.sh'
[1.510s] INFO:colcon.colcon_core.shell:Creating package script '/home/jsc/ros2_ws/install/jsc_bot_description/share/jsc_bot_description/package.bash'
[1.510s] INFO:colcon.colcon_core.shell:Creating package script '/home/jsc/ros2_ws/install/jsc_bot_description/share/jsc_bot_description/package.zsh'
[1.511s] Level 1:colcon.colcon_core.environment:create_file_with_runtime_dependencies(/home/jsc/ros2_ws/install/jsc_bot_description/share/colcon-core/packages/jsc_bot_description)
[1.514s] DEBUG:colcon.colcon_core.event_handler.log_command:Invoking command in '/home/jsc/ros2_ws/build/robot_slam': CMAKE_PREFIX_PATH=${CMAKE_PREFIX_PATH}:/home/jsc/ros2_ws/install/robot_sensor_distance:/home/jsc/ros2_ws/install/robot_nav2:/home/jsc/ros2_ws/install/robot_distancia:/home/jsc/ros2_ws/install/robot_controller:/home/jsc/ros2_ws/install/prueba:/home/jsc/ros2_ws/install/aros2duino:/home/jsc/Aros2duino/install/aros2duino:/opt/ros/humble /usr/bin/cmake --install /home/jsc/ros2_ws/build/robot_slam
[1.527s] DEBUG:colcon.colcon_core.event_handler.log_command:Invoked command in '/home/jsc/ros2_ws/build/sllidar_ros2' returned '0': CMAKE_PREFIX_PATH=${CMAKE_PREFIX_PATH}:/home/jsc/ros2_ws/install/robot_sensor_distance:/home/jsc/ros2_ws/install/robot_nav2:/home/jsc/ros2_ws/install/robot_distancia:/home/jsc/ros2_ws/install/robot_controller:/home/jsc/ros2_ws/install/prueba:/home/jsc/ros2_ws/install/aros2duino:/home/jsc/Aros2duino/install/aros2duino:/opt/ros/humble /usr/bin/cmake --build /home/jsc/ros2_ws/build/sllidar_ros2 -- -j12 -l12
[1.534s] Level 1:colcon.colcon_core.environment:create_environment_scripts_only(jsc_bot_description)
[1.535s] Level 1:colcon.colcon_core.environment:checking '/home/jsc/ros2_ws/install/jsc_bot_description' for CMake module files
[1.535s] Level 1:colcon.colcon_core.environment:checking '/home/jsc/ros2_ws/install/jsc_bot_description' for CMake config files
[1.536s] Level 1:colcon.colcon_core.shell:create_environment_hook('jsc_bot_description', 'cmake_prefix_path')
[1.537s] INFO:colcon.colcon_core.shell:Creating environment hook '/home/jsc/ros2_ws/install/jsc_bot_description/share/jsc_bot_description/hook/cmake_prefix_path.ps1'
[1.537s] INFO:colcon.colcon_core.shell:Creating environment descriptor '/home/jsc/ros2_ws/install/jsc_bot_description/share/jsc_bot_description/hook/cmake_prefix_path.dsv'
[1.537s] INFO:colcon.colcon_core.shell:Creating environment hook '/home/jsc/ros2_ws/install/jsc_bot_description/share/jsc_bot_description/hook/cmake_prefix_path.sh'
[1.538s] Level 1:colcon.colcon_core.environment:checking '/home/jsc/ros2_ws/install/jsc_bot_description/bin'
[1.538s] Level 1:colcon.colcon_core.environment:checking '/home/jsc/ros2_ws/install/jsc_bot_description/lib/pkgconfig/jsc_bot_description.pc'
[1.538s] Level 1:colcon.colcon_core.environment:checking '/home/jsc/ros2_ws/install/jsc_bot_description/lib/python3.10/site-packages'
[1.539s] Level 1:colcon.colcon_core.environment:checking '/home/jsc/ros2_ws/install/jsc_bot_description/bin'
[1.539s] INFO:colcon.colcon_core.shell:Creating package script '/home/jsc/ros2_ws/install/jsc_bot_description/share/jsc_bot_description/package.ps1'
[1.540s] INFO:colcon.colcon_core.shell:Creating package descriptor '/home/jsc/ros2_ws/install/jsc_bot_description/share/jsc_bot_description/package.dsv'
[1.540s] INFO:colcon.colcon_core.shell:Creating package script '/home/jsc/ros2_ws/install/jsc_bot_description/share/jsc_bot_description/package.sh'
[1.541s] INFO:colcon.colcon_core.shell:Creating package script '/home/jsc/ros2_ws/install/jsc_bot_description/share/jsc_bot_description/package.bash'
[1.541s] INFO:colcon.colcon_core.shell:Creating package script '/home/jsc/ros2_ws/install/jsc_bot_description/share/jsc_bot_description/package.zsh'
[1.541s] Level 1:colcon.colcon_core.environment:create_file_with_runtime_dependencies(/home/jsc/ros2_ws/install/jsc_bot_description/share/colcon-core/packages/jsc_bot_description)
[1.542s] Level 1:colcon.colcon_core.environment:create_environment_scripts_only(robot_slam)
[1.543s] Level 1:colcon.colcon_core.environment:checking '/home/jsc/ros2_ws/install/robot_slam' for CMake module files
[1.544s] DEBUG:colcon.colcon_core.event_handler.log_command:Invoked command in '/home/jsc/ros2_ws/build/robot_slam' returned '0': CMAKE_PREFIX_PATH=${CMAKE_PREFIX_PATH}:/home/jsc/ros2_ws/install/robot_sensor_distance:/home/jsc/ros2_ws/install/robot_nav2:/home/jsc/ros2_ws/install/robot_distancia:/home/jsc/ros2_ws/install/robot_controller:/home/jsc/ros2_ws/install/prueba:/home/jsc/ros2_ws/install/aros2duino:/home/jsc/Aros2duino/install/aros2duino:/opt/ros/humble /usr/bin/cmake --install /home/jsc/ros2_ws/build/robot_slam
[1.544s] Level 1:colcon.colcon_core.environment:checking '/home/jsc/ros2_ws/install/robot_slam' for CMake config files
[1.545s] Level 1:colcon.colcon_core.shell:create_environment_hook('robot_slam', 'cmake_prefix_path')
[1.545s] INFO:colcon.colcon_core.shell:Creating environment hook '/home/jsc/ros2_ws/install/robot_slam/share/robot_slam/hook/cmake_prefix_path.ps1'
[1.545s] INFO:colcon.colcon_core.shell:Creating environment descriptor '/home/jsc/ros2_ws/install/robot_slam/share/robot_slam/hook/cmake_prefix_path.dsv'
[1.546s] INFO:colcon.colcon_core.shell:Creating environment hook '/home/jsc/ros2_ws/install/robot_slam/share/robot_slam/hook/cmake_prefix_path.sh'
[1.546s] Level 1:colcon.colcon_core.environment:checking '/home/jsc/ros2_ws/install/robot_slam/bin'
[1.546s] Level 1:colcon.colcon_core.environment:checking '/home/jsc/ros2_ws/install/robot_slam/lib/pkgconfig/robot_slam.pc'
[1.547s] Level 1:colcon.colcon_core.environment:checking '/home/jsc/ros2_ws/install/robot_slam/lib/python3.10/site-packages'
[1.547s] Level 1:colcon.colcon_core.environment:checking '/home/jsc/ros2_ws/install/robot_slam/bin'
[1.547s] INFO:colcon.colcon_core.shell:Creating package script '/home/jsc/ros2_ws/install/robot_slam/share/robot_slam/package.ps1'
[1.548s] INFO:colcon.colcon_core.shell:Creating package descriptor '/home/jsc/ros2_ws/install/robot_slam/share/robot_slam/package.dsv'
[1.548s] INFO:colcon.colcon_core.shell:Creating package script '/home/jsc/ros2_ws/install/robot_slam/share/robot_slam/package.sh'
[1.549s] INFO:colcon.colcon_core.shell:Creating package script '/home/jsc/ros2_ws/install/robot_slam/share/robot_slam/package.bash'
[1.549s] INFO:colcon.colcon_core.shell:Creating package script '/home/jsc/ros2_ws/install/robot_slam/share/robot_slam/package.zsh'
[1.549s] Level 1:colcon.colcon_core.environment:create_file_with_runtime_dependencies(/home/jsc/ros2_ws/install/robot_slam/share/colcon-core/packages/robot_slam)
[1.572s] Level 1:colcon.colcon_core.environment:create_environment_scripts_only(robot_slam)
[1.572s] Level 1:colcon.colcon_core.environment:checking '/home/jsc/ros2_ws/install/robot_slam' for CMake module files
[1.573s] Level 1:colcon.colcon_core.environment:checking '/home/jsc/ros2_ws/install/robot_slam' for CMake config files
[1.573s] Level 1:colcon.colcon_core.shell:create_environment_hook('robot_slam', 'cmake_prefix_path')
[1.573s] INFO:colcon.colcon_core.shell:Creating environment hook '/home/jsc/ros2_ws/install/robot_slam/share/robot_slam/hook/cmake_prefix_path.ps1'
[1.574s] INFO:colcon.colcon_core.shell:Creating environment descriptor '/home/jsc/ros2_ws/install/robot_slam/share/robot_slam/hook/cmake_prefix_path.dsv'
[1.574s] INFO:colcon.colcon_core.shell:Creating environment hook '/home/jsc/ros2_ws/install/robot_slam/share/robot_slam/hook/cmake_prefix_path.sh'
[1.574s] Level 1:colcon.colcon_core.environment:checking '/home/jsc/ros2_ws/install/robot_slam/bin'
[1.574s] Level 1:colcon.colcon_core.environment:checking '/home/jsc/ros2_ws/install/robot_slam/lib/pkgconfig/robot_slam.pc'
[1.575s] Level 1:colcon.colcon_core.environment:checking '/home/jsc/ros2_ws/install/robot_slam/lib/python3.10/site-packages'
[1.575s] Level 1:colcon.colcon_core.environment:checking '/home/jsc/ros2_ws/install/robot_slam/bin'
[1.575s] INFO:colcon.colcon_core.shell:Creating package script '/home/jsc/ros2_ws/install/robot_slam/share/robot_slam/package.ps1'
[1.576s] INFO:colcon.colcon_core.shell:Creating package descriptor '/home/jsc/ros2_ws/install/robot_slam/share/robot_slam/package.dsv'
[1.576s] INFO:colcon.colcon_core.shell:Creating package script '/home/jsc/ros2_ws/install/robot_slam/share/robot_slam/package.sh'
[1.577s] INFO:colcon.colcon_core.shell:Creating package script '/home/jsc/ros2_ws/install/robot_slam/share/robot_slam/package.bash'
[1.577s] INFO:colcon.colcon_core.shell:Creating package script '/home/jsc/ros2_ws/install/robot_slam/share/robot_slam/package.zsh'
[1.577s] Level 1:colcon.colcon_core.environment:create_file_with_runtime_dependencies(/home/jsc/ros2_ws/install/robot_slam/share/colcon-core/packages/robot_slam)
[1.592s] DEBUG:colcon.colcon_core.event_handler.log_command:Invoking command in '/home/jsc/ros2_ws/build/sllidar_ros2': CMAKE_PREFIX_PATH=${CMAKE_PREFIX_PATH}:/home/jsc/ros2_ws/install/robot_sensor_distance:/home/jsc/ros2_ws/install/robot_nav2:/home/jsc/ros2_ws/install/robot_distancia:/home/jsc/ros2_ws/install/robot_controller:/home/jsc/ros2_ws/install/prueba:/home/jsc/ros2_ws/install/aros2duino:/home/jsc/Aros2duino/install/aros2duino:/opt/ros/humble /usr/bin/cmake --install /home/jsc/ros2_ws/build/sllidar_ros2
[1.615s] Level 1:colcon.colcon_core.environment:create_environment_scripts_only(sllidar_ros2)
[1.615s] Level 1:colcon.colcon_core.environment:checking '/home/jsc/ros2_ws/install/sllidar_ros2' for CMake module files
[1.616s] DEBUG:colcon.colcon_core.event_handler.log_command:Invoked command in '/home/jsc/ros2_ws/build/sllidar_ros2' returned '0': CMAKE_PREFIX_PATH=${CMAKE_PREFIX_PATH}:/home/jsc/ros2_ws/install/robot_sensor_distance:/home/jsc/ros2_ws/install/robot_nav2:/home/jsc/ros2_ws/install/robot_distancia:/home/jsc/ros2_ws/install/robot_controller:/home/jsc/ros2_ws/install/prueba:/home/jsc/ros2_ws/install/aros2duino:/home/jsc/Aros2duino/install/aros2duino:/opt/ros/humble /usr/bin/cmake --install /home/jsc/ros2_ws/build/sllidar_ros2
[1.616s] Level 1:colcon.colcon_core.environment:checking '/home/jsc/ros2_ws/install/sllidar_ros2' for CMake config files
[1.617s] Level 1:colcon.colcon_core.shell:create_environment_hook('sllidar_ros2', 'cmake_prefix_path')
[1.617s] INFO:colcon.colcon_core.shell:Creating environment hook '/home/jsc/ros2_ws/install/sllidar_ros2/share/sllidar_ros2/hook/cmake_prefix_path.ps1'
[1.617s] INFO:colcon.colcon_core.shell:Creating environment descriptor '/home/jsc/ros2_ws/install/sllidar_ros2/share/sllidar_ros2/hook/cmake_prefix_path.dsv'
[1.618s] INFO:colcon.colcon_core.shell:Creating environment hook '/home/jsc/ros2_ws/install/sllidar_ros2/share/sllidar_ros2/hook/cmake_prefix_path.sh'
[1.619s] Level 1:colcon.colcon_core.environment:checking '/home/jsc/ros2_ws/install/sllidar_ros2/lib'
[1.619s] Level 1:colcon.colcon_core.environment:checking '/home/jsc/ros2_ws/install/sllidar_ros2/bin'
[1.619s] Level 1:colcon.colcon_core.environment:checking '/home/jsc/ros2_ws/install/sllidar_ros2/lib/pkgconfig/sllidar_ros2.pc'
[1.619s] Level 1:colcon.colcon_core.environment:checking '/home/jsc/ros2_ws/install/sllidar_ros2/lib/python3.10/site-packages'
[1.619s] Level 1:colcon.colcon_core.environment:checking '/home/jsc/ros2_ws/install/sllidar_ros2/bin'
[1.620s] INFO:colcon.colcon_core.shell:Creating package script '/home/jsc/ros2_ws/install/sllidar_ros2/share/sllidar_ros2/package.ps1'
[1.620s] INFO:colcon.colcon_core.shell:Creating package descriptor '/home/jsc/ros2_ws/install/sllidar_ros2/share/sllidar_ros2/package.dsv'
[1.620s] INFO:colcon.colcon_core.shell:Creating package script '/home/jsc/ros2_ws/install/sllidar_ros2/share/sllidar_ros2/package.sh'
[1.621s] INFO:colcon.colcon_core.shell:Creating package script '/home/jsc/ros2_ws/install/sllidar_ros2/share/sllidar_ros2/package.bash'
[1.621s] INFO:colcon.colcon_core.shell:Creating package script '/home/jsc/ros2_ws/install/sllidar_ros2/share/sllidar_ros2/package.zsh'
[1.621s] Level 1:colcon.colcon_core.environment:create_file_with_runtime_dependencies(/home/jsc/ros2_ws/install/sllidar_ros2/share/colcon-core/packages/sllidar_ros2)
[1.682s] Level 1:colcon.colcon_core.environment:create_environment_scripts_only(sllidar_ros2)
[1.682s] Level 1:colcon.colcon_core.environment:checking '/home/jsc/ros2_ws/install/sllidar_ros2' for CMake module files
[1.683s] Level 1:colcon.colcon_core.environment:checking '/home/jsc/ros2_ws/install/sllidar_ros2' for CMake config files
[1.684s] Level 1:colcon.colcon_core.shell:create_environment_hook('sllidar_ros2', 'cmake_prefix_path')
[1.684s] INFO:colcon.colcon_core.shell:Creating environment hook '/home/jsc/ros2_ws/install/sllidar_ros2/share/sllidar_ros2/hook/cmake_prefix_path.ps1'
[1.685s] INFO:colcon.colcon_core.shell:Creating environment descriptor '/home/jsc/ros2_ws/install/sllidar_ros2/share/sllidar_ros2/hook/cmake_prefix_path.dsv'
[1.685s] INFO:colcon.colcon_core.shell:Creating environment hook '/home/jsc/ros2_ws/install/sllidar_ros2/share/sllidar_ros2/hook/cmake_prefix_path.sh'
[1.686s] Level 1:colcon.colcon_core.environment:checking '/home/jsc/ros2_ws/install/sllidar_ros2/lib'
[1.686s] Level 1:colcon.colcon_core.environment:checking '/home/jsc/ros2_ws/install/sllidar_ros2/bin'
[1.686s] Level 1:colcon.colcon_core.environment:checking '/home/jsc/ros2_ws/install/sllidar_ros2/lib/pkgconfig/sllidar_ros2.pc'
[1.686s] Level 1:colcon.colcon_core.environment:checking '/home/jsc/ros2_ws/install/sllidar_ros2/lib/python3.10/site-packages'
[1.686s] Level 1:colcon.colcon_core.environment:checking '/home/jsc/ros2_ws/install/sllidar_ros2/bin'
[1.687s] INFO:colcon.colcon_core.shell:Creating package script '/home/jsc/ros2_ws/install/sllidar_ros2/share/sllidar_ros2/package.ps1'
[1.687s] INFO:colcon.colcon_core.shell:Creating package descriptor '/home/jsc/ros2_ws/install/sllidar_ros2/share/sllidar_ros2/package.dsv'
[1.688s] INFO:colcon.colcon_core.shell:Creating package script '/home/jsc/ros2_ws/install/sllidar_ros2/share/sllidar_ros2/package.sh'
[1.688s] INFO:colcon.colcon_core.shell:Creating package script '/home/jsc/ros2_ws/install/sllidar_ros2/share/sllidar_ros2/package.bash'
[1.689s] INFO:colcon.colcon_core.shell:Creating package script '/home/jsc/ros2_ws/install/sllidar_ros2/share/sllidar_ros2/package.zsh'
[1.689s] Level 1:colcon.colcon_core.environment:create_file_with_runtime_dependencies(/home/jsc/ros2_ws/install/sllidar_ros2/share/colcon-core/packages/sllidar_ros2)
[1.893s] DEBUG:colcon.colcon_core.event_handler.log_command:Invoking command in '/home/jsc/ros2_ws/build/robot_nav2': PYTHONPATH=/home/jsc/ros2_ws/build/robot_nav2/prefix_override:/usr/lib/python3/dist-packages/colcon_core/task/python/colcon_distutils_commands:/home/jsc/ros2_ws/install/robot_nav2/lib/python3.10/site-packages:${PYTHONPATH} /usr/bin/python3 -W ignore:setup.py install is deprecated setup.py develop --editable --build-directory /home/jsc/ros2_ws/build/robot_nav2/build --no-deps symlink_data
[1.895s] DEBUG:colcon.colcon_core.event_handler.log_command:Invoking command in '/home/jsc/ros2_ws/build/robot_distancia': PYTHONPATH=/home/jsc/ros2_ws/build/robot_distancia/prefix_override:/usr/lib/python3/dist-packages/colcon_core/task/python/colcon_distutils_commands:/home/jsc/ros2_ws/install/robot_distancia/lib/python3.10/site-packages:${PYTHONPATH} /usr/bin/python3 -W ignore:setup.py install is deprecated setup.py develop --editable --build-directory /home/jsc/ros2_ws/build/robot_distancia/build --no-deps symlink_data
[1.928s] DEBUG:colcon.colcon_core.event_handler.log_command:Invoking command in '/home/jsc/ros2_ws/build/robot_controller': PYTHONPATH=/home/jsc/ros2_ws/build/robot_controller/prefix_override:/usr/lib/python3/dist-packages/colcon_core/task/python/colcon_distutils_commands:/home/jsc/ros2_ws/install/robot_controller/lib/python3.10/site-packages:${PYTHONPATH} /usr/bin/python3 -W ignore:setup.py install is deprecated setup.py develop --editable --build-directory /home/jsc/ros2_ws/build/robot_controller/build --no-deps symlink_data
[1.932s] DEBUG:colcon.colcon_core.event_handler.log_command:Invoking command in '/home/jsc/ros2_ws/build/robot_sensor_distance': PYTHONPATH=/home/jsc/ros2_ws/build/robot_sensor_distance/prefix_override:/usr/lib/python3/dist-packages/colcon_core/task/python/colcon_distutils_commands:/home/jsc/ros2_ws/install/robot_sensor_distance/lib/python3.10/site-packages:${PYTHONPATH} /usr/bin/python3 -W ignore:setup.py install is deprecated setup.py develop --editable --build-directory /home/jsc/ros2_ws/build/robot_sensor_distance/build --no-deps symlink_data
[2.356s] Level 1:colcon.colcon_core.shell:create_environment_hook('robot_nav2', 'pythonpath_develop')
[2.356s] INFO:colcon.colcon_core.shell:Creating environment hook '/home/jsc/ros2_ws/build/robot_nav2/share/robot_nav2/hook/pythonpath_develop.ps1'
[2.357s] DEBUG:colcon.colcon_core.event_handler.log_command:Invoked command in '/home/jsc/ros2_ws/build/robot_nav2' returned '0': PYTHONPATH=/home/jsc/ros2_ws/build/robot_nav2/prefix_override:/usr/lib/python3/dist-packages/colcon_core/task/python/colcon_distutils_commands:/home/jsc/ros2_ws/install/robot_nav2/lib/python3.10/site-packages:${PYTHONPATH} /usr/bin/python3 -W ignore:setup.py install is deprecated setup.py develop --editable --build-directory /home/jsc/ros2_ws/build/robot_nav2/build --no-deps symlink_data
[2.357s] INFO:colcon.colcon_core.shell:Creating environment descriptor '/home/jsc/ros2_ws/build/robot_nav2/share/robot_nav2/hook/pythonpath_develop.dsv'
[2.357s] INFO:colcon.colcon_core.shell:Creating environment hook '/home/jsc/ros2_ws/build/robot_nav2/share/robot_nav2/hook/pythonpath_develop.sh'
[2.358s] Level 1:colcon.colcon_core.environment:checking '/home/jsc/ros2_ws/install/robot_nav2' for CMake module files
[2.358s] Level 1:colcon.colcon_core.environment:checking '/home/jsc/ros2_ws/install/robot_nav2' for CMake config files
[2.359s] Level 1:colcon.colcon_core.environment:checking '/home/jsc/ros2_ws/install/robot_nav2/lib'
[2.359s] Level 1:colcon.colcon_core.environment:checking '/home/jsc/ros2_ws/install/robot_nav2/bin'
[2.359s] Level 1:colcon.colcon_core.environment:checking '/home/jsc/ros2_ws/install/robot_nav2/lib/pkgconfig/robot_nav2.pc'
[2.359s] Level 1:colcon.colcon_core.environment:checking '/home/jsc/ros2_ws/install/robot_nav2/lib/python3.10/site-packages'
[2.360s] Level 1:colcon.colcon_core.shell:create_environment_hook('robot_nav2', 'pythonpath')
[2.360s] INFO:colcon.colcon_core.shell:Creating environment hook '/home/jsc/ros2_ws/install/robot_nav2/share/robot_nav2/hook/pythonpath.ps1'
[2.360s] INFO:colcon.colcon_core.shell:Creating environment descriptor '/home/jsc/ros2_ws/install/robot_nav2/share/robot_nav2/hook/pythonpath.dsv'
[2.361s] INFO:colcon.colcon_core.shell:Creating environment hook '/home/jsc/ros2_ws/install/robot_nav2/share/robot_nav2/hook/pythonpath.sh'
[2.361s] Level 1:colcon.colcon_core.environment:checking '/home/jsc/ros2_ws/install/robot_nav2/bin'
[2.361s] Level 1:colcon.colcon_core.environment:create_environment_scripts_only(robot_nav2)
[2.362s] INFO:colcon.colcon_core.shell:Creating package script '/home/jsc/ros2_ws/install/robot_nav2/share/robot_nav2/package.ps1'
[2.362s] INFO:colcon.colcon_core.shell:Creating package descriptor '/home/jsc/ros2_ws/install/robot_nav2/share/robot_nav2/package.dsv'
[2.363s] INFO:colcon.colcon_core.shell:Creating package script '/home/jsc/ros2_ws/install/robot_nav2/share/robot_nav2/package.sh'
[2.364s] INFO:colcon.colcon_core.shell:Creating package script '/home/jsc/ros2_ws/install/robot_nav2/share/robot_nav2/package.bash'
[2.365s] INFO:colcon.colcon_core.shell:Creating package script '/home/jsc/ros2_ws/install/robot_nav2/share/robot_nav2/package.zsh'
[2.366s] Level 1:colcon.colcon_core.environment:create_file_with_runtime_dependencies(/home/jsc/ros2_ws/install/robot_nav2/share/colcon-core/packages/robot_nav2)
[2.367s] Level 1:colcon.colcon_core.shell:create_environment_hook('robot_distancia', 'pythonpath_develop')
[2.367s] INFO:colcon.colcon_core.shell:Creating environment hook '/home/jsc/ros2_ws/build/robot_distancia/share/robot_distancia/hook/pythonpath_develop.ps1'
[2.368s] INFO:colcon.colcon_core.shell:Creating environment descriptor '/home/jsc/ros2_ws/build/robot_distancia/share/robot_distancia/hook/pythonpath_develop.dsv'
[2.369s] DEBUG:colcon.colcon_core.event_handler.log_command:Invoked command in '/home/jsc/ros2_ws/build/robot_distancia' returned '0': PYTHONPATH=/home/jsc/ros2_ws/build/robot_distancia/prefix_override:/usr/lib/python3/dist-packages/colcon_core/task/python/colcon_distutils_commands:/home/jsc/ros2_ws/install/robot_distancia/lib/python3.10/site-packages:${PYTHONPATH} /usr/bin/python3 -W ignore:setup.py install is deprecated setup.py develop --editable --build-directory /home/jsc/ros2_ws/build/robot_distancia/build --no-deps symlink_data
[2.369s] INFO:colcon.colcon_core.shell:Creating environment hook '/home/jsc/ros2_ws/build/robot_distancia/share/robot_distancia/hook/pythonpath_develop.sh'
[2.370s] Level 1:colcon.colcon_core.environment:checking '/home/jsc/ros2_ws/install/robot_distancia' for CMake module files
[2.371s] Level 1:colcon.colcon_core.environment:checking '/home/jsc/ros2_ws/install/robot_distancia' for CMake config files
[2.372s] Level 1:colcon.colcon_core.environment:checking '/home/jsc/ros2_ws/install/robot_distancia/lib'
[2.372s] Level 1:colcon.colcon_core.environment:checking '/home/jsc/ros2_ws/install/robot_distancia/bin'
[2.372s] Level 1:colcon.colcon_core.environment:checking '/home/jsc/ros2_ws/install/robot_distancia/lib/pkgconfig/robot_distancia.pc'
[2.372s] Level 1:colcon.colcon_core.environment:checking '/home/jsc/ros2_ws/install/robot_distancia/lib/python3.10/site-packages'
[2.372s] Level 1:colcon.colcon_core.shell:create_environment_hook('robot_distancia', 'pythonpath')
[2.372s] INFO:colcon.colcon_core.shell:Creating environment hook '/home/jsc/ros2_ws/install/robot_distancia/share/robot_distancia/hook/pythonpath.ps1'
[2.373s] INFO:colcon.colcon_core.shell:Creating environment descriptor '/home/jsc/ros2_ws/install/robot_distancia/share/robot_distancia/hook/pythonpath.dsv'
[2.373s] INFO:colcon.colcon_core.shell:Creating environment hook '/home/jsc/ros2_ws/install/robot_distancia/share/robot_distancia/hook/pythonpath.sh'
[2.373s] Level 1:colcon.colcon_core.environment:checking '/home/jsc/ros2_ws/install/robot_distancia/bin'
[2.373s] Level 1:colcon.colcon_core.environment:create_environment_scripts_only(robot_distancia)
[2.374s] INFO:colcon.colcon_core.shell:Creating package script '/home/jsc/ros2_ws/install/robot_distancia/share/robot_distancia/package.ps1'
[2.374s] INFO:colcon.colcon_core.shell:Creating package descriptor '/home/jsc/ros2_ws/install/robot_distancia/share/robot_distancia/package.dsv'
[2.375s] INFO:colcon.colcon_core.shell:Creating package script '/home/jsc/ros2_ws/install/robot_distancia/share/robot_distancia/package.sh'
[2.375s] INFO:colcon.colcon_core.shell:Creating package script '/home/jsc/ros2_ws/install/robot_distancia/share/robot_distancia/package.bash'
[2.375s] INFO:colcon.colcon_core.shell:Creating package script '/home/jsc/ros2_ws/install/robot_distancia/share/robot_distancia/package.zsh'
[2.376s] Level 1:colcon.colcon_core.environment:create_file_with_runtime_dependencies(/home/jsc/ros2_ws/install/robot_distancia/share/colcon-core/packages/robot_distancia)
[2.399s] Level 1:colcon.colcon_core.shell:create_environment_hook('robot_controller', 'pythonpath_develop')
[2.399s] INFO:colcon.colcon_core.shell:Creating environment hook '/home/jsc/ros2_ws/build/robot_controller/share/robot_controller/hook/pythonpath_develop.ps1'
[2.399s] DEBUG:colcon.colcon_core.event_handler.log_command:Invoked command in '/home/jsc/ros2_ws/build/robot_controller' returned '0': PYTHONPATH=/home/jsc/ros2_ws/build/robot_controller/prefix_override:/usr/lib/python3/dist-packages/colcon_core/task/python/colcon_distutils_commands:/home/jsc/ros2_ws/install/robot_controller/lib/python3.10/site-packages:${PYTHONPATH} /usr/bin/python3 -W ignore:setup.py install is deprecated setup.py develop --editable --build-directory /home/jsc/ros2_ws/build/robot_controller/build --no-deps symlink_data
[2.400s] INFO:colcon.colcon_core.shell:Creating environment descriptor '/home/jsc/ros2_ws/build/robot_controller/share/robot_controller/hook/pythonpath_develop.dsv'
[2.401s] INFO:colcon.colcon_core.shell:Creating environment hook '/home/jsc/ros2_ws/build/robot_controller/share/robot_controller/hook/pythonpath_develop.sh'
[2.402s] Level 1:colcon.colcon_core.environment:checking '/home/jsc/ros2_ws/install/robot_controller' for CMake module files
[2.402s] Level 1:colcon.colcon_core.environment:checking '/home/jsc/ros2_ws/install/robot_controller' for CMake config files
[2.403s] Level 1:colcon.colcon_core.environment:checking '/home/jsc/ros2_ws/install/robot_controller/lib'
[2.403s] Level 1:colcon.colcon_core.environment:checking '/home/jsc/ros2_ws/install/robot_controller/bin'
[2.403s] Level 1:colcon.colcon_core.environment:checking '/home/jsc/ros2_ws/install/robot_controller/lib/pkgconfig/robot_controller.pc'
[2.403s] Level 1:colcon.colcon_core.environment:checking '/home/jsc/ros2_ws/install/robot_controller/lib/python3.10/site-packages'
[2.403s] Level 1:colcon.colcon_core.shell:create_environment_hook('robot_controller', 'pythonpath')
[2.404s] INFO:colcon.colcon_core.shell:Creating environment hook '/home/jsc/ros2_ws/install/robot_controller/share/robot_controller/hook/pythonpath.ps1'
[2.404s] INFO:colcon.colcon_core.shell:Creating environment descriptor '/home/jsc/ros2_ws/install/robot_controller/share/robot_controller/hook/pythonpath.dsv'
[2.404s] INFO:colcon.colcon_core.shell:Creating environment hook '/home/jsc/ros2_ws/install/robot_controller/share/robot_controller/hook/pythonpath.sh'
[2.405s] Level 1:colcon.colcon_core.environment:checking '/home/jsc/ros2_ws/install/robot_controller/bin'
[2.405s] Level 1:colcon.colcon_core.environment:create_environment_scripts_only(robot_controller)
[2.405s] INFO:colcon.colcon_core.shell:Creating package script '/home/jsc/ros2_ws/install/robot_controller/share/robot_controller/package.ps1'
[2.405s] INFO:colcon.colcon_core.shell:Creating package descriptor '/home/jsc/ros2_ws/install/robot_controller/share/robot_controller/package.dsv'
[2.406s] INFO:colcon.colcon_core.shell:Creating package script '/home/jsc/ros2_ws/install/robot_controller/share/robot_controller/package.sh'
[2.406s] INFO:colcon.colcon_core.shell:Creating package script '/home/jsc/ros2_ws/install/robot_controller/share/robot_controller/package.bash'
[2.406s] INFO:colcon.colcon_core.shell:Creating package script '/home/jsc/ros2_ws/install/robot_controller/share/robot_controller/package.zsh'
[2.407s] Level 1:colcon.colcon_core.environment:create_file_with_runtime_dependencies(/home/jsc/ros2_ws/install/robot_controller/share/colcon-core/packages/robot_controller)
[2.408s] Level 1:colcon.colcon_core.shell:create_environment_hook('robot_sensor_distance', 'pythonpath_develop')
[2.408s] INFO:colcon.colcon_core.shell:Creating environment hook '/home/jsc/ros2_ws/build/robot_sensor_distance/share/robot_sensor_distance/hook/pythonpath_develop.ps1'
[2.408s] DEBUG:colcon.colcon_core.event_handler.log_command:Invoked command in '/home/jsc/ros2_ws/build/robot_sensor_distance' returned '0': PYTHONPATH=/home/jsc/ros2_ws/build/robot_sensor_distance/prefix_override:/usr/lib/python3/dist-packages/colcon_core/task/python/colcon_distutils_commands:/home/jsc/ros2_ws/install/robot_sensor_distance/lib/python3.10/site-packages:${PYTHONPATH} /usr/bin/python3 -W ignore:setup.py install is deprecated setup.py develop --editable --build-directory /home/jsc/ros2_ws/build/robot_sensor_distance/build --no-deps symlink_data
[2.408s] INFO:colcon.colcon_core.shell:Creating environment descriptor '/home/jsc/ros2_ws/build/robot_sensor_distance/share/robot_sensor_distance/hook/pythonpath_develop.dsv'
[2.409s] INFO:colcon.colcon_core.shell:Creating environment hook '/home/jsc/ros2_ws/build/robot_sensor_distance/share/robot_sensor_distance/hook/pythonpath_develop.sh'
[2.409s] Level 1:colcon.colcon_core.environment:checking '/home/jsc/ros2_ws/install/robot_sensor_distance' for CMake module files
[2.410s] Level 1:colcon.colcon_core.environment:checking '/home/jsc/ros2_ws/install/robot_sensor_distance' for CMake config files
[2.410s] Level 1:colcon.colcon_core.environment:checking '/home/jsc/ros2_ws/install/robot_sensor_distance/lib'
[2.410s] Level 1:colcon.colcon_core.environment:checking '/home/jsc/ros2_ws/install/robot_sensor_distance/bin'
[2.410s] Level 1:colcon.colcon_core.environment:checking '/home/jsc/ros2_ws/install/robot_sensor_distance/lib/pkgconfig/robot_sensor_distance.pc'
[2.410s] Level 1:colcon.colcon_core.environment:checking '/home/jsc/ros2_ws/install/robot_sensor_distance/lib/python3.10/site-packages'
[2.410s] Level 1:colcon.colcon_core.shell:create_environment_hook('robot_sensor_distance', 'pythonpath')
[2.411s] INFO:colcon.colcon_core.shell:Creating environment hook '/home/jsc/ros2_ws/install/robot_sensor_distance/share/robot_sensor_distance/hook/pythonpath.ps1'
[2.411s] INFO:colcon.colcon_core.shell:Creating environment descriptor '/home/jsc/ros2_ws/install/robot_sensor_distance/share/robot_sensor_distance/hook/pythonpath.dsv'
[2.411s] INFO:colcon.colcon_core.shell:Creating environment hook '/home/jsc/ros2_ws/install/robot_sensor_distance/share/robot_sensor_distance/hook/pythonpath.sh'
[2.411s] Level 1:colcon.colcon_core.environment:checking '/home/jsc/ros2_ws/install/robot_sensor_distance/bin'
[2.412s] Level 1:colcon.colcon_core.environment:create_environment_scripts_only(robot_sensor_distance)
[2.412s] INFO:colcon.colcon_core.shell:Creating package script '/home/jsc/ros2_ws/install/robot_sensor_distance/share/robot_sensor_distance/package.ps1'
[2.412s] INFO:colcon.colcon_core.shell:Creating package descriptor '/home/jsc/ros2_ws/install/robot_sensor_distance/share/robot_sensor_distance/package.dsv'
[2.413s] INFO:colcon.colcon_core.shell:Creating package script '/home/jsc/ros2_ws/install/robot_sensor_distance/share/robot_sensor_distance/package.sh'
[2.413s] INFO:colcon.colcon_core.shell:Creating package script '/home/jsc/ros2_ws/install/robot_sensor_distance/share/robot_sensor_distance/package.bash'
[2.413s] INFO:colcon.colcon_core.shell:Creating package script '/home/jsc/ros2_ws/install/robot_sensor_distance/share/robot_sensor_distance/package.zsh'
[2.413s] Level 1:colcon.colcon_core.environment:create_file_with_runtime_dependencies(/home/jsc/ros2_ws/install/robot_sensor_distance/share/colcon-core/packages/robot_sensor_distance)
[2.414s] DEBUG:colcon.colcon_parallel_executor.executor.parallel:closing loop
[2.414s] DEBUG:colcon.colcon_parallel_executor.executor.parallel:loop closed
[2.414s] DEBUG:colcon.colcon_parallel_executor.executor.parallel:run_until_complete finished with '0'
[2.414s] DEBUG:colcon.colcon_core.event_reactor:joining thread
[2.420s] INFO:colcon.colcon_core.plugin_system:Skipping extension 'colcon_notification.desktop_notification.terminal_notifier': Not used on non-Darwin systems
[2.420s] INFO:colcon.colcon_core.plugin_system:Skipping extension 'colcon_notification.desktop_notification.win32': Not used on non-Windows systems
[2.420s] INFO:colcon.colcon_notification.desktop_notification:Sending desktop notification using 'notify2'
[2.431s] DEBUG:colcon.colcon_core.event_reactor:joined thread
[2.431s] INFO:colcon.colcon_core.shell:Creating prefix script '/home/jsc/ros2_ws/install/local_setup.ps1'
[2.432s] INFO:colcon.colcon_core.shell:Creating prefix util module '/home/jsc/ros2_ws/install/_local_setup_util_ps1.py'
[2.433s] INFO:colcon.colcon_core.shell:Creating prefix chain script '/home/jsc/ros2_ws/install/setup.ps1'
[2.435s] INFO:colcon.colcon_core.shell:Creating prefix script '/home/jsc/ros2_ws/install/local_setup.sh'
[2.435s] INFO:colcon.colcon_core.shell:Creating prefix util module '/home/jsc/ros2_ws/install/_local_setup_util_sh.py'
[2.436s] INFO:colcon.colcon_core.shell:Creating prefix chain script '/home/jsc/ros2_ws/install/setup.sh'
[2.437s] INFO:colcon.colcon_core.shell:Creating prefix script '/home/jsc/ros2_ws/install/local_setup.bash'
[2.437s] INFO:colcon.colcon_core.shell:Creating prefix chain script '/home/jsc/ros2_ws/install/setup.bash'
[2.439s] INFO:colcon.colcon_core.shell:Creating prefix script '/home/jsc/ros2_ws/install/local_setup.zsh'
[2.439s] INFO:colcon.colcon_core.shell:Creating prefix chain script '/home/jsc/ros2_ws/install/setup.zsh'
