[1.536s] Invoking command in '/home/jsc/ros2_ws/build/robot_sensor_distance': PYTHONPATH=/home/jsc/ros2_ws/build/robot_sensor_distance/prefix_override:/usr/lib/python3/dist-packages/colcon_core/task/python/colcon_distutils_commands:/home/jsc/ros2_ws/install/robot_sensor_distance/lib/python3.10/site-packages:${PYTHONPATH} /usr/bin/python3 -W ignore:setup.py install is deprecated setup.py develop --editable --build-directory /home/jsc/ros2_ws/build/robot_sensor_distance/build --no-deps symlink_data --force
[1.809s] running develop
[1.810s] /usr/lib/python3/dist-packages/setuptools/command/easy_install.py:158: EasyInstallDeprecationWarning: easy_install command is deprecated. Use build and pip and other standards-based tools.
[1.810s]   warnings.warn(
[1.982s] running egg_info
[1.982s] writing robot_sensor_distance.egg-info/PKG-INFO
[1.983s] writing dependency_links to robot_sensor_distance.egg-info/dependency_links.txt
[1.983s] writing entry points to robot_sensor_distance.egg-info/entry_points.txt
[1.983s] writing requirements to robot_sensor_distance.egg-info/requires.txt
[1.983s] writing top-level names to robot_sensor_distance.egg-info/top_level.txt
[1.985s] reading manifest file 'robot_sensor_distance.egg-info/SOURCES.txt'
[1.987s] writing manifest file 'robot_sensor_distance.egg-info/SOURCES.txt'
[1.988s] running build_ext
[1.988s] Creating /home/jsc/ros2_ws/install/robot_sensor_distance/lib/python3.10/site-packages/robot-sensor-distance.egg-link (link to .)
[1.989s] Installing distancia script to /home/jsc/ros2_ws/install/robot_sensor_distance/lib/robot_sensor_distance
[1.990s] 
[1.990s] Installed /home/jsc/ros2_ws/build/robot_sensor_distance
[1.990s] running symlink_data
[1.991s] symbolically linking /home/jsc/ros2_ws/build/robot_sensor_distance/resource/robot_sensor_distance -> /home/jsc/ros2_ws/install/robot_sensor_distance/share/ament_index/resource_index/packages
[1.991s] symbolically linking /home/jsc/ros2_ws/build/robot_sensor_distance/package.xml -> /home/jsc/ros2_ws/install/robot_sensor_distance/share/robot_sensor_distance
[2.053s] Invoked command in '/home/jsc/ros2_ws/build/robot_sensor_distance' returned '0': PYTHONPATH=/home/jsc/ros2_ws/build/robot_sensor_distance/prefix_override:/usr/lib/python3/dist-packages/colcon_core/task/python/colcon_distutils_commands:/home/jsc/ros2_ws/install/robot_sensor_distance/lib/python3.10/site-packages:${PYTHONPATH} /usr/bin/python3 -W ignore:setup.py install is deprecated setup.py develop --editable --build-directory /home/jsc/ros2_ws/build/robot_sensor_distance/build --no-deps symlink_data --force
