-- Found ament_cmake: 1.3.9 (/opt/ros/humble/share/ament_cmake/cmake)
-- Override CMake install command with custom implementation using symlinks instead of copying resources
-- Found ament_lint_auto: 0.12.11 (/opt/ros/humble/share/ament_lint_auto/cmake)
-- Found controller_manager: 2.41.0 (/opt/ros/humble/share/controller_manager/cmake)
-- Found rosidl_generator_c: 3.1.5 (/opt/ros/humble/share/rosidl_generator_c/cmake)
-- Found rosidl_adapter: 3.1.5 (/opt/ros/humble/share/rosidl_adapter/cmake)
-- Found rosidl_generator_cpp: 3.1.5 (/opt/ros/humble/share/rosidl_generator_cpp/cmake)
-- Using all available rosidl_typesupport_c: rosidl_typesupport_fastrtps_c;rosidl_typesupport_introspection_c
-- Using all available rosidl_typesupport_cpp: rosidl_typesupport_fastrtps_cpp;rosidl_typesupport_introspection_cpp
-- Found rmw_implementation_cmake: 6.1.2 (/opt/ros/humble/share/rmw_implementation_cmake/cmake)
-- Found rmw_cyclonedds_cpp: 1.3.4 (/opt/ros/humble/share/rmw_cyclonedds_cpp/cmake)
-- Using RMW implementation 'rmw_cyclonedds_cpp' as default
-- Looking for pthread.h
-- Looking for pthread.h - found
-- Performing Test CMAKE_HAVE_LIBC_PTHREAD
-- Performing Test CMAKE_HAVE_LIBC_PTHREAD - Success
-- Found Threads: TRUE  
[31mCMake Error at CMakeLists.txt:34 (find_package):
  By not providing "Findteleop_twist_keyboard.cmake" in CMAKE_MODULE_PATH
  this project has asked CMake to find a package configuration file provided
  by "teleop_twist_keyboard", but CMake did not find one.

  Could not find a package configuration file provided by
  "teleop_twist_keyboard" with any of the following names:

    teleop_twist_keyboardConfig.cmake
    teleop_twist_keyboard-config.cmake

  Add the installation prefix of "teleop_twist_keyboard" to CMAKE_PREFIX_PATH
  or set "teleop_twist_keyboard_DIR" to a directory containing one of the
  above files.  If "teleop_twist_keyboard" provides a separate development
  package or SDK, be sure it has been installed.

[0m
-- Configuring incomplete, errors occurred!
See also "/home/jsc/ros2_ws/build/jsc_mobile_robot/CMakeFiles/CMakeOutput.log".
gmake: *** [Makefile:226: cmake_check_build_system] Error 1
