[0.010s] Invoking command in '/home/jsc/ros2_ws/build/jsc_mobile_robot': CMAKE_PREFIX_PATH=${CMAKE_PREFIX_PATH}:/home/jsc/ros2_ws/install/robot_sensor_distance:/home/jsc/ros2_ws/install/robot_nav2:/home/jsc/ros2_ws/install/robot_distancia:/home/jsc/ros2_ws/install/robot_controller:/home/jsc/ros2_ws/install/prueba:/home/jsc/ros2_ws/install/aros2duino:/home/jsc/Aros2duino/install/aros2duino:/opt/ros/humble /usr/bin/cmake --build /home/jsc/ros2_ws/build/jsc_mobile_robot -- -j12 -l12
[0.032s] -- Found ament_cmake: 1.3.9 (/opt/ros/humble/share/ament_cmake/cmake)
[0.148s] -- Override CMake install command with custom implementation using symlinks instead of copying resources
[0.154s] -- Found ament_lint_auto: 0.12.11 (/opt/ros/humble/share/ament_lint_auto/cmake)
[0.159s] -- Found controller_manager: 2.41.0 (/opt/ros/humble/share/controller_manager/cmake)
[0.244s] -- Found rosidl_generator_c: 3.1.5 (/opt/ros/humble/share/rosidl_generator_c/cmake)
[0.252s] -- Found rosidl_adapter: 3.1.5 (/opt/ros/humble/share/rosidl_adapter/cmake)
[0.266s] -- Found rosidl_generator_cpp: 3.1.5 (/opt/ros/humble/share/rosidl_generator_cpp/cmake)
[0.288s] -- Using all available rosidl_typesupport_c: rosidl_typesupport_fastrtps_c;rosidl_typesupport_introspection_c
[0.318s] -- Using all available rosidl_typesupport_cpp: rosidl_typesupport_fastrtps_cpp;rosidl_typesupport_introspection_cpp
[1.066s] -- Found rmw_implementation_cmake: 6.1.2 (/opt/ros/humble/share/rmw_implementation_cmake/cmake)
[1.071s] -- Found rmw_cyclonedds_cpp: 1.3.4 (/opt/ros/humble/share/rmw_cyclonedds_cpp/cmake)
[1.118s] -- Using RMW implementation 'rmw_cyclonedds_cpp' as default
[1.134s] -- Looking for pthread.h
[1.218s] -- Looking for pthread.h - found
[1.218s] -- Performing Test CMAKE_HAVE_LIBC_PTHREAD
[1.289s] -- Performing Test CMAKE_HAVE_LIBC_PTHREAD - Success
[1.289s] -- Found Threads: TRUE  
[2.004s] [31mCMake Error at CMakeLists.txt:34 (find_package):
[2.004s]   By not providing "Findteleop_twist_keyboard.cmake" in CMAKE_MODULE_PATH
[2.004s]   this project has asked CMake to find a package configuration file provided
[2.004s]   by "teleop_twist_keyboard", but CMake did not find one.
[2.004s] 
[2.005s]   Could not find a package configuration file provided by
[2.005s]   "teleop_twist_keyboard" with any of the following names:
[2.005s] 
[2.005s]     teleop_twist_keyboardConfig.cmake
[2.005s]     teleop_twist_keyboard-config.cmake
[2.005s] 
[2.005s]   Add the installation prefix of "teleop_twist_keyboard" to CMAKE_PREFIX_PATH
[2.005s]   or set "teleop_twist_keyboard_DIR" to a directory containing one of the
[2.005s]   above files.  If "teleop_twist_keyboard" provides a separate development
[2.005s]   package or SDK, be sure it has been installed.
[2.005s] 
[2.005s] [0m
[2.005s] -- Configuring incomplete, errors occurred!
[2.005s] See also "/home/jsc/ros2_ws/build/jsc_mobile_robot/CMakeFiles/CMakeOutput.log".
[2.010s] gmake: *** [Makefile:226: cmake_check_build_system] Error 1
[2.013s] Invoked command in '/home/jsc/ros2_ws/build/jsc_mobile_robot' returned '2': CMAKE_PREFIX_PATH=${CMAKE_PREFIX_PATH}:/home/jsc/ros2_ws/install/robot_sensor_distance:/home/jsc/ros2_ws/install/robot_nav2:/home/jsc/ros2_ws/install/robot_distancia:/home/jsc/ros2_ws/install/robot_controller:/home/jsc/ros2_ws/install/prueba:/home/jsc/ros2_ws/install/aros2duino:/home/jsc/Aros2duino/install/aros2duino:/opt/ros/humble /usr/bin/cmake --build /home/jsc/ros2_ws/build/jsc_mobile_robot -- -j12 -l12
