[0.859s] Invoking command in '/home/jsc/ros2_ws/src/robot_controller': PYTHONPATH=/home/jsc/ros2_ws/build/robot_controller/prefix_override:/home/jsc/ros2_ws/install/robot_controller/lib/python3.10/site-packages:${PYTHONPATH} /usr/bin/python3 -W ignore:setup.py install is deprecated setup.py egg_info --egg-base ../../build/robot_controller build --build-base /home/jsc/ros2_ws/build/robot_controller/build install --record /home/jsc/ros2_ws/build/robot_controller/install.log --single-version-externally-managed install_data
[1.085s] running egg_info
[1.086s] writing ../../build/robot_controller/robot_controller.egg-info/PKG-INFO
[1.086s] writing dependency_links to ../../build/robot_controller/robot_controller.egg-info/dependency_links.txt
[1.086s] writing entry points to ../../build/robot_controller/robot_controller.egg-info/entry_points.txt
[1.086s] writing requirements to ../../build/robot_controller/robot_controller.egg-info/requires.txt
[1.086s] writing top-level names to ../../build/robot_controller/robot_controller.egg-info/top_level.txt
[1.088s] reading manifest file '../../build/robot_controller/robot_controller.egg-info/SOURCES.txt'
[1.089s] writing manifest file '../../build/robot_controller/robot_controller.egg-info/SOURCES.txt'
[1.089s] running build
[1.089s] running build_py
[1.089s] running install
[1.089s] running install_lib
[1.091s] running install_data
[1.091s] running install_egg_info
[1.092s] removing '/home/jsc/ros2_ws/install/robot_controller/lib/python3.10/site-packages/robot_controller-0.0.0-py3.10.egg-info' (and everything under it)
[1.092s] Copying ../../build/robot_controller/robot_controller.egg-info to /home/jsc/ros2_ws/install/robot_controller/lib/python3.10/site-packages/robot_controller-0.0.0-py3.10.egg-info
[1.093s] running install_scripts
[1.114s] Installing find_ports script to /home/jsc/ros2_ws/install/robot_controller/lib/robot_controller
[1.114s] Installing text_node script to /home/jsc/ros2_ws/install/robot_controller/lib/robot_controller
[1.115s] writing list of installed files to '/home/jsc/ros2_ws/build/robot_controller/install.log'
[1.137s] Invoked command in '/home/jsc/ros2_ws/src/robot_controller' returned '0': PYTHONPATH=/home/jsc/ros2_ws/build/robot_controller/prefix_override:/home/jsc/ros2_ws/install/robot_controller/lib/python3.10/site-packages:${PYTHONPATH} /usr/bin/python3 -W ignore:setup.py install is deprecated setup.py egg_info --egg-base ../../build/robot_controller build --build-base /home/jsc/ros2_ws/build/robot_controller/build install --record /home/jsc/ros2_ws/build/robot_controller/install.log --single-version-externally-managed install_data
