[1.158s] Invoking command in '/home/jsc/ros2_ws/build/robot_distancia': PYTHONPATH=/home/jsc/ros2_ws/build/robot_distancia/prefix_override:/home/jsc/ros2_ws/install/robot_distancia/lib/python3.10/site-packages:${PYTHONPATH} /usr/bin/python3 -W ignore:setup.py install is deprecated setup.py develop --editable --build-directory /home/jsc/ros2_ws/build/robot_distancia/build --no-deps symlink_data
[1.421s] running develop
[1.421s] /usr/lib/python3/dist-packages/setuptools/command/easy_install.py:158: EasyInstallDeprecationWarning: easy_install command is deprecated. Use build and pip and other standards-based tools.
[1.421s]   warnings.warn(
[1.584s] running egg_info
[1.584s] writing robot_distancia.egg-info/PKG-INFO
[1.585s] writing dependency_links to robot_distancia.egg-info/dependency_links.txt
[1.585s] writing entry points to robot_distancia.egg-info/entry_points.txt
[1.586s] writing requirements to robot_distancia.egg-info/requires.txt
[1.586s] writing top-level names to robot_distancia.egg-info/top_level.txt
[1.587s] reading manifest file 'robot_distancia.egg-info/SOURCES.txt'
[1.587s] writing manifest file 'robot_distancia.egg-info/SOURCES.txt'
[1.588s] running build_ext
[1.588s] Creating /home/jsc/ros2_ws/install/robot_distancia/lib/python3.10/site-packages/robot-distancia.egg-link (link to .)
[1.590s] Installing distancia script to /home/jsc/ros2_ws/install/robot_distancia/lib/robot_distancia
[1.590s] Installing pr script to /home/jsc/ros2_ws/install/robot_distancia/lib/robot_distancia
[1.590s] 
[1.590s] Installed /home/jsc/ros2_ws/build/robot_distancia
[1.591s] running symlink_data
[1.617s] Invoked command in '/home/jsc/ros2_ws/build/robot_distancia' returned '0': PYTHONPATH=/home/jsc/ros2_ws/build/robot_distancia/prefix_override:/home/jsc/ros2_ws/install/robot_distancia/lib/python3.10/site-packages:${PYTHONPATH} /usr/bin/python3 -W ignore:setup.py install is deprecated setup.py develop --editable --build-directory /home/jsc/ros2_ws/build/robot_distancia/build --no-deps symlink_data
