[1.143s] Invoking command in '/home/jsc/ros2_ws/src/robot_distancia': PYTHONPATH=/home/jsc/ros2_ws/build/robot_distancia/prefix_override:/home/jsc/ros2_ws/install/robot_distancia/lib/python3.10/site-packages:${PYTHONPATH} /usr/bin/python3 -W ignore:setup.py install is deprecated setup.py egg_info --egg-base ../../build/robot_distancia build --build-base /home/jsc/ros2_ws/build/robot_distancia/build install --record /home/jsc/ros2_ws/build/robot_distancia/install.log --single-version-externally-managed install_data
[1.377s] running egg_info
[1.378s] writing ../../build/robot_distancia/robot_distancia.egg-info/PKG-INFO
[1.378s] writing dependency_links to ../../build/robot_distancia/robot_distancia.egg-info/dependency_links.txt
[1.378s] writing entry points to ../../build/robot_distancia/robot_distancia.egg-info/entry_points.txt
[1.379s] writing requirements to ../../build/robot_distancia/robot_distancia.egg-info/requires.txt
[1.379s] writing top-level names to ../../build/robot_distancia/robot_distancia.egg-info/top_level.txt
[1.381s] reading manifest file '../../build/robot_distancia/robot_distancia.egg-info/SOURCES.txt'
[1.381s] adding license file 'LICENSE'
[1.382s] writing manifest file '../../build/robot_distancia/robot_distancia.egg-info/SOURCES.txt'
[1.382s] running build
[1.382s] running build_py
[1.382s] copying robot_distancia/sensor_distancia.py -> /home/jsc/ros2_ws/build/robot_distancia/build/lib/robot_distancia
[1.382s] copying robot_distancia/dista.py -> /home/jsc/ros2_ws/build/robot_distancia/build/lib/robot_distancia
[1.382s] running install
[1.383s] running install_lib
[1.383s] copying /home/jsc/ros2_ws/build/robot_distancia/build/lib/robot_distancia/sensor_distancia.py -> /home/jsc/ros2_ws/install/robot_distancia/lib/python3.10/site-packages/robot_distancia
[1.384s] copying /home/jsc/ros2_ws/build/robot_distancia/build/lib/robot_distancia/dista.py -> /home/jsc/ros2_ws/install/robot_distancia/lib/python3.10/site-packages/robot_distancia
[1.384s] byte-compiling /home/jsc/ros2_ws/install/robot_distancia/lib/python3.10/site-packages/robot_distancia/sensor_distancia.py to sensor_distancia.cpython-310.pyc
[1.385s] byte-compiling /home/jsc/ros2_ws/install/robot_distancia/lib/python3.10/site-packages/robot_distancia/dista.py to dista.cpython-310.pyc
[1.386s] running install_data
[1.386s] running install_egg_info
[1.388s] removing '/home/jsc/ros2_ws/install/robot_distancia/lib/python3.10/site-packages/robot_distancia-0.0.0-py3.10.egg-info' (and everything under it)
[1.388s] Copying ../../build/robot_distancia/robot_distancia.egg-info to /home/jsc/ros2_ws/install/robot_distancia/lib/python3.10/site-packages/robot_distancia-0.0.0-py3.10.egg-info
[1.389s] running install_scripts
[1.411s] Installing distancia script to /home/jsc/ros2_ws/install/robot_distancia/lib/robot_distancia
[1.412s] Installing pr script to /home/jsc/ros2_ws/install/robot_distancia/lib/robot_distancia
[1.412s] writing list of installed files to '/home/jsc/ros2_ws/build/robot_distancia/install.log'
[1.437s] Invoked command in '/home/jsc/ros2_ws/src/robot_distancia' returned '0': PYTHONPATH=/home/jsc/ros2_ws/build/robot_distancia/prefix_override:/home/jsc/ros2_ws/install/robot_distancia/lib/python3.10/site-packages:${PYTHONPATH} /usr/bin/python3 -W ignore:setup.py install is deprecated setup.py egg_info --egg-base ../../build/robot_distancia build --build-base /home/jsc/ros2_ws/build/robot_distancia/build install --record /home/jsc/ros2_ws/build/robot_distancia/install.log --single-version-externally-managed install_data
