[0.013s] Invoking command in '/home/jsc/ros2_ws/build/jsc_mobile_robot': CMAKE_PREFIX_PATH=${CMAKE_PREFIX_PATH}:/home/jsc/ros2_ws/install/robot_sensor_distance:/home/jsc/ros2_ws/install/robot_nav2:/home/jsc/ros2_ws/install/robot_distancia:/home/jsc/ros2_ws/install/robot_controller:/home/jsc/ros2_ws/install/prueba:/home/jsc/ros2_ws/install/aros2duino:/home/jsc/Aros2duino/install/aros2duino:/opt/ros/humble /usr/bin/cmake /home/jsc/ros2_ws/src/jsc_mobile_robot -DAMENT_CMAKE_SYMLINK_INSTALL=1 -DCMAKE_INSTALL_PREFIX=/home/jsc/ros2_ws/install/jsc_mobile_robot
[0.026s] -- Found ament_cmake: 1.3.9 (/opt/ros/humble/share/ament_cmake/cmake)
[0.147s] -- Override CMake install command with custom implementation using symlinks instead of copying resources
[0.161s] -- Found ament_lint_auto: 0.12.11 (/opt/ros/humble/share/ament_lint_auto/cmake)
[0.234s] -- Added test 'copyright' to check source files copyright and LICENSE
[0.240s] -- Added test 'flake8' to check Python code syntax and style conventions
[0.241s] -- Added test 'lint_cmake' to check CMake code style
[0.242s] -- Added test 'pep257' to check Python code against some of the docstring style conventions in PEP 257
[0.245s] -- Added test 'xmllint' to check XML markup files
[0.246s] -- Configuring done
[0.250s] -- Generating done
[0.252s] -- Build files have been written to: /home/jsc/ros2_ws/build/jsc_mobile_robot
[0.255s] Invoked command in '/home/jsc/ros2_ws/build/jsc_mobile_robot' returned '0': CMAKE_PREFIX_PATH=${CMAKE_PREFIX_PATH}:/home/jsc/ros2_ws/install/robot_sensor_distance:/home/jsc/ros2_ws/install/robot_nav2:/home/jsc/ros2_ws/install/robot_distancia:/home/jsc/ros2_ws/install/robot_controller:/home/jsc/ros2_ws/install/prueba:/home/jsc/ros2_ws/install/aros2duino:/home/jsc/Aros2duino/install/aros2duino:/opt/ros/humble /usr/bin/cmake /home/jsc/ros2_ws/src/jsc_mobile_robot -DAMENT_CMAKE_SYMLINK_INSTALL=1 -DCMAKE_INSTALL_PREFIX=/home/jsc/ros2_ws/install/jsc_mobile_robot
[0.257s] Invoking command in '/home/jsc/ros2_ws/build/jsc_mobile_robot': CMAKE_PREFIX_PATH=${CMAKE_PREFIX_PATH}:/home/jsc/ros2_ws/install/robot_sensor_distance:/home/jsc/ros2_ws/install/robot_nav2:/home/jsc/ros2_ws/install/robot_distancia:/home/jsc/ros2_ws/install/robot_controller:/home/jsc/ros2_ws/install/prueba:/home/jsc/ros2_ws/install/aros2duino:/home/jsc/Aros2duino/install/aros2duino:/opt/ros/humble /usr/bin/cmake --build /home/jsc/ros2_ws/build/jsc_mobile_robot -- -j12 -l12
[0.291s] Invoked command in '/home/jsc/ros2_ws/build/jsc_mobile_robot' returned '0': CMAKE_PREFIX_PATH=${CMAKE_PREFIX_PATH}:/home/jsc/ros2_ws/install/robot_sensor_distance:/home/jsc/ros2_ws/install/robot_nav2:/home/jsc/ros2_ws/install/robot_distancia:/home/jsc/ros2_ws/install/robot_controller:/home/jsc/ros2_ws/install/prueba:/home/jsc/ros2_ws/install/aros2duino:/home/jsc/Aros2duino/install/aros2duino:/opt/ros/humble /usr/bin/cmake --build /home/jsc/ros2_ws/build/jsc_mobile_robot -- -j12 -l12
[0.321s] Invoking command in '/home/jsc/ros2_ws/build/jsc_mobile_robot': CMAKE_PREFIX_PATH=${CMAKE_PREFIX_PATH}:/home/jsc/ros2_ws/install/robot_sensor_distance:/home/jsc/ros2_ws/install/robot_nav2:/home/jsc/ros2_ws/install/robot_distancia:/home/jsc/ros2_ws/install/robot_controller:/home/jsc/ros2_ws/install/prueba:/home/jsc/ros2_ws/install/aros2duino:/home/jsc/Aros2duino/install/aros2duino:/opt/ros/humble /usr/bin/cmake --install /home/jsc/ros2_ws/build/jsc_mobile_robot
[0.329s] -- Install configuration: ""
[0.330s] -- Execute custom install script
[0.330s] -- Up-to-date symlink: /home/jsc/ros2_ws/install/jsc_mobile_robot/share/jsc_mobile_robot/launch/jsc_mobile_bot_v1_launch.py
[0.330s] -- Symlinking: /home/jsc/ros2_ws/install/jsc_mobile_robot/share/jsc_mobile_robot/launch/jsc_mobile_bot_v2_launch.py
[0.339s] -- Up-to-date symlink: /home/jsc/ros2_ws/install/jsc_mobile_robot/share/jsc_mobile_robot/meshes/arm_base.stl
[0.339s] -- Up-to-date symlink: /home/jsc/ros2_ws/install/jsc_mobile_robot/share/jsc_mobile_robot/meshes/bicep.stl
[0.339s] -- Up-to-date symlink: /home/jsc/ros2_ws/install/jsc_mobile_robot/share/jsc_mobile_robot/meshes/elbow.stl
[0.340s] -- Up-to-date symlink: /home/jsc/ros2_ws/install/jsc_mobile_robot/share/jsc_mobile_robot/meshes/robot_base.stl
[0.340s] -- Up-to-date symlink: /home/jsc/ros2_ws/install/jsc_mobile_robot/share/jsc_mobile_robot/meshes/wheel.stl
[0.340s] -- Up-to-date symlink: /home/jsc/ros2_ws/install/jsc_mobile_robot/share/jsc_mobile_robot/meshes/wrist.stl
[0.340s] -- Symlinking: /home/jsc/ros2_ws/install/jsc_mobile_robot/share/jsc_mobile_robot/models/Pasillo_Telematica/model.config
[0.348s] -- Symlinking: /home/jsc/ros2_ws/install/jsc_mobile_robot/share/jsc_mobile_robot/models/Pasillo_Telematica/model.sdf
[0.356s] -- Up-to-date symlink: /home/jsc/ros2_ws/install/jsc_mobile_robot/share/jsc_mobile_robot/models/jsc_mobile_bot_description/meshes/arm_base.stl
[0.356s] -- Up-to-date symlink: /home/jsc/ros2_ws/install/jsc_mobile_robot/share/jsc_mobile_robot/models/jsc_mobile_bot_description/meshes/bicep.stl
[0.356s] -- Up-to-date symlink: /home/jsc/ros2_ws/install/jsc_mobile_robot/share/jsc_mobile_robot/models/jsc_mobile_bot_description/meshes/elbow.stl
[0.356s] -- Up-to-date symlink: /home/jsc/ros2_ws/install/jsc_mobile_robot/share/jsc_mobile_robot/models/jsc_mobile_bot_description/meshes/robot_base.stl
[0.357s] -- Up-to-date symlink: /home/jsc/ros2_ws/install/jsc_mobile_robot/share/jsc_mobile_robot/models/jsc_mobile_bot_description/meshes/wheel.stl
[0.357s] -- Up-to-date symlink: /home/jsc/ros2_ws/install/jsc_mobile_robot/share/jsc_mobile_robot/models/jsc_mobile_bot_description/meshes/wrist.stl
[0.357s] -- Up-to-date symlink: /home/jsc/ros2_ws/install/jsc_mobile_robot/share/jsc_mobile_robot/models/jsc_mobile_bot_description/model.config
[0.357s] -- Up-to-date symlink: /home/jsc/ros2_ws/install/jsc_mobile_robot/share/jsc_mobile_robot/models/jsc_mobile_bot_description/model.sdf
[0.357s] -- Up-to-date symlink: /home/jsc/ros2_ws/install/jsc_mobile_robot/share/jsc_mobile_robot/models/jsc_mobile_bot_v1.urdf
[0.357s] -- Up-to-date symlink: /home/jsc/ros2_ws/install/jsc_mobile_robot/share/jsc_mobile_robot/rviz/urdf_config.rviz
[0.357s] -- Symlinking: /home/jsc/ros2_ws/install/jsc_mobile_robot/share/jsc_mobile_robot/worlds/pasillo_telematica
[0.366s] -- Up-to-date symlink: /home/jsc/ros2_ws/install/jsc_mobile_robot/share/ament_index/resource_index/package_run_dependencies/jsc_mobile_robot
[0.366s] -- Up-to-date symlink: /home/jsc/ros2_ws/install/jsc_mobile_robot/share/ament_index/resource_index/parent_prefix_path/jsc_mobile_robot
[0.366s] -- Up-to-date symlink: /home/jsc/ros2_ws/install/jsc_mobile_robot/share/jsc_mobile_robot/environment/ament_prefix_path.sh
[0.366s] -- Up-to-date symlink: /home/jsc/ros2_ws/install/jsc_mobile_robot/share/jsc_mobile_robot/environment/ament_prefix_path.dsv
[0.366s] -- Up-to-date symlink: /home/jsc/ros2_ws/install/jsc_mobile_robot/share/jsc_mobile_robot/environment/path.sh
[0.367s] -- Up-to-date symlink: /home/jsc/ros2_ws/install/jsc_mobile_robot/share/jsc_mobile_robot/environment/path.dsv
[0.367s] -- Up-to-date symlink: /home/jsc/ros2_ws/install/jsc_mobile_robot/share/jsc_mobile_robot/local_setup.bash
[0.367s] -- Up-to-date symlink: /home/jsc/ros2_ws/install/jsc_mobile_robot/share/jsc_mobile_robot/local_setup.sh
[0.367s] -- Up-to-date symlink: /home/jsc/ros2_ws/install/jsc_mobile_robot/share/jsc_mobile_robot/local_setup.zsh
[0.367s] -- Up-to-date symlink: /home/jsc/ros2_ws/install/jsc_mobile_robot/share/jsc_mobile_robot/local_setup.dsv
[0.367s] -- Symlinking: /home/jsc/ros2_ws/install/jsc_mobile_robot/share/jsc_mobile_robot/package.dsv
[0.376s] -- Up-to-date symlink: /home/jsc/ros2_ws/install/jsc_mobile_robot/share/ament_index/resource_index/packages/jsc_mobile_robot
[0.376s] -- Up-to-date symlink: /home/jsc/ros2_ws/install/jsc_mobile_robot/share/jsc_mobile_robot/cmake/jsc_mobile_robotConfig.cmake
[0.376s] -- Up-to-date symlink: /home/jsc/ros2_ws/install/jsc_mobile_robot/share/jsc_mobile_robot/cmake/jsc_mobile_robotConfig-version.cmake
[0.376s] -- Up-to-date symlink: /home/jsc/ros2_ws/install/jsc_mobile_robot/share/jsc_mobile_robot/package.xml
[0.378s] Invoked command in '/home/jsc/ros2_ws/build/jsc_mobile_robot' returned '0': CMAKE_PREFIX_PATH=${CMAKE_PREFIX_PATH}:/home/jsc/ros2_ws/install/robot_sensor_distance:/home/jsc/ros2_ws/install/robot_nav2:/home/jsc/ros2_ws/install/robot_distancia:/home/jsc/ros2_ws/install/robot_controller:/home/jsc/ros2_ws/install/prueba:/home/jsc/ros2_ws/install/aros2duino:/home/jsc/Aros2duino/install/aros2duino:/opt/ros/humble /usr/bin/cmake --install /home/jsc/ros2_ws/build/jsc_mobile_robot
