[1.141s] Invoking command in '/home/jsc/ros2_ws/build/robot_distancia': PYTHONPATH=/home/jsc/ros2_ws/build/robot_distancia/prefix_override:/home/jsc/ros2_ws/install/robot_distancia/lib/python3.10/site-packages:${PYTHONPATH} /usr/bin/python3 -W ignore:setup.py install is deprecated setup.py develop --editable --build-directory /home/jsc/ros2_ws/build/robot_distancia/build --no-deps symlink_data --force
[1.407s] running develop
[1.407s] /usr/lib/python3/dist-packages/setuptools/command/easy_install.py:158: EasyInstallDeprecationWarning: easy_install command is deprecated. Use build and pip and other standards-based tools.
[1.407s]   warnings.warn(
[1.567s] running egg_info
[1.568s] writing robot_distancia.egg-info/PKG-INFO
[1.568s] writing dependency_links to robot_distancia.egg-info/dependency_links.txt
[1.568s] writing entry points to robot_distancia.egg-info/entry_points.txt
[1.568s] writing requirements to robot_distancia.egg-info/requires.txt
[1.568s] writing top-level names to robot_distancia.egg-info/top_level.txt
[1.569s] reading manifest file 'robot_distancia.egg-info/SOURCES.txt'
[1.570s] writing manifest file 'robot_distancia.egg-info/SOURCES.txt'
[1.571s] running build_ext
[1.571s] Creating /home/jsc/ros2_ws/install/robot_distancia/lib/python3.10/site-packages/robot-distancia.egg-link (link to .)
[1.572s] Installing distancia script to /home/jsc/ros2_ws/install/robot_distancia/lib/robot_distancia
[1.572s] 
[1.572s] Installed /home/jsc/ros2_ws/build/robot_distancia
[1.572s] running symlink_data
[1.573s] symbolically linking /home/jsc/ros2_ws/build/robot_distancia/resource/robot_distancia -> /home/jsc/ros2_ws/install/robot_distancia/share/ament_index/resource_index/packages
[1.573s] symbolically linking /home/jsc/ros2_ws/build/robot_distancia/package.xml -> /home/jsc/ros2_ws/install/robot_distancia/share/robot_distancia
[1.606s] Invoked command in '/home/jsc/ros2_ws/build/robot_distancia' returned '0': PYTHONPATH=/home/jsc/ros2_ws/build/robot_distancia/prefix_override:/home/jsc/ros2_ws/install/robot_distancia/lib/python3.10/site-packages:${PYTHONPATH} /usr/bin/python3 -W ignore:setup.py install is deprecated setup.py develop --editable --build-directory /home/jsc/ros2_ws/build/robot_distancia/build --no-deps symlink_data --force
