[0.119s] DEBUG:colcon:Command line arguments: ['/usr/bin/colcon', 'build']
[0.120s] DEBUG:colcon:Parsed command line arguments: Namespace(log_base=None, log_level=None, verb_name='build', build_base='build', install_base='install', merge_install=False, symlink_install=False, test_result_base=None, continue_on_error=False, executor='parallel', parallel_workers=12, event_handlers=None, ignore_user_meta=False, metas=['./colcon.meta'], base_paths=['.'], packages_ignore=None, packages_ignore_regex=None, paths=None, packages_up_to=None, packages_up_to_regex=None, packages_above=None, packages_above_and_dependencies=None, packages_above_depth=None, packages_select_by_dep=None, packages_skip_by_dep=None, packages_skip_up_to=None, packages_select_build_failed=False, packages_skip_build_finished=False, packages_select_test_failures=False, packages_skip_test_passed=False, packages_select=None, packages_skip=None, packages_select_regex=None, packages_skip_regex=None, packages_start=None, packages_end=None, allow_overriding=[], cmake_args=None, cmake_target=None, cmake_target_skip_unavailable=False, cmake_clean_cache=False, cmake_clean_first=False, cmake_force_configure=False, ament_cmake_args=None, catkin_cmake_args=None, catkin_skip_building_tests=False, verb_parser=<colcon_defaults.argument_parser.defaults.DefaultArgumentsDecorator object at 0x7fef62725510>, verb_extension=<colcon_core.verb.build.BuildVerb object at 0x7fef6289add0>, main=<bound method BuildVerb.main of <colcon_core.verb.build.BuildVerb object at 0x7fef6289add0>>)
[0.287s] Level 1:colcon.colcon_core.package_discovery:discover_packages(colcon_meta) check parameters
[0.287s] Level 1:colcon.colcon_core.package_discovery:discover_packages(recursive) check parameters
[0.287s] Level 1:colcon.colcon_core.package_discovery:discover_packages(ignore) check parameters
[0.287s] Level 1:colcon.colcon_core.package_discovery:discover_packages(path) check parameters
[0.287s] Level 1:colcon.colcon_core.package_discovery:discover_packages(colcon_meta) discover
[0.287s] Level 1:colcon.colcon_core.package_discovery:discover_packages(recursive) discover
[0.287s] INFO:colcon.colcon_core.package_discovery:Crawling recursively for packages in '/home/jsc/ros2_ws'
[0.287s] Level 1:colcon.colcon_core.package_identification:_identify(.) by extensions ['ignore', 'ignore_ament_install']
[0.287s] Level 1:colcon.colcon_core.package_identification:_identify(.) by extension 'ignore'
[0.288s] Level 1:colcon.colcon_core.package_identification:_identify(.) by extension 'ignore_ament_install'
[0.288s] Level 1:colcon.colcon_core.package_identification:_identify(.) by extensions ['colcon_pkg']
[0.288s] Level 1:colcon.colcon_core.package_identification:_identify(.) by extension 'colcon_pkg'
[0.288s] Level 1:colcon.colcon_core.package_identification:_identify(.) by extensions ['colcon_meta']
[0.288s] Level 1:colcon.colcon_core.package_identification:_identify(.) by extension 'colcon_meta'
[0.288s] Level 1:colcon.colcon_core.package_identification:_identify(.) by extensions ['ros']
[0.288s] Level 1:colcon.colcon_core.package_identification:_identify(.) by extension 'ros'
[0.299s] Level 1:colcon.colcon_core.package_identification:_identify(.) by extensions ['cmake', 'python']
[0.299s] Level 1:colcon.colcon_core.package_identification:_identify(.) by extension 'cmake'
[0.299s] Level 1:colcon.colcon_core.package_identification:_identify(.) by extension 'python'
[0.299s] Level 1:colcon.colcon_core.package_identification:_identify(.) by extensions ['python_setup_py']
[0.299s] Level 1:colcon.colcon_core.package_identification:_identify(.) by extension 'python_setup_py'
[0.299s] Level 1:colcon.colcon_core.package_identification:_identify(build) by extensions ['ignore', 'ignore_ament_install']
[0.299s] Level 1:colcon.colcon_core.package_identification:_identify(build) by extension 'ignore'
[0.299s] Level 1:colcon.colcon_core.package_identification:_identify(build) ignored
[0.299s] Level 1:colcon.colcon_core.package_identification:_identify(install) by extensions ['ignore', 'ignore_ament_install']
[0.299s] Level 1:colcon.colcon_core.package_identification:_identify(install) by extension 'ignore'
[0.299s] Level 1:colcon.colcon_core.package_identification:_identify(install) ignored
[0.300s] Level 1:colcon.colcon_core.package_identification:_identify(log) by extensions ['ignore', 'ignore_ament_install']
[0.300s] Level 1:colcon.colcon_core.package_identification:_identify(log) by extension 'ignore'
[0.300s] Level 1:colcon.colcon_core.package_identification:_identify(log) ignored
[0.300s] Level 1:colcon.colcon_core.package_identification:_identify(src) by extensions ['ignore', 'ignore_ament_install']
[0.300s] Level 1:colcon.colcon_core.package_identification:_identify(src) by extension 'ignore'
[0.300s] Level 1:colcon.colcon_core.package_identification:_identify(src) by extension 'ignore_ament_install'
[0.300s] Level 1:colcon.colcon_core.package_identification:_identify(src) by extensions ['colcon_pkg']
[0.300s] Level 1:colcon.colcon_core.package_identification:_identify(src) by extension 'colcon_pkg'
[0.300s] Level 1:colcon.colcon_core.package_identification:_identify(src) by extensions ['colcon_meta']
[0.300s] Level 1:colcon.colcon_core.package_identification:_identify(src) by extension 'colcon_meta'
[0.300s] Level 1:colcon.colcon_core.package_identification:_identify(src) by extensions ['ros']
[0.300s] Level 1:colcon.colcon_core.package_identification:_identify(src) by extension 'ros'
[0.300s] Level 1:colcon.colcon_core.package_identification:_identify(src) by extensions ['cmake', 'python']
[0.300s] Level 1:colcon.colcon_core.package_identification:_identify(src) by extension 'cmake'
[0.300s] Level 1:colcon.colcon_core.package_identification:_identify(src) by extension 'python'
[0.300s] Level 1:colcon.colcon_core.package_identification:_identify(src) by extensions ['python_setup_py']
[0.300s] Level 1:colcon.colcon_core.package_identification:_identify(src) by extension 'python_setup_py'
[0.301s] Level 1:colcon.colcon_core.package_identification:_identify(src/jsc_bot_description) by extensions ['ignore', 'ignore_ament_install']
[0.301s] Level 1:colcon.colcon_core.package_identification:_identify(src/jsc_bot_description) by extension 'ignore'
[0.301s] Level 1:colcon.colcon_core.package_identification:_identify(src/jsc_bot_description) by extension 'ignore_ament_install'
[0.301s] Level 1:colcon.colcon_core.package_identification:_identify(src/jsc_bot_description) by extensions ['colcon_pkg']
[0.301s] Level 1:colcon.colcon_core.package_identification:_identify(src/jsc_bot_description) by extension 'colcon_pkg'
[0.301s] Level 1:colcon.colcon_core.package_identification:_identify(src/jsc_bot_description) by extensions ['colcon_meta']
[0.301s] Level 1:colcon.colcon_core.package_identification:_identify(src/jsc_bot_description) by extension 'colcon_meta'
[0.301s] Level 1:colcon.colcon_core.package_identification:_identify(src/jsc_bot_description) by extensions ['ros']
[0.301s] Level 1:colcon.colcon_core.package_identification:_identify(src/jsc_bot_description) by extension 'ros'
[0.303s] DEBUG:colcon.colcon_core.package_identification:Package 'src/jsc_bot_description' with type 'ros.ament_cmake' and name 'jsc_bot_description'
[0.303s] Level 1:colcon.colcon_core.package_identification:_identify(src/robot_controller) by extensions ['ignore', 'ignore_ament_install']
[0.303s] Level 1:colcon.colcon_core.package_identification:_identify(src/robot_controller) by extension 'ignore'
[0.303s] Level 1:colcon.colcon_core.package_identification:_identify(src/robot_controller) by extension 'ignore_ament_install'
[0.303s] Level 1:colcon.colcon_core.package_identification:_identify(src/robot_controller) by extensions ['colcon_pkg']
[0.303s] Level 1:colcon.colcon_core.package_identification:_identify(src/robot_controller) by extension 'colcon_pkg'
[0.303s] Level 1:colcon.colcon_core.package_identification:_identify(src/robot_controller) by extensions ['colcon_meta']
[0.303s] Level 1:colcon.colcon_core.package_identification:_identify(src/robot_controller) by extension 'colcon_meta'
[0.303s] Level 1:colcon.colcon_core.package_identification:_identify(src/robot_controller) by extensions ['ros']
[0.304s] Level 1:colcon.colcon_core.package_identification:_identify(src/robot_controller) by extension 'ros'
[0.304s] DEBUG:colcon.colcon_core.package_identification:Package 'src/robot_controller' with type 'ros.ament_python' and name 'robot_controller'
[0.304s] Level 1:colcon.colcon_core.package_identification:_identify(src/robot_distancia) by extensions ['ignore', 'ignore_ament_install']
[0.304s] Level 1:colcon.colcon_core.package_identification:_identify(src/robot_distancia) by extension 'ignore'
[0.304s] Level 1:colcon.colcon_core.package_identification:_identify(src/robot_distancia) by extension 'ignore_ament_install'
[0.304s] Level 1:colcon.colcon_core.package_identification:_identify(src/robot_distancia) by extensions ['colcon_pkg']
[0.304s] Level 1:colcon.colcon_core.package_identification:_identify(src/robot_distancia) by extension 'colcon_pkg'
[0.304s] Level 1:colcon.colcon_core.package_identification:_identify(src/robot_distancia) by extensions ['colcon_meta']
[0.304s] Level 1:colcon.colcon_core.package_identification:_identify(src/robot_distancia) by extension 'colcon_meta'
[0.304s] Level 1:colcon.colcon_core.package_identification:_identify(src/robot_distancia) by extensions ['ros']
[0.304s] Level 1:colcon.colcon_core.package_identification:_identify(src/robot_distancia) by extension 'ros'
[0.305s] DEBUG:colcon.colcon_core.package_identification:Package 'src/robot_distancia' with type 'ros.ament_python' and name 'robot_distancia'
[0.305s] Level 1:colcon.colcon_core.package_identification:_identify(src/robot_nav2) by extensions ['ignore', 'ignore_ament_install']
[0.305s] Level 1:colcon.colcon_core.package_identification:_identify(src/robot_nav2) by extension 'ignore'
[0.305s] Level 1:colcon.colcon_core.package_identification:_identify(src/robot_nav2) by extension 'ignore_ament_install'
[0.305s] Level 1:colcon.colcon_core.package_identification:_identify(src/robot_nav2) by extensions ['colcon_pkg']
[0.305s] Level 1:colcon.colcon_core.package_identification:_identify(src/robot_nav2) by extension 'colcon_pkg'
[0.305s] Level 1:colcon.colcon_core.package_identification:_identify(src/robot_nav2) by extensions ['colcon_meta']
[0.305s] Level 1:colcon.colcon_core.package_identification:_identify(src/robot_nav2) by extension 'colcon_meta'
[0.305s] Level 1:colcon.colcon_core.package_identification:_identify(src/robot_nav2) by extensions ['ros']
[0.305s] Level 1:colcon.colcon_core.package_identification:_identify(src/robot_nav2) by extension 'ros'
[0.306s] DEBUG:colcon.colcon_core.package_identification:Package 'src/robot_nav2' with type 'ros.ament_python' and name 'robot_nav2'
[0.306s] Level 1:colcon.colcon_core.package_identification:_identify(src/robot_sensor_distance) by extensions ['ignore', 'ignore_ament_install']
[0.306s] Level 1:colcon.colcon_core.package_identification:_identify(src/robot_sensor_distance) by extension 'ignore'
[0.306s] Level 1:colcon.colcon_core.package_identification:_identify(src/robot_sensor_distance) by extension 'ignore_ament_install'
[0.306s] Level 1:colcon.colcon_core.package_identification:_identify(src/robot_sensor_distance) by extensions ['colcon_pkg']
[0.306s] Level 1:colcon.colcon_core.package_identification:_identify(src/robot_sensor_distance) by extension 'colcon_pkg'
[0.306s] Level 1:colcon.colcon_core.package_identification:_identify(src/robot_sensor_distance) by extensions ['colcon_meta']
[0.306s] Level 1:colcon.colcon_core.package_identification:_identify(src/robot_sensor_distance) by extension 'colcon_meta'
[0.306s] Level 1:colcon.colcon_core.package_identification:_identify(src/robot_sensor_distance) by extensions ['ros']
[0.306s] Level 1:colcon.colcon_core.package_identification:_identify(src/robot_sensor_distance) by extension 'ros'
[0.307s] DEBUG:colcon.colcon_core.package_identification:Package 'src/robot_sensor_distance' with type 'ros.ament_python' and name 'robot_sensor_distance'
[0.307s] Level 1:colcon.colcon_core.package_identification:_identify(src/robot_slam) by extensions ['ignore', 'ignore_ament_install']
[0.307s] Level 1:colcon.colcon_core.package_identification:_identify(src/robot_slam) by extension 'ignore'
[0.307s] Level 1:colcon.colcon_core.package_identification:_identify(src/robot_slam) by extension 'ignore_ament_install'
[0.307s] Level 1:colcon.colcon_core.package_identification:_identify(src/robot_slam) by extensions ['colcon_pkg']
[0.307s] Level 1:colcon.colcon_core.package_identification:_identify(src/robot_slam) by extension 'colcon_pkg'
[0.307s] Level 1:colcon.colcon_core.package_identification:_identify(src/robot_slam) by extensions ['colcon_meta']
[0.307s] Level 1:colcon.colcon_core.package_identification:_identify(src/robot_slam) by extension 'colcon_meta'
[0.307s] Level 1:colcon.colcon_core.package_identification:_identify(src/robot_slam) by extensions ['ros']
[0.307s] Level 1:colcon.colcon_core.package_identification:_identify(src/robot_slam) by extension 'ros'
[0.308s] DEBUG:colcon.colcon_core.package_identification:Package 'src/robot_slam' with type 'ros.ament_cmake' and name 'robot_slam'
[0.308s] Level 1:colcon.colcon_core.package_identification:_identify(src/sllidar_ros2) by extensions ['ignore', 'ignore_ament_install']
[0.308s] Level 1:colcon.colcon_core.package_identification:_identify(src/sllidar_ros2) by extension 'ignore'
[0.308s] Level 1:colcon.colcon_core.package_identification:_identify(src/sllidar_ros2) by extension 'ignore_ament_install'
[0.308s] Level 1:colcon.colcon_core.package_identification:_identify(src/sllidar_ros2) by extensions ['colcon_pkg']
[0.308s] Level 1:colcon.colcon_core.package_identification:_identify(src/sllidar_ros2) by extension 'colcon_pkg'
[0.308s] Level 1:colcon.colcon_core.package_identification:_identify(src/sllidar_ros2) by extensions ['colcon_meta']
[0.308s] Level 1:colcon.colcon_core.package_identification:_identify(src/sllidar_ros2) by extension 'colcon_meta'
[0.309s] Level 1:colcon.colcon_core.package_identification:_identify(src/sllidar_ros2) by extensions ['ros']
[0.309s] Level 1:colcon.colcon_core.package_identification:_identify(src/sllidar_ros2) by extension 'ros'
[0.309s] DEBUG:colcon.colcon_core.package_identification:Package 'src/sllidar_ros2' with type 'ros.ament_cmake' and name 'sllidar_ros2'
[0.309s] Level 1:colcon.colcon_core.package_discovery:discover_packages(recursive) using defaults
[0.309s] Level 1:colcon.colcon_core.package_discovery:discover_packages(ignore) discover
[0.309s] Level 1:colcon.colcon_core.package_discovery:discover_packages(ignore) using defaults
[0.309s] Level 1:colcon.colcon_core.package_discovery:discover_packages(path) discover
[0.309s] Level 1:colcon.colcon_core.package_discovery:discover_packages(path) using defaults
[0.346s] Level 1:colcon.colcon_core.package_discovery:discover_packages(prefix_path) check parameters
[0.346s] Level 1:colcon.colcon_core.package_discovery:discover_packages(prefix_path) discover
[0.349s] DEBUG:colcon.colcon_installed_package_information.package_discovery:Found 10 installed packages in /home/jsc/ros2_ws/install
[0.349s] DEBUG:colcon.colcon_installed_package_information.package_discovery:Found 1 installed packages in /home/jsc/Aros2duino/install
[0.351s] DEBUG:colcon.colcon_installed_package_information.package_discovery:Found 385 installed packages in /opt/ros/humble
[0.352s] Level 1:colcon.colcon_core.package_discovery:discover_packages(prefix_path) using defaults
[0.401s] Level 5:colcon.colcon_core.verb:set package 'jsc_bot_description' build argument 'cmake_args' from command line to 'None'
[0.401s] Level 5:colcon.colcon_core.verb:set package 'jsc_bot_description' build argument 'cmake_target' from command line to 'None'
[0.401s] Level 5:colcon.colcon_core.verb:set package 'jsc_bot_description' build argument 'cmake_target_skip_unavailable' from command line to 'False'
[0.401s] Level 5:colcon.colcon_core.verb:set package 'jsc_bot_description' build argument 'cmake_clean_cache' from command line to 'False'
[0.401s] Level 5:colcon.colcon_core.verb:set package 'jsc_bot_description' build argument 'cmake_clean_first' from command line to 'False'
[0.401s] Level 5:colcon.colcon_core.verb:set package 'jsc_bot_description' build argument 'cmake_force_configure' from command line to 'False'
[0.401s] Level 5:colcon.colcon_core.verb:set package 'jsc_bot_description' build argument 'ament_cmake_args' from command line to 'None'
[0.401s] Level 5:colcon.colcon_core.verb:set package 'jsc_bot_description' build argument 'catkin_cmake_args' from command line to 'None'
[0.401s] Level 5:colcon.colcon_core.verb:set package 'jsc_bot_description' build argument 'catkin_skip_building_tests' from command line to 'False'
[0.401s] DEBUG:colcon.colcon_core.verb:Building package 'jsc_bot_description' with the following arguments: {'ament_cmake_args': None, 'build_base': '/home/jsc/ros2_ws/build/jsc_bot_description', 'catkin_cmake_args': None, 'catkin_skip_building_tests': False, 'cmake_args': None, 'cmake_clean_cache': False, 'cmake_clean_first': False, 'cmake_force_configure': False, 'cmake_target': None, 'cmake_target_skip_unavailable': False, 'install_base': '/home/jsc/ros2_ws/install/jsc_bot_description', 'merge_install': False, 'path': '/home/jsc/ros2_ws/src/jsc_bot_description', 'symlink_install': False, 'test_result_base': None}
[0.401s] Level 5:colcon.colcon_core.verb:set package 'robot_controller' build argument 'cmake_args' from command line to 'None'
[0.401s] Level 5:colcon.colcon_core.verb:set package 'robot_controller' build argument 'cmake_target' from command line to 'None'
[0.401s] Level 5:colcon.colcon_core.verb:set package 'robot_controller' build argument 'cmake_target_skip_unavailable' from command line to 'False'
[0.401s] Level 5:colcon.colcon_core.verb:set package 'robot_controller' build argument 'cmake_clean_cache' from command line to 'False'
[0.401s] Level 5:colcon.colcon_core.verb:set package 'robot_controller' build argument 'cmake_clean_first' from command line to 'False'
[0.401s] Level 5:colcon.colcon_core.verb:set package 'robot_controller' build argument 'cmake_force_configure' from command line to 'False'
[0.401s] Level 5:colcon.colcon_core.verb:set package 'robot_controller' build argument 'ament_cmake_args' from command line to 'None'
[0.401s] Level 5:colcon.colcon_core.verb:set package 'robot_controller' build argument 'catkin_cmake_args' from command line to 'None'
[0.402s] Level 5:colcon.colcon_core.verb:set package 'robot_controller' build argument 'catkin_skip_building_tests' from command line to 'False'
[0.402s] DEBUG:colcon.colcon_core.verb:Building package 'robot_controller' with the following arguments: {'ament_cmake_args': None, 'build_base': '/home/jsc/ros2_ws/build/robot_controller', 'catkin_cmake_args': None, 'catkin_skip_building_tests': False, 'cmake_args': None, 'cmake_clean_cache': False, 'cmake_clean_first': False, 'cmake_force_configure': False, 'cmake_target': None, 'cmake_target_skip_unavailable': False, 'install_base': '/home/jsc/ros2_ws/install/robot_controller', 'merge_install': False, 'path': '/home/jsc/ros2_ws/src/robot_controller', 'symlink_install': False, 'test_result_base': None}
[0.402s] Level 5:colcon.colcon_core.verb:set package 'robot_distancia' build argument 'cmake_args' from command line to 'None'
[0.402s] Level 5:colcon.colcon_core.verb:set package 'robot_distancia' build argument 'cmake_target' from command line to 'None'
[0.402s] Level 5:colcon.colcon_core.verb:set package 'robot_distancia' build argument 'cmake_target_skip_unavailable' from command line to 'False'
[0.402s] Level 5:colcon.colcon_core.verb:set package 'robot_distancia' build argument 'cmake_clean_cache' from command line to 'False'
[0.402s] Level 5:colcon.colcon_core.verb:set package 'robot_distancia' build argument 'cmake_clean_first' from command line to 'False'
[0.402s] Level 5:colcon.colcon_core.verb:set package 'robot_distancia' build argument 'cmake_force_configure' from command line to 'False'
[0.402s] Level 5:colcon.colcon_core.verb:set package 'robot_distancia' build argument 'ament_cmake_args' from command line to 'None'
[0.402s] Level 5:colcon.colcon_core.verb:set package 'robot_distancia' build argument 'catkin_cmake_args' from command line to 'None'
[0.402s] Level 5:colcon.colcon_core.verb:set package 'robot_distancia' build argument 'catkin_skip_building_tests' from command line to 'False'
[0.402s] DEBUG:colcon.colcon_core.verb:Building package 'robot_distancia' with the following arguments: {'ament_cmake_args': None, 'build_base': '/home/jsc/ros2_ws/build/robot_distancia', 'catkin_cmake_args': None, 'catkin_skip_building_tests': False, 'cmake_args': None, 'cmake_clean_cache': False, 'cmake_clean_first': False, 'cmake_force_configure': False, 'cmake_target': None, 'cmake_target_skip_unavailable': False, 'install_base': '/home/jsc/ros2_ws/install/robot_distancia', 'merge_install': False, 'path': '/home/jsc/ros2_ws/src/robot_distancia', 'symlink_install': False, 'test_result_base': None}
[0.402s] Level 5:colcon.colcon_core.verb:set package 'robot_nav2' build argument 'cmake_args' from command line to 'None'
[0.402s] Level 5:colcon.colcon_core.verb:set package 'robot_nav2' build argument 'cmake_target' from command line to 'None'
[0.402s] Level 5:colcon.colcon_core.verb:set package 'robot_nav2' build argument 'cmake_target_skip_unavailable' from command line to 'False'
[0.403s] Level 5:colcon.colcon_core.verb:set package 'robot_nav2' build argument 'cmake_clean_cache' from command line to 'False'
[0.403s] Level 5:colcon.colcon_core.verb:set package 'robot_nav2' build argument 'cmake_clean_first' from command line to 'False'
[0.403s] Level 5:colcon.colcon_core.verb:set package 'robot_nav2' build argument 'cmake_force_configure' from command line to 'False'
[0.403s] Level 5:colcon.colcon_core.verb:set package 'robot_nav2' build argument 'ament_cmake_args' from command line to 'None'
[0.403s] Level 5:colcon.colcon_core.verb:set package 'robot_nav2' build argument 'catkin_cmake_args' from command line to 'None'
[0.403s] Level 5:colcon.colcon_core.verb:set package 'robot_nav2' build argument 'catkin_skip_building_tests' from command line to 'False'
[0.403s] DEBUG:colcon.colcon_core.verb:Building package 'robot_nav2' with the following arguments: {'ament_cmake_args': None, 'build_base': '/home/jsc/ros2_ws/build/robot_nav2', 'catkin_cmake_args': None, 'catkin_skip_building_tests': False, 'cmake_args': None, 'cmake_clean_cache': False, 'cmake_clean_first': False, 'cmake_force_configure': False, 'cmake_target': None, 'cmake_target_skip_unavailable': False, 'install_base': '/home/jsc/ros2_ws/install/robot_nav2', 'merge_install': False, 'path': '/home/jsc/ros2_ws/src/robot_nav2', 'symlink_install': False, 'test_result_base': None}
[0.403s] Level 5:colcon.colcon_core.verb:set package 'robot_sensor_distance' build argument 'cmake_args' from command line to 'None'
[0.403s] Level 5:colcon.colcon_core.verb:set package 'robot_sensor_distance' build argument 'cmake_target' from command line to 'None'
[0.403s] Level 5:colcon.colcon_core.verb:set package 'robot_sensor_distance' build argument 'cmake_target_skip_unavailable' from command line to 'False'
[0.403s] Level 5:colcon.colcon_core.verb:set package 'robot_sensor_distance' build argument 'cmake_clean_cache' from command line to 'False'
[0.403s] Level 5:colcon.colcon_core.verb:set package 'robot_sensor_distance' build argument 'cmake_clean_first' from command line to 'False'
[0.403s] Level 5:colcon.colcon_core.verb:set package 'robot_sensor_distance' build argument 'cmake_force_configure' from command line to 'False'
[0.403s] Level 5:colcon.colcon_core.verb:set package 'robot_sensor_distance' build argument 'ament_cmake_args' from command line to 'None'
[0.403s] Level 5:colcon.colcon_core.verb:set package 'robot_sensor_distance' build argument 'catkin_cmake_args' from command line to 'None'
[0.403s] Level 5:colcon.colcon_core.verb:set package 'robot_sensor_distance' build argument 'catkin_skip_building_tests' from command line to 'False'
[0.403s] DEBUG:colcon.colcon_core.verb:Building package 'robot_sensor_distance' with the following arguments: {'ament_cmake_args': None, 'build_base': '/home/jsc/ros2_ws/build/robot_sensor_distance', 'catkin_cmake_args': None, 'catkin_skip_building_tests': False, 'cmake_args': None, 'cmake_clean_cache': False, 'cmake_clean_first': False, 'cmake_force_configure': False, 'cmake_target': None, 'cmake_target_skip_unavailable': False, 'install_base': '/home/jsc/ros2_ws/install/robot_sensor_distance', 'merge_install': False, 'path': '/home/jsc/ros2_ws/src/robot_sensor_distance', 'symlink_install': False, 'test_result_base': None}
[0.403s] Level 5:colcon.colcon_core.verb:set package 'robot_slam' build argument 'cmake_args' from command line to 'None'
[0.404s] Level 5:colcon.colcon_core.verb:set package 'robot_slam' build argument 'cmake_target' from command line to 'None'
[0.404s] Level 5:colcon.colcon_core.verb:set package 'robot_slam' build argument 'cmake_target_skip_unavailable' from command line to 'False'
[0.404s] Level 5:colcon.colcon_core.verb:set package 'robot_slam' build argument 'cmake_clean_cache' from command line to 'False'
[0.404s] Level 5:colcon.colcon_core.verb:set package 'robot_slam' build argument 'cmake_clean_first' from command line to 'False'
[0.404s] Level 5:colcon.colcon_core.verb:set package 'robot_slam' build argument 'cmake_force_configure' from command line to 'False'
[0.404s] Level 5:colcon.colcon_core.verb:set package 'robot_slam' build argument 'ament_cmake_args' from command line to 'None'
[0.404s] Level 5:colcon.colcon_core.verb:set package 'robot_slam' build argument 'catkin_cmake_args' from command line to 'None'
[0.404s] Level 5:colcon.colcon_core.verb:set package 'robot_slam' build argument 'catkin_skip_building_tests' from command line to 'False'
[0.404s] DEBUG:colcon.colcon_core.verb:Building package 'robot_slam' with the following arguments: {'ament_cmake_args': None, 'build_base': '/home/jsc/ros2_ws/build/robot_slam', 'catkin_cmake_args': None, 'catkin_skip_building_tests': False, 'cmake_args': None, 'cmake_clean_cache': False, 'cmake_clean_first': False, 'cmake_force_configure': False, 'cmake_target': None, 'cmake_target_skip_unavailable': False, 'install_base': '/home/jsc/ros2_ws/install/robot_slam', 'merge_install': False, 'path': '/home/jsc/ros2_ws/src/robot_slam', 'symlink_install': False, 'test_result_base': None}
[0.404s] Level 5:colcon.colcon_core.verb:set package 'sllidar_ros2' build argument 'cmake_args' from command line to 'None'
[0.404s] Level 5:colcon.colcon_core.verb:set package 'sllidar_ros2' build argument 'cmake_target' from command line to 'None'
[0.404s] Level 5:colcon.colcon_core.verb:set package 'sllidar_ros2' build argument 'cmake_target_skip_unavailable' from command line to 'False'
[0.404s] Level 5:colcon.colcon_core.verb:set package 'sllidar_ros2' build argument 'cmake_clean_cache' from command line to 'False'
[0.404s] Level 5:colcon.colcon_core.verb:set package 'sllidar_ros2' build argument 'cmake_clean_first' from command line to 'False'
[0.404s] Level 5:colcon.colcon_core.verb:set package 'sllidar_ros2' build argument 'cmake_force_configure' from command line to 'False'
[0.404s] Level 5:colcon.colcon_core.verb:set package 'sllidar_ros2' build argument 'ament_cmake_args' from command line to 'None'
[0.404s] Level 5:colcon.colcon_core.verb:set package 'sllidar_ros2' build argument 'catkin_cmake_args' from command line to 'None'
[0.404s] Level 5:colcon.colcon_core.verb:set package 'sllidar_ros2' build argument 'catkin_skip_building_tests' from command line to 'False'
[0.404s] DEBUG:colcon.colcon_core.verb:Building package 'sllidar_ros2' with the following arguments: {'ament_cmake_args': None, 'build_base': '/home/jsc/ros2_ws/build/sllidar_ros2', 'catkin_cmake_args': None, 'catkin_skip_building_tests': False, 'cmake_args': None, 'cmake_clean_cache': False, 'cmake_clean_first': False, 'cmake_force_configure': False, 'cmake_target': None, 'cmake_target_skip_unavailable': False, 'install_base': '/home/jsc/ros2_ws/install/sllidar_ros2', 'merge_install': False, 'path': '/home/jsc/ros2_ws/src/sllidar_ros2', 'symlink_install': False, 'test_result_base': None}
[0.404s] INFO:colcon.colcon_core.executor:Executing jobs using 'parallel' executor
[0.405s] DEBUG:colcon.colcon_parallel_executor.executor.parallel:run_until_complete
[0.405s] INFO:colcon.colcon_ros.task.ament_cmake.build:Building ROS package in '/home/jsc/ros2_ws/src/jsc_bot_description' with build type 'ament_cmake'
[0.405s] INFO:colcon.colcon_cmake.task.cmake.build:Building CMake package in '/home/jsc/ros2_ws/src/jsc_bot_description'
[0.409s] INFO:colcon.colcon_core.plugin_system:Skipping extension 'colcon_core.shell.bat': Not used on non-Windows systems
[0.409s] INFO:colcon.colcon_core.shell:Skip shell extension 'powershell' for command environment: Not usable outside of PowerShell
[0.409s] DEBUG:colcon.colcon_core.shell:Skip shell extension 'dsv' for command environment
[0.413s] INFO:colcon.colcon_ros.task.ament_python.build:Building ROS package in '/home/jsc/ros2_ws/src/robot_controller' with build type 'ament_python'
[0.413s] Level 1:colcon.colcon_core.shell:create_environment_hook('robot_controller', 'ament_prefix_path')
[0.414s] INFO:colcon.colcon_core.shell:Creating environment hook '/home/jsc/ros2_ws/install/robot_controller/share/robot_controller/hook/ament_prefix_path.ps1'
[0.415s] INFO:colcon.colcon_core.shell:Creating environment descriptor '/home/jsc/ros2_ws/install/robot_controller/share/robot_controller/hook/ament_prefix_path.dsv'
[0.415s] INFO:colcon.colcon_core.shell:Creating environment hook '/home/jsc/ros2_ws/install/robot_controller/share/robot_controller/hook/ament_prefix_path.sh'
[0.416s] INFO:colcon.colcon_core.shell:Skip shell extension 'powershell' for command environment: Not usable outside of PowerShell
[0.416s] DEBUG:colcon.colcon_core.shell:Skip shell extension 'dsv' for command environment
[0.422s] INFO:colcon.colcon_ros.task.ament_python.build:Building ROS package in '/home/jsc/ros2_ws/src/robot_distancia' with build type 'ament_python'
[0.422s] Level 1:colcon.colcon_core.shell:create_environment_hook('robot_distancia', 'ament_prefix_path')
[0.422s] INFO:colcon.colcon_core.shell:Creating environment hook '/home/jsc/ros2_ws/install/robot_distancia/share/robot_distancia/hook/ament_prefix_path.ps1'
[0.423s] INFO:colcon.colcon_core.shell:Creating environment descriptor '/home/jsc/ros2_ws/install/robot_distancia/share/robot_distancia/hook/ament_prefix_path.dsv'
[0.423s] INFO:colcon.colcon_core.shell:Creating environment hook '/home/jsc/ros2_ws/install/robot_distancia/share/robot_distancia/hook/ament_prefix_path.sh'
[0.424s] INFO:colcon.colcon_core.shell:Skip shell extension 'powershell' for command environment: Not usable outside of PowerShell
[0.424s] DEBUG:colcon.colcon_core.shell:Skip shell extension 'dsv' for command environment
[0.428s] INFO:colcon.colcon_ros.task.ament_python.build:Building ROS package in '/home/jsc/ros2_ws/src/robot_nav2' with build type 'ament_python'
[0.428s] Level 1:colcon.colcon_core.shell:create_environment_hook('robot_nav2', 'ament_prefix_path')
[0.428s] INFO:colcon.colcon_core.shell:Creating environment hook '/home/jsc/ros2_ws/install/robot_nav2/share/robot_nav2/hook/ament_prefix_path.ps1'
[0.429s] INFO:colcon.colcon_core.shell:Creating environment descriptor '/home/jsc/ros2_ws/install/robot_nav2/share/robot_nav2/hook/ament_prefix_path.dsv'
[0.429s] INFO:colcon.colcon_core.shell:Creating environment hook '/home/jsc/ros2_ws/install/robot_nav2/share/robot_nav2/hook/ament_prefix_path.sh'
[0.430s] INFO:colcon.colcon_core.shell:Skip shell extension 'powershell' for command environment: Not usable outside of PowerShell
[0.430s] DEBUG:colcon.colcon_core.shell:Skip shell extension 'dsv' for command environment
[0.434s] INFO:colcon.colcon_ros.task.ament_python.build:Building ROS package in '/home/jsc/ros2_ws/src/robot_sensor_distance' with build type 'ament_python'
[0.434s] Level 1:colcon.colcon_core.shell:create_environment_hook('robot_sensor_distance', 'ament_prefix_path')
[0.434s] INFO:colcon.colcon_core.shell:Creating environment hook '/home/jsc/ros2_ws/install/robot_sensor_distance/share/robot_sensor_distance/hook/ament_prefix_path.ps1'
[0.435s] INFO:colcon.colcon_core.shell:Creating environment descriptor '/home/jsc/ros2_ws/install/robot_sensor_distance/share/robot_sensor_distance/hook/ament_prefix_path.dsv'
[0.435s] INFO:colcon.colcon_core.shell:Creating environment hook '/home/jsc/ros2_ws/install/robot_sensor_distance/share/robot_sensor_distance/hook/ament_prefix_path.sh'
[0.436s] INFO:colcon.colcon_core.shell:Skip shell extension 'powershell' for command environment: Not usable outside of PowerShell
[0.436s] DEBUG:colcon.colcon_core.shell:Skip shell extension 'dsv' for command environment
[0.439s] INFO:colcon.colcon_ros.task.ament_cmake.build:Building ROS package in '/home/jsc/ros2_ws/src/robot_slam' with build type 'ament_cmake'
[0.439s] INFO:colcon.colcon_cmake.task.cmake.build:Building CMake package in '/home/jsc/ros2_ws/src/robot_slam'
[0.440s] INFO:colcon.colcon_core.shell:Skip shell extension 'powershell' for command environment: Not usable outside of PowerShell
[0.440s] DEBUG:colcon.colcon_core.shell:Skip shell extension 'dsv' for command environment
[0.444s] INFO:colcon.colcon_ros.task.ament_cmake.build:Building ROS package in '/home/jsc/ros2_ws/src/sllidar_ros2' with build type 'ament_cmake'
[0.445s] INFO:colcon.colcon_cmake.task.cmake.build:Building CMake package in '/home/jsc/ros2_ws/src/sllidar_ros2'
[0.445s] INFO:colcon.colcon_core.shell:Skip shell extension 'powershell' for command environment: Not usable outside of PowerShell
[0.445s] DEBUG:colcon.colcon_core.shell:Skip shell extension 'dsv' for command environment
[0.453s] DEBUG:colcon.colcon_core.event_handler.log_command:Invoking command in '/home/jsc/ros2_ws/build/jsc_bot_description': CMAKE_PREFIX_PATH=${CMAKE_PREFIX_PATH}:/home/jsc/ros2_ws/install/robot_sensor_distance:/home/jsc/ros2_ws/install/robot_nav2:/home/jsc/ros2_ws/install/robot_distancia:/home/jsc/ros2_ws/install/robot_controller:/home/jsc/ros2_ws/install/prueba:/home/jsc/ros2_ws/install/aros2duino:/home/jsc/Aros2duino/install/aros2duino:/opt/ros/humble /usr/bin/cmake /home/jsc/ros2_ws/src/jsc_bot_description -DCMAKE_INSTALL_PREFIX=/home/jsc/ros2_ws/install/jsc_bot_description
[0.721s] INFO:colcon.colcon_core.task.python.build:Building Python package in '/home/jsc/ros2_ws/src/robot_controller'
[0.722s] INFO:colcon.colcon_core.shell:Skip shell extension 'powershell' for command environment: Not usable outside of PowerShell
[0.722s] DEBUG:colcon.colcon_core.shell:Skip shell extension 'dsv' for command environment
[1.001s] INFO:colcon.colcon_core.task.python.build:Building Python package in '/home/jsc/ros2_ws/src/robot_distancia'
[1.001s] INFO:colcon.colcon_core.shell:Skip shell extension 'powershell' for command environment: Not usable outside of PowerShell
[1.001s] DEBUG:colcon.colcon_core.shell:Skip shell extension 'dsv' for command environment
[1.266s] INFO:colcon.colcon_core.task.python.build:Building Python package in '/home/jsc/ros2_ws/src/robot_nav2'
[1.266s] INFO:colcon.colcon_core.shell:Skip shell extension 'powershell' for command environment: Not usable outside of PowerShell
[1.266s] DEBUG:colcon.colcon_core.shell:Skip shell extension 'dsv' for command environment
[1.557s] INFO:colcon.colcon_core.task.python.build:Building Python package in '/home/jsc/ros2_ws/src/robot_sensor_distance'
[1.557s] INFO:colcon.colcon_core.shell:Skip shell extension 'powershell' for command environment: Not usable outside of PowerShell
[1.557s] DEBUG:colcon.colcon_core.shell:Skip shell extension 'dsv' for command environment
[1.567s] DEBUG:colcon.colcon_core.event_handler.log_command:Invoking command in '/home/jsc/ros2_ws/build/robot_slam': CMAKE_PREFIX_PATH=${CMAKE_PREFIX_PATH}:/home/jsc/ros2_ws/install/robot_sensor_distance:/home/jsc/ros2_ws/install/robot_nav2:/home/jsc/ros2_ws/install/robot_distancia:/home/jsc/ros2_ws/install/robot_controller:/home/jsc/ros2_ws/install/prueba:/home/jsc/ros2_ws/install/aros2duino:/home/jsc/Aros2duino/install/aros2duino:/opt/ros/humble /usr/bin/cmake --build /home/jsc/ros2_ws/build/robot_slam -- -j12 -l12
[1.578s] DEBUG:colcon.colcon_core.event_handler.log_command:Invoking command in '/home/jsc/ros2_ws/build/sllidar_ros2': CMAKE_PREFIX_PATH=${CMAKE_PREFIX_PATH}:/home/jsc/ros2_ws/install/robot_sensor_distance:/home/jsc/ros2_ws/install/robot_nav2:/home/jsc/ros2_ws/install/robot_distancia:/home/jsc/ros2_ws/install/robot_controller:/home/jsc/ros2_ws/install/prueba:/home/jsc/ros2_ws/install/aros2duino:/home/jsc/Aros2duino/install/aros2duino:/opt/ros/humble /usr/bin/cmake --build /home/jsc/ros2_ws/build/sllidar_ros2 -- -j12 -l12
[1.579s] DEBUG:colcon.colcon_core.event_handler.log_command:Invoked command in '/home/jsc/ros2_ws/build/jsc_bot_description' returned '0': CMAKE_PREFIX_PATH=${CMAKE_PREFIX_PATH}:/home/jsc/ros2_ws/install/robot_sensor_distance:/home/jsc/ros2_ws/install/robot_nav2:/home/jsc/ros2_ws/install/robot_distancia:/home/jsc/ros2_ws/install/robot_controller:/home/jsc/ros2_ws/install/prueba:/home/jsc/ros2_ws/install/aros2duino:/home/jsc/Aros2duino/install/aros2duino:/opt/ros/humble /usr/bin/cmake /home/jsc/ros2_ws/src/jsc_bot_description -DCMAKE_INSTALL_PREFIX=/home/jsc/ros2_ws/install/jsc_bot_description
[1.581s] DEBUG:colcon.colcon_core.event_handler.log_command:Invoking command in '/home/jsc/ros2_ws/build/jsc_bot_description': CMAKE_PREFIX_PATH=${CMAKE_PREFIX_PATH}:/home/jsc/ros2_ws/install/robot_sensor_distance:/home/jsc/ros2_ws/install/robot_nav2:/home/jsc/ros2_ws/install/robot_distancia:/home/jsc/ros2_ws/install/robot_controller:/home/jsc/ros2_ws/install/prueba:/home/jsc/ros2_ws/install/aros2duino:/home/jsc/Aros2duino/install/aros2duino:/opt/ros/humble /usr/bin/cmake --build /home/jsc/ros2_ws/build/jsc_bot_description -- -j12 -l12
[1.602s] DEBUG:colcon.colcon_core.event_handler.log_command:Invoked command in '/home/jsc/ros2_ws/build/robot_slam' returned '0': CMAKE_PREFIX_PATH=${CMAKE_PREFIX_PATH}:/home/jsc/ros2_ws/install/robot_sensor_distance:/home/jsc/ros2_ws/install/robot_nav2:/home/jsc/ros2_ws/install/robot_distancia:/home/jsc/ros2_ws/install/robot_controller:/home/jsc/ros2_ws/install/prueba:/home/jsc/ros2_ws/install/aros2duino:/home/jsc/Aros2duino/install/aros2duino:/opt/ros/humble /usr/bin/cmake --build /home/jsc/ros2_ws/build/robot_slam -- -j12 -l12
[1.615s] DEBUG:colcon.colcon_core.event_handler.log_command:Invoked command in '/home/jsc/ros2_ws/build/jsc_bot_description' returned '0': CMAKE_PREFIX_PATH=${CMAKE_PREFIX_PATH}:/home/jsc/ros2_ws/install/robot_sensor_distance:/home/jsc/ros2_ws/install/robot_nav2:/home/jsc/ros2_ws/install/robot_distancia:/home/jsc/ros2_ws/install/robot_controller:/home/jsc/ros2_ws/install/prueba:/home/jsc/ros2_ws/install/aros2duino:/home/jsc/Aros2duino/install/aros2duino:/opt/ros/humble /usr/bin/cmake --build /home/jsc/ros2_ws/build/jsc_bot_description -- -j12 -l12
[1.639s] DEBUG:colcon.colcon_core.event_handler.log_command:Invoking command in '/home/jsc/ros2_ws/build/robot_slam': CMAKE_PREFIX_PATH=${CMAKE_PREFIX_PATH}:/home/jsc/ros2_ws/install/robot_sensor_distance:/home/jsc/ros2_ws/install/robot_nav2:/home/jsc/ros2_ws/install/robot_distancia:/home/jsc/ros2_ws/install/robot_controller:/home/jsc/ros2_ws/install/prueba:/home/jsc/ros2_ws/install/aros2duino:/home/jsc/Aros2duino/install/aros2duino:/opt/ros/humble /usr/bin/cmake --install /home/jsc/ros2_ws/build/robot_slam
[1.642s] DEBUG:colcon.colcon_core.event_handler.log_command:Invoking command in '/home/jsc/ros2_ws/build/jsc_bot_description': CMAKE_PREFIX_PATH=${CMAKE_PREFIX_PATH}:/home/jsc/ros2_ws/install/robot_sensor_distance:/home/jsc/ros2_ws/install/robot_nav2:/home/jsc/ros2_ws/install/robot_distancia:/home/jsc/ros2_ws/install/robot_controller:/home/jsc/ros2_ws/install/prueba:/home/jsc/ros2_ws/install/aros2duino:/home/jsc/Aros2duino/install/aros2duino:/opt/ros/humble /usr/bin/cmake --install /home/jsc/ros2_ws/build/jsc_bot_description
[1.651s] Level 1:colcon.colcon_core.environment:create_environment_scripts_only(robot_slam)
[1.652s] DEBUG:colcon.colcon_core.event_handler.log_command:Invoked command in '/home/jsc/ros2_ws/build/robot_slam' returned '0': CMAKE_PREFIX_PATH=${CMAKE_PREFIX_PATH}:/home/jsc/ros2_ws/install/robot_sensor_distance:/home/jsc/ros2_ws/install/robot_nav2:/home/jsc/ros2_ws/install/robot_distancia:/home/jsc/ros2_ws/install/robot_controller:/home/jsc/ros2_ws/install/prueba:/home/jsc/ros2_ws/install/aros2duino:/home/jsc/Aros2duino/install/aros2duino:/opt/ros/humble /usr/bin/cmake --install /home/jsc/ros2_ws/build/robot_slam
[1.660s] Level 1:colcon.colcon_core.environment:checking '/home/jsc/ros2_ws/install/robot_slam' for CMake module files
[1.661s] Level 1:colcon.colcon_core.environment:checking '/home/jsc/ros2_ws/install/robot_slam' for CMake config files
[1.661s] Level 1:colcon.colcon_core.shell:create_environment_hook('robot_slam', 'cmake_prefix_path')
[1.662s] INFO:colcon.colcon_core.shell:Creating environment hook '/home/jsc/ros2_ws/install/robot_slam/share/robot_slam/hook/cmake_prefix_path.ps1'
[1.663s] INFO:colcon.colcon_core.shell:Creating environment descriptor '/home/jsc/ros2_ws/install/robot_slam/share/robot_slam/hook/cmake_prefix_path.dsv'
[1.663s] INFO:colcon.colcon_core.shell:Creating environment hook '/home/jsc/ros2_ws/install/robot_slam/share/robot_slam/hook/cmake_prefix_path.sh'
[1.664s] Level 1:colcon.colcon_core.environment:checking '/home/jsc/ros2_ws/install/robot_slam/bin'
[1.664s] Level 1:colcon.colcon_core.environment:checking '/home/jsc/ros2_ws/install/robot_slam/lib/pkgconfig/robot_slam.pc'
[1.664s] Level 1:colcon.colcon_core.environment:checking '/home/jsc/ros2_ws/install/robot_slam/lib/python3.10/site-packages'
[1.665s] Level 1:colcon.colcon_core.environment:checking '/home/jsc/ros2_ws/install/robot_slam/bin'
[1.665s] INFO:colcon.colcon_core.shell:Creating package script '/home/jsc/ros2_ws/install/robot_slam/share/robot_slam/package.ps1'
[1.666s] INFO:colcon.colcon_core.shell:Creating package descriptor '/home/jsc/ros2_ws/install/robot_slam/share/robot_slam/package.dsv'
[1.667s] INFO:colcon.colcon_core.shell:Creating package script '/home/jsc/ros2_ws/install/robot_slam/share/robot_slam/package.sh'
[1.669s] INFO:colcon.colcon_core.shell:Creating package script '/home/jsc/ros2_ws/install/robot_slam/share/robot_slam/package.bash'
[1.670s] INFO:colcon.colcon_core.shell:Creating package script '/home/jsc/ros2_ws/install/robot_slam/share/robot_slam/package.zsh'
[1.671s] Level 1:colcon.colcon_core.environment:create_file_with_runtime_dependencies(/home/jsc/ros2_ws/install/robot_slam/share/colcon-core/packages/robot_slam)
[1.673s] Level 1:colcon.colcon_core.environment:create_environment_scripts_only(jsc_bot_description)
[1.674s] Level 1:colcon.colcon_core.environment:checking '/home/jsc/ros2_ws/install/jsc_bot_description' for CMake module files
[1.675s] DEBUG:colcon.colcon_core.event_handler.log_command:Invoked command in '/home/jsc/ros2_ws/build/jsc_bot_description' returned '0': CMAKE_PREFIX_PATH=${CMAKE_PREFIX_PATH}:/home/jsc/ros2_ws/install/robot_sensor_distance:/home/jsc/ros2_ws/install/robot_nav2:/home/jsc/ros2_ws/install/robot_distancia:/home/jsc/ros2_ws/install/robot_controller:/home/jsc/ros2_ws/install/prueba:/home/jsc/ros2_ws/install/aros2duino:/home/jsc/Aros2duino/install/aros2duino:/opt/ros/humble /usr/bin/cmake --install /home/jsc/ros2_ws/build/jsc_bot_description
[1.675s] Level 1:colcon.colcon_core.environment:checking '/home/jsc/ros2_ws/install/jsc_bot_description' for CMake config files
[1.676s] Level 1:colcon.colcon_core.shell:create_environment_hook('jsc_bot_description', 'cmake_prefix_path')
[1.676s] INFO:colcon.colcon_core.shell:Creating environment hook '/home/jsc/ros2_ws/install/jsc_bot_description/share/jsc_bot_description/hook/cmake_prefix_path.ps1'
[1.676s] INFO:colcon.colcon_core.shell:Creating environment descriptor '/home/jsc/ros2_ws/install/jsc_bot_description/share/jsc_bot_description/hook/cmake_prefix_path.dsv'
[1.677s] INFO:colcon.colcon_core.shell:Creating environment hook '/home/jsc/ros2_ws/install/jsc_bot_description/share/jsc_bot_description/hook/cmake_prefix_path.sh'
[1.678s] Level 1:colcon.colcon_core.environment:checking '/home/jsc/ros2_ws/install/jsc_bot_description/bin'
[1.678s] Level 1:colcon.colcon_core.environment:checking '/home/jsc/ros2_ws/install/jsc_bot_description/lib/pkgconfig/jsc_bot_description.pc'
[1.678s] Level 1:colcon.colcon_core.environment:checking '/home/jsc/ros2_ws/install/jsc_bot_description/lib/python3.10/site-packages'
[1.679s] Level 1:colcon.colcon_core.environment:checking '/home/jsc/ros2_ws/install/jsc_bot_description/bin'
[1.679s] INFO:colcon.colcon_core.shell:Creating package script '/home/jsc/ros2_ws/install/jsc_bot_description/share/jsc_bot_description/package.ps1'
[1.680s] INFO:colcon.colcon_core.shell:Creating package descriptor '/home/jsc/ros2_ws/install/jsc_bot_description/share/jsc_bot_description/package.dsv'
[1.681s] INFO:colcon.colcon_core.shell:Creating package script '/home/jsc/ros2_ws/install/jsc_bot_description/share/jsc_bot_description/package.sh'
[1.681s] INFO:colcon.colcon_core.shell:Creating package script '/home/jsc/ros2_ws/install/jsc_bot_description/share/jsc_bot_description/package.bash'
[1.682s] INFO:colcon.colcon_core.shell:Creating package script '/home/jsc/ros2_ws/install/jsc_bot_description/share/jsc_bot_description/package.zsh'
[1.682s] Level 1:colcon.colcon_core.environment:create_file_with_runtime_dependencies(/home/jsc/ros2_ws/install/jsc_bot_description/share/colcon-core/packages/jsc_bot_description)
[1.684s] DEBUG:colcon.colcon_core.event_handler.log_command:Invoked command in '/home/jsc/ros2_ws/build/sllidar_ros2' returned '0': CMAKE_PREFIX_PATH=${CMAKE_PREFIX_PATH}:/home/jsc/ros2_ws/install/robot_sensor_distance:/home/jsc/ros2_ws/install/robot_nav2:/home/jsc/ros2_ws/install/robot_distancia:/home/jsc/ros2_ws/install/robot_controller:/home/jsc/ros2_ws/install/prueba:/home/jsc/ros2_ws/install/aros2duino:/home/jsc/Aros2duino/install/aros2duino:/opt/ros/humble /usr/bin/cmake --build /home/jsc/ros2_ws/build/sllidar_ros2 -- -j12 -l12
[1.698s] Level 1:colcon.colcon_core.environment:create_environment_scripts_only(robot_slam)
[1.698s] Level 1:colcon.colcon_core.environment:checking '/home/jsc/ros2_ws/install/robot_slam' for CMake module files
[1.699s] Level 1:colcon.colcon_core.environment:checking '/home/jsc/ros2_ws/install/robot_slam' for CMake config files
[1.699s] Level 1:colcon.colcon_core.shell:create_environment_hook('robot_slam', 'cmake_prefix_path')
[1.700s] INFO:colcon.colcon_core.shell:Creating environment hook '/home/jsc/ros2_ws/install/robot_slam/share/robot_slam/hook/cmake_prefix_path.ps1'
[1.700s] INFO:colcon.colcon_core.shell:Creating environment descriptor '/home/jsc/ros2_ws/install/robot_slam/share/robot_slam/hook/cmake_prefix_path.dsv'
[1.701s] INFO:colcon.colcon_core.shell:Creating environment hook '/home/jsc/ros2_ws/install/robot_slam/share/robot_slam/hook/cmake_prefix_path.sh'
[1.702s] Level 1:colcon.colcon_core.environment:checking '/home/jsc/ros2_ws/install/robot_slam/bin'
[1.702s] Level 1:colcon.colcon_core.environment:checking '/home/jsc/ros2_ws/install/robot_slam/lib/pkgconfig/robot_slam.pc'
[1.702s] Level 1:colcon.colcon_core.environment:checking '/home/jsc/ros2_ws/install/robot_slam/lib/python3.10/site-packages'
[1.702s] Level 1:colcon.colcon_core.environment:checking '/home/jsc/ros2_ws/install/robot_slam/bin'
[1.703s] INFO:colcon.colcon_core.shell:Creating package script '/home/jsc/ros2_ws/install/robot_slam/share/robot_slam/package.ps1'
[1.704s] INFO:colcon.colcon_core.shell:Creating package descriptor '/home/jsc/ros2_ws/install/robot_slam/share/robot_slam/package.dsv'
[1.704s] INFO:colcon.colcon_core.shell:Creating package script '/home/jsc/ros2_ws/install/robot_slam/share/robot_slam/package.sh'
[1.705s] INFO:colcon.colcon_core.shell:Creating package script '/home/jsc/ros2_ws/install/robot_slam/share/robot_slam/package.bash'
[1.705s] INFO:colcon.colcon_core.shell:Creating package script '/home/jsc/ros2_ws/install/robot_slam/share/robot_slam/package.zsh'
[1.706s] Level 1:colcon.colcon_core.environment:create_file_with_runtime_dependencies(/home/jsc/ros2_ws/install/robot_slam/share/colcon-core/packages/robot_slam)
[1.710s] Level 1:colcon.colcon_core.environment:create_environment_scripts_only(jsc_bot_description)
[1.710s] Level 1:colcon.colcon_core.environment:checking '/home/jsc/ros2_ws/install/jsc_bot_description' for CMake module files
[1.711s] Level 1:colcon.colcon_core.environment:checking '/home/jsc/ros2_ws/install/jsc_bot_description' for CMake config files
[1.711s] Level 1:colcon.colcon_core.shell:create_environment_hook('jsc_bot_description', 'cmake_prefix_path')
[1.711s] INFO:colcon.colcon_core.shell:Creating environment hook '/home/jsc/ros2_ws/install/jsc_bot_description/share/jsc_bot_description/hook/cmake_prefix_path.ps1'
[1.712s] INFO:colcon.colcon_core.shell:Creating environment descriptor '/home/jsc/ros2_ws/install/jsc_bot_description/share/jsc_bot_description/hook/cmake_prefix_path.dsv'
[1.712s] INFO:colcon.colcon_core.shell:Creating environment hook '/home/jsc/ros2_ws/install/jsc_bot_description/share/jsc_bot_description/hook/cmake_prefix_path.sh'
[1.713s] Level 1:colcon.colcon_core.environment:checking '/home/jsc/ros2_ws/install/jsc_bot_description/bin'
[1.713s] Level 1:colcon.colcon_core.environment:checking '/home/jsc/ros2_ws/install/jsc_bot_description/lib/pkgconfig/jsc_bot_description.pc'
[1.714s] Level 1:colcon.colcon_core.environment:checking '/home/jsc/ros2_ws/install/jsc_bot_description/lib/python3.10/site-packages'
[1.714s] Level 1:colcon.colcon_core.environment:checking '/home/jsc/ros2_ws/install/jsc_bot_description/bin'
[1.714s] INFO:colcon.colcon_core.shell:Creating package script '/home/jsc/ros2_ws/install/jsc_bot_description/share/jsc_bot_description/package.ps1'
[1.715s] INFO:colcon.colcon_core.shell:Creating package descriptor '/home/jsc/ros2_ws/install/jsc_bot_description/share/jsc_bot_description/package.dsv'
[1.716s] INFO:colcon.colcon_core.shell:Creating package script '/home/jsc/ros2_ws/install/jsc_bot_description/share/jsc_bot_description/package.sh'
[1.716s] INFO:colcon.colcon_core.shell:Creating package script '/home/jsc/ros2_ws/install/jsc_bot_description/share/jsc_bot_description/package.bash'
[1.717s] INFO:colcon.colcon_core.shell:Creating package script '/home/jsc/ros2_ws/install/jsc_bot_description/share/jsc_bot_description/package.zsh'
[1.717s] Level 1:colcon.colcon_core.environment:create_file_with_runtime_dependencies(/home/jsc/ros2_ws/install/jsc_bot_description/share/colcon-core/packages/jsc_bot_description)
[1.753s] DEBUG:colcon.colcon_core.event_handler.log_command:Invoking command in '/home/jsc/ros2_ws/build/sllidar_ros2': CMAKE_PREFIX_PATH=${CMAKE_PREFIX_PATH}:/home/jsc/ros2_ws/install/robot_sensor_distance:/home/jsc/ros2_ws/install/robot_nav2:/home/jsc/ros2_ws/install/robot_distancia:/home/jsc/ros2_ws/install/robot_controller:/home/jsc/ros2_ws/install/prueba:/home/jsc/ros2_ws/install/aros2duino:/home/jsc/Aros2duino/install/aros2duino:/opt/ros/humble /usr/bin/cmake --install /home/jsc/ros2_ws/build/sllidar_ros2
[1.780s] Level 1:colcon.colcon_core.environment:create_environment_scripts_only(sllidar_ros2)
[1.780s] Level 1:colcon.colcon_core.environment:checking '/home/jsc/ros2_ws/install/sllidar_ros2' for CMake module files
[1.781s] DEBUG:colcon.colcon_core.event_handler.log_command:Invoked command in '/home/jsc/ros2_ws/build/sllidar_ros2' returned '0': CMAKE_PREFIX_PATH=${CMAKE_PREFIX_PATH}:/home/jsc/ros2_ws/install/robot_sensor_distance:/home/jsc/ros2_ws/install/robot_nav2:/home/jsc/ros2_ws/install/robot_distancia:/home/jsc/ros2_ws/install/robot_controller:/home/jsc/ros2_ws/install/prueba:/home/jsc/ros2_ws/install/aros2duino:/home/jsc/Aros2duino/install/aros2duino:/opt/ros/humble /usr/bin/cmake --install /home/jsc/ros2_ws/build/sllidar_ros2
[1.782s] Level 1:colcon.colcon_core.environment:checking '/home/jsc/ros2_ws/install/sllidar_ros2' for CMake config files
[1.782s] Level 1:colcon.colcon_core.shell:create_environment_hook('sllidar_ros2', 'cmake_prefix_path')
[1.783s] INFO:colcon.colcon_core.shell:Creating environment hook '/home/jsc/ros2_ws/install/sllidar_ros2/share/sllidar_ros2/hook/cmake_prefix_path.ps1'
[1.783s] INFO:colcon.colcon_core.shell:Creating environment descriptor '/home/jsc/ros2_ws/install/sllidar_ros2/share/sllidar_ros2/hook/cmake_prefix_path.dsv'
[1.784s] INFO:colcon.colcon_core.shell:Creating environment hook '/home/jsc/ros2_ws/install/sllidar_ros2/share/sllidar_ros2/hook/cmake_prefix_path.sh'
[1.784s] Level 1:colcon.colcon_core.environment:checking '/home/jsc/ros2_ws/install/sllidar_ros2/lib'
[1.785s] Level 1:colcon.colcon_core.environment:checking '/home/jsc/ros2_ws/install/sllidar_ros2/bin'
[1.785s] Level 1:colcon.colcon_core.environment:checking '/home/jsc/ros2_ws/install/sllidar_ros2/lib/pkgconfig/sllidar_ros2.pc'
[1.785s] Level 1:colcon.colcon_core.environment:checking '/home/jsc/ros2_ws/install/sllidar_ros2/lib/python3.10/site-packages'
[1.785s] Level 1:colcon.colcon_core.environment:checking '/home/jsc/ros2_ws/install/sllidar_ros2/bin'
[1.786s] INFO:colcon.colcon_core.shell:Creating package script '/home/jsc/ros2_ws/install/sllidar_ros2/share/sllidar_ros2/package.ps1'
[1.786s] INFO:colcon.colcon_core.shell:Creating package descriptor '/home/jsc/ros2_ws/install/sllidar_ros2/share/sllidar_ros2/package.dsv'
[1.787s] INFO:colcon.colcon_core.shell:Creating package script '/home/jsc/ros2_ws/install/sllidar_ros2/share/sllidar_ros2/package.sh'
[1.787s] INFO:colcon.colcon_core.shell:Creating package script '/home/jsc/ros2_ws/install/sllidar_ros2/share/sllidar_ros2/package.bash'
[1.788s] INFO:colcon.colcon_core.shell:Creating package script '/home/jsc/ros2_ws/install/sllidar_ros2/share/sllidar_ros2/package.zsh'
[1.788s] Level 1:colcon.colcon_core.environment:create_file_with_runtime_dependencies(/home/jsc/ros2_ws/install/sllidar_ros2/share/colcon-core/packages/sllidar_ros2)
[1.857s] Level 1:colcon.colcon_core.environment:create_environment_scripts_only(sllidar_ros2)
[1.857s] Level 1:colcon.colcon_core.environment:checking '/home/jsc/ros2_ws/install/sllidar_ros2' for CMake module files
[1.858s] Level 1:colcon.colcon_core.environment:checking '/home/jsc/ros2_ws/install/sllidar_ros2' for CMake config files
[1.859s] Level 1:colcon.colcon_core.shell:create_environment_hook('sllidar_ros2', 'cmake_prefix_path')
[1.859s] INFO:colcon.colcon_core.shell:Creating environment hook '/home/jsc/ros2_ws/install/sllidar_ros2/share/sllidar_ros2/hook/cmake_prefix_path.ps1'
[1.860s] INFO:colcon.colcon_core.shell:Creating environment descriptor '/home/jsc/ros2_ws/install/sllidar_ros2/share/sllidar_ros2/hook/cmake_prefix_path.dsv'
[1.860s] INFO:colcon.colcon_core.shell:Creating environment hook '/home/jsc/ros2_ws/install/sllidar_ros2/share/sllidar_ros2/hook/cmake_prefix_path.sh'
[1.861s] Level 1:colcon.colcon_core.environment:checking '/home/jsc/ros2_ws/install/sllidar_ros2/lib'
[1.861s] Level 1:colcon.colcon_core.environment:checking '/home/jsc/ros2_ws/install/sllidar_ros2/bin'
[1.861s] Level 1:colcon.colcon_core.environment:checking '/home/jsc/ros2_ws/install/sllidar_ros2/lib/pkgconfig/sllidar_ros2.pc'
[1.861s] Level 1:colcon.colcon_core.environment:checking '/home/jsc/ros2_ws/install/sllidar_ros2/lib/python3.10/site-packages'
[1.862s] Level 1:colcon.colcon_core.environment:checking '/home/jsc/ros2_ws/install/sllidar_ros2/bin'
[1.862s] INFO:colcon.colcon_core.shell:Creating package script '/home/jsc/ros2_ws/install/sllidar_ros2/share/sllidar_ros2/package.ps1'
[1.863s] INFO:colcon.colcon_core.shell:Creating package descriptor '/home/jsc/ros2_ws/install/sllidar_ros2/share/sllidar_ros2/package.dsv'
[1.864s] INFO:colcon.colcon_core.shell:Creating package script '/home/jsc/ros2_ws/install/sllidar_ros2/share/sllidar_ros2/package.sh'
[1.864s] INFO:colcon.colcon_core.shell:Creating package script '/home/jsc/ros2_ws/install/sllidar_ros2/share/sllidar_ros2/package.bash'
[1.865s] INFO:colcon.colcon_core.shell:Creating package script '/home/jsc/ros2_ws/install/sllidar_ros2/share/sllidar_ros2/package.zsh'
[1.865s] Level 1:colcon.colcon_core.environment:create_file_with_runtime_dependencies(/home/jsc/ros2_ws/install/sllidar_ros2/share/colcon-core/packages/sllidar_ros2)
[2.123s] DEBUG:colcon.colcon_core.event_handler.log_command:Invoking command in '/home/jsc/ros2_ws/src/robot_distancia': PYTHONPATH=/home/jsc/ros2_ws/build/robot_distancia/prefix_override:/home/jsc/ros2_ws/install/robot_distancia/lib/python3.10/site-packages:${PYTHONPATH} /usr/bin/python3 -W ignore:setup.py install is deprecated setup.py egg_info --egg-base ../../build/robot_distancia build --build-base /home/jsc/ros2_ws/build/robot_distancia/build install --record /home/jsc/ros2_ws/build/robot_distancia/install.log --single-version-externally-managed install_data
[2.127s] DEBUG:colcon.colcon_core.event_handler.log_command:Invoking command in '/home/jsc/ros2_ws/src/robot_controller': PYTHONPATH=/home/jsc/ros2_ws/build/robot_controller/prefix_override:/home/jsc/ros2_ws/install/robot_controller/lib/python3.10/site-packages:${PYTHONPATH} /usr/bin/python3 -W ignore:setup.py install is deprecated setup.py egg_info --egg-base ../../build/robot_controller build --build-base /home/jsc/ros2_ws/build/robot_controller/build install --record /home/jsc/ros2_ws/build/robot_controller/install.log --single-version-externally-managed install_data
[2.144s] DEBUG:colcon.colcon_core.event_handler.log_command:Invoking command in '/home/jsc/ros2_ws/src/robot_nav2': PYTHONPATH=/home/jsc/ros2_ws/build/robot_nav2/prefix_override:/home/jsc/ros2_ws/install/robot_nav2/lib/python3.10/site-packages:${PYTHONPATH} /usr/bin/python3 -W ignore:setup.py install is deprecated setup.py egg_info --egg-base ../../build/robot_nav2 build --build-base /home/jsc/ros2_ws/build/robot_nav2/build install --record /home/jsc/ros2_ws/build/robot_nav2/install.log --single-version-externally-managed install_data
[2.149s] DEBUG:colcon.colcon_core.event_handler.log_command:Invoking command in '/home/jsc/ros2_ws/src/robot_sensor_distance': PYTHONPATH=/home/jsc/ros2_ws/build/robot_sensor_distance/prefix_override:/home/jsc/ros2_ws/install/robot_sensor_distance/lib/python3.10/site-packages:${PYTHONPATH} /usr/bin/python3 -W ignore:setup.py install is deprecated setup.py egg_info --egg-base ../../build/robot_sensor_distance build --build-base /home/jsc/ros2_ws/build/robot_sensor_distance/build install --record /home/jsc/ros2_ws/build/robot_sensor_distance/install.log --single-version-externally-managed install_data
[2.450s] Level 1:colcon.colcon_core.environment:checking '/home/jsc/ros2_ws/install/robot_controller' for CMake module files
[2.451s] DEBUG:colcon.colcon_core.event_handler.log_command:Invoked command in '/home/jsc/ros2_ws/src/robot_controller' returned '0': PYTHONPATH=/home/jsc/ros2_ws/build/robot_controller/prefix_override:/home/jsc/ros2_ws/install/robot_controller/lib/python3.10/site-packages:${PYTHONPATH} /usr/bin/python3 -W ignore:setup.py install is deprecated setup.py egg_info --egg-base ../../build/robot_controller build --build-base /home/jsc/ros2_ws/build/robot_controller/build install --record /home/jsc/ros2_ws/build/robot_controller/install.log --single-version-externally-managed install_data
[2.451s] Level 1:colcon.colcon_core.environment:checking '/home/jsc/ros2_ws/install/robot_controller' for CMake config files
[2.451s] Level 1:colcon.colcon_core.environment:checking '/home/jsc/ros2_ws/install/robot_controller/lib'
[2.452s] Level 1:colcon.colcon_core.environment:checking '/home/jsc/ros2_ws/install/robot_controller/bin'
[2.452s] Level 1:colcon.colcon_core.environment:checking '/home/jsc/ros2_ws/install/robot_controller/lib/pkgconfig/robot_controller.pc'
[2.452s] Level 1:colcon.colcon_core.environment:checking '/home/jsc/ros2_ws/install/robot_controller/lib/python3.10/site-packages'
[2.452s] Level 1:colcon.colcon_core.shell:create_environment_hook('robot_controller', 'pythonpath')
[2.452s] INFO:colcon.colcon_core.shell:Creating environment hook '/home/jsc/ros2_ws/install/robot_controller/share/robot_controller/hook/pythonpath.ps1'
[2.453s] INFO:colcon.colcon_core.shell:Creating environment descriptor '/home/jsc/ros2_ws/install/robot_controller/share/robot_controller/hook/pythonpath.dsv'
[2.453s] INFO:colcon.colcon_core.shell:Creating environment hook '/home/jsc/ros2_ws/install/robot_controller/share/robot_controller/hook/pythonpath.sh'
[2.454s] Level 1:colcon.colcon_core.environment:checking '/home/jsc/ros2_ws/install/robot_controller/bin'
[2.454s] Level 1:colcon.colcon_core.environment:create_environment_scripts_only(robot_controller)
[2.455s] INFO:colcon.colcon_core.shell:Creating package script '/home/jsc/ros2_ws/install/robot_controller/share/robot_controller/package.ps1'
[2.455s] INFO:colcon.colcon_core.shell:Creating package descriptor '/home/jsc/ros2_ws/install/robot_controller/share/robot_controller/package.dsv'
[2.456s] INFO:colcon.colcon_core.shell:Creating package script '/home/jsc/ros2_ws/install/robot_controller/share/robot_controller/package.sh'
[2.456s] INFO:colcon.colcon_core.shell:Creating package script '/home/jsc/ros2_ws/install/robot_controller/share/robot_controller/package.bash'
[2.457s] INFO:colcon.colcon_core.shell:Creating package script '/home/jsc/ros2_ws/install/robot_controller/share/robot_controller/package.zsh'
[2.457s] Level 1:colcon.colcon_core.environment:create_file_with_runtime_dependencies(/home/jsc/ros2_ws/install/robot_controller/share/colcon-core/packages/robot_controller)
[2.459s] Level 1:colcon.colcon_core.environment:checking '/home/jsc/ros2_ws/install/robot_distancia' for CMake module files
[2.459s] DEBUG:colcon.colcon_core.event_handler.log_command:Invoked command in '/home/jsc/ros2_ws/src/robot_distancia' returned '0': PYTHONPATH=/home/jsc/ros2_ws/build/robot_distancia/prefix_override:/home/jsc/ros2_ws/install/robot_distancia/lib/python3.10/site-packages:${PYTHONPATH} /usr/bin/python3 -W ignore:setup.py install is deprecated setup.py egg_info --egg-base ../../build/robot_distancia build --build-base /home/jsc/ros2_ws/build/robot_distancia/build install --record /home/jsc/ros2_ws/build/robot_distancia/install.log --single-version-externally-managed install_data
[2.460s] Level 1:colcon.colcon_core.environment:checking '/home/jsc/ros2_ws/install/robot_distancia' for CMake config files
[2.460s] Level 1:colcon.colcon_core.environment:checking '/home/jsc/ros2_ws/install/robot_distancia/lib'
[2.460s] Level 1:colcon.colcon_core.environment:checking '/home/jsc/ros2_ws/install/robot_distancia/bin'
[2.460s] Level 1:colcon.colcon_core.environment:checking '/home/jsc/ros2_ws/install/robot_distancia/lib/pkgconfig/robot_distancia.pc'
[2.460s] Level 1:colcon.colcon_core.environment:checking '/home/jsc/ros2_ws/install/robot_distancia/lib/python3.10/site-packages'
[2.460s] Level 1:colcon.colcon_core.shell:create_environment_hook('robot_distancia', 'pythonpath')
[2.461s] INFO:colcon.colcon_core.shell:Creating environment hook '/home/jsc/ros2_ws/install/robot_distancia/share/robot_distancia/hook/pythonpath.ps1'
[2.461s] INFO:colcon.colcon_core.shell:Creating environment descriptor '/home/jsc/ros2_ws/install/robot_distancia/share/robot_distancia/hook/pythonpath.dsv'
[2.461s] INFO:colcon.colcon_core.shell:Creating environment hook '/home/jsc/ros2_ws/install/robot_distancia/share/robot_distancia/hook/pythonpath.sh'
[2.462s] Level 1:colcon.colcon_core.environment:checking '/home/jsc/ros2_ws/install/robot_distancia/bin'
[2.462s] Level 1:colcon.colcon_core.environment:create_environment_scripts_only(robot_distancia)
[2.463s] INFO:colcon.colcon_core.shell:Creating package script '/home/jsc/ros2_ws/install/robot_distancia/share/robot_distancia/package.ps1'
[2.463s] INFO:colcon.colcon_core.shell:Creating package descriptor '/home/jsc/ros2_ws/install/robot_distancia/share/robot_distancia/package.dsv'
[2.464s] INFO:colcon.colcon_core.shell:Creating package script '/home/jsc/ros2_ws/install/robot_distancia/share/robot_distancia/package.sh'
[2.464s] INFO:colcon.colcon_core.shell:Creating package script '/home/jsc/ros2_ws/install/robot_distancia/share/robot_distancia/package.bash'
[2.464s] INFO:colcon.colcon_core.shell:Creating package script '/home/jsc/ros2_ws/install/robot_distancia/share/robot_distancia/package.zsh'
[2.465s] Level 1:colcon.colcon_core.environment:create_file_with_runtime_dependencies(/home/jsc/ros2_ws/install/robot_distancia/share/colcon-core/packages/robot_distancia)
[2.466s] Level 1:colcon.colcon_core.environment:checking '/home/jsc/ros2_ws/install/robot_nav2' for CMake module files
[2.466s] DEBUG:colcon.colcon_core.event_handler.log_command:Invoked command in '/home/jsc/ros2_ws/src/robot_nav2' returned '0': PYTHONPATH=/home/jsc/ros2_ws/build/robot_nav2/prefix_override:/home/jsc/ros2_ws/install/robot_nav2/lib/python3.10/site-packages:${PYTHONPATH} /usr/bin/python3 -W ignore:setup.py install is deprecated setup.py egg_info --egg-base ../../build/robot_nav2 build --build-base /home/jsc/ros2_ws/build/robot_nav2/build install --record /home/jsc/ros2_ws/build/robot_nav2/install.log --single-version-externally-managed install_data
[2.467s] Level 1:colcon.colcon_core.environment:checking '/home/jsc/ros2_ws/install/robot_nav2' for CMake config files
[2.468s] Level 1:colcon.colcon_core.environment:checking '/home/jsc/ros2_ws/install/robot_nav2/lib'
[2.468s] Level 1:colcon.colcon_core.environment:checking '/home/jsc/ros2_ws/install/robot_nav2/bin'
[2.468s] Level 1:colcon.colcon_core.environment:checking '/home/jsc/ros2_ws/install/robot_nav2/lib/pkgconfig/robot_nav2.pc'
[2.468s] Level 1:colcon.colcon_core.environment:checking '/home/jsc/ros2_ws/install/robot_nav2/lib/python3.10/site-packages'
[2.468s] Level 1:colcon.colcon_core.shell:create_environment_hook('robot_nav2', 'pythonpath')
[2.468s] INFO:colcon.colcon_core.shell:Creating environment hook '/home/jsc/ros2_ws/install/robot_nav2/share/robot_nav2/hook/pythonpath.ps1'
[2.469s] INFO:colcon.colcon_core.shell:Creating environment descriptor '/home/jsc/ros2_ws/install/robot_nav2/share/robot_nav2/hook/pythonpath.dsv'
[2.469s] INFO:colcon.colcon_core.shell:Creating environment hook '/home/jsc/ros2_ws/install/robot_nav2/share/robot_nav2/hook/pythonpath.sh'
[2.470s] Level 1:colcon.colcon_core.environment:checking '/home/jsc/ros2_ws/install/robot_nav2/bin'
[2.470s] Level 1:colcon.colcon_core.environment:create_environment_scripts_only(robot_nav2)
[2.470s] INFO:colcon.colcon_core.shell:Creating package script '/home/jsc/ros2_ws/install/robot_nav2/share/robot_nav2/package.ps1'
[2.470s] INFO:colcon.colcon_core.shell:Creating package descriptor '/home/jsc/ros2_ws/install/robot_nav2/share/robot_nav2/package.dsv'
[2.471s] INFO:colcon.colcon_core.shell:Creating package script '/home/jsc/ros2_ws/install/robot_nav2/share/robot_nav2/package.sh'
[2.471s] INFO:colcon.colcon_core.shell:Creating package script '/home/jsc/ros2_ws/install/robot_nav2/share/robot_nav2/package.bash'
[2.471s] INFO:colcon.colcon_core.shell:Creating package script '/home/jsc/ros2_ws/install/robot_nav2/share/robot_nav2/package.zsh'
[2.472s] Level 1:colcon.colcon_core.environment:create_file_with_runtime_dependencies(/home/jsc/ros2_ws/install/robot_nav2/share/colcon-core/packages/robot_nav2)
[2.473s] Level 1:colcon.colcon_core.environment:checking '/home/jsc/ros2_ws/install/robot_sensor_distance' for CMake module files
[2.473s] DEBUG:colcon.colcon_core.event_handler.log_command:Invoked command in '/home/jsc/ros2_ws/src/robot_sensor_distance' returned '0': PYTHONPATH=/home/jsc/ros2_ws/build/robot_sensor_distance/prefix_override:/home/jsc/ros2_ws/install/robot_sensor_distance/lib/python3.10/site-packages:${PYTHONPATH} /usr/bin/python3 -W ignore:setup.py install is deprecated setup.py egg_info --egg-base ../../build/robot_sensor_distance build --build-base /home/jsc/ros2_ws/build/robot_sensor_distance/build install --record /home/jsc/ros2_ws/build/robot_sensor_distance/install.log --single-version-externally-managed install_data
[2.473s] Level 1:colcon.colcon_core.environment:checking '/home/jsc/ros2_ws/install/robot_sensor_distance' for CMake config files
[2.474s] Level 1:colcon.colcon_core.environment:checking '/home/jsc/ros2_ws/install/robot_sensor_distance/lib'
[2.474s] Level 1:colcon.colcon_core.environment:checking '/home/jsc/ros2_ws/install/robot_sensor_distance/bin'
[2.474s] Level 1:colcon.colcon_core.environment:checking '/home/jsc/ros2_ws/install/robot_sensor_distance/lib/pkgconfig/robot_sensor_distance.pc'
[2.474s] Level 1:colcon.colcon_core.environment:checking '/home/jsc/ros2_ws/install/robot_sensor_distance/lib/python3.10/site-packages'
[2.474s] Level 1:colcon.colcon_core.shell:create_environment_hook('robot_sensor_distance', 'pythonpath')
[2.474s] INFO:colcon.colcon_core.shell:Creating environment hook '/home/jsc/ros2_ws/install/robot_sensor_distance/share/robot_sensor_distance/hook/pythonpath.ps1'
[2.475s] INFO:colcon.colcon_core.shell:Creating environment descriptor '/home/jsc/ros2_ws/install/robot_sensor_distance/share/robot_sensor_distance/hook/pythonpath.dsv'
[2.475s] INFO:colcon.colcon_core.shell:Creating environment hook '/home/jsc/ros2_ws/install/robot_sensor_distance/share/robot_sensor_distance/hook/pythonpath.sh'
[2.476s] Level 1:colcon.colcon_core.environment:checking '/home/jsc/ros2_ws/install/robot_sensor_distance/bin'
[2.476s] Level 1:colcon.colcon_core.environment:create_environment_scripts_only(robot_sensor_distance)
[2.476s] INFO:colcon.colcon_core.shell:Creating package script '/home/jsc/ros2_ws/install/robot_sensor_distance/share/robot_sensor_distance/package.ps1'
[2.477s] INFO:colcon.colcon_core.shell:Creating package descriptor '/home/jsc/ros2_ws/install/robot_sensor_distance/share/robot_sensor_distance/package.dsv'
[2.477s] INFO:colcon.colcon_core.shell:Creating package script '/home/jsc/ros2_ws/install/robot_sensor_distance/share/robot_sensor_distance/package.sh'
[2.477s] INFO:colcon.colcon_core.shell:Creating package script '/home/jsc/ros2_ws/install/robot_sensor_distance/share/robot_sensor_distance/package.bash'
[2.478s] INFO:colcon.colcon_core.shell:Creating package script '/home/jsc/ros2_ws/install/robot_sensor_distance/share/robot_sensor_distance/package.zsh'
[2.478s] Level 1:colcon.colcon_core.environment:create_file_with_runtime_dependencies(/home/jsc/ros2_ws/install/robot_sensor_distance/share/colcon-core/packages/robot_sensor_distance)
[2.478s] DEBUG:colcon.colcon_parallel_executor.executor.parallel:closing loop
[2.478s] DEBUG:colcon.colcon_parallel_executor.executor.parallel:loop closed
[2.478s] DEBUG:colcon.colcon_parallel_executor.executor.parallel:run_until_complete finished with '0'
[2.479s] DEBUG:colcon.colcon_core.event_reactor:joining thread
[2.487s] INFO:colcon.colcon_core.plugin_system:Skipping extension 'colcon_notification.desktop_notification.terminal_notifier': Not used on non-Darwin systems
[2.487s] INFO:colcon.colcon_core.plugin_system:Skipping extension 'colcon_notification.desktop_notification.win32': Not used on non-Windows systems
[2.487s] INFO:colcon.colcon_notification.desktop_notification:Sending desktop notification using 'notify2'
[2.499s] DEBUG:colcon.colcon_core.event_reactor:joined thread
[2.499s] INFO:colcon.colcon_core.shell:Creating prefix script '/home/jsc/ros2_ws/install/local_setup.ps1'
[2.500s] INFO:colcon.colcon_core.shell:Creating prefix util module '/home/jsc/ros2_ws/install/_local_setup_util_ps1.py'
[2.502s] INFO:colcon.colcon_core.shell:Creating prefix chain script '/home/jsc/ros2_ws/install/setup.ps1'
[2.504s] INFO:colcon.colcon_core.shell:Creating prefix script '/home/jsc/ros2_ws/install/local_setup.sh'
[2.505s] INFO:colcon.colcon_core.shell:Creating prefix util module '/home/jsc/ros2_ws/install/_local_setup_util_sh.py'
[2.505s] INFO:colcon.colcon_core.shell:Creating prefix chain script '/home/jsc/ros2_ws/install/setup.sh'
[2.506s] INFO:colcon.colcon_core.shell:Creating prefix script '/home/jsc/ros2_ws/install/local_setup.bash'
[2.507s] INFO:colcon.colcon_core.shell:Creating prefix chain script '/home/jsc/ros2_ws/install/setup.bash'
[2.508s] INFO:colcon.colcon_core.shell:Creating prefix script '/home/jsc/ros2_ws/install/local_setup.zsh'
[2.509s] INFO:colcon.colcon_core.shell:Creating prefix chain script '/home/jsc/ros2_ws/install/setup.zsh'
