[0.102s] DEBUG:colcon:Command line arguments: ['/usr/bin/colcon', 'build', '--symlink-install']
[0.102s] DEBUG:colcon:Parsed command line arguments: Namespace(log_base=None, log_level=None, verb_name='build', build_base='build', install_base='install', merge_install=False, symlink_install=True, test_result_base=None, continue_on_error=False, executor='parallel', parallel_workers=12, event_handlers=None, ignore_user_meta=False, metas=['./colcon.meta'], base_paths=['.'], packages_ignore=None, packages_ignore_regex=None, paths=None, packages_up_to=None, packages_up_to_regex=None, packages_above=None, packages_above_and_dependencies=None, packages_above_depth=None, packages_select_by_dep=None, packages_skip_by_dep=None, packages_skip_up_to=None, packages_select_build_failed=False, packages_skip_build_finished=False, packages_select_test_failures=False, packages_skip_test_passed=False, packages_select=None, packages_skip=None, packages_select_regex=None, packages_skip_regex=None, packages_start=None, packages_end=None, allow_overriding=[], cmake_args=None, cmake_target=None, cmake_target_skip_unavailable=False, cmake_clean_cache=False, cmake_clean_first=False, cmake_force_configure=False, ament_cmake_args=None, catkin_cmake_args=None, catkin_skip_building_tests=False, verb_parser=<colcon_defaults.argument_parser.defaults.DefaultArgumentsDecorator object at 0x7e6533731270>, verb_extension=<colcon_core.verb.build.BuildVerb object at 0x7e65338a6b30>, main=<bound method BuildVerb.main of <colcon_core.verb.build.BuildVerb object at 0x7e65338a6b30>>)
[0.258s] Level 1:colcon.colcon_core.package_discovery:discover_packages(colcon_meta) check parameters
[0.258s] Level 1:colcon.colcon_core.package_discovery:discover_packages(recursive) check parameters
[0.258s] Level 1:colcon.colcon_core.package_discovery:discover_packages(ignore) check parameters
[0.258s] Level 1:colcon.colcon_core.package_discovery:discover_packages(path) check parameters
[0.258s] Level 1:colcon.colcon_core.package_discovery:discover_packages(colcon_meta) discover
[0.258s] Level 1:colcon.colcon_core.package_discovery:discover_packages(recursive) discover
[0.258s] INFO:colcon.colcon_core.package_discovery:Crawling recursively for packages in '/home/jsc/ros2_ws'
[0.258s] Level 1:colcon.colcon_core.package_identification:_identify(.) by extensions ['ignore', 'ignore_ament_install']
[0.259s] Level 1:colcon.colcon_core.package_identification:_identify(.) by extension 'ignore'
[0.259s] Level 1:colcon.colcon_core.package_identification:_identify(.) by extension 'ignore_ament_install'
[0.259s] Level 1:colcon.colcon_core.package_identification:_identify(.) by extensions ['colcon_pkg']
[0.259s] Level 1:colcon.colcon_core.package_identification:_identify(.) by extension 'colcon_pkg'
[0.259s] Level 1:colcon.colcon_core.package_identification:_identify(.) by extensions ['colcon_meta']
[0.259s] Level 1:colcon.colcon_core.package_identification:_identify(.) by extension 'colcon_meta'
[0.259s] Level 1:colcon.colcon_core.package_identification:_identify(.) by extensions ['ros']
[0.259s] Level 1:colcon.colcon_core.package_identification:_identify(.) by extension 'ros'
[0.269s] Level 1:colcon.colcon_core.package_identification:_identify(.) by extensions ['cmake', 'python']
[0.269s] Level 1:colcon.colcon_core.package_identification:_identify(.) by extension 'cmake'
[0.269s] Level 1:colcon.colcon_core.package_identification:_identify(.) by extension 'python'
[0.269s] Level 1:colcon.colcon_core.package_identification:_identify(.) by extensions ['python_setup_py']
[0.269s] Level 1:colcon.colcon_core.package_identification:_identify(.) by extension 'python_setup_py'
[0.269s] Level 1:colcon.colcon_core.package_identification:_identify(build) by extensions ['ignore', 'ignore_ament_install']
[0.269s] Level 1:colcon.colcon_core.package_identification:_identify(build) by extension 'ignore'
[0.270s] Level 1:colcon.colcon_core.package_identification:_identify(build) ignored
[0.270s] Level 1:colcon.colcon_core.package_identification:_identify(install) by extensions ['ignore', 'ignore_ament_install']
[0.270s] Level 1:colcon.colcon_core.package_identification:_identify(install) by extension 'ignore'
[0.270s] Level 1:colcon.colcon_core.package_identification:_identify(install) ignored
[0.270s] Level 1:colcon.colcon_core.package_identification:_identify(log) by extensions ['ignore', 'ignore_ament_install']
[0.270s] Level 1:colcon.colcon_core.package_identification:_identify(log) by extension 'ignore'
[0.270s] Level 1:colcon.colcon_core.package_identification:_identify(log) ignored
[0.270s] Level 1:colcon.colcon_core.package_identification:_identify(src) by extensions ['ignore', 'ignore_ament_install']
[0.270s] Level 1:colcon.colcon_core.package_identification:_identify(src) by extension 'ignore'
[0.270s] Level 1:colcon.colcon_core.package_identification:_identify(src) by extension 'ignore_ament_install'
[0.270s] Level 1:colcon.colcon_core.package_identification:_identify(src) by extensions ['colcon_pkg']
[0.270s] Level 1:colcon.colcon_core.package_identification:_identify(src) by extension 'colcon_pkg'
[0.270s] Level 1:colcon.colcon_core.package_identification:_identify(src) by extensions ['colcon_meta']
[0.270s] Level 1:colcon.colcon_core.package_identification:_identify(src) by extension 'colcon_meta'
[0.270s] Level 1:colcon.colcon_core.package_identification:_identify(src) by extensions ['ros']
[0.270s] Level 1:colcon.colcon_core.package_identification:_identify(src) by extension 'ros'
[0.271s] Level 1:colcon.colcon_core.package_identification:_identify(src) by extensions ['cmake', 'python']
[0.271s] Level 1:colcon.colcon_core.package_identification:_identify(src) by extension 'cmake'
[0.271s] Level 1:colcon.colcon_core.package_identification:_identify(src) by extension 'python'
[0.271s] Level 1:colcon.colcon_core.package_identification:_identify(src) by extensions ['python_setup_py']
[0.271s] Level 1:colcon.colcon_core.package_identification:_identify(src) by extension 'python_setup_py'
[0.271s] Level 1:colcon.colcon_core.package_identification:_identify(src/robot_controller) by extensions ['ignore', 'ignore_ament_install']
[0.271s] Level 1:colcon.colcon_core.package_identification:_identify(src/robot_controller) by extension 'ignore'
[0.271s] Level 1:colcon.colcon_core.package_identification:_identify(src/robot_controller) by extension 'ignore_ament_install'
[0.271s] Level 1:colcon.colcon_core.package_identification:_identify(src/robot_controller) by extensions ['colcon_pkg']
[0.271s] Level 1:colcon.colcon_core.package_identification:_identify(src/robot_controller) by extension 'colcon_pkg'
[0.271s] Level 1:colcon.colcon_core.package_identification:_identify(src/robot_controller) by extensions ['colcon_meta']
[0.271s] Level 1:colcon.colcon_core.package_identification:_identify(src/robot_controller) by extension 'colcon_meta'
[0.271s] Level 1:colcon.colcon_core.package_identification:_identify(src/robot_controller) by extensions ['ros']
[0.271s] Level 1:colcon.colcon_core.package_identification:_identify(src/robot_controller) by extension 'ros'
[0.273s] DEBUG:colcon.colcon_core.package_identification:Package 'src/robot_controller' with type 'ros.ament_python' and name 'robot_controller'
[0.273s] Level 1:colcon.colcon_core.package_identification:_identify(src/robot_distancia) by extensions ['ignore', 'ignore_ament_install']
[0.273s] Level 1:colcon.colcon_core.package_identification:_identify(src/robot_distancia) by extension 'ignore'
[0.273s] Level 1:colcon.colcon_core.package_identification:_identify(src/robot_distancia) by extension 'ignore_ament_install'
[0.273s] Level 1:colcon.colcon_core.package_identification:_identify(src/robot_distancia) by extensions ['colcon_pkg']
[0.273s] Level 1:colcon.colcon_core.package_identification:_identify(src/robot_distancia) by extension 'colcon_pkg'
[0.273s] Level 1:colcon.colcon_core.package_identification:_identify(src/robot_distancia) by extensions ['colcon_meta']
[0.273s] Level 1:colcon.colcon_core.package_identification:_identify(src/robot_distancia) by extension 'colcon_meta'
[0.274s] Level 1:colcon.colcon_core.package_identification:_identify(src/robot_distancia) by extensions ['ros']
[0.274s] Level 1:colcon.colcon_core.package_identification:_identify(src/robot_distancia) by extension 'ros'
[0.274s] DEBUG:colcon.colcon_core.package_identification:Package 'src/robot_distancia' with type 'ros.ament_python' and name 'robot_distancia'
[0.274s] Level 1:colcon.colcon_core.package_identification:_identify(src/robot_sensor_distance) by extensions ['ignore', 'ignore_ament_install']
[0.274s] Level 1:colcon.colcon_core.package_identification:_identify(src/robot_sensor_distance) by extension 'ignore'
[0.274s] Level 1:colcon.colcon_core.package_identification:_identify(src/robot_sensor_distance) by extension 'ignore_ament_install'
[0.274s] Level 1:colcon.colcon_core.package_identification:_identify(src/robot_sensor_distance) by extensions ['colcon_pkg']
[0.274s] Level 1:colcon.colcon_core.package_identification:_identify(src/robot_sensor_distance) by extension 'colcon_pkg'
[0.274s] Level 1:colcon.colcon_core.package_identification:_identify(src/robot_sensor_distance) by extensions ['colcon_meta']
[0.274s] Level 1:colcon.colcon_core.package_identification:_identify(src/robot_sensor_distance) by extension 'colcon_meta'
[0.274s] Level 1:colcon.colcon_core.package_identification:_identify(src/robot_sensor_distance) by extensions ['ros']
[0.274s] Level 1:colcon.colcon_core.package_identification:_identify(src/robot_sensor_distance) by extension 'ros'
[0.275s] DEBUG:colcon.colcon_core.package_identification:Package 'src/robot_sensor_distance' with type 'ros.ament_python' and name 'robot_sensor_distance'
[0.275s] Level 1:colcon.colcon_core.package_identification:_identify(src/sllidar_ros2) by extensions ['ignore', 'ignore_ament_install']
[0.275s] Level 1:colcon.colcon_core.package_identification:_identify(src/sllidar_ros2) by extension 'ignore'
[0.275s] Level 1:colcon.colcon_core.package_identification:_identify(src/sllidar_ros2) by extension 'ignore_ament_install'
[0.275s] Level 1:colcon.colcon_core.package_identification:_identify(src/sllidar_ros2) by extensions ['colcon_pkg']
[0.275s] Level 1:colcon.colcon_core.package_identification:_identify(src/sllidar_ros2) by extension 'colcon_pkg'
[0.275s] Level 1:colcon.colcon_core.package_identification:_identify(src/sllidar_ros2) by extensions ['colcon_meta']
[0.275s] Level 1:colcon.colcon_core.package_identification:_identify(src/sllidar_ros2) by extension 'colcon_meta'
[0.275s] Level 1:colcon.colcon_core.package_identification:_identify(src/sllidar_ros2) by extensions ['ros']
[0.275s] Level 1:colcon.colcon_core.package_identification:_identify(src/sllidar_ros2) by extension 'ros'
[0.276s] DEBUG:colcon.colcon_core.package_identification:Package 'src/sllidar_ros2' with type 'ros.ament_cmake' and name 'sllidar_ros2'
[0.276s] Level 1:colcon.colcon_core.package_discovery:discover_packages(recursive) using defaults
[0.276s] Level 1:colcon.colcon_core.package_discovery:discover_packages(ignore) discover
[0.276s] Level 1:colcon.colcon_core.package_discovery:discover_packages(ignore) using defaults
[0.276s] Level 1:colcon.colcon_core.package_discovery:discover_packages(path) discover
[0.276s] Level 1:colcon.colcon_core.package_discovery:discover_packages(path) using defaults
[0.294s] Level 1:colcon.colcon_core.package_discovery:discover_packages(prefix_path) check parameters
[0.294s] Level 1:colcon.colcon_core.package_discovery:discover_packages(prefix_path) discover
[0.296s] DEBUG:colcon.colcon_installed_package_information.package_discovery:Found 6 installed packages in /home/jsc/ros2_ws/install
[0.297s] DEBUG:colcon.colcon_installed_package_information.package_discovery:Found 1 installed packages in /home/jsc/Aros2duino/install
[0.298s] DEBUG:colcon.colcon_installed_package_information.package_discovery:Found 270 installed packages in /opt/ros/humble
[0.299s] Level 1:colcon.colcon_core.package_discovery:discover_packages(prefix_path) using defaults
[0.342s] Level 5:colcon.colcon_core.verb:set package 'robot_controller' build argument 'cmake_args' from command line to 'None'
[0.342s] Level 5:colcon.colcon_core.verb:set package 'robot_controller' build argument 'cmake_target' from command line to 'None'
[0.342s] Level 5:colcon.colcon_core.verb:set package 'robot_controller' build argument 'cmake_target_skip_unavailable' from command line to 'False'
[0.342s] Level 5:colcon.colcon_core.verb:set package 'robot_controller' build argument 'cmake_clean_cache' from command line to 'False'
[0.342s] Level 5:colcon.colcon_core.verb:set package 'robot_controller' build argument 'cmake_clean_first' from command line to 'False'
[0.342s] Level 5:colcon.colcon_core.verb:set package 'robot_controller' build argument 'cmake_force_configure' from command line to 'False'
[0.342s] Level 5:colcon.colcon_core.verb:set package 'robot_controller' build argument 'ament_cmake_args' from command line to 'None'
[0.342s] Level 5:colcon.colcon_core.verb:set package 'robot_controller' build argument 'catkin_cmake_args' from command line to 'None'
[0.342s] Level 5:colcon.colcon_core.verb:set package 'robot_controller' build argument 'catkin_skip_building_tests' from command line to 'False'
[0.342s] DEBUG:colcon.colcon_core.verb:Building package 'robot_controller' with the following arguments: {'ament_cmake_args': None, 'build_base': '/home/jsc/ros2_ws/build/robot_controller', 'catkin_cmake_args': None, 'catkin_skip_building_tests': False, 'cmake_args': None, 'cmake_clean_cache': False, 'cmake_clean_first': False, 'cmake_force_configure': False, 'cmake_target': None, 'cmake_target_skip_unavailable': False, 'install_base': '/home/jsc/ros2_ws/install/robot_controller', 'merge_install': False, 'path': '/home/jsc/ros2_ws/src/robot_controller', 'symlink_install': True, 'test_result_base': None}
[0.343s] Level 5:colcon.colcon_core.verb:set package 'robot_distancia' build argument 'cmake_args' from command line to 'None'
[0.343s] Level 5:colcon.colcon_core.verb:set package 'robot_distancia' build argument 'cmake_target' from command line to 'None'
[0.343s] Level 5:colcon.colcon_core.verb:set package 'robot_distancia' build argument 'cmake_target_skip_unavailable' from command line to 'False'
[0.343s] Level 5:colcon.colcon_core.verb:set package 'robot_distancia' build argument 'cmake_clean_cache' from command line to 'False'
[0.343s] Level 5:colcon.colcon_core.verb:set package 'robot_distancia' build argument 'cmake_clean_first' from command line to 'False'
[0.343s] Level 5:colcon.colcon_core.verb:set package 'robot_distancia' build argument 'cmake_force_configure' from command line to 'False'
[0.343s] Level 5:colcon.colcon_core.verb:set package 'robot_distancia' build argument 'ament_cmake_args' from command line to 'None'
[0.343s] Level 5:colcon.colcon_core.verb:set package 'robot_distancia' build argument 'catkin_cmake_args' from command line to 'None'
[0.343s] Level 5:colcon.colcon_core.verb:set package 'robot_distancia' build argument 'catkin_skip_building_tests' from command line to 'False'
[0.343s] DEBUG:colcon.colcon_core.verb:Building package 'robot_distancia' with the following arguments: {'ament_cmake_args': None, 'build_base': '/home/jsc/ros2_ws/build/robot_distancia', 'catkin_cmake_args': None, 'catkin_skip_building_tests': False, 'cmake_args': None, 'cmake_clean_cache': False, 'cmake_clean_first': False, 'cmake_force_configure': False, 'cmake_target': None, 'cmake_target_skip_unavailable': False, 'install_base': '/home/jsc/ros2_ws/install/robot_distancia', 'merge_install': False, 'path': '/home/jsc/ros2_ws/src/robot_distancia', 'symlink_install': True, 'test_result_base': None}
[0.343s] Level 5:colcon.colcon_core.verb:set package 'robot_sensor_distance' build argument 'cmake_args' from command line to 'None'
[0.343s] Level 5:colcon.colcon_core.verb:set package 'robot_sensor_distance' build argument 'cmake_target' from command line to 'None'
[0.343s] Level 5:colcon.colcon_core.verb:set package 'robot_sensor_distance' build argument 'cmake_target_skip_unavailable' from command line to 'False'
[0.343s] Level 5:colcon.colcon_core.verb:set package 'robot_sensor_distance' build argument 'cmake_clean_cache' from command line to 'False'
[0.343s] Level 5:colcon.colcon_core.verb:set package 'robot_sensor_distance' build argument 'cmake_clean_first' from command line to 'False'
[0.343s] Level 5:colcon.colcon_core.verb:set package 'robot_sensor_distance' build argument 'cmake_force_configure' from command line to 'False'
[0.343s] Level 5:colcon.colcon_core.verb:set package 'robot_sensor_distance' build argument 'ament_cmake_args' from command line to 'None'
[0.343s] Level 5:colcon.colcon_core.verb:set package 'robot_sensor_distance' build argument 'catkin_cmake_args' from command line to 'None'
[0.343s] Level 5:colcon.colcon_core.verb:set package 'robot_sensor_distance' build argument 'catkin_skip_building_tests' from command line to 'False'
[0.343s] DEBUG:colcon.colcon_core.verb:Building package 'robot_sensor_distance' with the following arguments: {'ament_cmake_args': None, 'build_base': '/home/jsc/ros2_ws/build/robot_sensor_distance', 'catkin_cmake_args': None, 'catkin_skip_building_tests': False, 'cmake_args': None, 'cmake_clean_cache': False, 'cmake_clean_first': False, 'cmake_force_configure': False, 'cmake_target': None, 'cmake_target_skip_unavailable': False, 'install_base': '/home/jsc/ros2_ws/install/robot_sensor_distance', 'merge_install': False, 'path': '/home/jsc/ros2_ws/src/robot_sensor_distance', 'symlink_install': True, 'test_result_base': None}
[0.344s] Level 5:colcon.colcon_core.verb:set package 'sllidar_ros2' build argument 'cmake_args' from command line to 'None'
[0.344s] Level 5:colcon.colcon_core.verb:set package 'sllidar_ros2' build argument 'cmake_target' from command line to 'None'
[0.344s] Level 5:colcon.colcon_core.verb:set package 'sllidar_ros2' build argument 'cmake_target_skip_unavailable' from command line to 'False'
[0.344s] Level 5:colcon.colcon_core.verb:set package 'sllidar_ros2' build argument 'cmake_clean_cache' from command line to 'False'
[0.344s] Level 5:colcon.colcon_core.verb:set package 'sllidar_ros2' build argument 'cmake_clean_first' from command line to 'False'
[0.344s] Level 5:colcon.colcon_core.verb:set package 'sllidar_ros2' build argument 'cmake_force_configure' from command line to 'False'
[0.344s] Level 5:colcon.colcon_core.verb:set package 'sllidar_ros2' build argument 'ament_cmake_args' from command line to 'None'
[0.344s] Level 5:colcon.colcon_core.verb:set package 'sllidar_ros2' build argument 'catkin_cmake_args' from command line to 'None'
[0.344s] Level 5:colcon.colcon_core.verb:set package 'sllidar_ros2' build argument 'catkin_skip_building_tests' from command line to 'False'
[0.344s] DEBUG:colcon.colcon_core.verb:Building package 'sllidar_ros2' with the following arguments: {'ament_cmake_args': None, 'build_base': '/home/jsc/ros2_ws/build/sllidar_ros2', 'catkin_cmake_args': None, 'catkin_skip_building_tests': False, 'cmake_args': None, 'cmake_clean_cache': False, 'cmake_clean_first': False, 'cmake_force_configure': False, 'cmake_target': None, 'cmake_target_skip_unavailable': False, 'install_base': '/home/jsc/ros2_ws/install/sllidar_ros2', 'merge_install': False, 'path': '/home/jsc/ros2_ws/src/sllidar_ros2', 'symlink_install': True, 'test_result_base': None}
[0.344s] INFO:colcon.colcon_core.executor:Executing jobs using 'parallel' executor
[0.345s] DEBUG:colcon.colcon_parallel_executor.executor.parallel:run_until_complete
[0.345s] INFO:colcon.colcon_ros.task.ament_python.build:Building ROS package in '/home/jsc/ros2_ws/src/robot_controller' with build type 'ament_python'
[0.345s] Level 1:colcon.colcon_core.shell:create_environment_hook('robot_controller', 'ament_prefix_path')
[0.347s] INFO:colcon.colcon_core.plugin_system:Skipping extension 'colcon_core.shell.bat': Not used on non-Windows systems
[0.347s] INFO:colcon.colcon_core.shell:Creating environment hook '/home/jsc/ros2_ws/install/robot_controller/share/robot_controller/hook/ament_prefix_path.ps1'
[0.348s] INFO:colcon.colcon_core.shell:Creating environment descriptor '/home/jsc/ros2_ws/install/robot_controller/share/robot_controller/hook/ament_prefix_path.dsv'
[0.348s] INFO:colcon.colcon_core.shell:Creating environment hook '/home/jsc/ros2_ws/install/robot_controller/share/robot_controller/hook/ament_prefix_path.sh'
[0.349s] INFO:colcon.colcon_core.shell:Skip shell extension 'powershell' for command environment: Not usable outside of PowerShell
[0.349s] DEBUG:colcon.colcon_core.shell:Skip shell extension 'dsv' for command environment
[0.353s] INFO:colcon.colcon_ros.task.ament_python.build:Building ROS package in '/home/jsc/ros2_ws/src/robot_distancia' with build type 'ament_python'
[0.353s] Level 1:colcon.colcon_core.shell:create_environment_hook('robot_distancia', 'ament_prefix_path')
[0.353s] INFO:colcon.colcon_core.shell:Creating environment hook '/home/jsc/ros2_ws/install/robot_distancia/share/robot_distancia/hook/ament_prefix_path.ps1'
[0.354s] INFO:colcon.colcon_core.shell:Creating environment descriptor '/home/jsc/ros2_ws/install/robot_distancia/share/robot_distancia/hook/ament_prefix_path.dsv'
[0.354s] INFO:colcon.colcon_core.shell:Creating environment hook '/home/jsc/ros2_ws/install/robot_distancia/share/robot_distancia/hook/ament_prefix_path.sh'
[0.354s] INFO:colcon.colcon_core.shell:Skip shell extension 'powershell' for command environment: Not usable outside of PowerShell
[0.354s] DEBUG:colcon.colcon_core.shell:Skip shell extension 'dsv' for command environment
[0.358s] INFO:colcon.colcon_ros.task.ament_python.build:Building ROS package in '/home/jsc/ros2_ws/src/robot_sensor_distance' with build type 'ament_python'
[0.358s] Level 1:colcon.colcon_core.shell:create_environment_hook('robot_sensor_distance', 'ament_prefix_path')
[0.359s] INFO:colcon.colcon_core.shell:Creating environment hook '/home/jsc/ros2_ws/install/robot_sensor_distance/share/robot_sensor_distance/hook/ament_prefix_path.ps1'
[0.359s] INFO:colcon.colcon_core.shell:Creating environment descriptor '/home/jsc/ros2_ws/install/robot_sensor_distance/share/robot_sensor_distance/hook/ament_prefix_path.dsv'
[0.360s] INFO:colcon.colcon_core.shell:Creating environment hook '/home/jsc/ros2_ws/install/robot_sensor_distance/share/robot_sensor_distance/hook/ament_prefix_path.sh'
[0.360s] INFO:colcon.colcon_core.shell:Skip shell extension 'powershell' for command environment: Not usable outside of PowerShell
[0.360s] DEBUG:colcon.colcon_core.shell:Skip shell extension 'dsv' for command environment
[0.364s] INFO:colcon.colcon_ros.task.ament_cmake.build:Building ROS package in '/home/jsc/ros2_ws/src/sllidar_ros2' with build type 'ament_cmake'
[0.364s] INFO:colcon.colcon_cmake.task.cmake.build:Building CMake package in '/home/jsc/ros2_ws/src/sllidar_ros2'
[0.365s] INFO:colcon.colcon_core.shell:Skip shell extension 'powershell' for command environment: Not usable outside of PowerShell
[0.365s] DEBUG:colcon.colcon_core.shell:Skip shell extension 'dsv' for command environment
[0.620s] INFO:colcon.colcon_core.task.python.build:Building Python package in '/home/jsc/ros2_ws/src/robot_controller'
[0.621s] INFO:colcon.colcon_core.shell:Skip shell extension 'powershell' for command environment: Not usable outside of PowerShell
[0.621s] DEBUG:colcon.colcon_core.shell:Skip shell extension 'dsv' for command environment
[0.869s] INFO:colcon.colcon_core.task.python.build:Building Python package in '/home/jsc/ros2_ws/src/robot_distancia'
[0.869s] INFO:colcon.colcon_core.shell:Skip shell extension 'powershell' for command environment: Not usable outside of PowerShell
[0.869s] DEBUG:colcon.colcon_core.shell:Skip shell extension 'dsv' for command environment
[1.114s] INFO:colcon.colcon_core.task.python.build:Building Python package in '/home/jsc/ros2_ws/src/robot_sensor_distance'
[1.114s] INFO:colcon.colcon_core.shell:Skip shell extension 'powershell' for command environment: Not usable outside of PowerShell
[1.114s] DEBUG:colcon.colcon_core.shell:Skip shell extension 'dsv' for command environment
[1.121s] DEBUG:colcon.colcon_core.event_handler.log_command:Invoking command in '/home/jsc/ros2_ws/build/sllidar_ros2': CMAKE_PREFIX_PATH=${CMAKE_PREFIX_PATH}:/home/jsc/ros2_ws/install/robot_sensor_distance:/home/jsc/ros2_ws/install/robot_distancia:/home/jsc/ros2_ws/install/robot_controller:/home/jsc/ros2_ws/install/prueba:/home/jsc/ros2_ws/install/aros2duino:/home/jsc/Aros2duino/install/aros2duino:/opt/ros/humble /usr/bin/cmake /home/jsc/ros2_ws/src/sllidar_ros2 -DAMENT_CMAKE_SYMLINK_INSTALL=1 -DCMAKE_INSTALL_PREFIX=/home/jsc/ros2_ws/install/sllidar_ros2
[1.490s] DEBUG:colcon.colcon_core.task.python.build:While undoing a previous installation files outside the Python library path are being ignored: /home/jsc/ros2_ws/install/robot_distancia/share/ament_index/resource_index/packages/robot_distancia
[1.490s] DEBUG:colcon.colcon_core.task.python.build:While undoing a previous installation files outside the Python library path are being ignored: /home/jsc/ros2_ws/install/robot_distancia/share/robot_distancia/package.xml
[1.491s] DEBUG:colcon.colcon_core.task.python.build:While undoing a previous installation files outside the Python library path are being ignored: /home/jsc/ros2_ws/install/robot_distancia/lib/robot_distancia/distancia
[1.494s] DEBUG:colcon.colcon_core.event_handler.log_command:Invoking command in '/home/jsc/ros2_ws/build/robot_distancia': PYTHONPATH=/home/jsc/ros2_ws/build/robot_distancia/prefix_override:/home/jsc/ros2_ws/install/robot_distancia/lib/python3.10/site-packages:${PYTHONPATH} /usr/bin/python3 -W ignore:setup.py install is deprecated setup.py develop --editable --build-directory /home/jsc/ros2_ws/build/robot_distancia/build --no-deps symlink_data --force
[1.494s] DEBUG:colcon.colcon_core.task.python.build:While undoing a previous installation files outside the Python library path are being ignored: /home/jsc/ros2_ws/install/robot_sensor_distance/share/ament_index/resource_index/packages/robot_sensor_distance
[1.494s] DEBUG:colcon.colcon_core.task.python.build:While undoing a previous installation files outside the Python library path are being ignored: /home/jsc/ros2_ws/install/robot_sensor_distance/share/robot_sensor_distance/package.xml
[1.494s] DEBUG:colcon.colcon_core.task.python.build:While undoing a previous installation files outside the Python library path are being ignored: /home/jsc/ros2_ws/install/robot_sensor_distance/lib/robot_sensor_distance/distancia
[1.496s] DEBUG:colcon.colcon_core.event_handler.log_command:Invoking command in '/home/jsc/ros2_ws/build/robot_sensor_distance': PYTHONPATH=/home/jsc/ros2_ws/build/robot_sensor_distance/prefix_override:/home/jsc/ros2_ws/install/robot_sensor_distance/lib/python3.10/site-packages:${PYTHONPATH} /usr/bin/python3 -W ignore:setup.py install is deprecated setup.py develop --editable --build-directory /home/jsc/ros2_ws/build/robot_sensor_distance/build --no-deps symlink_data --force
[1.497s] DEBUG:colcon.colcon_core.task.python.build:While undoing a previous installation files outside the Python library path are being ignored: /home/jsc/ros2_ws/install/robot_controller/share/ament_index/resource_index/packages/robot_controller
[1.497s] DEBUG:colcon.colcon_core.task.python.build:While undoing a previous installation files outside the Python library path are being ignored: /home/jsc/ros2_ws/install/robot_controller/share/robot_controller/package.xml
[1.497s] DEBUG:colcon.colcon_core.task.python.build:While undoing a previous installation files outside the Python library path are being ignored: /home/jsc/ros2_ws/install/robot_controller/lib/robot_controller/find_ports
[1.497s] DEBUG:colcon.colcon_core.task.python.build:While undoing a previous installation files outside the Python library path are being ignored: /home/jsc/ros2_ws/install/robot_controller/lib/robot_controller/text_node
[1.500s] DEBUG:colcon.colcon_core.event_handler.log_command:Invoking command in '/home/jsc/ros2_ws/build/robot_controller': PYTHONPATH=/home/jsc/ros2_ws/build/robot_controller/prefix_override:/home/jsc/ros2_ws/install/robot_controller/lib/python3.10/site-packages:${PYTHONPATH} /usr/bin/python3 -W ignore:setup.py install is deprecated setup.py develop --editable --build-directory /home/jsc/ros2_ws/build/robot_controller/build --no-deps symlink_data --force
[1.940s] DEBUG:colcon.colcon_core.event_handler.log_command:Invoked command in '/home/jsc/ros2_ws/build/sllidar_ros2' returned '0': CMAKE_PREFIX_PATH=${CMAKE_PREFIX_PATH}:/home/jsc/ros2_ws/install/robot_sensor_distance:/home/jsc/ros2_ws/install/robot_distancia:/home/jsc/ros2_ws/install/robot_controller:/home/jsc/ros2_ws/install/prueba:/home/jsc/ros2_ws/install/aros2duino:/home/jsc/Aros2duino/install/aros2duino:/opt/ros/humble /usr/bin/cmake /home/jsc/ros2_ws/src/sllidar_ros2 -DAMENT_CMAKE_SYMLINK_INSTALL=1 -DCMAKE_INSTALL_PREFIX=/home/jsc/ros2_ws/install/sllidar_ros2
[1.942s] DEBUG:colcon.colcon_core.event_handler.log_command:Invoking command in '/home/jsc/ros2_ws/build/sllidar_ros2': CMAKE_PREFIX_PATH=${CMAKE_PREFIX_PATH}:/home/jsc/ros2_ws/install/robot_sensor_distance:/home/jsc/ros2_ws/install/robot_distancia:/home/jsc/ros2_ws/install/robot_controller:/home/jsc/ros2_ws/install/prueba:/home/jsc/ros2_ws/install/aros2duino:/home/jsc/Aros2duino/install/aros2duino:/opt/ros/humble /usr/bin/cmake --build /home/jsc/ros2_ws/build/sllidar_ros2 -- -j12 -l12
[1.959s] Level 1:colcon.colcon_core.shell:create_environment_hook('robot_distancia', 'pythonpath_develop')
[1.959s] INFO:colcon.colcon_core.shell:Creating environment hook '/home/jsc/ros2_ws/build/robot_distancia/share/robot_distancia/hook/pythonpath_develop.ps1'
[1.960s] DEBUG:colcon.colcon_core.event_handler.log_command:Invoked command in '/home/jsc/ros2_ws/build/robot_distancia' returned '0': PYTHONPATH=/home/jsc/ros2_ws/build/robot_distancia/prefix_override:/home/jsc/ros2_ws/install/robot_distancia/lib/python3.10/site-packages:${PYTHONPATH} /usr/bin/python3 -W ignore:setup.py install is deprecated setup.py develop --editable --build-directory /home/jsc/ros2_ws/build/robot_distancia/build --no-deps symlink_data --force
[1.960s] INFO:colcon.colcon_core.shell:Creating environment descriptor '/home/jsc/ros2_ws/build/robot_distancia/share/robot_distancia/hook/pythonpath_develop.dsv'
[1.961s] INFO:colcon.colcon_core.shell:Creating environment hook '/home/jsc/ros2_ws/build/robot_distancia/share/robot_distancia/hook/pythonpath_develop.sh'
[1.964s] Level 1:colcon.colcon_core.environment:checking '/home/jsc/ros2_ws/install/robot_distancia' for CMake module files
[1.964s] Level 1:colcon.colcon_core.environment:checking '/home/jsc/ros2_ws/install/robot_distancia' for CMake config files
[1.965s] Level 1:colcon.colcon_core.environment:checking '/home/jsc/ros2_ws/install/robot_distancia/lib'
[1.965s] Level 1:colcon.colcon_core.environment:checking '/home/jsc/ros2_ws/install/robot_distancia/bin'
[1.965s] Level 1:colcon.colcon_core.environment:checking '/home/jsc/ros2_ws/install/robot_distancia/lib/pkgconfig/robot_distancia.pc'
[1.965s] Level 1:colcon.colcon_core.environment:checking '/home/jsc/ros2_ws/install/robot_distancia/lib/python3.10/site-packages'
[1.965s] Level 1:colcon.colcon_core.shell:create_environment_hook('robot_distancia', 'pythonpath')
[1.965s] INFO:colcon.colcon_core.shell:Creating environment hook '/home/jsc/ros2_ws/install/robot_distancia/share/robot_distancia/hook/pythonpath.ps1'
[1.966s] INFO:colcon.colcon_core.shell:Creating environment descriptor '/home/jsc/ros2_ws/install/robot_distancia/share/robot_distancia/hook/pythonpath.dsv'
[1.966s] INFO:colcon.colcon_core.shell:Creating environment hook '/home/jsc/ros2_ws/install/robot_distancia/share/robot_distancia/hook/pythonpath.sh'
[1.967s] Level 1:colcon.colcon_core.environment:checking '/home/jsc/ros2_ws/install/robot_distancia/bin'
[1.967s] Level 1:colcon.colcon_core.environment:create_environment_scripts_only(robot_distancia)
[1.967s] INFO:colcon.colcon_core.shell:Creating package script '/home/jsc/ros2_ws/install/robot_distancia/share/robot_distancia/package.ps1'
[1.968s] INFO:colcon.colcon_core.shell:Creating package descriptor '/home/jsc/ros2_ws/install/robot_distancia/share/robot_distancia/package.dsv'
[1.969s] INFO:colcon.colcon_core.shell:Creating package script '/home/jsc/ros2_ws/install/robot_distancia/share/robot_distancia/package.sh'
[1.969s] INFO:colcon.colcon_core.shell:Creating package script '/home/jsc/ros2_ws/install/robot_distancia/share/robot_distancia/package.bash'
[1.970s] INFO:colcon.colcon_core.shell:Creating package script '/home/jsc/ros2_ws/install/robot_distancia/share/robot_distancia/package.zsh'
[1.971s] Level 1:colcon.colcon_core.environment:create_file_with_runtime_dependencies(/home/jsc/ros2_ws/install/robot_distancia/share/colcon-core/packages/robot_distancia)
[1.973s] Level 1:colcon.colcon_core.shell:create_environment_hook('robot_sensor_distance', 'pythonpath_develop')
[1.973s] INFO:colcon.colcon_core.shell:Creating environment hook '/home/jsc/ros2_ws/build/robot_sensor_distance/share/robot_sensor_distance/hook/pythonpath_develop.ps1'
[1.974s] DEBUG:colcon.colcon_core.event_handler.log_command:Invoked command in '/home/jsc/ros2_ws/build/robot_sensor_distance' returned '0': PYTHONPATH=/home/jsc/ros2_ws/build/robot_sensor_distance/prefix_override:/home/jsc/ros2_ws/install/robot_sensor_distance/lib/python3.10/site-packages:${PYTHONPATH} /usr/bin/python3 -W ignore:setup.py install is deprecated setup.py develop --editable --build-directory /home/jsc/ros2_ws/build/robot_sensor_distance/build --no-deps symlink_data --force
[1.974s] INFO:colcon.colcon_core.shell:Creating environment descriptor '/home/jsc/ros2_ws/build/robot_sensor_distance/share/robot_sensor_distance/hook/pythonpath_develop.dsv'
[1.974s] INFO:colcon.colcon_core.shell:Creating environment hook '/home/jsc/ros2_ws/build/robot_sensor_distance/share/robot_sensor_distance/hook/pythonpath_develop.sh'
[1.975s] Level 1:colcon.colcon_core.environment:checking '/home/jsc/ros2_ws/install/robot_sensor_distance' for CMake module files
[1.975s] Level 1:colcon.colcon_core.environment:checking '/home/jsc/ros2_ws/install/robot_sensor_distance' for CMake config files
[1.976s] Level 1:colcon.colcon_core.environment:checking '/home/jsc/ros2_ws/install/robot_sensor_distance/lib'
[1.976s] Level 1:colcon.colcon_core.environment:checking '/home/jsc/ros2_ws/install/robot_sensor_distance/bin'
[1.976s] Level 1:colcon.colcon_core.environment:checking '/home/jsc/ros2_ws/install/robot_sensor_distance/lib/pkgconfig/robot_sensor_distance.pc'
[1.976s] Level 1:colcon.colcon_core.environment:checking '/home/jsc/ros2_ws/install/robot_sensor_distance/lib/python3.10/site-packages'
[1.977s] Level 1:colcon.colcon_core.shell:create_environment_hook('robot_sensor_distance', 'pythonpath')
[1.977s] INFO:colcon.colcon_core.shell:Creating environment hook '/home/jsc/ros2_ws/install/robot_sensor_distance/share/robot_sensor_distance/hook/pythonpath.ps1'
[1.977s] INFO:colcon.colcon_core.shell:Creating environment descriptor '/home/jsc/ros2_ws/install/robot_sensor_distance/share/robot_sensor_distance/hook/pythonpath.dsv'
[1.978s] INFO:colcon.colcon_core.shell:Creating environment hook '/home/jsc/ros2_ws/install/robot_sensor_distance/share/robot_sensor_distance/hook/pythonpath.sh'
[1.978s] Level 1:colcon.colcon_core.environment:checking '/home/jsc/ros2_ws/install/robot_sensor_distance/bin'
[1.978s] Level 1:colcon.colcon_core.environment:create_environment_scripts_only(robot_sensor_distance)
[1.979s] INFO:colcon.colcon_core.shell:Creating package script '/home/jsc/ros2_ws/install/robot_sensor_distance/share/robot_sensor_distance/package.ps1'
[1.979s] INFO:colcon.colcon_core.shell:Creating package descriptor '/home/jsc/ros2_ws/install/robot_sensor_distance/share/robot_sensor_distance/package.dsv'
[1.980s] INFO:colcon.colcon_core.shell:Creating package script '/home/jsc/ros2_ws/install/robot_sensor_distance/share/robot_sensor_distance/package.sh'
[1.980s] INFO:colcon.colcon_core.shell:Creating package script '/home/jsc/ros2_ws/install/robot_sensor_distance/share/robot_sensor_distance/package.bash'
[1.981s] INFO:colcon.colcon_core.shell:Creating package script '/home/jsc/ros2_ws/install/robot_sensor_distance/share/robot_sensor_distance/package.zsh'
[1.981s] Level 1:colcon.colcon_core.environment:create_file_with_runtime_dependencies(/home/jsc/ros2_ws/install/robot_sensor_distance/share/colcon-core/packages/robot_sensor_distance)
[1.983s] Level 1:colcon.colcon_core.shell:create_environment_hook('robot_controller', 'pythonpath_develop')
[1.983s] INFO:colcon.colcon_core.shell:Creating environment hook '/home/jsc/ros2_ws/build/robot_controller/share/robot_controller/hook/pythonpath_develop.ps1'
[1.984s] DEBUG:colcon.colcon_core.event_handler.log_command:Invoked command in '/home/jsc/ros2_ws/build/robot_controller' returned '0': PYTHONPATH=/home/jsc/ros2_ws/build/robot_controller/prefix_override:/home/jsc/ros2_ws/install/robot_controller/lib/python3.10/site-packages:${PYTHONPATH} /usr/bin/python3 -W ignore:setup.py install is deprecated setup.py develop --editable --build-directory /home/jsc/ros2_ws/build/robot_controller/build --no-deps symlink_data --force
[1.984s] INFO:colcon.colcon_core.shell:Creating environment descriptor '/home/jsc/ros2_ws/build/robot_controller/share/robot_controller/hook/pythonpath_develop.dsv'
[1.984s] INFO:colcon.colcon_core.shell:Creating environment hook '/home/jsc/ros2_ws/build/robot_controller/share/robot_controller/hook/pythonpath_develop.sh'
[1.985s] Level 1:colcon.colcon_core.environment:checking '/home/jsc/ros2_ws/install/robot_controller' for CMake module files
[1.985s] Level 1:colcon.colcon_core.environment:checking '/home/jsc/ros2_ws/install/robot_controller' for CMake config files
[1.986s] Level 1:colcon.colcon_core.environment:checking '/home/jsc/ros2_ws/install/robot_controller/lib'
[1.986s] Level 1:colcon.colcon_core.environment:checking '/home/jsc/ros2_ws/install/robot_controller/bin'
[1.986s] Level 1:colcon.colcon_core.environment:checking '/home/jsc/ros2_ws/install/robot_controller/lib/pkgconfig/robot_controller.pc'
[1.986s] Level 1:colcon.colcon_core.environment:checking '/home/jsc/ros2_ws/install/robot_controller/lib/python3.10/site-packages'
[1.986s] Level 1:colcon.colcon_core.shell:create_environment_hook('robot_controller', 'pythonpath')
[1.986s] INFO:colcon.colcon_core.shell:Creating environment hook '/home/jsc/ros2_ws/install/robot_controller/share/robot_controller/hook/pythonpath.ps1'
[1.987s] INFO:colcon.colcon_core.shell:Creating environment descriptor '/home/jsc/ros2_ws/install/robot_controller/share/robot_controller/hook/pythonpath.dsv'
[1.987s] INFO:colcon.colcon_core.shell:Creating environment hook '/home/jsc/ros2_ws/install/robot_controller/share/robot_controller/hook/pythonpath.sh'
[1.987s] Level 1:colcon.colcon_core.environment:checking '/home/jsc/ros2_ws/install/robot_controller/bin'
[1.988s] Level 1:colcon.colcon_core.environment:create_environment_scripts_only(robot_controller)
[1.988s] INFO:colcon.colcon_core.shell:Creating package script '/home/jsc/ros2_ws/install/robot_controller/share/robot_controller/package.ps1'
[1.988s] INFO:colcon.colcon_core.shell:Creating package descriptor '/home/jsc/ros2_ws/install/robot_controller/share/robot_controller/package.dsv'
[1.989s] INFO:colcon.colcon_core.shell:Creating package script '/home/jsc/ros2_ws/install/robot_controller/share/robot_controller/package.sh'
[1.989s] INFO:colcon.colcon_core.shell:Creating package script '/home/jsc/ros2_ws/install/robot_controller/share/robot_controller/package.bash'
[1.989s] INFO:colcon.colcon_core.shell:Creating package script '/home/jsc/ros2_ws/install/robot_controller/share/robot_controller/package.zsh'
[1.990s] Level 1:colcon.colcon_core.environment:create_file_with_runtime_dependencies(/home/jsc/ros2_ws/install/robot_controller/share/colcon-core/packages/robot_controller)
[2.047s] DEBUG:colcon.colcon_core.event_handler.log_command:Invoked command in '/home/jsc/ros2_ws/build/sllidar_ros2' returned '0': CMAKE_PREFIX_PATH=${CMAKE_PREFIX_PATH}:/home/jsc/ros2_ws/install/robot_sensor_distance:/home/jsc/ros2_ws/install/robot_distancia:/home/jsc/ros2_ws/install/robot_controller:/home/jsc/ros2_ws/install/prueba:/home/jsc/ros2_ws/install/aros2duino:/home/jsc/Aros2duino/install/aros2duino:/opt/ros/humble /usr/bin/cmake --build /home/jsc/ros2_ws/build/sllidar_ros2 -- -j12 -l12
[2.117s] DEBUG:colcon.colcon_core.event_handler.log_command:Invoking command in '/home/jsc/ros2_ws/build/sllidar_ros2': CMAKE_PREFIX_PATH=${CMAKE_PREFIX_PATH}:/home/jsc/ros2_ws/install/robot_sensor_distance:/home/jsc/ros2_ws/install/robot_distancia:/home/jsc/ros2_ws/install/robot_controller:/home/jsc/ros2_ws/install/prueba:/home/jsc/ros2_ws/install/aros2duino:/home/jsc/Aros2duino/install/aros2duino:/opt/ros/humble /usr/bin/cmake --install /home/jsc/ros2_ws/build/sllidar_ros2
[2.139s] Level 1:colcon.colcon_core.environment:create_environment_scripts_only(sllidar_ros2)
[2.139s] Level 1:colcon.colcon_core.environment:checking '/home/jsc/ros2_ws/install/sllidar_ros2' for CMake module files
[2.140s] DEBUG:colcon.colcon_core.event_handler.log_command:Invoked command in '/home/jsc/ros2_ws/build/sllidar_ros2' returned '0': CMAKE_PREFIX_PATH=${CMAKE_PREFIX_PATH}:/home/jsc/ros2_ws/install/robot_sensor_distance:/home/jsc/ros2_ws/install/robot_distancia:/home/jsc/ros2_ws/install/robot_controller:/home/jsc/ros2_ws/install/prueba:/home/jsc/ros2_ws/install/aros2duino:/home/jsc/Aros2duino/install/aros2duino:/opt/ros/humble /usr/bin/cmake --install /home/jsc/ros2_ws/build/sllidar_ros2
[2.140s] Level 1:colcon.colcon_core.environment:checking '/home/jsc/ros2_ws/install/sllidar_ros2' for CMake config files
[2.141s] Level 1:colcon.colcon_core.shell:create_environment_hook('sllidar_ros2', 'cmake_prefix_path')
[2.141s] INFO:colcon.colcon_core.shell:Creating environment hook '/home/jsc/ros2_ws/install/sllidar_ros2/share/sllidar_ros2/hook/cmake_prefix_path.ps1'
[2.141s] INFO:colcon.colcon_core.shell:Creating environment descriptor '/home/jsc/ros2_ws/install/sllidar_ros2/share/sllidar_ros2/hook/cmake_prefix_path.dsv'
[2.142s] INFO:colcon.colcon_core.shell:Creating environment hook '/home/jsc/ros2_ws/install/sllidar_ros2/share/sllidar_ros2/hook/cmake_prefix_path.sh'
[2.142s] Level 1:colcon.colcon_core.environment:checking '/home/jsc/ros2_ws/install/sllidar_ros2/lib'
[2.143s] Level 1:colcon.colcon_core.environment:checking '/home/jsc/ros2_ws/install/sllidar_ros2/bin'
[2.143s] Level 1:colcon.colcon_core.environment:checking '/home/jsc/ros2_ws/install/sllidar_ros2/lib/pkgconfig/sllidar_ros2.pc'
[2.143s] Level 1:colcon.colcon_core.environment:checking '/home/jsc/ros2_ws/install/sllidar_ros2/lib/python3.10/site-packages'
[2.143s] Level 1:colcon.colcon_core.environment:checking '/home/jsc/ros2_ws/install/sllidar_ros2/bin'
[2.143s] INFO:colcon.colcon_core.shell:Creating package script '/home/jsc/ros2_ws/install/sllidar_ros2/share/sllidar_ros2/package.ps1'
[2.144s] INFO:colcon.colcon_core.shell:Creating package descriptor '/home/jsc/ros2_ws/install/sllidar_ros2/share/sllidar_ros2/package.dsv'
[2.144s] INFO:colcon.colcon_core.shell:Creating package script '/home/jsc/ros2_ws/install/sllidar_ros2/share/sllidar_ros2/package.sh'
[2.145s] INFO:colcon.colcon_core.shell:Creating package script '/home/jsc/ros2_ws/install/sllidar_ros2/share/sllidar_ros2/package.bash'
[2.145s] INFO:colcon.colcon_core.shell:Creating package script '/home/jsc/ros2_ws/install/sllidar_ros2/share/sllidar_ros2/package.zsh'
[2.145s] Level 1:colcon.colcon_core.environment:create_file_with_runtime_dependencies(/home/jsc/ros2_ws/install/sllidar_ros2/share/colcon-core/packages/sllidar_ros2)
[2.220s] Level 1:colcon.colcon_core.environment:create_environment_scripts_only(sllidar_ros2)
[2.221s] Level 1:colcon.colcon_core.environment:checking '/home/jsc/ros2_ws/install/sllidar_ros2' for CMake module files
[2.222s] Level 1:colcon.colcon_core.environment:checking '/home/jsc/ros2_ws/install/sllidar_ros2' for CMake config files
[2.222s] Level 1:colcon.colcon_core.shell:create_environment_hook('sllidar_ros2', 'cmake_prefix_path')
[2.223s] INFO:colcon.colcon_core.shell:Creating environment hook '/home/jsc/ros2_ws/install/sllidar_ros2/share/sllidar_ros2/hook/cmake_prefix_path.ps1'
[2.223s] INFO:colcon.colcon_core.shell:Creating environment descriptor '/home/jsc/ros2_ws/install/sllidar_ros2/share/sllidar_ros2/hook/cmake_prefix_path.dsv'
[2.224s] INFO:colcon.colcon_core.shell:Creating environment hook '/home/jsc/ros2_ws/install/sllidar_ros2/share/sllidar_ros2/hook/cmake_prefix_path.sh'
[2.224s] Level 1:colcon.colcon_core.environment:checking '/home/jsc/ros2_ws/install/sllidar_ros2/lib'
[2.224s] Level 1:colcon.colcon_core.environment:checking '/home/jsc/ros2_ws/install/sllidar_ros2/bin'
[2.224s] Level 1:colcon.colcon_core.environment:checking '/home/jsc/ros2_ws/install/sllidar_ros2/lib/pkgconfig/sllidar_ros2.pc'
[2.225s] Level 1:colcon.colcon_core.environment:checking '/home/jsc/ros2_ws/install/sllidar_ros2/lib/python3.10/site-packages'
[2.225s] Level 1:colcon.colcon_core.environment:checking '/home/jsc/ros2_ws/install/sllidar_ros2/bin'
[2.225s] INFO:colcon.colcon_core.shell:Creating package script '/home/jsc/ros2_ws/install/sllidar_ros2/share/sllidar_ros2/package.ps1'
[2.226s] INFO:colcon.colcon_core.shell:Creating package descriptor '/home/jsc/ros2_ws/install/sllidar_ros2/share/sllidar_ros2/package.dsv'
[2.226s] INFO:colcon.colcon_core.shell:Creating package script '/home/jsc/ros2_ws/install/sllidar_ros2/share/sllidar_ros2/package.sh'
[2.227s] INFO:colcon.colcon_core.shell:Creating package script '/home/jsc/ros2_ws/install/sllidar_ros2/share/sllidar_ros2/package.bash'
[2.227s] INFO:colcon.colcon_core.shell:Creating package script '/home/jsc/ros2_ws/install/sllidar_ros2/share/sllidar_ros2/package.zsh'
[2.228s] Level 1:colcon.colcon_core.environment:create_file_with_runtime_dependencies(/home/jsc/ros2_ws/install/sllidar_ros2/share/colcon-core/packages/sllidar_ros2)
[2.228s] DEBUG:colcon.colcon_parallel_executor.executor.parallel:closing loop
[2.229s] DEBUG:colcon.colcon_parallel_executor.executor.parallel:loop closed
[2.229s] DEBUG:colcon.colcon_parallel_executor.executor.parallel:run_until_complete finished with '0'
[2.229s] DEBUG:colcon.colcon_core.event_reactor:joining thread
[2.237s] INFO:colcon.colcon_core.plugin_system:Skipping extension 'colcon_notification.desktop_notification.terminal_notifier': Not used on non-Darwin systems
[2.237s] INFO:colcon.colcon_core.plugin_system:Skipping extension 'colcon_notification.desktop_notification.win32': Not used on non-Windows systems
[2.237s] INFO:colcon.colcon_notification.desktop_notification:Sending desktop notification using 'notify2'
[2.248s] DEBUG:colcon.colcon_core.event_reactor:joined thread
[2.249s] INFO:colcon.colcon_core.shell:Creating prefix script '/home/jsc/ros2_ws/install/local_setup.ps1'
[2.250s] INFO:colcon.colcon_core.shell:Creating prefix util module '/home/jsc/ros2_ws/install/_local_setup_util_ps1.py'
[2.251s] INFO:colcon.colcon_core.shell:Creating prefix chain script '/home/jsc/ros2_ws/install/setup.ps1'
[2.253s] INFO:colcon.colcon_core.shell:Creating prefix script '/home/jsc/ros2_ws/install/local_setup.sh'
[2.253s] INFO:colcon.colcon_core.shell:Creating prefix util module '/home/jsc/ros2_ws/install/_local_setup_util_sh.py'
[2.253s] INFO:colcon.colcon_core.shell:Creating prefix chain script '/home/jsc/ros2_ws/install/setup.sh'
[2.255s] INFO:colcon.colcon_core.shell:Creating prefix script '/home/jsc/ros2_ws/install/local_setup.bash'
[2.256s] INFO:colcon.colcon_core.shell:Creating prefix chain script '/home/jsc/ros2_ws/install/setup.bash'
[2.257s] INFO:colcon.colcon_core.shell:Creating prefix script '/home/jsc/ros2_ws/install/local_setup.zsh'
[2.257s] INFO:colcon.colcon_core.shell:Creating prefix chain script '/home/jsc/ros2_ws/install/setup.zsh'
