[1.616s] Invoking command in '/home/jsc/ros2_ws/src/robot_distancia': PYTHONPATH=/home/jsc/ros2_ws/build/robot_distancia/prefix_override:/usr/lib/python3/dist-packages/colcon_core/task/python/colcon_distutils_commands:/home/jsc/ros2_ws/install/robot_distancia/lib/python3.10/site-packages:${PYTHONPATH} /usr/bin/python3 -W ignore:setup.py install is deprecated setup.py egg_info --egg-base ../../build/robot_distancia build --build-base /home/jsc/ros2_ws/build/robot_distancia/build install --record /home/jsc/ros2_ws/build/robot_distancia/install.log --single-version-externally-managed install_data
[1.863s] running egg_info
[1.864s] writing ../../build/robot_distancia/robot_distancia.egg-info/PKG-INFO
[1.864s] writing dependency_links to ../../build/robot_distancia/robot_distancia.egg-info/dependency_links.txt
[1.864s] writing entry points to ../../build/robot_distancia/robot_distancia.egg-info/entry_points.txt
[1.865s] writing requirements to ../../build/robot_distancia/robot_distancia.egg-info/requires.txt
[1.865s] writing top-level names to ../../build/robot_distancia/robot_distancia.egg-info/top_level.txt
[1.866s] reading manifest file '../../build/robot_distancia/robot_distancia.egg-info/SOURCES.txt'
[1.866s] adding license file 'LICENSE'
[1.867s] writing manifest file '../../build/robot_distancia/robot_distancia.egg-info/SOURCES.txt'
[1.867s] running build
[1.868s] running build_py
[1.868s] running install
[1.868s] running install_lib
[1.869s] running install_data
[1.869s] running install_egg_info
[1.872s] removing '/home/jsc/ros2_ws/install/robot_distancia/lib/python3.10/site-packages/robot_distancia-0.0.0-py3.10.egg-info' (and everything under it)
[1.872s] Copying ../../build/robot_distancia/robot_distancia.egg-info to /home/jsc/ros2_ws/install/robot_distancia/lib/python3.10/site-packages/robot_distancia-0.0.0-py3.10.egg-info
[1.873s] running install_scripts
[1.892s] Installing distancia script to /home/jsc/ros2_ws/install/robot_distancia/lib/robot_distancia
[1.893s] writing list of installed files to '/home/jsc/ros2_ws/build/robot_distancia/install.log'
[1.925s] Invoked command in '/home/jsc/ros2_ws/src/robot_distancia' returned '0': PYTHONPATH=/home/jsc/ros2_ws/build/robot_distancia/prefix_override:/usr/lib/python3/dist-packages/colcon_core/task/python/colcon_distutils_commands:/home/jsc/ros2_ws/install/robot_distancia/lib/python3.10/site-packages:${PYTHONPATH} /usr/bin/python3 -W ignore:setup.py install is deprecated setup.py egg_info --egg-base ../../build/robot_distancia build --build-base /home/jsc/ros2_ws/build/robot_distancia/build install --record /home/jsc/ros2_ws/build/robot_distancia/install.log --single-version-externally-managed install_data
