[1.563s] Invoking command in '/home/jsc/ros2_ws/build/robot_controller': PYTHONPATH=/home/jsc/ros2_ws/build/robot_controller/prefix_override:/home/jsc/ros2_ws/install/robot_controller/lib/python3.10/site-packages:${PYTHONPATH} /usr/bin/python3 -W ignore:setup.py install is deprecated setup.py develop --editable --build-directory /home/jsc/ros2_ws/build/robot_controller/build --no-deps symlink_data
[1.840s] running develop
[1.840s] /usr/lib/python3/dist-packages/setuptools/command/easy_install.py:158: EasyInstallDeprecationWarning: easy_install command is deprecated. Use build and pip and other standards-based tools.
[1.840s]   warnings.warn(
[2.023s] running egg_info
[2.023s] writing robot_controller.egg-info/PKG-INFO
[2.024s] writing dependency_links to robot_controller.egg-info/dependency_links.txt
[2.024s] writing entry points to robot_controller.egg-info/entry_points.txt
[2.024s] writing requirements to robot_controller.egg-info/requires.txt
[2.025s] writing top-level names to robot_controller.egg-info/top_level.txt
[2.026s] reading manifest file 'robot_controller.egg-info/SOURCES.txt'
[2.027s] writing manifest file 'robot_controller.egg-info/SOURCES.txt'
[2.029s] running build_ext
[2.030s] Creating /home/jsc/ros2_ws/install/robot_controller/lib/python3.10/site-packages/robot-controller.egg-link (link to .)
[2.031s] Installing find_ports script to /home/jsc/ros2_ws/install/robot_controller/lib/robot_controller
[2.031s] Installing text_node script to /home/jsc/ros2_ws/install/robot_controller/lib/robot_controller
[2.032s] 
[2.032s] Installed /home/jsc/ros2_ws/build/robot_controller
[2.032s] running symlink_data
[2.065s] Invoked command in '/home/jsc/ros2_ws/build/robot_controller' returned '0': PYTHONPATH=/home/jsc/ros2_ws/build/robot_controller/prefix_override:/home/jsc/ros2_ws/install/robot_controller/lib/python3.10/site-packages:${PYTHONPATH} /usr/bin/python3 -W ignore:setup.py install is deprecated setup.py develop --editable --build-directory /home/jsc/ros2_ws/build/robot_controller/build --no-deps symlink_data
