running develop
running egg_info
creating wheel_control.egg-info
writing wheel_control.egg-info/PKG-INFO
writing dependency_links to wheel_control.egg-info/dependency_links.txt
writing entry points to wheel_control.egg-info/entry_points.txt
writing requirements to wheel_control.egg-info/requires.txt
writing top-level names to wheel_control.egg-info/top_level.txt
writing manifest file 'wheel_control.egg-info/SOURCES.txt'
reading manifest file 'wheel_control.egg-info/SOURCES.txt'
writing manifest file 'wheel_control.egg-info/SOURCES.txt'
running build_ext
Creating /home/jsc/ros2_ws/install/wheel_control/lib/python3.10/site-packages/wheel-control.egg-link (link to .)
Installing wheel_control_node script to /home/jsc/ros2_ws/install/wheel_control/lib/wheel_control

Installed /home/jsc/ros2_ws/build/wheel_control
running symlink_data
creating /home/jsc/ros2_ws/install/wheel_control/share/ament_index
creating /home/jsc/ros2_ws/install/wheel_control/share/ament_index/resource_index
creating /home/jsc/ros2_ws/install/wheel_control/share/ament_index/resource_index/packages
symbolically linking /home/jsc/ros2_ws/build/wheel_control/resource/wheel_control -> /home/jsc/ros2_ws/install/wheel_control/share/ament_index/resource_index/packages
symbolically linking /home/jsc/ros2_ws/build/wheel_control/package.xml -> /home/jsc/ros2_ws/install/wheel_control/share/wheel_control
