[0.690s] Invoking command in '/home/jsc/ros2_ws/build/wheel_control': PYTHONPATH=/home/jsc/ros2_ws/build/wheel_control/prefix_override:/usr/lib/python3/dist-packages/colcon_core/task/python/colcon_distutils_commands:/home/jsc/ros2_ws/install/wheel_control/lib/python3.10/site-packages:${PYTHONPATH} /usr/bin/python3 -W ignore:setup.py install is deprecated setup.py develop --editable --build-directory /home/jsc/ros2_ws/build/wheel_control/build --no-deps symlink_data
[0.948s] running develop
[0.948s] /usr/lib/python3/dist-packages/setuptools/command/easy_install.py:158: EasyInstallDeprecationWarning: easy_install command is deprecated. Use build and pip and other standards-based tools.
[0.948s]   warnings.warn(
[1.112s] running egg_info
[1.113s] creating wheel_control.egg-info
[1.113s] writing wheel_control.egg-info/PKG-INFO
[1.113s] writing dependency_links to wheel_control.egg-info/dependency_links.txt
[1.113s] writing entry points to wheel_control.egg-info/entry_points.txt
[1.113s] writing requirements to wheel_control.egg-info/requires.txt
[1.113s] writing top-level names to wheel_control.egg-info/top_level.txt
[1.114s] writing manifest file 'wheel_control.egg-info/SOURCES.txt'
[1.115s] reading manifest file 'wheel_control.egg-info/SOURCES.txt'
[1.115s] writing manifest file 'wheel_control.egg-info/SOURCES.txt'
[1.117s] running build_ext
[1.117s] Creating /home/jsc/ros2_ws/install/wheel_control/lib/python3.10/site-packages/wheel-control.egg-link (link to .)
[1.117s] Installing wheel_control_node script to /home/jsc/ros2_ws/install/wheel_control/lib/wheel_control
[1.118s] 
[1.118s] Installed /home/jsc/ros2_ws/build/wheel_control
[1.118s] running symlink_data
[1.118s] creating /home/jsc/ros2_ws/install/wheel_control/share/ament_index
[1.118s] creating /home/jsc/ros2_ws/install/wheel_control/share/ament_index/resource_index
[1.118s] creating /home/jsc/ros2_ws/install/wheel_control/share/ament_index/resource_index/packages
[1.118s] symbolically linking /home/jsc/ros2_ws/build/wheel_control/resource/wheel_control -> /home/jsc/ros2_ws/install/wheel_control/share/ament_index/resource_index/packages
[1.118s] symbolically linking /home/jsc/ros2_ws/build/wheel_control/package.xml -> /home/jsc/ros2_ws/install/wheel_control/share/wheel_control
[1.142s] Invoked command in '/home/jsc/ros2_ws/build/wheel_control' returned '0': PYTHONPATH=/home/jsc/ros2_ws/build/wheel_control/prefix_override:/usr/lib/python3/dist-packages/colcon_core/task/python/colcon_distutils_commands:/home/jsc/ros2_ws/install/wheel_control/lib/python3.10/site-packages:${PYTHONPATH} /usr/bin/python3 -W ignore:setup.py install is deprecated setup.py develop --editable --build-directory /home/jsc/ros2_ws/build/wheel_control/build --no-deps symlink_data
