[1.517s] Invoking command in '/home/jsc/ros2_ws/build/robot_controller': PYTHONPATH=/home/jsc/ros2_ws/build/robot_controller/prefix_override:/usr/lib/python3/dist-packages/colcon_core/task/python/colcon_distutils_commands:/home/jsc/ros2_ws/install/robot_controller/lib/python3.10/site-packages:${PYTHONPATH} /usr/bin/python3 -W ignore:setup.py install is deprecated setup.py develop --editable --build-directory /home/jsc/ros2_ws/build/robot_controller/build --no-deps symlink_data
[1.785s] running develop
[1.785s] /usr/lib/python3/dist-packages/setuptools/command/easy_install.py:158: EasyInstallDeprecationWarning: easy_install command is deprecated. Use build and pip and other standards-based tools.
[1.785s]   warnings.warn(
[1.954s] running egg_info
[1.954s] writing robot_controller.egg-info/PKG-INFO
[1.954s] writing dependency_links to robot_controller.egg-info/dependency_links.txt
[1.955s] writing entry points to robot_controller.egg-info/entry_points.txt
[1.955s] writing requirements to robot_controller.egg-info/requires.txt
[1.955s] writing top-level names to robot_controller.egg-info/top_level.txt
[1.956s] reading manifest file 'robot_controller.egg-info/SOURCES.txt'
[1.957s] writing manifest file 'robot_controller.egg-info/SOURCES.txt'
[1.959s] running build_ext
[1.959s] Creating /home/jsc/ros2_ws/install/robot_controller/lib/python3.10/site-packages/robot-controller.egg-link (link to .)
[1.959s] Installing find_ports script to /home/jsc/ros2_ws/install/robot_controller/lib/robot_controller
[1.960s] Installing text_node script to /home/jsc/ros2_ws/install/robot_controller/lib/robot_controller
[1.960s] 
[1.960s] Installed /home/jsc/ros2_ws/build/robot_controller
[1.960s] running symlink_data
[1.988s] Invoked command in '/home/jsc/ros2_ws/build/robot_controller' returned '0': PYTHONPATH=/home/jsc/ros2_ws/build/robot_controller/prefix_override:/usr/lib/python3/dist-packages/colcon_core/task/python/colcon_distutils_commands:/home/jsc/ros2_ws/install/robot_controller/lib/python3.10/site-packages:${PYTHONPATH} /usr/bin/python3 -W ignore:setup.py install is deprecated setup.py develop --editable --build-directory /home/jsc/ros2_ws/build/robot_controller/build --no-deps symlink_data
