running develop
Removing /home/jsc/ros2_ws/install/prueba/lib/python3.10/site-packages/prueba.egg-link (link to .)
running egg_info
writing ../../build/prueba/prueba.egg-info/PKG-INFO
writing dependency_links to ../../build/prueba/prueba.egg-info/dependency_links.txt
writing entry points to ../../build/prueba/prueba.egg-info/entry_points.txt
writing requirements to ../../build/prueba/prueba.egg-info/requires.txt
writing top-level names to ../../build/prueba/prueba.egg-info/top_level.txt
reading manifest file '../../build/prueba/prueba.egg-info/SOURCES.txt'
adding license file 'LICENSE'
writing manifest file '../../build/prueba/prueba.egg-info/SOURCES.txt'
running build
running build_py
creating /home/jsc/ros2_ws/build/prueba/build
creating /home/jsc/ros2_ws/build/prueba/build/lib
creating /home/jsc/ros2_ws/build/prueba/build/lib/prueba
copying prueba/__init__.py -> /home/jsc/ros2_ws/build/prueba/build/lib/prueba
running install
running install_lib
creating /home/jsc/ros2_ws/install/prueba/lib/python3.10/site-packages/prueba
copying /home/jsc/ros2_ws/build/prueba/build/lib/prueba/__init__.py -> /home/jsc/ros2_ws/install/prueba/lib/python3.10/site-packages/prueba
byte-compiling /home/jsc/ros2_ws/install/prueba/lib/python3.10/site-packages/prueba/__init__.py to __init__.cpython-310.pyc
running install_data
copying resource/prueba -> /home/jsc/ros2_ws/install/prueba/share/ament_index/resource_index/packages
copying package.xml -> /home/jsc/ros2_ws/install/prueba/share/prueba
running install_egg_info
Copying ../../build/prueba/prueba.egg-info to /home/jsc/ros2_ws/install/prueba/lib/python3.10/site-packages/prueba-0.0.0-py3.10.egg-info
running install_scripts
writing list of installed files to '/home/jsc/ros2_ws/build/prueba/install.log'
