[1.158s] Invoking command in '/home/jsc/ros2_ws/build/prueba': PYTHONPATH=/home/jsc/ros2_ws/build/prueba/prefix_override:/home/jsc/ros2_ws/install/prueba/lib/python3.10/site-packages:${PYTHONPATH} /usr/bin/python3 -W ignore:setup.py install is deprecated setup.py develop --uninstall --editable --build-directory /home/jsc/ros2_ws/build/prueba/build
[1.404s] running develop
[1.404s] /usr/lib/python3/dist-packages/setuptools/command/easy_install.py:158: EasyInstallDeprecationWarning: easy_install command is deprecated. Use build and pip and other standards-based tools.
[1.404s]   warnings.warn(
[1.563s] Removing /home/jsc/ros2_ws/install/prueba/lib/python3.10/site-packages/prueba.egg-link (link to .)
[1.590s] Invoked command in '/home/jsc/ros2_ws/build/prueba' returned '0': PYTHONPATH=/home/jsc/ros2_ws/build/prueba/prefix_override:/home/jsc/ros2_ws/install/prueba/lib/python3.10/site-packages:${PYTHONPATH} /usr/bin/python3 -W ignore:setup.py install is deprecated setup.py develop --uninstall --editable --build-directory /home/jsc/ros2_ws/build/prueba/build
[1.592s] Invoking command in '/home/jsc/ros2_ws/src/prueba': PYTHONPATH=/home/jsc/ros2_ws/build/prueba/prefix_override:/home/jsc/ros2_ws/install/prueba/lib/python3.10/site-packages:${PYTHONPATH} /usr/bin/python3 -W ignore:setup.py install is deprecated setup.py egg_info --egg-base ../../build/prueba build --build-base /home/jsc/ros2_ws/build/prueba/build install --record /home/jsc/ros2_ws/build/prueba/install.log --single-version-externally-managed install_data --force
[1.827s] running egg_info
[1.828s] writing ../../build/prueba/prueba.egg-info/PKG-INFO
[1.828s] writing dependency_links to ../../build/prueba/prueba.egg-info/dependency_links.txt
[1.828s] writing entry points to ../../build/prueba/prueba.egg-info/entry_points.txt
[1.828s] writing requirements to ../../build/prueba/prueba.egg-info/requires.txt
[1.828s] writing top-level names to ../../build/prueba/prueba.egg-info/top_level.txt
[1.829s] reading manifest file '../../build/prueba/prueba.egg-info/SOURCES.txt'
[1.830s] adding license file 'LICENSE'
[1.830s] writing manifest file '../../build/prueba/prueba.egg-info/SOURCES.txt'
[1.830s] running build
[1.831s] running build_py
[1.831s] creating /home/jsc/ros2_ws/build/prueba/build
[1.831s] creating /home/jsc/ros2_ws/build/prueba/build/lib
[1.831s] creating /home/jsc/ros2_ws/build/prueba/build/lib/prueba
[1.831s] copying prueba/__init__.py -> /home/jsc/ros2_ws/build/prueba/build/lib/prueba
[1.831s] running install
[1.831s] running install_lib
[1.832s] creating /home/jsc/ros2_ws/install/prueba/lib/python3.10/site-packages/prueba
[1.832s] copying /home/jsc/ros2_ws/build/prueba/build/lib/prueba/__init__.py -> /home/jsc/ros2_ws/install/prueba/lib/python3.10/site-packages/prueba
[1.832s] byte-compiling /home/jsc/ros2_ws/install/prueba/lib/python3.10/site-packages/prueba/__init__.py to __init__.cpython-310.pyc
[1.832s] running install_data
[1.832s] copying resource/prueba -> /home/jsc/ros2_ws/install/prueba/share/ament_index/resource_index/packages
[1.833s] copying package.xml -> /home/jsc/ros2_ws/install/prueba/share/prueba
[1.833s] running install_egg_info
[1.834s] Copying ../../build/prueba/prueba.egg-info to /home/jsc/ros2_ws/install/prueba/lib/python3.10/site-packages/prueba-0.0.0-py3.10.egg-info
[1.835s] running install_scripts
[1.855s] writing list of installed files to '/home/jsc/ros2_ws/build/prueba/install.log'
[1.880s] Invoked command in '/home/jsc/ros2_ws/src/prueba' returned '0': PYTHONPATH=/home/jsc/ros2_ws/build/prueba/prefix_override:/home/jsc/ros2_ws/install/prueba/lib/python3.10/site-packages:${PYTHONPATH} /usr/bin/python3 -W ignore:setup.py install is deprecated setup.py egg_info --egg-base ../../build/prueba build --build-base /home/jsc/ros2_ws/build/prueba/build install --record /home/jsc/ros2_ws/build/prueba/install.log --single-version-externally-managed install_data --force
