[0.665s] Invoking command in '/home/jsc/ros2_ws/src/robot_nav2': PYTHONPATH=/home/jsc/ros2_ws/build/robot_nav2/prefix_override:/home/jsc/ros2_ws/install/robot_nav2/lib/python3.10/site-packages:${PYTHONPATH} /usr/bin/python3 -W ignore:setup.py install is deprecated setup.py egg_info --egg-base ../../build/robot_nav2 build --build-base /home/jsc/ros2_ws/build/robot_nav2/build install --record /home/jsc/ros2_ws/build/robot_nav2/install.log --single-version-externally-managed install_data
[0.910s] running egg_info
[0.911s] writing ../../build/robot_nav2/robot_nav2.egg-info/PKG-INFO
[0.911s] writing dependency_links to ../../build/robot_nav2/robot_nav2.egg-info/dependency_links.txt
[0.911s] writing entry points to ../../build/robot_nav2/robot_nav2.egg-info/entry_points.txt
[0.911s] writing requirements to ../../build/robot_nav2/robot_nav2.egg-info/requires.txt
[0.911s] writing top-level names to ../../build/robot_nav2/robot_nav2.egg-info/top_level.txt
[0.913s] reading manifest file '../../build/robot_nav2/robot_nav2.egg-info/SOURCES.txt'
[0.913s] writing manifest file '../../build/robot_nav2/robot_nav2.egg-info/SOURCES.txt'
[0.913s] running build
[0.913s] running build_py
[0.914s] running install
[0.914s] running install_lib
[0.915s] running install_data
[0.915s] copying launch/nav2_launch.py -> /home/jsc/ros2_ws/install/robot_nav2/share/robot_nav2/launch
[0.915s] running install_egg_info
[0.917s] removing '/home/jsc/ros2_ws/install/robot_nav2/lib/python3.10/site-packages/robot_nav2-0.0.0-py3.10.egg-info' (and everything under it)
[0.918s] Copying ../../build/robot_nav2/robot_nav2.egg-info to /home/jsc/ros2_ws/install/robot_nav2/lib/python3.10/site-packages/robot_nav2-0.0.0-py3.10.egg-info
[0.918s] running install_scripts
[0.938s] writing list of installed files to '/home/jsc/ros2_ws/build/robot_nav2/install.log'
[0.958s] Invoked command in '/home/jsc/ros2_ws/src/robot_nav2' returned '0': PYTHONPATH=/home/jsc/ros2_ws/build/robot_nav2/prefix_override:/home/jsc/ros2_ws/install/robot_nav2/lib/python3.10/site-packages:${PYTHONPATH} /usr/bin/python3 -W ignore:setup.py install is deprecated setup.py egg_info --egg-base ../../build/robot_nav2 build --build-base /home/jsc/ros2_ws/build/robot_nav2/build install --record /home/jsc/ros2_ws/build/robot_nav2/install.log --single-version-externally-managed install_data
