-- Install configuration: ""
-- Execute custom install script
-- Up-to-date symlink: /home/jsc/ros2_ws/install/jsc_mobile_robot/share/jsc_mobile_robot/config/diff_drive_controller.yaml
-- Up-to-date symlink: /home/jsc/ros2_ws/install/jsc_mobile_robot/share/jsc_mobile_robot/config/ekf.yaml
-- Up-to-date symlink: /home/jsc/ros2_ws/install/jsc_mobile_robot/share/jsc_mobile_robot/launch/jsc_mobile_bot_v1_launch.py
-- Up-to-date symlink: /home/jsc/ros2_ws/install/jsc_mobile_robot/share/jsc_mobile_robot/launch/jsc_mobile_bot_v2_launch.py
-- Up-to-date symlink: /home/jsc/ros2_ws/install/jsc_mobile_robot/share/jsc_mobile_robot/launch/jsc_mobile_bot_v3_launch.py
-- Up-to-date symlink: /home/jsc/ros2_ws/install/jsc_mobile_robot/share/jsc_mobile_robot/launch/jsc_mobile_bot_v4_launch.py
-- Up-to-date symlink: /home/jsc/ros2_ws/install/jsc_mobile_robot/share/jsc_mobile_robot/launch/jsc_mobile_bot_v4_launch_copy.py
-- Up-to-date symlink: /home/jsc/ros2_ws/install/jsc_mobile_robot/share/jsc_mobile_robot/launch/jsc_mobile_bot_v5_launch.py
-- Up-to-date symlink: /home/jsc/ros2_ws/install/jsc_mobile_robot/share/jsc_mobile_robot/meshes/arm_base.stl
-- Up-to-date symlink: /home/jsc/ros2_ws/install/jsc_mobile_robot/share/jsc_mobile_robot/meshes/bicep.stl
-- Up-to-date symlink: /home/jsc/ros2_ws/install/jsc_mobile_robot/share/jsc_mobile_robot/meshes/elbow.stl
-- Up-to-date symlink: /home/jsc/ros2_ws/install/jsc_mobile_robot/share/jsc_mobile_robot/meshes/robot_base.stl
-- Up-to-date symlink: /home/jsc/ros2_ws/install/jsc_mobile_robot/share/jsc_mobile_robot/meshes/wheel.stl
-- Up-to-date symlink: /home/jsc/ros2_ws/install/jsc_mobile_robot/share/jsc_mobile_robot/meshes/wrist.stl
-- Up-to-date symlink: /home/jsc/ros2_ws/install/jsc_mobile_robot/share/jsc_mobile_robot/models/Pasillo_Telematica/model.config
-- Up-to-date symlink: /home/jsc/ros2_ws/install/jsc_mobile_robot/share/jsc_mobile_robot/models/Pasillo_Telematica/model.sdf
-- Up-to-date symlink: /home/jsc/ros2_ws/install/jsc_mobile_robot/share/jsc_mobile_robot/models/jsc_mobile_bot_description/meshes/arm_base.stl
-- Up-to-date symlink: /home/jsc/ros2_ws/install/jsc_mobile_robot/share/jsc_mobile_robot/models/jsc_mobile_bot_description/meshes/bicep.stl
-- Up-to-date symlink: /home/jsc/ros2_ws/install/jsc_mobile_robot/share/jsc_mobile_robot/models/jsc_mobile_bot_description/meshes/elbow.stl
-- Up-to-date symlink: /home/jsc/ros2_ws/install/jsc_mobile_robot/share/jsc_mobile_robot/models/jsc_mobile_bot_description/meshes/robot_base.stl
-- Up-to-date symlink: /home/jsc/ros2_ws/install/jsc_mobile_robot/share/jsc_mobile_robot/models/jsc_mobile_bot_description/meshes/wheel.stl
-- Up-to-date symlink: /home/jsc/ros2_ws/install/jsc_mobile_robot/share/jsc_mobile_robot/models/jsc_mobile_bot_description/meshes/wrist.stl
-- Up-to-date symlink: /home/jsc/ros2_ws/install/jsc_mobile_robot/share/jsc_mobile_robot/models/jsc_mobile_bot_description/model.config
-- Up-to-date symlink: /home/jsc/ros2_ws/install/jsc_mobile_robot/share/jsc_mobile_robot/models/jsc_mobile_bot_description/model.sdf
-- Up-to-date symlink: /home/jsc/ros2_ws/install/jsc_mobile_robot/share/jsc_mobile_robot/models/jsc_mobile_bot_v1.urdf
-- Up-to-date symlink: /home/jsc/ros2_ws/install/jsc_mobile_robot/share/jsc_mobile_robot/models/jsc_mobile_bot_v2.urdf
-- Up-to-date symlink: /home/jsc/ros2_ws/install/jsc_mobile_robot/share/jsc_mobile_robot/models/jsc_mobile_bot_v2_copy.urdf
-- Up-to-date symlink: /home/jsc/ros2_ws/install/jsc_mobile_robot/share/jsc_mobile_robot/rviz/urdf_config.rviz
-- Symlinking: /home/jsc/ros2_ws/install/jsc_mobile_robot/share/jsc_mobile_robot/rviz/urdf_config_v2.rviz
-- Up-to-date symlink: /home/jsc/ros2_ws/install/jsc_mobile_robot/share/jsc_mobile_robot/worlds/jsc_mobile_bot_world/pasillo_telematica.world
-- Up-to-date symlink: /home/jsc/ros2_ws/install/jsc_mobile_robot/share/ament_index/resource_index/package_run_dependencies/jsc_mobile_robot
-- Up-to-date symlink: /home/jsc/ros2_ws/install/jsc_mobile_robot/share/ament_index/resource_index/parent_prefix_path/jsc_mobile_robot
-- Up-to-date symlink: /home/jsc/ros2_ws/install/jsc_mobile_robot/share/jsc_mobile_robot/environment/ament_prefix_path.sh
-- Up-to-date symlink: /home/jsc/ros2_ws/install/jsc_mobile_robot/share/jsc_mobile_robot/environment/ament_prefix_path.dsv
-- Up-to-date symlink: /home/jsc/ros2_ws/install/jsc_mobile_robot/share/jsc_mobile_robot/environment/path.sh
-- Up-to-date symlink: /home/jsc/ros2_ws/install/jsc_mobile_robot/share/jsc_mobile_robot/environment/path.dsv
-- Up-to-date symlink: /home/jsc/ros2_ws/install/jsc_mobile_robot/share/jsc_mobile_robot/local_setup.bash
-- Up-to-date symlink: /home/jsc/ros2_ws/install/jsc_mobile_robot/share/jsc_mobile_robot/local_setup.sh
-- Up-to-date symlink: /home/jsc/ros2_ws/install/jsc_mobile_robot/share/jsc_mobile_robot/local_setup.zsh
-- Up-to-date symlink: /home/jsc/ros2_ws/install/jsc_mobile_robot/share/jsc_mobile_robot/local_setup.dsv
-- Symlinking: /home/jsc/ros2_ws/install/jsc_mobile_robot/share/jsc_mobile_robot/package.dsv
-- Up-to-date symlink: /home/jsc/ros2_ws/install/jsc_mobile_robot/share/ament_index/resource_index/packages/jsc_mobile_robot
-- Up-to-date symlink: /home/jsc/ros2_ws/install/jsc_mobile_robot/share/jsc_mobile_robot/cmake/jsc_mobile_robotConfig.cmake
-- Up-to-date symlink: /home/jsc/ros2_ws/install/jsc_mobile_robot/share/jsc_mobile_robot/cmake/jsc_mobile_robotConfig-version.cmake
-- Up-to-date symlink: /home/jsc/ros2_ws/install/jsc_mobile_robot/share/jsc_mobile_robot/package.xml
