[0.035s] Invoking command in '/home/jsc/ros2_ws/build/delta_lidar': CMAKE_PREFIX_PATH=${CMAKE_PREFIX_PATH}:/home/jsc/ros2_ws/install/robot_sensor_distance:/home/jsc/ros2_ws/install/robot_distancia:/home/jsc/ros2_ws/install/robot_controller:/home/jsc/ros2_ws/install/prueba:/home/jsc/ros2_ws/install/aros2duino:/home/jsc/Aros2duino/install/aros2duino:/opt/ros/humble /usr/bin/cmake --build /home/jsc/ros2_ws/build/delta_lidar -- -j12 -l12
[0.820s] [35m[1mConsolidate compiler generated dependencies of target delta_lidar_node[0m
[0.820s] [ 14%] Built target delta_lidar_node_client
[0.820s] [ 21%] [32mBuilding CXX object CMakeFiles/delta_lidar_node.dir/src/node.cpp.o[0m
[4.213s] [ 28%] [32m[1mLinking CXX executable delta_lidar_node[0m
[4.450s] [100%] Built target delta_lidar_node
[4.460s] Invoked command in '/home/jsc/ros2_ws/build/delta_lidar' returned '0': CMAKE_PREFIX_PATH=${CMAKE_PREFIX_PATH}:/home/jsc/ros2_ws/install/robot_sensor_distance:/home/jsc/ros2_ws/install/robot_distancia:/home/jsc/ros2_ws/install/robot_controller:/home/jsc/ros2_ws/install/prueba:/home/jsc/ros2_ws/install/aros2duino:/home/jsc/Aros2duino/install/aros2duino:/opt/ros/humble /usr/bin/cmake --build /home/jsc/ros2_ws/build/delta_lidar -- -j12 -l12
[4.512s] Invoking command in '/home/jsc/ros2_ws/build/delta_lidar': CMAKE_PREFIX_PATH=${CMAKE_PREFIX_PATH}:/home/jsc/ros2_ws/install/robot_sensor_distance:/home/jsc/ros2_ws/install/robot_distancia:/home/jsc/ros2_ws/install/robot_controller:/home/jsc/ros2_ws/install/prueba:/home/jsc/ros2_ws/install/aros2duino:/home/jsc/Aros2duino/install/aros2duino:/opt/ros/humble /usr/bin/cmake --install /home/jsc/ros2_ws/build/delta_lidar
[4.522s] -- Install configuration: ""
[4.523s] -- Installing: /home/jsc/ros2_ws/install/delta_lidar/lib/delta_lidar/delta_lidar_node
[4.525s] -- Set runtime path of "/home/jsc/ros2_ws/install/delta_lidar/lib/delta_lidar/delta_lidar_node" to ""
[4.525s] -- Installing: /home/jsc/ros2_ws/install/delta_lidar/lib/delta_lidar/delta_lidar_node_client
[4.532s] -- Set runtime path of "/home/jsc/ros2_ws/install/delta_lidar/lib/delta_lidar/delta_lidar_node_client" to ""
[4.532s] -- Installing: /home/jsc/ros2_ws/install/delta_lidar/share/delta_lidar/launch
[4.532s] -- Installing: /home/jsc/ros2_ws/install/delta_lidar/share/delta_lidar/launch/delta_lidar.py
[4.532s] -- Installing: /home/jsc/ros2_ws/install/delta_lidar/share/delta_lidar/launch/view_delta_lidar.py
[4.533s] -- Installing: /home/jsc/ros2_ws/install/delta_lidar/share/delta_lidar/rviz
[4.533s] -- Installing: /home/jsc/ros2_ws/install/delta_lidar/share/delta_lidar/rviz/delta_lidar.rviz
[4.533s] -- Installing: /home/jsc/ros2_ws/install/delta_lidar/share/delta_lidar/sdk
[4.533s] -- Installing: /home/jsc/ros2_ws/install/delta_lidar/share/delta_lidar/sdk/src
[4.533s] -- Installing: /home/jsc/ros2_ws/install/delta_lidar/share/delta_lidar/sdk/src/CSimulateSerial.cpp
[4.533s] -- Installing: /home/jsc/ros2_ws/install/delta_lidar/share/delta_lidar/sdk/src/CLidarUnpacket.cpp
[4.533s] -- Installing: /home/jsc/ros2_ws/install/delta_lidar/share/delta_lidar/sdk/src/CCountDown.cpp
[4.534s] -- Installing: /home/jsc/ros2_ws/install/delta_lidar/share/delta_lidar/sdk/src/CDeviceConnection.cpp
[4.534s] -- Installing: /home/jsc/ros2_ws/install/delta_lidar/share/delta_lidar/sdk/src/CLidarPacket.cpp
[4.534s] -- Installing: /home/jsc/ros2_ws/install/delta_lidar/share/delta_lidar/sdk/src/CSerialConnection.cpp
[4.534s] -- Installing: /home/jsc/ros2_ws/install/delta_lidar/share/delta_lidar/sdk/src/CArcTime.cpp
[4.534s] -- Installing: /home/jsc/ros2_ws/install/delta_lidar/share/delta_lidar/sdk/src/CLidarPacketReceiver.cpp
[4.535s] -- Installing: /home/jsc/ros2_ws/install/delta_lidar/share/delta_lidar/sdk/src/C3iroboticsLidar.cpp
[4.535s] -- Installing: /home/jsc/ros2_ws/install/delta_lidar/share/delta_lidar/sdk/src/CTime.cpp
[4.535s] -- Installing: /home/jsc/ros2_ws/install/delta_lidar/share/delta_lidar/sdk/include
[4.535s] -- Installing: /home/jsc/ros2_ws/install/delta_lidar/share/delta_lidar/sdk/include/CTime.h
[4.535s] -- Installing: /home/jsc/ros2_ws/install/delta_lidar/share/delta_lidar/sdk/include/CLidarPacketReceiver.h
[4.536s] -- Installing: /home/jsc/ros2_ws/install/delta_lidar/share/delta_lidar/sdk/include/CLidarPacket.h
[4.536s] -- Installing: /home/jsc/ros2_ws/install/delta_lidar/share/delta_lidar/sdk/include/C3iroboticsLidarProtocol.h
[4.536s] -- Installing: /home/jsc/ros2_ws/install/delta_lidar/share/delta_lidar/sdk/include/CLogUtitls.h
[4.536s] -- Installing: /home/jsc/ros2_ws/install/delta_lidar/share/delta_lidar/sdk/include/typedef.h
[4.536s] -- Installing: /home/jsc/ros2_ws/install/delta_lidar/share/delta_lidar/sdk/include/CSimulateSerial.h
[4.537s] -- Installing: /home/jsc/ros2_ws/install/delta_lidar/share/delta_lidar/sdk/include/C3iroboticsLidar.h
[4.537s] -- Installing: /home/jsc/ros2_ws/install/delta_lidar/share/delta_lidar/sdk/include/CSerialConnection.h
[4.537s] -- Installing: /home/jsc/ros2_ws/install/delta_lidar/share/delta_lidar/sdk/include/CDeviceConnection.h
[4.537s] -- Installing: /home/jsc/ros2_ws/install/delta_lidar/share/delta_lidar/sdk/include/CCountDown.h
[4.537s] -- Installing: /home/jsc/ros2_ws/install/delta_lidar/share/delta_lidar/sdk/include/CLidarUnpacket.h
[4.537s] -- Installing: /home/jsc/ros2_ws/install/delta_lidar/share/delta_lidar/sdk/include/CArcTime.h
[4.538s] -- Installing: /home/jsc/ros2_ws/install/delta_lidar/share/ament_index/resource_index/package_run_dependencies/delta_lidar
[4.538s] -- Installing: /home/jsc/ros2_ws/install/delta_lidar/share/ament_index/resource_index/parent_prefix_path/delta_lidar
[4.539s] -- Installing: /home/jsc/ros2_ws/install/delta_lidar/share/delta_lidar/environment/ament_prefix_path.sh
[4.539s] -- Installing: /home/jsc/ros2_ws/install/delta_lidar/share/delta_lidar/environment/ament_prefix_path.dsv
[4.539s] -- Installing: /home/jsc/ros2_ws/install/delta_lidar/share/delta_lidar/environment/path.sh
[4.540s] -- Installing: /home/jsc/ros2_ws/install/delta_lidar/share/delta_lidar/environment/path.dsv
[4.540s] -- Installing: /home/jsc/ros2_ws/install/delta_lidar/share/delta_lidar/local_setup.bash
[4.540s] -- Installing: /home/jsc/ros2_ws/install/delta_lidar/share/delta_lidar/local_setup.sh
[4.541s] -- Installing: /home/jsc/ros2_ws/install/delta_lidar/share/delta_lidar/local_setup.zsh
[4.541s] -- Installing: /home/jsc/ros2_ws/install/delta_lidar/share/delta_lidar/local_setup.dsv
[4.541s] -- Installing: /home/jsc/ros2_ws/install/delta_lidar/share/delta_lidar/package.dsv
[4.541s] -- Installing: /home/jsc/ros2_ws/install/delta_lidar/share/ament_index/resource_index/packages/delta_lidar
[4.542s] -- Installing: /home/jsc/ros2_ws/install/delta_lidar/share/delta_lidar/cmake/delta_lidarConfig.cmake
[4.542s] -- Installing: /home/jsc/ros2_ws/install/delta_lidar/share/delta_lidar/cmake/delta_lidarConfig-version.cmake
[4.542s] -- Installing: /home/jsc/ros2_ws/install/delta_lidar/share/delta_lidar/package.xml
[4.544s] Invoked command in '/home/jsc/ros2_ws/build/delta_lidar' returned '0': CMAKE_PREFIX_PATH=${CMAKE_PREFIX_PATH}:/home/jsc/ros2_ws/install/robot_sensor_distance:/home/jsc/ros2_ws/install/robot_distancia:/home/jsc/ros2_ws/install/robot_controller:/home/jsc/ros2_ws/install/prueba:/home/jsc/ros2_ws/install/aros2duino:/home/jsc/Aros2duino/install/aros2duino:/opt/ros/humble /usr/bin/cmake --install /home/jsc/ros2_ws/build/delta_lidar
