running egg_info
creating ../../build/robot_sensor_distance/robot_sensor_distance.egg-info
writing ../../build/robot_sensor_distance/robot_sensor_distance.egg-info/PKG-INFO
writing dependency_links to ../../build/robot_sensor_distance/robot_sensor_distance.egg-info/dependency_links.txt
writing entry points to ../../build/robot_sensor_distance/robot_sensor_distance.egg-info/entry_points.txt
writing requirements to ../../build/robot_sensor_distance/robot_sensor_distance.egg-info/requires.txt
writing top-level names to ../../build/robot_sensor_distance/robot_sensor_distance.egg-info/top_level.txt
writing manifest file '../../build/robot_sensor_distance/robot_sensor_distance.egg-info/SOURCES.txt'
reading manifest file '../../build/robot_sensor_distance/robot_sensor_distance.egg-info/SOURCES.txt'
adding license file 'LICENSE'
writing manifest file '../../build/robot_sensor_distance/robot_sensor_distance.egg-info/SOURCES.txt'
running build
running build_py
creating /home/jsc/ros2_ws/build/robot_sensor_distance/build
creating /home/jsc/ros2_ws/build/robot_sensor_distance/build/lib
creating /home/jsc/ros2_ws/build/robot_sensor_distance/build/lib/robot_sensor_distance
copying robot_sensor_distance/sensor_distance.py -> /home/jsc/ros2_ws/build/robot_sensor_distance/build/lib/robot_sensor_distance
copying robot_sensor_distance/__init__.py -> /home/jsc/ros2_ws/build/robot_sensor_distance/build/lib/robot_sensor_distance
running install
running install_lib
creating /home/jsc/ros2_ws/install/robot_sensor_distance/lib/python3.10/site-packages/robot_sensor_distance
copying /home/jsc/ros2_ws/build/robot_sensor_distance/build/lib/robot_sensor_distance/sensor_distance.py -> /home/jsc/ros2_ws/install/robot_sensor_distance/lib/python3.10/site-packages/robot_sensor_distance
copying /home/jsc/ros2_ws/build/robot_sensor_distance/build/lib/robot_sensor_distance/__init__.py -> /home/jsc/ros2_ws/install/robot_sensor_distance/lib/python3.10/site-packages/robot_sensor_distance
byte-compiling /home/jsc/ros2_ws/install/robot_sensor_distance/lib/python3.10/site-packages/robot_sensor_distance/sensor_distance.py to sensor_distance.cpython-310.pyc
byte-compiling /home/jsc/ros2_ws/install/robot_sensor_distance/lib/python3.10/site-packages/robot_sensor_distance/__init__.py to __init__.cpython-310.pyc
running install_data
creating /home/jsc/ros2_ws/install/robot_sensor_distance/share/ament_index
creating /home/jsc/ros2_ws/install/robot_sensor_distance/share/ament_index/resource_index
creating /home/jsc/ros2_ws/install/robot_sensor_distance/share/ament_index/resource_index/packages
copying resource/robot_sensor_distance -> /home/jsc/ros2_ws/install/robot_sensor_distance/share/ament_index/resource_index/packages
copying package.xml -> /home/jsc/ros2_ws/install/robot_sensor_distance/share/robot_sensor_distance
running install_egg_info
Copying ../../build/robot_sensor_distance/robot_sensor_distance.egg-info to /home/jsc/ros2_ws/install/robot_sensor_distance/lib/python3.10/site-packages/robot_sensor_distance-0.0.0-py3.10.egg-info
running install_scripts
Installing distancia script to /home/jsc/ros2_ws/install/robot_sensor_distance/lib/robot_sensor_distance
writing list of installed files to '/home/jsc/ros2_ws/build/robot_sensor_distance/install.log'
