[1.146s] Invoking command in '/home/jsc/ros2_ws/src/robot_sensor_distance': PYTHONPATH=/home/jsc/ros2_ws/build/robot_sensor_distance/prefix_override:/home/jsc/ros2_ws/install/robot_sensor_distance/lib/python3.10/site-packages:${PYTHONPATH} /usr/bin/python3 -W ignore:setup.py install is deprecated setup.py egg_info --egg-base ../../build/robot_sensor_distance build --build-base /home/jsc/ros2_ws/build/robot_sensor_distance/build install --record /home/jsc/ros2_ws/build/robot_sensor_distance/install.log --single-version-externally-managed install_data
[1.371s] running egg_info
[1.371s] creating ../../build/robot_sensor_distance/robot_sensor_distance.egg-info
[1.371s] writing ../../build/robot_sensor_distance/robot_sensor_distance.egg-info/PKG-INFO
[1.372s] writing dependency_links to ../../build/robot_sensor_distance/robot_sensor_distance.egg-info/dependency_links.txt
[1.372s] writing entry points to ../../build/robot_sensor_distance/robot_sensor_distance.egg-info/entry_points.txt
[1.372s] writing requirements to ../../build/robot_sensor_distance/robot_sensor_distance.egg-info/requires.txt
[1.372s] writing top-level names to ../../build/robot_sensor_distance/robot_sensor_distance.egg-info/top_level.txt
[1.372s] writing manifest file '../../build/robot_sensor_distance/robot_sensor_distance.egg-info/SOURCES.txt'
[1.373s] reading manifest file '../../build/robot_sensor_distance/robot_sensor_distance.egg-info/SOURCES.txt'
[1.373s] adding license file 'LICENSE'
[1.374s] writing manifest file '../../build/robot_sensor_distance/robot_sensor_distance.egg-info/SOURCES.txt'
[1.374s] running build
[1.374s] running build_py
[1.374s] creating /home/jsc/ros2_ws/build/robot_sensor_distance/build
[1.374s] creating /home/jsc/ros2_ws/build/robot_sensor_distance/build/lib
[1.375s] creating /home/jsc/ros2_ws/build/robot_sensor_distance/build/lib/robot_sensor_distance
[1.375s] copying robot_sensor_distance/sensor_distance.py -> /home/jsc/ros2_ws/build/robot_sensor_distance/build/lib/robot_sensor_distance
[1.375s] copying robot_sensor_distance/__init__.py -> /home/jsc/ros2_ws/build/robot_sensor_distance/build/lib/robot_sensor_distance
[1.375s] running install
[1.375s] running install_lib
[1.376s] creating /home/jsc/ros2_ws/install/robot_sensor_distance/lib/python3.10/site-packages/robot_sensor_distance
[1.376s] copying /home/jsc/ros2_ws/build/robot_sensor_distance/build/lib/robot_sensor_distance/sensor_distance.py -> /home/jsc/ros2_ws/install/robot_sensor_distance/lib/python3.10/site-packages/robot_sensor_distance
[1.376s] copying /home/jsc/ros2_ws/build/robot_sensor_distance/build/lib/robot_sensor_distance/__init__.py -> /home/jsc/ros2_ws/install/robot_sensor_distance/lib/python3.10/site-packages/robot_sensor_distance
[1.376s] byte-compiling /home/jsc/ros2_ws/install/robot_sensor_distance/lib/python3.10/site-packages/robot_sensor_distance/sensor_distance.py to sensor_distance.cpython-310.pyc
[1.377s] byte-compiling /home/jsc/ros2_ws/install/robot_sensor_distance/lib/python3.10/site-packages/robot_sensor_distance/__init__.py to __init__.cpython-310.pyc
[1.377s] running install_data
[1.377s] creating /home/jsc/ros2_ws/install/robot_sensor_distance/share/ament_index
[1.377s] creating /home/jsc/ros2_ws/install/robot_sensor_distance/share/ament_index/resource_index
[1.377s] creating /home/jsc/ros2_ws/install/robot_sensor_distance/share/ament_index/resource_index/packages
[1.378s] copying resource/robot_sensor_distance -> /home/jsc/ros2_ws/install/robot_sensor_distance/share/ament_index/resource_index/packages
[1.378s] copying package.xml -> /home/jsc/ros2_ws/install/robot_sensor_distance/share/robot_sensor_distance
[1.378s] running install_egg_info
[1.379s] Copying ../../build/robot_sensor_distance/robot_sensor_distance.egg-info to /home/jsc/ros2_ws/install/robot_sensor_distance/lib/python3.10/site-packages/robot_sensor_distance-0.0.0-py3.10.egg-info
[1.380s] running install_scripts
[1.399s] Installing distancia script to /home/jsc/ros2_ws/install/robot_sensor_distance/lib/robot_sensor_distance
[1.399s] writing list of installed files to '/home/jsc/ros2_ws/build/robot_sensor_distance/install.log'
[1.421s] Invoked command in '/home/jsc/ros2_ws/src/robot_sensor_distance' returned '0': PYTHONPATH=/home/jsc/ros2_ws/build/robot_sensor_distance/prefix_override:/home/jsc/ros2_ws/install/robot_sensor_distance/lib/python3.10/site-packages:${PYTHONPATH} /usr/bin/python3 -W ignore:setup.py install is deprecated setup.py egg_info --egg-base ../../build/robot_sensor_distance build --build-base /home/jsc/ros2_ws/build/robot_sensor_distance/build install --record /home/jsc/ros2_ws/build/robot_sensor_distance/install.log --single-version-externally-managed install_data
