[0.663s] Invoking command in '/home/jsc/ros2_ws/build/keyboard_control': PYTHONPATH=/home/jsc/ros2_ws/build/keyboard_control/prefix_override:/usr/lib/python3/dist-packages/colcon_core/task/python/colcon_distutils_commands:/home/jsc/ros2_ws/install/keyboard_control/lib/python3.10/site-packages:${PYTHONPATH} /usr/bin/python3 -W ignore:setup.py install is deprecated setup.py develop --editable --build-directory /home/jsc/ros2_ws/build/keyboard_control/build --no-deps symlink_data
[0.918s] running develop
[0.919s] /usr/lib/python3/dist-packages/setuptools/command/easy_install.py:158: EasyInstallDeprecationWarning: easy_install command is deprecated. Use build and pip and other standards-based tools.
[0.919s]   warnings.warn(
[1.079s] running egg_info
[1.079s] creating keyboard_control.egg-info
[1.080s] writing keyboard_control.egg-info/PKG-INFO
[1.080s] writing dependency_links to keyboard_control.egg-info/dependency_links.txt
[1.080s] writing entry points to keyboard_control.egg-info/entry_points.txt
[1.080s] writing requirements to keyboard_control.egg-info/requires.txt
[1.080s] writing top-level names to keyboard_control.egg-info/top_level.txt
[1.080s] writing manifest file 'keyboard_control.egg-info/SOURCES.txt'
[1.081s] reading manifest file 'keyboard_control.egg-info/SOURCES.txt'
[1.082s] writing manifest file 'keyboard_control.egg-info/SOURCES.txt'
[1.083s] running build_ext
[1.083s] Creating /home/jsc/ros2_ws/install/keyboard_control/lib/python3.10/site-packages/keyboard-control.egg-link (link to .)
[1.084s] Installing keyboard_control_node script to /home/jsc/ros2_ws/install/keyboard_control/lib/keyboard_control
[1.084s] 
[1.084s] Installed /home/jsc/ros2_ws/build/keyboard_control
[1.084s] running symlink_data
[1.085s] creating /home/jsc/ros2_ws/install/keyboard_control/share/ament_index
[1.085s] creating /home/jsc/ros2_ws/install/keyboard_control/share/ament_index/resource_index
[1.085s] creating /home/jsc/ros2_ws/install/keyboard_control/share/ament_index/resource_index/packages
[1.085s] symbolically linking /home/jsc/ros2_ws/build/keyboard_control/resource/keyboard_control -> /home/jsc/ros2_ws/install/keyboard_control/share/ament_index/resource_index/packages
[1.085s] symbolically linking /home/jsc/ros2_ws/build/keyboard_control/package.xml -> /home/jsc/ros2_ws/install/keyboard_control/share/keyboard_control
[1.106s] Invoked command in '/home/jsc/ros2_ws/build/keyboard_control' returned '0': PYTHONPATH=/home/jsc/ros2_ws/build/keyboard_control/prefix_override:/usr/lib/python3/dist-packages/colcon_core/task/python/colcon_distutils_commands:/home/jsc/ros2_ws/install/keyboard_control/lib/python3.10/site-packages:${PYTHONPATH} /usr/bin/python3 -W ignore:setup.py install is deprecated setup.py develop --editable --build-directory /home/jsc/ros2_ws/build/keyboard_control/build --no-deps symlink_data
