[1.656s] Invoking command in '/home/jsc/ros2_ws/build/robot_distancia': PYTHONPATH=/home/jsc/ros2_ws/build/robot_distancia/prefix_override:/usr/lib/python3/dist-packages/colcon_core/task/python/colcon_distutils_commands:/home/jsc/ros2_ws/install/robot_distancia/lib/python3.10/site-packages:${PYTHONPATH} /usr/bin/python3 -W ignore:setup.py install is deprecated setup.py develop --uninstall --editable --build-directory /home/jsc/ros2_ws/build/robot_distancia/build
[1.974s] running develop
[1.975s] /usr/lib/python3/dist-packages/setuptools/command/easy_install.py:158: EasyInstallDeprecationWarning: easy_install command is deprecated. Use build and pip and other standards-based tools.
[1.975s]   warnings.warn(
[2.158s] Removing /home/jsc/ros2_ws/install/robot_distancia/lib/python3.10/site-packages/robot-distancia.egg-link (link to .)
[2.192s] Invoked command in '/home/jsc/ros2_ws/build/robot_distancia' returned '0': PYTHONPATH=/home/jsc/ros2_ws/build/robot_distancia/prefix_override:/usr/lib/python3/dist-packages/colcon_core/task/python/colcon_distutils_commands:/home/jsc/ros2_ws/install/robot_distancia/lib/python3.10/site-packages:${PYTHONPATH} /usr/bin/python3 -W ignore:setup.py install is deprecated setup.py develop --uninstall --editable --build-directory /home/jsc/ros2_ws/build/robot_distancia/build
[2.195s] Invoking command in '/home/jsc/ros2_ws/src/robot_distancia': PYTHONPATH=/home/jsc/ros2_ws/build/robot_distancia/prefix_override:/usr/lib/python3/dist-packages/colcon_core/task/python/colcon_distutils_commands:/home/jsc/ros2_ws/install/robot_distancia/lib/python3.10/site-packages:${PYTHONPATH} /usr/bin/python3 -W ignore:setup.py install is deprecated setup.py egg_info --egg-base ../../build/robot_distancia build --build-base /home/jsc/ros2_ws/build/robot_distancia/build install --record /home/jsc/ros2_ws/build/robot_distancia/install.log --single-version-externally-managed install_data --force
[2.479s] running egg_info
[2.480s] writing ../../build/robot_distancia/robot_distancia.egg-info/PKG-INFO
[2.480s] writing dependency_links to ../../build/robot_distancia/robot_distancia.egg-info/dependency_links.txt
[2.480s] writing entry points to ../../build/robot_distancia/robot_distancia.egg-info/entry_points.txt
[2.480s] writing requirements to ../../build/robot_distancia/robot_distancia.egg-info/requires.txt
[2.481s] writing top-level names to ../../build/robot_distancia/robot_distancia.egg-info/top_level.txt
[2.483s] reading manifest file '../../build/robot_distancia/robot_distancia.egg-info/SOURCES.txt'
[2.483s] adding license file 'LICENSE'
[2.484s] writing manifest file '../../build/robot_distancia/robot_distancia.egg-info/SOURCES.txt'
[2.484s] running build
[2.484s] running build_py
[2.484s] running install
[2.484s] running install_lib
[2.485s] copying /home/jsc/ros2_ws/build/robot_distancia/build/lib/robot_distancia/sensor_distancia.py -> /home/jsc/ros2_ws/install/robot_distancia/lib/python3.10/site-packages/robot_distancia
[2.485s] copying /home/jsc/ros2_ws/build/robot_distancia/build/lib/robot_distancia/__init__.py -> /home/jsc/ros2_ws/install/robot_distancia/lib/python3.10/site-packages/robot_distancia
[2.486s] byte-compiling /home/jsc/ros2_ws/install/robot_distancia/lib/python3.10/site-packages/robot_distancia/sensor_distancia.py to sensor_distancia.cpython-310.pyc
[2.487s] byte-compiling /home/jsc/ros2_ws/install/robot_distancia/lib/python3.10/site-packages/robot_distancia/__init__.py to __init__.cpython-310.pyc
[2.488s] running install_data
[2.488s] copying resource/robot_distancia -> /home/jsc/ros2_ws/install/robot_distancia/share/ament_index/resource_index/packages
[2.488s] copying package.xml -> /home/jsc/ros2_ws/install/robot_distancia/share/robot_distancia
[2.488s] running install_egg_info
[2.491s] Copying ../../build/robot_distancia/robot_distancia.egg-info to /home/jsc/ros2_ws/install/robot_distancia/lib/python3.10/site-packages/robot_distancia-0.0.0-py3.10.egg-info
[2.492s] running install_scripts
[2.516s] Installing distancia script to /home/jsc/ros2_ws/install/robot_distancia/lib/robot_distancia
[2.517s] writing list of installed files to '/home/jsc/ros2_ws/build/robot_distancia/install.log'
[2.547s] Invoked command in '/home/jsc/ros2_ws/src/robot_distancia' returned '0': PYTHONPATH=/home/jsc/ros2_ws/build/robot_distancia/prefix_override:/usr/lib/python3/dist-packages/colcon_core/task/python/colcon_distutils_commands:/home/jsc/ros2_ws/install/robot_distancia/lib/python3.10/site-packages:${PYTHONPATH} /usr/bin/python3 -W ignore:setup.py install is deprecated setup.py egg_info --egg-base ../../build/robot_distancia build --build-base /home/jsc/ros2_ws/build/robot_distancia/build install --record /home/jsc/ros2_ws/build/robot_distancia/install.log --single-version-externally-managed install_data --force
