[1.570s] Invoking command in '/home/jsc/ros2_ws/build/robot_distancia': PYTHONPATH=/home/jsc/ros2_ws/build/robot_distancia/prefix_override:/usr/lib/python3/dist-packages/colcon_core/task/python/colcon_distutils_commands:/home/jsc/ros2_ws/install/robot_distancia/lib/python3.10/site-packages:${PYTHONPATH} /usr/bin/python3 -W ignore:setup.py install is deprecated setup.py develop --editable --build-directory /home/jsc/ros2_ws/build/robot_distancia/build --no-deps symlink_data --force
[1.865s] running develop
[1.865s] /usr/lib/python3/dist-packages/setuptools/command/easy_install.py:158: EasyInstallDeprecationWarning: easy_install command is deprecated. Use build and pip and other standards-based tools.
[1.865s]   warnings.warn(
[2.048s] running egg_info
[2.048s] writing robot_distancia.egg-info/PKG-INFO
[2.048s] writing dependency_links to robot_distancia.egg-info/dependency_links.txt
[2.048s] writing entry points to robot_distancia.egg-info/entry_points.txt
[2.049s] writing requirements to robot_distancia.egg-info/requires.txt
[2.049s] writing top-level names to robot_distancia.egg-info/top_level.txt
[2.051s] reading manifest file 'robot_distancia.egg-info/SOURCES.txt'
[2.052s] writing manifest file 'robot_distancia.egg-info/SOURCES.txt'
[2.053s] running build_ext
[2.054s] Creating /home/jsc/ros2_ws/install/robot_distancia/lib/python3.10/site-packages/robot-distancia.egg-link (link to .)
[2.055s] Installing distancia script to /home/jsc/ros2_ws/install/robot_distancia/lib/robot_distancia
[2.055s] 
[2.055s] Installed /home/jsc/ros2_ws/build/robot_distancia
[2.055s] running symlink_data
[2.055s] symbolically linking /home/jsc/ros2_ws/build/robot_distancia/resource/robot_distancia -> /home/jsc/ros2_ws/install/robot_distancia/share/ament_index/resource_index/packages
[2.055s] symbolically linking /home/jsc/ros2_ws/build/robot_distancia/package.xml -> /home/jsc/ros2_ws/install/robot_distancia/share/robot_distancia
[2.118s] Invoked command in '/home/jsc/ros2_ws/build/robot_distancia' returned '0': PYTHONPATH=/home/jsc/ros2_ws/build/robot_distancia/prefix_override:/usr/lib/python3/dist-packages/colcon_core/task/python/colcon_distutils_commands:/home/jsc/ros2_ws/install/robot_distancia/lib/python3.10/site-packages:${PYTHONPATH} /usr/bin/python3 -W ignore:setup.py install is deprecated setup.py develop --editable --build-directory /home/jsc/ros2_ws/build/robot_distancia/build --no-deps symlink_data --force
