[0.553s] Invoking command in '/home/jsc/ros2_ws/build/robot_lidar': CMAKE_PREFIX_PATH=${CMAKE_PREFIX_PATH}:/home/jsc/ros2_ws/install/robot_sensor_distance:/home/jsc/ros2_ws/install/robot_distancia:/home/jsc/ros2_ws/install/robot_controller:/home/jsc/ros2_ws/install/prueba:/home/jsc/ros2_ws/install/aros2duino:/home/jsc/Aros2duino/install/aros2duino:/opt/ros/humble /usr/bin/cmake /home/jsc/ros2_ws/src/delta_lidar -DCMAKE_INSTALL_PREFIX=/home/jsc/ros2_ws/install/robot_lidar
[0.812s] -- The C compiler identification is GNU 11.4.0
[0.812s] -- The CXX compiler identification is GNU 11.4.0
[0.813s] -- Detecting C compiler ABI info
[0.814s] -- Detecting C compiler ABI info - done
[0.814s] -- Check for working C compiler: /usr/bin/cc - skipped
[0.814s] -- Detecting C compile features
[0.814s] -- Detecting C compile features - done
[0.814s] -- Detecting CXX compiler ABI info
[0.818s] -- Detecting CXX compiler ABI info - done
[0.824s] -- Check for working CXX compiler: /usr/bin/c++ - skipped
[0.824s] -- Detecting CXX compile features
[0.825s] -- Detecting CXX compile features - done
[0.828s] -- Found ament_cmake: 1.3.8 (/opt/ros/humble/share/ament_cmake/cmake)
[1.015s] -- Found Python3: /usr/bin/python3 (found version "3.10.12") found components: Interpreter 
[1.166s] -- Found rclcpp: 16.0.8 (/opt/ros/humble/share/rclcpp/cmake)
[1.219s] -- Found rosidl_generator_c: 3.1.5 (/opt/ros/humble/share/rosidl_generator_c/cmake)
[1.226s] -- Found rosidl_adapter: 3.1.5 (/opt/ros/humble/share/rosidl_adapter/cmake)
[1.238s] -- Found rosidl_generator_cpp: 3.1.5 (/opt/ros/humble/share/rosidl_generator_cpp/cmake)
[1.265s] -- Using all available rosidl_typesupport_c: rosidl_typesupport_fastrtps_c;rosidl_typesupport_introspection_c
[1.313s] -- Using all available rosidl_typesupport_cpp: rosidl_typesupport_fastrtps_cpp;rosidl_typesupport_introspection_cpp
[1.408s] -- Found rmw_implementation_cmake: 6.1.1 (/opt/ros/humble/share/rmw_implementation_cmake/cmake)
[1.412s] -- Found rmw_fastrtps_cpp: 6.2.6 (/opt/ros/humble/share/rmw_fastrtps_cpp/cmake)
[1.529s] -- Found OpenSSL: /usr/lib/x86_64-linux-gnu/libcrypto.so (found version "3.0.2")  
[1.569s] -- Found FastRTPS: /opt/ros/humble/include  
[1.650s] -- Using RMW implementation 'rmw_fastrtps_cpp' as default
[1.670s] -- Looking for pthread.h
[1.758s] -- Looking for pthread.h - found
[1.758s] -- Performing Test CMAKE_HAVE_LIBC_PTHREAD
[1.865s] -- Performing Test CMAKE_HAVE_LIBC_PTHREAD - Success
[1.866s] -- Found Threads: TRUE  
[2.214s] -- Found sensor_msgs: 4.2.3 (/opt/ros/humble/share/sensor_msgs/cmake)
[2.432s] [31mCMake Error at /opt/ros/humble/share/ament_cmake_core/cmake/core/ament_package_xml.cmake:53 (message):
[2.432s]   ament_package_xml() package name 'robot_lidar' in '/package.xml' does not
[2.432s]   match current PROJECT_NAME 'delta_lidar'.  You must call project() with the
[2.432s]   same package name before.
[2.432s] Call Stack (most recent call first):
[2.432s]   /opt/ros/humble/share/ament_cmake_core/cmake/core/ament_package.cmake:63 (ament_package_xml)
[2.433s]   CMakeLists.txt:56 (ament_package)
[2.433s] 
[2.433s] [0m
[2.433s] -- Configuring incomplete, errors occurred!
[2.433s] See also "/home/jsc/ros2_ws/build/robot_lidar/CMakeFiles/CMakeOutput.log".
[2.443s] Invoked command in '/home/jsc/ros2_ws/build/robot_lidar' returned '1': CMAKE_PREFIX_PATH=${CMAKE_PREFIX_PATH}:/home/jsc/ros2_ws/install/robot_sensor_distance:/home/jsc/ros2_ws/install/robot_distancia:/home/jsc/ros2_ws/install/robot_controller:/home/jsc/ros2_ws/install/prueba:/home/jsc/ros2_ws/install/aros2duino:/home/jsc/Aros2duino/install/aros2duino:/opt/ros/humble /usr/bin/cmake /home/jsc/ros2_ws/src/delta_lidar -DCMAKE_INSTALL_PREFIX=/home/jsc/ros2_ws/install/robot_lidar
