[2.095s] Invoking command in '/home/jsc/ros2_ws/src/robot_sensor_distance': PYTHONPATH=/home/jsc/ros2_ws/build/robot_sensor_distance/prefix_override:/usr/lib/python3/dist-packages/colcon_core/task/python/colcon_distutils_commands:/home/jsc/ros2_ws/install/robot_sensor_distance/lib/python3.10/site-packages:${PYTHONPATH} /usr/bin/python3 -W ignore:setup.py install is deprecated setup.py egg_info --egg-base ../../build/robot_sensor_distance build --build-base /home/jsc/ros2_ws/build/robot_sensor_distance/build install --record /home/jsc/ros2_ws/build/robot_sensor_distance/install.log --single-version-externally-managed install_data
[2.763s] running egg_info
[2.763s] writing ../../build/robot_sensor_distance/robot_sensor_distance.egg-info/PKG-INFO
[2.763s] writing dependency_links to ../../build/robot_sensor_distance/robot_sensor_distance.egg-info/dependency_links.txt
[2.763s] writing entry points to ../../build/robot_sensor_distance/robot_sensor_distance.egg-info/entry_points.txt
[2.763s] writing requirements to ../../build/robot_sensor_distance/robot_sensor_distance.egg-info/requires.txt
[2.763s] writing top-level names to ../../build/robot_sensor_distance/robot_sensor_distance.egg-info/top_level.txt
[2.764s] reading manifest file '../../build/robot_sensor_distance/robot_sensor_distance.egg-info/SOURCES.txt'
[2.764s] adding license file 'LICENSE'
[2.765s] writing manifest file '../../build/robot_sensor_distance/robot_sensor_distance.egg-info/SOURCES.txt'
[2.766s] running build
[2.766s] running build_py
[2.766s] running install
[2.767s] running install_lib
[2.770s] running install_data
[2.770s] running install_egg_info
[2.775s] removing '/home/jsc/ros2_ws/install/robot_sensor_distance/lib/python3.10/site-packages/robot_sensor_distance-0.0.0-py3.10.egg-info' (and everything under it)
[2.776s] Copying ../../build/robot_sensor_distance/robot_sensor_distance.egg-info to /home/jsc/ros2_ws/install/robot_sensor_distance/lib/python3.10/site-packages/robot_sensor_distance-0.0.0-py3.10.egg-info
[2.778s] running install_scripts
[2.822s] Installing distancia script to /home/jsc/ros2_ws/install/robot_sensor_distance/lib/robot_sensor_distance
[2.822s] writing list of installed files to '/home/jsc/ros2_ws/build/robot_sensor_distance/install.log'
[2.885s] Invoked command in '/home/jsc/ros2_ws/src/robot_sensor_distance' returned '0': PYTHONPATH=/home/jsc/ros2_ws/build/robot_sensor_distance/prefix_override:/usr/lib/python3/dist-packages/colcon_core/task/python/colcon_distutils_commands:/home/jsc/ros2_ws/install/robot_sensor_distance/lib/python3.10/site-packages:${PYTHONPATH} /usr/bin/python3 -W ignore:setup.py install is deprecated setup.py egg_info --egg-base ../../build/robot_sensor_distance build --build-base /home/jsc/ros2_ws/build/robot_sensor_distance/build install --record /home/jsc/ros2_ws/build/robot_sensor_distance/install.log --single-version-externally-managed install_data
