[1.164s] Invoking command in '/home/jsc/ros2_ws/build/robot_controller': PYTHONPATH=/home/jsc/ros2_ws/build/robot_controller/prefix_override:/home/jsc/ros2_ws/install/robot_controller/lib/python3.10/site-packages:${PYTHONPATH} /usr/bin/python3 -W ignore:setup.py install is deprecated setup.py develop --uninstall --editable --build-directory /home/jsc/ros2_ws/build/robot_controller/build
[1.425s] running develop
[1.425s] /usr/lib/python3/dist-packages/setuptools/command/easy_install.py:158: EasyInstallDeprecationWarning: easy_install command is deprecated. Use build and pip and other standards-based tools.
[1.425s]   warnings.warn(
[1.592s] Removing /home/jsc/ros2_ws/install/robot_controller/lib/python3.10/site-packages/robot-controller.egg-link (link to .)
[1.628s] Invoked command in '/home/jsc/ros2_ws/build/robot_controller' returned '0': PYTHONPATH=/home/jsc/ros2_ws/build/robot_controller/prefix_override:/home/jsc/ros2_ws/install/robot_controller/lib/python3.10/site-packages:${PYTHONPATH} /usr/bin/python3 -W ignore:setup.py install is deprecated setup.py develop --uninstall --editable --build-directory /home/jsc/ros2_ws/build/robot_controller/build
[1.630s] Invoking command in '/home/jsc/ros2_ws/src/robot_controller': PYTHONPATH=/home/jsc/ros2_ws/build/robot_controller/prefix_override:/home/jsc/ros2_ws/install/robot_controller/lib/python3.10/site-packages:${PYTHONPATH} /usr/bin/python3 -W ignore:setup.py install is deprecated setup.py egg_info --egg-base ../../build/robot_controller build --build-base /home/jsc/ros2_ws/build/robot_controller/build install --record /home/jsc/ros2_ws/build/robot_controller/install.log --single-version-externally-managed install_data --force
[1.884s] running egg_info
[1.885s] writing ../../build/robot_controller/robot_controller.egg-info/PKG-INFO
[1.885s] writing dependency_links to ../../build/robot_controller/robot_controller.egg-info/dependency_links.txt
[1.885s] writing entry points to ../../build/robot_controller/robot_controller.egg-info/entry_points.txt
[1.885s] writing requirements to ../../build/robot_controller/robot_controller.egg-info/requires.txt
[1.885s] writing top-level names to ../../build/robot_controller/robot_controller.egg-info/top_level.txt
[1.887s] reading manifest file '../../build/robot_controller/robot_controller.egg-info/SOURCES.txt'
[1.888s] writing manifest file '../../build/robot_controller/robot_controller.egg-info/SOURCES.txt'
[1.888s] running build
[1.888s] running build_py
[1.888s] running install
[1.888s] running install_lib
[1.889s] creating /home/jsc/ros2_ws/install/robot_controller/lib/python3.10/site-packages/robot_controller
[1.889s] copying /home/jsc/ros2_ws/build/robot_controller/build/lib/robot_controller/my_first_node.py -> /home/jsc/ros2_ws/install/robot_controller/lib/python3.10/site-packages/robot_controller
[1.889s] copying /home/jsc/ros2_ws/build/robot_controller/build/lib/robot_controller/__init__.py -> /home/jsc/ros2_ws/install/robot_controller/lib/python3.10/site-packages/robot_controller
[1.889s] copying /home/jsc/ros2_ws/build/robot_controller/build/lib/robot_controller/find_ports.py -> /home/jsc/ros2_ws/install/robot_controller/lib/python3.10/site-packages/robot_controller
[1.890s] byte-compiling /home/jsc/ros2_ws/install/robot_controller/lib/python3.10/site-packages/robot_controller/my_first_node.py to my_first_node.cpython-310.pyc
[1.890s] byte-compiling /home/jsc/ros2_ws/install/robot_controller/lib/python3.10/site-packages/robot_controller/__init__.py to __init__.cpython-310.pyc
[1.890s] byte-compiling /home/jsc/ros2_ws/install/robot_controller/lib/python3.10/site-packages/robot_controller/find_ports.py to find_ports.cpython-310.pyc
[1.891s] running install_data
[1.891s] copying resource/robot_controller -> /home/jsc/ros2_ws/install/robot_controller/share/ament_index/resource_index/packages
[1.891s] copying package.xml -> /home/jsc/ros2_ws/install/robot_controller/share/robot_controller
[1.891s] running install_egg_info
[1.893s] Copying ../../build/robot_controller/robot_controller.egg-info to /home/jsc/ros2_ws/install/robot_controller/lib/python3.10/site-packages/robot_controller-0.0.0-py3.10.egg-info
[1.894s] running install_scripts
[1.916s] Installing find_ports script to /home/jsc/ros2_ws/install/robot_controller/lib/robot_controller
[1.916s] Installing text_node script to /home/jsc/ros2_ws/install/robot_controller/lib/robot_controller
[1.916s] writing list of installed files to '/home/jsc/ros2_ws/build/robot_controller/install.log'
[1.943s] Invoked command in '/home/jsc/ros2_ws/src/robot_controller' returned '0': PYTHONPATH=/home/jsc/ros2_ws/build/robot_controller/prefix_override:/home/jsc/ros2_ws/install/robot_controller/lib/python3.10/site-packages:${PYTHONPATH} /usr/bin/python3 -W ignore:setup.py install is deprecated setup.py egg_info --egg-base ../../build/robot_controller build --build-base /home/jsc/ros2_ws/build/robot_controller/build install --record /home/jsc/ros2_ws/build/robot_controller/install.log --single-version-externally-managed install_data --force
