[0.748s] Invoking command in '/home/jsc/ros2_ws/build/aros2duino': PYTHONPATH=/home/jsc/ros2_ws/build/aros2duino/prefix_override:/home/jsc/ros2_ws/install/aros2duino/lib/python3.10/site-packages:${PYTHONPATH} /usr/bin/python3 -W ignore:setup.py install is deprecated setup.py develop --uninstall --editable --build-directory /home/jsc/ros2_ws/build/aros2duino/build
[0.973s] running develop
[0.973s] /usr/lib/python3/dist-packages/setuptools/command/easy_install.py:158: EasyInstallDeprecationWarning: easy_install command is deprecated. Use build and pip and other standards-based tools.
[0.973s]   warnings.warn(
[1.117s] Removing /home/jsc/ros2_ws/install/aros2duino/lib/python3.10/site-packages/aros2duino.egg-link (link to .)
[1.141s] Invoked command in '/home/jsc/ros2_ws/build/aros2duino' returned '0': PYTHONPATH=/home/jsc/ros2_ws/build/aros2duino/prefix_override:/home/jsc/ros2_ws/install/aros2duino/lib/python3.10/site-packages:${PYTHONPATH} /usr/bin/python3 -W ignore:setup.py install is deprecated setup.py develop --uninstall --editable --build-directory /home/jsc/ros2_ws/build/aros2duino/build
[1.143s] Invoking command in '/home/jsc/ros2_ws/src/Aros2duino/src/aros2duino': PYTHONPATH=/home/jsc/ros2_ws/build/aros2duino/prefix_override:/home/jsc/ros2_ws/install/aros2duino/lib/python3.10/site-packages:${PYTHONPATH} /usr/bin/python3 -W ignore:setup.py install is deprecated setup.py egg_info --egg-base ../../../../build/aros2duino build --build-base /home/jsc/ros2_ws/build/aros2duino/build install --record /home/jsc/ros2_ws/build/aros2duino/install.log --single-version-externally-managed install_data --force
[1.349s] running egg_info
[1.349s] writing ../../../../build/aros2duino/aros2duino.egg-info/PKG-INFO
[1.349s] writing dependency_links to ../../../../build/aros2duino/aros2duino.egg-info/dependency_links.txt
[1.350s] writing entry points to ../../../../build/aros2duino/aros2duino.egg-info/entry_points.txt
[1.350s] writing requirements to ../../../../build/aros2duino/aros2duino.egg-info/requires.txt
[1.350s] writing top-level names to ../../../../build/aros2duino/aros2duino.egg-info/top_level.txt
[1.351s] reading manifest file '../../../../build/aros2duino/aros2duino.egg-info/SOURCES.txt'
[1.352s] writing manifest file '../../../../build/aros2duino/aros2duino.egg-info/SOURCES.txt'
[1.352s] running build
[1.352s] running build_py
[1.352s] creating /home/jsc/ros2_ws/build/aros2duino/build
[1.352s] creating /home/jsc/ros2_ws/build/aros2duino/build/lib
[1.352s] creating /home/jsc/ros2_ws/build/aros2duino/build/lib/aros2duino
[1.353s] copying aros2duino/test_writing.py -> /home/jsc/ros2_ws/build/aros2duino/build/lib/aros2duino
[1.353s] copying aros2duino/__init__.py -> /home/jsc/ros2_ws/build/aros2duino/build/lib/aros2duino
[1.353s] copying aros2duino/serial_comm.py -> /home/jsc/ros2_ws/build/aros2duino/build/lib/aros2duino
[1.353s] copying aros2duino/find_ports.py -> /home/jsc/ros2_ws/build/aros2duino/build/lib/aros2duino
[1.353s] running install
[1.353s] running install_lib
[1.354s] creating /home/jsc/ros2_ws/install/aros2duino/lib/python3.10/site-packages/aros2duino
[1.354s] copying /home/jsc/ros2_ws/build/aros2duino/build/lib/aros2duino/test_writing.py -> /home/jsc/ros2_ws/install/aros2duino/lib/python3.10/site-packages/aros2duino
[1.354s] copying /home/jsc/ros2_ws/build/aros2duino/build/lib/aros2duino/__init__.py -> /home/jsc/ros2_ws/install/aros2duino/lib/python3.10/site-packages/aros2duino
[1.354s] copying /home/jsc/ros2_ws/build/aros2duino/build/lib/aros2duino/serial_comm.py -> /home/jsc/ros2_ws/install/aros2duino/lib/python3.10/site-packages/aros2duino
[1.354s] copying /home/jsc/ros2_ws/build/aros2duino/build/lib/aros2duino/find_ports.py -> /home/jsc/ros2_ws/install/aros2duino/lib/python3.10/site-packages/aros2duino
[1.354s] byte-compiling /home/jsc/ros2_ws/install/aros2duino/lib/python3.10/site-packages/aros2duino/test_writing.py to test_writing.cpython-310.pyc
[1.355s] byte-compiling /home/jsc/ros2_ws/install/aros2duino/lib/python3.10/site-packages/aros2duino/__init__.py to __init__.cpython-310.pyc
[1.355s] byte-compiling /home/jsc/ros2_ws/install/aros2duino/lib/python3.10/site-packages/aros2duino/serial_comm.py to serial_comm.cpython-310.pyc
[1.356s] byte-compiling /home/jsc/ros2_ws/install/aros2duino/lib/python3.10/site-packages/aros2duino/find_ports.py to find_ports.cpython-310.pyc
[1.356s] running install_data
[1.356s] copying resource/aros2duino -> /home/jsc/ros2_ws/install/aros2duino/share/ament_index/resource_index/packages
[1.356s] copying package.xml -> /home/jsc/ros2_ws/install/aros2duino/share/aros2duino
[1.356s] running install_egg_info
[1.358s] Copying ../../../../build/aros2duino/aros2duino.egg-info to /home/jsc/ros2_ws/install/aros2duino/lib/python3.10/site-packages/aros2duino-0.0.1-py3.10.egg-info
[1.358s] running install_scripts
[1.377s] Installing find_ports script to /home/jsc/ros2_ws/install/aros2duino/lib/aros2duino
[1.378s] Installing serial_comm script to /home/jsc/ros2_ws/install/aros2duino/lib/aros2duino
[1.378s] Installing test_writing script to /home/jsc/ros2_ws/install/aros2duino/lib/aros2duino
[1.378s] writing list of installed files to '/home/jsc/ros2_ws/build/aros2duino/install.log'
[1.399s] Invoked command in '/home/jsc/ros2_ws/src/Aros2duino/src/aros2duino' returned '0': PYTHONPATH=/home/jsc/ros2_ws/build/aros2duino/prefix_override:/home/jsc/ros2_ws/install/aros2duino/lib/python3.10/site-packages:${PYTHONPATH} /usr/bin/python3 -W ignore:setup.py install is deprecated setup.py egg_info --egg-base ../../../../build/aros2duino build --build-base /home/jsc/ros2_ws/build/aros2duino/build install --record /home/jsc/ros2_ws/build/aros2duino/install.log --single-version-externally-managed install_data --force
