[1.564s] Invoking command in '/home/jsc/ros2_ws/build/robot_sensor_distance': PYTHONPATH=/home/jsc/ros2_ws/build/robot_sensor_distance/prefix_override:/home/jsc/ros2_ws/install/robot_sensor_distance/lib/python3.10/site-packages:${PYTHONPATH} /usr/bin/python3 -W ignore:setup.py install is deprecated setup.py develop --editable --build-directory /home/jsc/ros2_ws/build/robot_sensor_distance/build --no-deps symlink_data --force
[1.835s] running develop
[1.836s] /usr/lib/python3/dist-packages/setuptools/command/easy_install.py:158: EasyInstallDeprecationWarning: easy_install command is deprecated. Use build and pip and other standards-based tools.
[1.836s]   warnings.warn(
[2.006s] running egg_info
[2.006s] writing robot_sensor_distance.egg-info/PKG-INFO
[2.006s] writing dependency_links to robot_sensor_distance.egg-info/dependency_links.txt
[2.006s] writing entry points to robot_sensor_distance.egg-info/entry_points.txt
[2.006s] writing requirements to robot_sensor_distance.egg-info/requires.txt
[2.007s] writing top-level names to robot_sensor_distance.egg-info/top_level.txt
[2.009s] reading manifest file 'robot_sensor_distance.egg-info/SOURCES.txt'
[2.011s] writing manifest file 'robot_sensor_distance.egg-info/SOURCES.txt'
[2.012s] running build_ext
[2.012s] Creating /home/jsc/ros2_ws/install/robot_sensor_distance/lib/python3.10/site-packages/robot-sensor-distance.egg-link (link to .)
[2.013s] Installing distancia script to /home/jsc/ros2_ws/install/robot_sensor_distance/lib/robot_sensor_distance
[2.014s] 
[2.014s] Installed /home/jsc/ros2_ws/build/robot_sensor_distance
[2.014s] running symlink_data
[2.014s] symbolically linking /home/jsc/ros2_ws/build/robot_sensor_distance/resource/robot_sensor_distance -> /home/jsc/ros2_ws/install/robot_sensor_distance/share/ament_index/resource_index/packages
[2.015s] symbolically linking /home/jsc/ros2_ws/build/robot_sensor_distance/package.xml -> /home/jsc/ros2_ws/install/robot_sensor_distance/share/robot_sensor_distance
[2.045s] Invoked command in '/home/jsc/ros2_ws/build/robot_sensor_distance' returned '0': PYTHONPATH=/home/jsc/ros2_ws/build/robot_sensor_distance/prefix_override:/home/jsc/ros2_ws/install/robot_sensor_distance/lib/python3.10/site-packages:${PYTHONPATH} /usr/bin/python3 -W ignore:setup.py install is deprecated setup.py develop --editable --build-directory /home/jsc/ros2_ws/build/robot_sensor_distance/build --no-deps symlink_data --force
