[1.661s] Invoking command in '/home/jsc/ros2_ws/build/robot_sensor_distance': PYTHONPATH=/home/jsc/ros2_ws/build/robot_sensor_distance/prefix_override:/home/jsc/ros2_ws/install/robot_sensor_distance/lib/python3.10/site-packages:${PYTHONPATH} /usr/bin/python3 -W ignore:setup.py install is deprecated setup.py develop --uninstall --editable --build-directory /home/jsc/ros2_ws/build/robot_sensor_distance/build
[1.947s] running develop
[1.948s] /usr/lib/python3/dist-packages/setuptools/command/easy_install.py:158: EasyInstallDeprecationWarning: easy_install command is deprecated. Use build and pip and other standards-based tools.
[1.948s]   warnings.warn(
[2.243s] Removing /home/jsc/ros2_ws/install/robot_sensor_distance/lib/python3.10/site-packages/robot-sensor-distance.egg-link (link to .)
[2.317s] Invoked command in '/home/jsc/ros2_ws/build/robot_sensor_distance' returned '0': PYTHONPATH=/home/jsc/ros2_ws/build/robot_sensor_distance/prefix_override:/home/jsc/ros2_ws/install/robot_sensor_distance/lib/python3.10/site-packages:${PYTHONPATH} /usr/bin/python3 -W ignore:setup.py install is deprecated setup.py develop --uninstall --editable --build-directory /home/jsc/ros2_ws/build/robot_sensor_distance/build
[2.319s] Invoking command in '/home/jsc/ros2_ws/src/robot_sensor_distance': PYTHONPATH=/home/jsc/ros2_ws/build/robot_sensor_distance/prefix_override:/home/jsc/ros2_ws/install/robot_sensor_distance/lib/python3.10/site-packages:${PYTHONPATH} /usr/bin/python3 -W ignore:setup.py install is deprecated setup.py egg_info --egg-base ../../build/robot_sensor_distance build --build-base /home/jsc/ros2_ws/build/robot_sensor_distance/build install --record /home/jsc/ros2_ws/build/robot_sensor_distance/install.log --single-version-externally-managed install_data --force
[2.887s] running egg_info
[2.887s] writing ../../build/robot_sensor_distance/robot_sensor_distance.egg-info/PKG-INFO
[2.887s] writing dependency_links to ../../build/robot_sensor_distance/robot_sensor_distance.egg-info/dependency_links.txt
[2.888s] writing entry points to ../../build/robot_sensor_distance/robot_sensor_distance.egg-info/entry_points.txt
[2.888s] writing requirements to ../../build/robot_sensor_distance/robot_sensor_distance.egg-info/requires.txt
[2.888s] writing top-level names to ../../build/robot_sensor_distance/robot_sensor_distance.egg-info/top_level.txt
[2.892s] reading manifest file '../../build/robot_sensor_distance/robot_sensor_distance.egg-info/SOURCES.txt'
[2.892s] adding license file 'LICENSE'
[2.893s] writing manifest file '../../build/robot_sensor_distance/robot_sensor_distance.egg-info/SOURCES.txt'
[2.894s] running build
[2.894s] running build_py
[2.894s] running install
[2.895s] running install_lib
[2.897s] creating /home/jsc/ros2_ws/install/robot_sensor_distance/lib/python3.10/site-packages/robot_sensor_distance
[2.897s] copying /home/jsc/ros2_ws/build/robot_sensor_distance/build/lib/robot_sensor_distance/sensor_distance.py -> /home/jsc/ros2_ws/install/robot_sensor_distance/lib/python3.10/site-packages/robot_sensor_distance
[2.897s] copying /home/jsc/ros2_ws/build/robot_sensor_distance/build/lib/robot_sensor_distance/__init__.py -> /home/jsc/ros2_ws/install/robot_sensor_distance/lib/python3.10/site-packages/robot_sensor_distance
[2.898s] byte-compiling /home/jsc/ros2_ws/install/robot_sensor_distance/lib/python3.10/site-packages/robot_sensor_distance/sensor_distance.py to sensor_distance.cpython-310.pyc
[2.900s] byte-compiling /home/jsc/ros2_ws/install/robot_sensor_distance/lib/python3.10/site-packages/robot_sensor_distance/__init__.py to __init__.cpython-310.pyc
[2.900s] running install_data
[2.900s] copying resource/robot_sensor_distance -> /home/jsc/ros2_ws/install/robot_sensor_distance/share/ament_index/resource_index/packages
[2.901s] copying package.xml -> /home/jsc/ros2_ws/install/robot_sensor_distance/share/robot_sensor_distance
[2.901s] running install_egg_info
[2.906s] Copying ../../build/robot_sensor_distance/robot_sensor_distance.egg-info to /home/jsc/ros2_ws/install/robot_sensor_distance/lib/python3.10/site-packages/robot_sensor_distance-0.0.0-py3.10.egg-info
[2.911s] running install_scripts
[2.957s] Installing distancia script to /home/jsc/ros2_ws/install/robot_sensor_distance/lib/robot_sensor_distance
[2.957s] writing list of installed files to '/home/jsc/ros2_ws/build/robot_sensor_distance/install.log'
[3.027s] Invoked command in '/home/jsc/ros2_ws/src/robot_sensor_distance' returned '0': PYTHONPATH=/home/jsc/ros2_ws/build/robot_sensor_distance/prefix_override:/home/jsc/ros2_ws/install/robot_sensor_distance/lib/python3.10/site-packages:${PYTHONPATH} /usr/bin/python3 -W ignore:setup.py install is deprecated setup.py egg_info --egg-base ../../build/robot_sensor_distance build --build-base /home/jsc/ros2_ws/build/robot_sensor_distance/build install --record /home/jsc/ros2_ws/build/robot_sensor_distance/install.log --single-version-externally-managed install_data --force
