[1.526s] Invoking command in '/home/jsc/ros2_ws/src/robot_nav2': PYTHONPATH=/home/jsc/ros2_ws/build/robot_nav2/prefix_override:/usr/lib/python3/dist-packages/colcon_core/task/python/colcon_distutils_commands:/home/jsc/ros2_ws/install/robot_nav2/lib/python3.10/site-packages:${PYTHONPATH} /usr/bin/python3 -W ignore:setup.py install is deprecated setup.py egg_info --egg-base ../../build/robot_nav2 build --build-base /home/jsc/ros2_ws/build/robot_nav2/build install --record /home/jsc/ros2_ws/build/robot_nav2/install.log --single-version-externally-managed install_data
[1.775s] running egg_info
[1.775s] writing ../../build/robot_nav2/robot_nav2.egg-info/PKG-INFO
[1.776s] writing dependency_links to ../../build/robot_nav2/robot_nav2.egg-info/dependency_links.txt
[1.776s] writing entry points to ../../build/robot_nav2/robot_nav2.egg-info/entry_points.txt
[1.776s] writing requirements to ../../build/robot_nav2/robot_nav2.egg-info/requires.txt
[1.776s] writing top-level names to ../../build/robot_nav2/robot_nav2.egg-info/top_level.txt
[1.777s] reading manifest file '../../build/robot_nav2/robot_nav2.egg-info/SOURCES.txt'
[1.778s] writing manifest file '../../build/robot_nav2/robot_nav2.egg-info/SOURCES.txt'
[1.778s] running build
[1.778s] running build_py
[1.779s] running install
[1.779s] running install_lib
[1.780s] running install_data
[1.780s] running install_egg_info
[1.783s] removing '/home/jsc/ros2_ws/install/robot_nav2/lib/python3.10/site-packages/robot_nav2-0.0.0-py3.10.egg-info' (and everything under it)
[1.783s] Copying ../../build/robot_nav2/robot_nav2.egg-info to /home/jsc/ros2_ws/install/robot_nav2/lib/python3.10/site-packages/robot_nav2-0.0.0-py3.10.egg-info
[1.784s] running install_scripts
[1.805s] writing list of installed files to '/home/jsc/ros2_ws/build/robot_nav2/install.log'
[1.831s] Invoked command in '/home/jsc/ros2_ws/src/robot_nav2' returned '0': PYTHONPATH=/home/jsc/ros2_ws/build/robot_nav2/prefix_override:/usr/lib/python3/dist-packages/colcon_core/task/python/colcon_distutils_commands:/home/jsc/ros2_ws/install/robot_nav2/lib/python3.10/site-packages:${PYTHONPATH} /usr/bin/python3 -W ignore:setup.py install is deprecated setup.py egg_info --egg-base ../../build/robot_nav2 build --build-base /home/jsc/ros2_ws/build/robot_nav2/build install --record /home/jsc/ros2_ws/build/robot_nav2/install.log --single-version-externally-managed install_data
