[0.574s] Invoking command in '/home/jsc/ros2_ws/src/robot_controller': PYTHONPATH=/home/jsc/ros2_ws/build/robot_controller/prefix_override:/home/jsc/ros2_ws/install/robot_controller/lib/python3.10/site-packages:${PYTHONPATH} /usr/bin/python3 -W ignore:setup.py install is deprecated setup.py egg_info --egg-base ../../build/robot_controller build --build-base /home/jsc/ros2_ws/build/robot_controller/build install --record /home/jsc/ros2_ws/build/robot_controller/install.log --single-version-externally-managed install_data
[0.781s] running egg_info
[0.782s] creating ../../build/robot_controller/robot_controller.egg-info
[0.782s] writing ../../build/robot_controller/robot_controller.egg-info/PKG-INFO
[0.782s] writing dependency_links to ../../build/robot_controller/robot_controller.egg-info/dependency_links.txt
[0.782s] writing entry points to ../../build/robot_controller/robot_controller.egg-info/entry_points.txt
[0.782s] writing requirements to ../../build/robot_controller/robot_controller.egg-info/requires.txt
[0.783s] writing top-level names to ../../build/robot_controller/robot_controller.egg-info/top_level.txt
[0.783s] writing manifest file '../../build/robot_controller/robot_controller.egg-info/SOURCES.txt'
[0.784s] reading manifest file '../../build/robot_controller/robot_controller.egg-info/SOURCES.txt'
[0.785s] writing manifest file '../../build/robot_controller/robot_controller.egg-info/SOURCES.txt'
[0.785s] running build
[0.785s] running build_py
[0.785s] creating /home/jsc/ros2_ws/build/robot_controller/build
[0.785s] creating /home/jsc/ros2_ws/build/robot_controller/build/lib
[0.785s] creating /home/jsc/ros2_ws/build/robot_controller/build/lib/robot_controller
[0.785s] copying robot_controller/__init__.py -> /home/jsc/ros2_ws/build/robot_controller/build/lib/robot_controller
[0.785s] running install
[0.785s] running install_lib
[0.786s] creating /home/jsc/ros2_ws/install/robot_controller/lib/python3.10/site-packages/robot_controller
[0.786s] copying /home/jsc/ros2_ws/build/robot_controller/build/lib/robot_controller/__init__.py -> /home/jsc/ros2_ws/install/robot_controller/lib/python3.10/site-packages/robot_controller
[0.786s] byte-compiling /home/jsc/ros2_ws/install/robot_controller/lib/python3.10/site-packages/robot_controller/__init__.py to __init__.cpython-310.pyc
[0.787s] running install_data
[0.787s] creating /home/jsc/ros2_ws/install/robot_controller/share/ament_index
[0.787s] creating /home/jsc/ros2_ws/install/robot_controller/share/ament_index/resource_index
[0.787s] creating /home/jsc/ros2_ws/install/robot_controller/share/ament_index/resource_index/packages
[0.787s] copying resource/robot_controller -> /home/jsc/ros2_ws/install/robot_controller/share/ament_index/resource_index/packages
[0.787s] copying package.xml -> /home/jsc/ros2_ws/install/robot_controller/share/robot_controller
[0.787s] running install_egg_info
[0.788s] Copying ../../build/robot_controller/robot_controller.egg-info to /home/jsc/ros2_ws/install/robot_controller/lib/python3.10/site-packages/robot_controller-0.0.0-py3.10.egg-info
[0.789s] running install_scripts
[0.808s] writing list of installed files to '/home/jsc/ros2_ws/build/robot_controller/install.log'
[0.826s] Invoked command in '/home/jsc/ros2_ws/src/robot_controller' returned '0': PYTHONPATH=/home/jsc/ros2_ws/build/robot_controller/prefix_override:/home/jsc/ros2_ws/install/robot_controller/lib/python3.10/site-packages:${PYTHONPATH} /usr/bin/python3 -W ignore:setup.py install is deprecated setup.py egg_info --egg-base ../../build/robot_controller build --build-base /home/jsc/ros2_ws/build/robot_controller/build install --record /home/jsc/ros2_ws/build/robot_controller/install.log --single-version-externally-managed install_data
