[1.836s] Invoking command in '/home/jsc/ros2_ws/src/robot_distancia': PYTHONPATH=/home/jsc/ros2_ws/build/robot_distancia/prefix_override:/usr/lib/python3/dist-packages/colcon_core/task/python/colcon_distutils_commands:/home/jsc/ros2_ws/install/robot_distancia/lib/python3.10/site-packages:${PYTHONPATH} /usr/bin/python3 -W ignore:setup.py install is deprecated setup.py egg_info --egg-base ../../build/robot_distancia build --build-base /home/jsc/ros2_ws/build/robot_distancia/build install --record /home/jsc/ros2_ws/build/robot_distancia/install.log --single-version-externally-managed install_data
[2.106s] running egg_info
[2.107s] writing ../../build/robot_distancia/robot_distancia.egg-info/PKG-INFO
[2.107s] writing dependency_links to ../../build/robot_distancia/robot_distancia.egg-info/dependency_links.txt
[2.108s] writing entry points to ../../build/robot_distancia/robot_distancia.egg-info/entry_points.txt
[2.108s] writing requirements to ../../build/robot_distancia/robot_distancia.egg-info/requires.txt
[2.108s] writing top-level names to ../../build/robot_distancia/robot_distancia.egg-info/top_level.txt
[2.110s] reading manifest file '../../build/robot_distancia/robot_distancia.egg-info/SOURCES.txt'
[2.110s] adding license file 'LICENSE'
[2.111s] writing manifest file '../../build/robot_distancia/robot_distancia.egg-info/SOURCES.txt'
[2.111s] running build
[2.111s] running build_py
[2.111s] running install
[2.112s] running install_lib
[2.114s] running install_data
[2.114s] running install_egg_info
[2.117s] removing '/home/jsc/ros2_ws/install/robot_distancia/lib/python3.10/site-packages/robot_distancia-0.0.0-py3.10.egg-info' (and everything under it)
[2.117s] Copying ../../build/robot_distancia/robot_distancia.egg-info to /home/jsc/ros2_ws/install/robot_distancia/lib/python3.10/site-packages/robot_distancia-0.0.0-py3.10.egg-info
[2.118s] running install_scripts
[2.141s] Installing distancia script to /home/jsc/ros2_ws/install/robot_distancia/lib/robot_distancia
[2.142s] writing list of installed files to '/home/jsc/ros2_ws/build/robot_distancia/install.log'
[2.172s] Invoked command in '/home/jsc/ros2_ws/src/robot_distancia' returned '0': PYTHONPATH=/home/jsc/ros2_ws/build/robot_distancia/prefix_override:/usr/lib/python3/dist-packages/colcon_core/task/python/colcon_distutils_commands:/home/jsc/ros2_ws/install/robot_distancia/lib/python3.10/site-packages:${PYTHONPATH} /usr/bin/python3 -W ignore:setup.py install is deprecated setup.py egg_info --egg-base ../../build/robot_distancia build --build-base /home/jsc/ros2_ws/build/robot_distancia/build install --record /home/jsc/ros2_ws/build/robot_distancia/install.log --single-version-externally-managed install_data
