-- The C compiler identification is GNU 11.4.0
-- The CXX compiler identification is GNU 11.4.0
-- Detecting C compiler ABI info
-- Detecting C compiler ABI info - done
-- Check for working C compiler: /usr/bin/cc - skipped
-- Detecting C compile features
-- Detecting C compile features - done
-- Detecting CXX compiler ABI info
-- Detecting CXX compiler ABI info - done
-- Check for working CXX compiler: /usr/bin/c++ - skipped
-- Detecting CXX compile features
-- Detecting CXX compile features - done
-- Found ament_cmake: 1.3.9 (/opt/ros/humble/share/ament_cmake/cmake)
-- Found Python3: /usr/bin/python3 (found version "3.10.12") found components: Interpreter 
-- Found ament_lint_auto: 0.12.11 (/opt/ros/humble/share/ament_lint_auto/cmake)
-- Added test 'flake8' to check Python code syntax and style conventions
-- Added test 'lint_cmake' to check CMake code style
-- Added test 'pep257' to check Python code against some of the docstring style conventions in PEP 257
-- Added test 'xmllint' to check XML markup files
-- Configuring done
-- Generating done
-- Build files have been written to: /home/jsc/ros2_ws/build/robot_SLAM
WARNING: Package name "robot_SLAM" does not follow the naming conventions. It should start with a lower case letter and only contain lower case letters, digits, underscores, and dashes.
-- Install configuration: ""
-- Installing: /home/jsc/ros2_ws/install/robot_SLAM/share/ament_index/resource_index/package_run_dependencies/robot_SLAM
-- Installing: /home/jsc/ros2_ws/install/robot_SLAM/share/ament_index/resource_index/parent_prefix_path/robot_SLAM
-- Installing: /home/jsc/ros2_ws/install/robot_SLAM/share/robot_SLAM/environment/ament_prefix_path.sh
-- Installing: /home/jsc/ros2_ws/install/robot_SLAM/share/robot_SLAM/environment/ament_prefix_path.dsv
-- Installing: /home/jsc/ros2_ws/install/robot_SLAM/share/robot_SLAM/environment/path.sh
-- Installing: /home/jsc/ros2_ws/install/robot_SLAM/share/robot_SLAM/environment/path.dsv
-- Installing: /home/jsc/ros2_ws/install/robot_SLAM/share/robot_SLAM/local_setup.bash
-- Installing: /home/jsc/ros2_ws/install/robot_SLAM/share/robot_SLAM/local_setup.sh
-- Installing: /home/jsc/ros2_ws/install/robot_SLAM/share/robot_SLAM/local_setup.zsh
-- Installing: /home/jsc/ros2_ws/install/robot_SLAM/share/robot_SLAM/local_setup.dsv
-- Installing: /home/jsc/ros2_ws/install/robot_SLAM/share/robot_SLAM/package.dsv
-- Installing: /home/jsc/ros2_ws/install/robot_SLAM/share/ament_index/resource_index/packages/robot_SLAM
-- Installing: /home/jsc/ros2_ws/install/robot_SLAM/share/robot_SLAM/cmake/robot_SLAMConfig.cmake
-- Installing: /home/jsc/ros2_ws/install/robot_SLAM/share/robot_SLAM/cmake/robot_SLAMConfig-version.cmake
-- Installing: /home/jsc/ros2_ws/install/robot_SLAM/share/robot_SLAM/package.xml
