[0.040s] Invoking command in '/home/jsc/ros2_ws/build/robot_SLAM': CMAKE_PREFIX_PATH=${CMAKE_PREFIX_PATH}:/home/jsc/ros2_ws/install/robot_sensor_distance:/home/jsc/ros2_ws/install/robot_nav2:/home/jsc/ros2_ws/install/robot_distancia:/home/jsc/ros2_ws/install/robot_controller:/home/jsc/ros2_ws/install/prueba:/home/jsc/ros2_ws/install/aros2duino:/home/jsc/Aros2duino/install/aros2duino:/opt/ros/humble /usr/bin/cmake /home/jsc/ros2_ws/src/robot_SLAM -DCMAKE_INSTALL_PREFIX=/home/jsc/ros2_ws/install/robot_SLAM
[1.100s] -- The C compiler identification is GNU 11.4.0
[1.100s] -- The CXX compiler identification is GNU 11.4.0
[1.101s] -- Detecting C compiler ABI info
[1.101s] -- Detecting C compiler ABI info - done
[1.102s] -- Check for working C compiler: /usr/bin/cc - skipped
[1.102s] -- Detecting C compile features
[1.102s] -- Detecting C compile features - done
[1.102s] -- Detecting CXX compiler ABI info
[1.104s] -- Detecting CXX compiler ABI info - done
[1.105s] -- Check for working CXX compiler: /usr/bin/c++ - skipped
[1.106s] -- Detecting CXX compile features
[1.106s] -- Detecting CXX compile features - done
[1.106s] -- Found ament_cmake: 1.3.9 (/opt/ros/humble/share/ament_cmake/cmake)
[1.107s] -- Found Python3: /usr/bin/python3 (found version "3.10.12") found components: Interpreter 
[1.108s] -- Found ament_lint_auto: 0.12.11 (/opt/ros/humble/share/ament_lint_auto/cmake)
[1.108s] -- Added test 'flake8' to check Python code syntax and style conventions
[1.108s] -- Added test 'lint_cmake' to check CMake code style
[1.109s] -- Added test 'pep257' to check Python code against some of the docstring style conventions in PEP 257
[1.109s] -- Added test 'xmllint' to check XML markup files
[1.109s] -- Configuring done
[1.109s] -- Generating done
[1.110s] -- Build files have been written to: /home/jsc/ros2_ws/build/robot_SLAM
[1.110s] WARNING: Package name "robot_SLAM" does not follow the naming conventions. It should start with a lower case letter and only contain lower case letters, digits, underscores, and dashes.
[1.113s] Invoked command in '/home/jsc/ros2_ws/build/robot_SLAM' returned '0': CMAKE_PREFIX_PATH=${CMAKE_PREFIX_PATH}:/home/jsc/ros2_ws/install/robot_sensor_distance:/home/jsc/ros2_ws/install/robot_nav2:/home/jsc/ros2_ws/install/robot_distancia:/home/jsc/ros2_ws/install/robot_controller:/home/jsc/ros2_ws/install/prueba:/home/jsc/ros2_ws/install/aros2duino:/home/jsc/Aros2duino/install/aros2duino:/opt/ros/humble /usr/bin/cmake /home/jsc/ros2_ws/src/robot_SLAM -DCMAKE_INSTALL_PREFIX=/home/jsc/ros2_ws/install/robot_SLAM
[1.114s] Invoking command in '/home/jsc/ros2_ws/build/robot_SLAM': CMAKE_PREFIX_PATH=${CMAKE_PREFIX_PATH}:/home/jsc/ros2_ws/install/robot_sensor_distance:/home/jsc/ros2_ws/install/robot_nav2:/home/jsc/ros2_ws/install/robot_distancia:/home/jsc/ros2_ws/install/robot_controller:/home/jsc/ros2_ws/install/prueba:/home/jsc/ros2_ws/install/aros2duino:/home/jsc/Aros2duino/install/aros2duino:/opt/ros/humble /usr/bin/cmake --build /home/jsc/ros2_ws/build/robot_SLAM -- -j12 -l12
[1.145s] Invoked command in '/home/jsc/ros2_ws/build/robot_SLAM' returned '0': CMAKE_PREFIX_PATH=${CMAKE_PREFIX_PATH}:/home/jsc/ros2_ws/install/robot_sensor_distance:/home/jsc/ros2_ws/install/robot_nav2:/home/jsc/ros2_ws/install/robot_distancia:/home/jsc/ros2_ws/install/robot_controller:/home/jsc/ros2_ws/install/prueba:/home/jsc/ros2_ws/install/aros2duino:/home/jsc/Aros2duino/install/aros2duino:/opt/ros/humble /usr/bin/cmake --build /home/jsc/ros2_ws/build/robot_SLAM -- -j12 -l12
[1.179s] Invoking command in '/home/jsc/ros2_ws/build/robot_SLAM': CMAKE_PREFIX_PATH=${CMAKE_PREFIX_PATH}:/home/jsc/ros2_ws/install/robot_sensor_distance:/home/jsc/ros2_ws/install/robot_nav2:/home/jsc/ros2_ws/install/robot_distancia:/home/jsc/ros2_ws/install/robot_controller:/home/jsc/ros2_ws/install/prueba:/home/jsc/ros2_ws/install/aros2duino:/home/jsc/Aros2duino/install/aros2duino:/opt/ros/humble /usr/bin/cmake --install /home/jsc/ros2_ws/build/robot_SLAM
[1.186s] -- Install configuration: ""
[1.186s] -- Installing: /home/jsc/ros2_ws/install/robot_SLAM/share/ament_index/resource_index/package_run_dependencies/robot_SLAM
[1.187s] -- Installing: /home/jsc/ros2_ws/install/robot_SLAM/share/ament_index/resource_index/parent_prefix_path/robot_SLAM
[1.187s] -- Installing: /home/jsc/ros2_ws/install/robot_SLAM/share/robot_SLAM/environment/ament_prefix_path.sh
[1.187s] -- Installing: /home/jsc/ros2_ws/install/robot_SLAM/share/robot_SLAM/environment/ament_prefix_path.dsv
[1.187s] -- Installing: /home/jsc/ros2_ws/install/robot_SLAM/share/robot_SLAM/environment/path.sh
[1.187s] -- Installing: /home/jsc/ros2_ws/install/robot_SLAM/share/robot_SLAM/environment/path.dsv
[1.188s] -- Installing: /home/jsc/ros2_ws/install/robot_SLAM/share/robot_SLAM/local_setup.bash
[1.188s] -- Installing: /home/jsc/ros2_ws/install/robot_SLAM/share/robot_SLAM/local_setup.sh
[1.188s] -- Installing: /home/jsc/ros2_ws/install/robot_SLAM/share/robot_SLAM/local_setup.zsh
[1.188s] -- Installing: /home/jsc/ros2_ws/install/robot_SLAM/share/robot_SLAM/local_setup.dsv
[1.188s] -- Installing: /home/jsc/ros2_ws/install/robot_SLAM/share/robot_SLAM/package.dsv
[1.188s] -- Installing: /home/jsc/ros2_ws/install/robot_SLAM/share/ament_index/resource_index/packages/robot_SLAM
[1.189s] -- Installing: /home/jsc/ros2_ws/install/robot_SLAM/share/robot_SLAM/cmake/robot_SLAMConfig.cmake
[1.189s] -- Installing: /home/jsc/ros2_ws/install/robot_SLAM/share/robot_SLAM/cmake/robot_SLAMConfig-version.cmake
[1.189s] -- Installing: /home/jsc/ros2_ws/install/robot_SLAM/share/robot_SLAM/package.xml
[1.191s] Invoked command in '/home/jsc/ros2_ws/build/robot_SLAM' returned '0': CMAKE_PREFIX_PATH=${CMAKE_PREFIX_PATH}:/home/jsc/ros2_ws/install/robot_sensor_distance:/home/jsc/ros2_ws/install/robot_nav2:/home/jsc/ros2_ws/install/robot_distancia:/home/jsc/ros2_ws/install/robot_controller:/home/jsc/ros2_ws/install/prueba:/home/jsc/ros2_ws/install/aros2duino:/home/jsc/Aros2duino/install/aros2duino:/opt/ros/humble /usr/bin/cmake --install /home/jsc/ros2_ws/build/robot_SLAM
