/home/jsc/ros2_ws/install/aros2duino/lib/python3.10/site-packages/aros2duino/test_writing.py
/home/jsc/ros2_ws/install/aros2duino/lib/python3.10/site-packages/aros2duino/__init__.py
/home/jsc/ros2_ws/install/aros2duino/lib/python3.10/site-packages/aros2duino/serial_comm.py
/home/jsc/ros2_ws/install/aros2duino/lib/python3.10/site-packages/aros2duino/find_ports.py
/home/jsc/ros2_ws/install/aros2duino/lib/python3.10/site-packages/aros2duino/__pycache__/test_writing.cpython-310.pyc
/home/jsc/ros2_ws/install/aros2duino/lib/python3.10/site-packages/aros2duino/__pycache__/__init__.cpython-310.pyc
/home/jsc/ros2_ws/install/aros2duino/lib/python3.10/site-packages/aros2duino/__pycache__/serial_comm.cpython-310.pyc
/home/jsc/ros2_ws/install/aros2duino/lib/python3.10/site-packages/aros2duino/__pycache__/find_ports.cpython-310.pyc
/home/jsc/ros2_ws/install/aros2duino/share/ament_index/resource_index/packages/aros2duino
/home/jsc/ros2_ws/install/aros2duino/share/aros2duino/package.xml
/home/jsc/ros2_ws/install/aros2duino/lib/python3.10/site-packages/aros2duino-0.0.1-py3.10.egg-info/PKG-INFO
/home/jsc/ros2_ws/install/aros2duino/lib/python3.10/site-packages/aros2duino-0.0.1-py3.10.egg-info/requires.txt
/home/jsc/ros2_ws/install/aros2duino/lib/python3.10/site-packages/aros2duino-0.0.1-py3.10.egg-info/SOURCES.txt
/home/jsc/ros2_ws/install/aros2duino/lib/python3.10/site-packages/aros2duino-0.0.1-py3.10.egg-info/dependency_links.txt
/home/jsc/ros2_ws/install/aros2duino/lib/python3.10/site-packages/aros2duino-0.0.1-py3.10.egg-info/zip-safe
/home/jsc/ros2_ws/install/aros2duino/lib/python3.10/site-packages/aros2duino-0.0.1-py3.10.egg-info/entry_points.txt
/home/jsc/ros2_ws/install/aros2duino/lib/python3.10/site-packages/aros2duino-0.0.1-py3.10.egg-info/top_level.txt
/home/jsc/ros2_ws/install/aros2duino/lib/aros2duino/find_ports
/home/jsc/ros2_ws/install/aros2duino/lib/aros2duino/serial_comm
/home/jsc/ros2_ws/install/aros2duino/lib/aros2duino/test_writing
