running egg_info
creating ../../build/robot_distancia/robot_distancia.egg-info
writing ../../build/robot_distancia/robot_distancia.egg-info/PKG-INFO
writing dependency_links to ../../build/robot_distancia/robot_distancia.egg-info/dependency_links.txt
writing entry points to ../../build/robot_distancia/robot_distancia.egg-info/entry_points.txt
writing requirements to ../../build/robot_distancia/robot_distancia.egg-info/requires.txt
writing top-level names to ../../build/robot_distancia/robot_distancia.egg-info/top_level.txt
writing manifest file '../../build/robot_distancia/robot_distancia.egg-info/SOURCES.txt'
reading manifest file '../../build/robot_distancia/robot_distancia.egg-info/SOURCES.txt'
adding license file 'LICENSE'
writing manifest file '../../build/robot_distancia/robot_distancia.egg-info/SOURCES.txt'
running build
running build_py
creating /home/jsc/ros2_ws/build/robot_distancia/build
creating /home/jsc/ros2_ws/build/robot_distancia/build/lib
creating /home/jsc/ros2_ws/build/robot_distancia/build/lib/robot_distancia
copying robot_distancia/sensor_distancia.py -> /home/jsc/ros2_ws/build/robot_distancia/build/lib/robot_distancia
copying robot_distancia/__init__.py -> /home/jsc/ros2_ws/build/robot_distancia/build/lib/robot_distancia
running install
running install_lib
creating /home/jsc/ros2_ws/install/robot_distancia/lib/python3.10/site-packages/robot_distancia
copying /home/jsc/ros2_ws/build/robot_distancia/build/lib/robot_distancia/sensor_distancia.py -> /home/jsc/ros2_ws/install/robot_distancia/lib/python3.10/site-packages/robot_distancia
copying /home/jsc/ros2_ws/build/robot_distancia/build/lib/robot_distancia/__init__.py -> /home/jsc/ros2_ws/install/robot_distancia/lib/python3.10/site-packages/robot_distancia
byte-compiling /home/jsc/ros2_ws/install/robot_distancia/lib/python3.10/site-packages/robot_distancia/sensor_distancia.py to sensor_distancia.cpython-310.pyc
byte-compiling /home/jsc/ros2_ws/install/robot_distancia/lib/python3.10/site-packages/robot_distancia/__init__.py to __init__.cpython-310.pyc
running install_data
creating /home/jsc/ros2_ws/install/robot_distancia/share/ament_index
creating /home/jsc/ros2_ws/install/robot_distancia/share/ament_index/resource_index
creating /home/jsc/ros2_ws/install/robot_distancia/share/ament_index/resource_index/packages
copying resource/robot_distancia -> /home/jsc/ros2_ws/install/robot_distancia/share/ament_index/resource_index/packages
copying package.xml -> /home/jsc/ros2_ws/install/robot_distancia/share/robot_distancia
running install_egg_info
Copying ../../build/robot_distancia/robot_distancia.egg-info to /home/jsc/ros2_ws/install/robot_distancia/lib/python3.10/site-packages/robot_distancia-0.0.0-py3.10.egg-info
running install_scripts
Installing distancia script to /home/jsc/ros2_ws/install/robot_distancia/lib/robot_distancia
writing list of installed files to '/home/jsc/ros2_ws/build/robot_distancia/install.log'
