[1.159s] Invoking command in '/home/jsc/ros2_ws/src/robot_distancia': PYTHONPATH=/home/jsc/ros2_ws/build/robot_distancia/prefix_override:/home/jsc/ros2_ws/install/robot_distancia/lib/python3.10/site-packages:${PYTHONPATH} /usr/bin/python3 -W ignore:setup.py install is deprecated setup.py egg_info --egg-base ../../build/robot_distancia build --build-base /home/jsc/ros2_ws/build/robot_distancia/build install --record /home/jsc/ros2_ws/build/robot_distancia/install.log --single-version-externally-managed install_data
[1.391s] running egg_info
[1.391s] creating ../../build/robot_distancia/robot_distancia.egg-info
[1.391s] writing ../../build/robot_distancia/robot_distancia.egg-info/PKG-INFO
[1.392s] writing dependency_links to ../../build/robot_distancia/robot_distancia.egg-info/dependency_links.txt
[1.392s] writing entry points to ../../build/robot_distancia/robot_distancia.egg-info/entry_points.txt
[1.392s] writing requirements to ../../build/robot_distancia/robot_distancia.egg-info/requires.txt
[1.392s] writing top-level names to ../../build/robot_distancia/robot_distancia.egg-info/top_level.txt
[1.392s] writing manifest file '../../build/robot_distancia/robot_distancia.egg-info/SOURCES.txt'
[1.394s] reading manifest file '../../build/robot_distancia/robot_distancia.egg-info/SOURCES.txt'
[1.394s] adding license file 'LICENSE'
[1.394s] writing manifest file '../../build/robot_distancia/robot_distancia.egg-info/SOURCES.txt'
[1.395s] running build
[1.395s] running build_py
[1.395s] creating /home/jsc/ros2_ws/build/robot_distancia/build
[1.395s] creating /home/jsc/ros2_ws/build/robot_distancia/build/lib
[1.395s] creating /home/jsc/ros2_ws/build/robot_distancia/build/lib/robot_distancia
[1.395s] copying robot_distancia/sensor_distancia.py -> /home/jsc/ros2_ws/build/robot_distancia/build/lib/robot_distancia
[1.395s] copying robot_distancia/__init__.py -> /home/jsc/ros2_ws/build/robot_distancia/build/lib/robot_distancia
[1.395s] running install
[1.395s] running install_lib
[1.396s] creating /home/jsc/ros2_ws/install/robot_distancia/lib/python3.10/site-packages/robot_distancia
[1.396s] copying /home/jsc/ros2_ws/build/robot_distancia/build/lib/robot_distancia/sensor_distancia.py -> /home/jsc/ros2_ws/install/robot_distancia/lib/python3.10/site-packages/robot_distancia
[1.396s] copying /home/jsc/ros2_ws/build/robot_distancia/build/lib/robot_distancia/__init__.py -> /home/jsc/ros2_ws/install/robot_distancia/lib/python3.10/site-packages/robot_distancia
[1.397s] byte-compiling /home/jsc/ros2_ws/install/robot_distancia/lib/python3.10/site-packages/robot_distancia/sensor_distancia.py to sensor_distancia.cpython-310.pyc
[1.397s] byte-compiling /home/jsc/ros2_ws/install/robot_distancia/lib/python3.10/site-packages/robot_distancia/__init__.py to __init__.cpython-310.pyc
[1.397s] running install_data
[1.397s] creating /home/jsc/ros2_ws/install/robot_distancia/share/ament_index
[1.398s] creating /home/jsc/ros2_ws/install/robot_distancia/share/ament_index/resource_index
[1.398s] creating /home/jsc/ros2_ws/install/robot_distancia/share/ament_index/resource_index/packages
[1.398s] copying resource/robot_distancia -> /home/jsc/ros2_ws/install/robot_distancia/share/ament_index/resource_index/packages
[1.398s] copying package.xml -> /home/jsc/ros2_ws/install/robot_distancia/share/robot_distancia
[1.398s] running install_egg_info
[1.400s] Copying ../../build/robot_distancia/robot_distancia.egg-info to /home/jsc/ros2_ws/install/robot_distancia/lib/python3.10/site-packages/robot_distancia-0.0.0-py3.10.egg-info
[1.401s] running install_scripts
[1.428s] Installing distancia script to /home/jsc/ros2_ws/install/robot_distancia/lib/robot_distancia
[1.428s] writing list of installed files to '/home/jsc/ros2_ws/build/robot_distancia/install.log'
[1.454s] Invoked command in '/home/jsc/ros2_ws/src/robot_distancia' returned '0': PYTHONPATH=/home/jsc/ros2_ws/build/robot_distancia/prefix_override:/home/jsc/ros2_ws/install/robot_distancia/lib/python3.10/site-packages:${PYTHONPATH} /usr/bin/python3 -W ignore:setup.py install is deprecated setup.py egg_info --egg-base ../../build/robot_distancia build --build-base /home/jsc/ros2_ws/build/robot_distancia/build install --record /home/jsc/ros2_ws/build/robot_distancia/install.log --single-version-externally-managed install_data
