[1.572s] Invoking command in '/home/jsc/ros2_ws/src/robot_controller': PYTHONPATH=/home/jsc/ros2_ws/build/robot_controller/prefix_override:/usr/lib/python3/dist-packages/colcon_core/task/python/colcon_distutils_commands:/home/jsc/ros2_ws/install/robot_controller/lib/python3.10/site-packages:${PYTHONPATH} /usr/bin/python3 -W ignore:setup.py install is deprecated setup.py egg_info --egg-base ../../build/robot_controller build --build-base /home/jsc/ros2_ws/build/robot_controller/build install --record /home/jsc/ros2_ws/build/robot_controller/install.log --single-version-externally-managed install_data
[1.829s] running egg_info
[1.830s] writing ../../build/robot_controller/robot_controller.egg-info/PKG-INFO
[1.830s] writing dependency_links to ../../build/robot_controller/robot_controller.egg-info/dependency_links.txt
[1.830s] writing entry points to ../../build/robot_controller/robot_controller.egg-info/entry_points.txt
[1.831s] writing requirements to ../../build/robot_controller/robot_controller.egg-info/requires.txt
[1.831s] writing top-level names to ../../build/robot_controller/robot_controller.egg-info/top_level.txt
[1.832s] reading manifest file '../../build/robot_controller/robot_controller.egg-info/SOURCES.txt'
[1.833s] writing manifest file '../../build/robot_controller/robot_controller.egg-info/SOURCES.txt'
[1.834s] running build
[1.834s] running build_py
[1.835s] running install
[1.835s] running install_lib
[1.835s] running install_data
[1.835s] running install_egg_info
[1.839s] removing '/home/jsc/ros2_ws/install/robot_controller/lib/python3.10/site-packages/robot_controller-0.0.0-py3.10.egg-info' (and everything under it)
[1.839s] Copying ../../build/robot_controller/robot_controller.egg-info to /home/jsc/ros2_ws/install/robot_controller/lib/python3.10/site-packages/robot_controller-0.0.0-py3.10.egg-info
[1.839s] running install_scripts
[1.860s] Installing find_ports script to /home/jsc/ros2_ws/install/robot_controller/lib/robot_controller
[1.860s] Installing text_node script to /home/jsc/ros2_ws/install/robot_controller/lib/robot_controller
[1.861s] writing list of installed files to '/home/jsc/ros2_ws/build/robot_controller/install.log'
[1.883s] Invoked command in '/home/jsc/ros2_ws/src/robot_controller' returned '0': PYTHONPATH=/home/jsc/ros2_ws/build/robot_controller/prefix_override:/usr/lib/python3/dist-packages/colcon_core/task/python/colcon_distutils_commands:/home/jsc/ros2_ws/install/robot_controller/lib/python3.10/site-packages:${PYTHONPATH} /usr/bin/python3 -W ignore:setup.py install is deprecated setup.py egg_info --egg-base ../../build/robot_controller build --build-base /home/jsc/ros2_ws/build/robot_controller/build install --record /home/jsc/ros2_ws/build/robot_controller/install.log --single-version-externally-managed install_data
