[0.100s] DEBUG:colcon:Command line arguments: ['/usr/bin/colcon', 'build']
[0.101s] DEBUG:colcon:Parsed command line arguments: Namespace(log_base=None, log_level=None, verb_name='build', build_base='build', install_base='install', merge_install=False, symlink_install=False, test_result_base=None, continue_on_error=False, executor='parallel', parallel_workers=12, event_handlers=None, ignore_user_meta=False, metas=['./colcon.meta'], base_paths=['.'], packages_ignore=None, packages_ignore_regex=None, paths=None, packages_up_to=None, packages_up_to_regex=None, packages_above=None, packages_above_and_dependencies=None, packages_above_depth=None, packages_select_by_dep=None, packages_skip_by_dep=None, packages_skip_up_to=None, packages_select_build_failed=False, packages_skip_build_finished=False, packages_select_test_failures=False, packages_skip_test_passed=False, packages_select=None, packages_skip=None, packages_select_regex=None, packages_skip_regex=None, packages_start=None, packages_end=None, allow_overriding=[], cmake_args=None, cmake_target=None, cmake_target_skip_unavailable=False, cmake_clean_cache=False, cmake_clean_first=False, cmake_force_configure=False, ament_cmake_args=None, catkin_cmake_args=None, catkin_skip_building_tests=False, verb_parser=<colcon_defaults.argument_parser.defaults.DefaultArgumentsDecorator object at 0x7c842e6dc850>, verb_extension=<colcon_core.verb.build.BuildVerb object at 0x7c842e84a110>, main=<bound method BuildVerb.main of <colcon_core.verb.build.BuildVerb object at 0x7c842e84a110>>)
[0.259s] Level 1:colcon.colcon_core.package_discovery:discover_packages(colcon_meta) check parameters
[0.259s] Level 1:colcon.colcon_core.package_discovery:discover_packages(recursive) check parameters
[0.259s] Level 1:colcon.colcon_core.package_discovery:discover_packages(ignore) check parameters
[0.259s] Level 1:colcon.colcon_core.package_discovery:discover_packages(path) check parameters
[0.259s] Level 1:colcon.colcon_core.package_discovery:discover_packages(colcon_meta) discover
[0.260s] Level 1:colcon.colcon_core.package_discovery:discover_packages(recursive) discover
[0.260s] INFO:colcon.colcon_core.package_discovery:Crawling recursively for packages in '/home/jsc/ros2_ws'
[0.260s] Level 1:colcon.colcon_core.package_identification:_identify(.) by extensions ['ignore', 'ignore_ament_install']
[0.260s] Level 1:colcon.colcon_core.package_identification:_identify(.) by extension 'ignore'
[0.260s] Level 1:colcon.colcon_core.package_identification:_identify(.) by extension 'ignore_ament_install'
[0.260s] Level 1:colcon.colcon_core.package_identification:_identify(.) by extensions ['colcon_pkg']
[0.260s] Level 1:colcon.colcon_core.package_identification:_identify(.) by extension 'colcon_pkg'
[0.260s] Level 1:colcon.colcon_core.package_identification:_identify(.) by extensions ['colcon_meta']
[0.260s] Level 1:colcon.colcon_core.package_identification:_identify(.) by extension 'colcon_meta'
[0.260s] Level 1:colcon.colcon_core.package_identification:_identify(.) by extensions ['ros']
[0.260s] Level 1:colcon.colcon_core.package_identification:_identify(.) by extension 'ros'
[0.270s] Level 1:colcon.colcon_core.package_identification:_identify(.) by extensions ['cmake', 'python']
[0.270s] Level 1:colcon.colcon_core.package_identification:_identify(.) by extension 'cmake'
[0.271s] Level 1:colcon.colcon_core.package_identification:_identify(.) by extension 'python'
[0.271s] Level 1:colcon.colcon_core.package_identification:_identify(.) by extensions ['python_setup_py']
[0.271s] Level 1:colcon.colcon_core.package_identification:_identify(.) by extension 'python_setup_py'
[0.271s] Level 1:colcon.colcon_core.package_identification:_identify(build) by extensions ['ignore', 'ignore_ament_install']
[0.271s] Level 1:colcon.colcon_core.package_identification:_identify(build) by extension 'ignore'
[0.271s] Level 1:colcon.colcon_core.package_identification:_identify(build) ignored
[0.271s] Level 1:colcon.colcon_core.package_identification:_identify(install) by extensions ['ignore', 'ignore_ament_install']
[0.271s] Level 1:colcon.colcon_core.package_identification:_identify(install) by extension 'ignore'
[0.271s] Level 1:colcon.colcon_core.package_identification:_identify(install) ignored
[0.271s] Level 1:colcon.colcon_core.package_identification:_identify(log) by extensions ['ignore', 'ignore_ament_install']
[0.271s] Level 1:colcon.colcon_core.package_identification:_identify(log) by extension 'ignore'
[0.271s] Level 1:colcon.colcon_core.package_identification:_identify(log) ignored
[0.271s] Level 1:colcon.colcon_core.package_identification:_identify(src) by extensions ['ignore', 'ignore_ament_install']
[0.272s] Level 1:colcon.colcon_core.package_identification:_identify(src) by extension 'ignore'
[0.272s] Level 1:colcon.colcon_core.package_identification:_identify(src) by extension 'ignore_ament_install'
[0.272s] Level 1:colcon.colcon_core.package_identification:_identify(src) by extensions ['colcon_pkg']
[0.272s] Level 1:colcon.colcon_core.package_identification:_identify(src) by extension 'colcon_pkg'
[0.272s] Level 1:colcon.colcon_core.package_identification:_identify(src) by extensions ['colcon_meta']
[0.272s] Level 1:colcon.colcon_core.package_identification:_identify(src) by extension 'colcon_meta'
[0.272s] Level 1:colcon.colcon_core.package_identification:_identify(src) by extensions ['ros']
[0.272s] Level 1:colcon.colcon_core.package_identification:_identify(src) by extension 'ros'
[0.272s] Level 1:colcon.colcon_core.package_identification:_identify(src) by extensions ['cmake', 'python']
[0.272s] Level 1:colcon.colcon_core.package_identification:_identify(src) by extension 'cmake'
[0.272s] Level 1:colcon.colcon_core.package_identification:_identify(src) by extension 'python'
[0.272s] Level 1:colcon.colcon_core.package_identification:_identify(src) by extensions ['python_setup_py']
[0.272s] Level 1:colcon.colcon_core.package_identification:_identify(src) by extension 'python_setup_py'
[0.272s] Level 1:colcon.colcon_core.package_identification:_identify(src/delta_lidar) by extensions ['ignore', 'ignore_ament_install']
[0.272s] Level 1:colcon.colcon_core.package_identification:_identify(src/delta_lidar) by extension 'ignore'
[0.272s] Level 1:colcon.colcon_core.package_identification:_identify(src/delta_lidar) by extension 'ignore_ament_install'
[0.272s] Level 1:colcon.colcon_core.package_identification:_identify(src/delta_lidar) by extensions ['colcon_pkg']
[0.272s] Level 1:colcon.colcon_core.package_identification:_identify(src/delta_lidar) by extension 'colcon_pkg'
[0.272s] Level 1:colcon.colcon_core.package_identification:_identify(src/delta_lidar) by extensions ['colcon_meta']
[0.272s] Level 1:colcon.colcon_core.package_identification:_identify(src/delta_lidar) by extension 'colcon_meta'
[0.272s] Level 1:colcon.colcon_core.package_identification:_identify(src/delta_lidar) by extensions ['ros']
[0.272s] Level 1:colcon.colcon_core.package_identification:_identify(src/delta_lidar) by extension 'ros'
[0.275s] DEBUG:colcon.colcon_core.package_identification:Package 'src/delta_lidar' with type 'ros.ament_cmake' and name 'delta_lidar'
[0.275s] Level 1:colcon.colcon_core.package_identification:_identify(src/robot_controller) by extensions ['ignore', 'ignore_ament_install']
[0.275s] Level 1:colcon.colcon_core.package_identification:_identify(src/robot_controller) by extension 'ignore'
[0.275s] Level 1:colcon.colcon_core.package_identification:_identify(src/robot_controller) by extension 'ignore_ament_install'
[0.275s] Level 1:colcon.colcon_core.package_identification:_identify(src/robot_controller) by extensions ['colcon_pkg']
[0.275s] Level 1:colcon.colcon_core.package_identification:_identify(src/robot_controller) by extension 'colcon_pkg'
[0.275s] Level 1:colcon.colcon_core.package_identification:_identify(src/robot_controller) by extensions ['colcon_meta']
[0.275s] Level 1:colcon.colcon_core.package_identification:_identify(src/robot_controller) by extension 'colcon_meta'
[0.275s] Level 1:colcon.colcon_core.package_identification:_identify(src/robot_controller) by extensions ['ros']
[0.275s] Level 1:colcon.colcon_core.package_identification:_identify(src/robot_controller) by extension 'ros'
[0.276s] DEBUG:colcon.colcon_core.package_identification:Package 'src/robot_controller' with type 'ros.ament_python' and name 'robot_controller'
[0.276s] Level 1:colcon.colcon_core.package_identification:_identify(src/robot_distancia) by extensions ['ignore', 'ignore_ament_install']
[0.276s] Level 1:colcon.colcon_core.package_identification:_identify(src/robot_distancia) by extension 'ignore'
[0.276s] Level 1:colcon.colcon_core.package_identification:_identify(src/robot_distancia) by extension 'ignore_ament_install'
[0.276s] Level 1:colcon.colcon_core.package_identification:_identify(src/robot_distancia) by extensions ['colcon_pkg']
[0.276s] Level 1:colcon.colcon_core.package_identification:_identify(src/robot_distancia) by extension 'colcon_pkg'
[0.276s] Level 1:colcon.colcon_core.package_identification:_identify(src/robot_distancia) by extensions ['colcon_meta']
[0.276s] Level 1:colcon.colcon_core.package_identification:_identify(src/robot_distancia) by extension 'colcon_meta'
[0.276s] Level 1:colcon.colcon_core.package_identification:_identify(src/robot_distancia) by extensions ['ros']
[0.276s] Level 1:colcon.colcon_core.package_identification:_identify(src/robot_distancia) by extension 'ros'
[0.276s] DEBUG:colcon.colcon_core.package_identification:Package 'src/robot_distancia' with type 'ros.ament_python' and name 'robot_distancia'
[0.276s] Level 1:colcon.colcon_core.package_identification:_identify(src/robot_sensor_distance) by extensions ['ignore', 'ignore_ament_install']
[0.277s] Level 1:colcon.colcon_core.package_identification:_identify(src/robot_sensor_distance) by extension 'ignore'
[0.277s] Level 1:colcon.colcon_core.package_identification:_identify(src/robot_sensor_distance) by extension 'ignore_ament_install'
[0.277s] Level 1:colcon.colcon_core.package_identification:_identify(src/robot_sensor_distance) by extensions ['colcon_pkg']
[0.277s] Level 1:colcon.colcon_core.package_identification:_identify(src/robot_sensor_distance) by extension 'colcon_pkg'
[0.277s] Level 1:colcon.colcon_core.package_identification:_identify(src/robot_sensor_distance) by extensions ['colcon_meta']
[0.277s] Level 1:colcon.colcon_core.package_identification:_identify(src/robot_sensor_distance) by extension 'colcon_meta'
[0.277s] Level 1:colcon.colcon_core.package_identification:_identify(src/robot_sensor_distance) by extensions ['ros']
[0.277s] Level 1:colcon.colcon_core.package_identification:_identify(src/robot_sensor_distance) by extension 'ros'
[0.277s] DEBUG:colcon.colcon_core.package_identification:Package 'src/robot_sensor_distance' with type 'ros.ament_python' and name 'robot_sensor_distance'
[0.278s] Level 1:colcon.colcon_core.package_identification:_identify(src/sllidar_ros2) by extensions ['ignore', 'ignore_ament_install']
[0.278s] Level 1:colcon.colcon_core.package_identification:_identify(src/sllidar_ros2) by extension 'ignore'
[0.278s] Level 1:colcon.colcon_core.package_identification:_identify(src/sllidar_ros2) by extension 'ignore_ament_install'
[0.278s] Level 1:colcon.colcon_core.package_identification:_identify(src/sllidar_ros2) by extensions ['colcon_pkg']
[0.278s] Level 1:colcon.colcon_core.package_identification:_identify(src/sllidar_ros2) by extension 'colcon_pkg'
[0.278s] Level 1:colcon.colcon_core.package_identification:_identify(src/sllidar_ros2) by extensions ['colcon_meta']
[0.278s] Level 1:colcon.colcon_core.package_identification:_identify(src/sllidar_ros2) by extension 'colcon_meta'
[0.278s] Level 1:colcon.colcon_core.package_identification:_identify(src/sllidar_ros2) by extensions ['ros']
[0.278s] Level 1:colcon.colcon_core.package_identification:_identify(src/sllidar_ros2) by extension 'ros'
[0.278s] DEBUG:colcon.colcon_core.package_identification:Package 'src/sllidar_ros2' with type 'ros.ament_cmake' and name 'sllidar_ros2'
[0.279s] Level 1:colcon.colcon_core.package_discovery:discover_packages(recursive) using defaults
[0.279s] Level 1:colcon.colcon_core.package_discovery:discover_packages(ignore) discover
[0.279s] Level 1:colcon.colcon_core.package_discovery:discover_packages(ignore) using defaults
[0.279s] Level 1:colcon.colcon_core.package_discovery:discover_packages(path) discover
[0.279s] Level 1:colcon.colcon_core.package_discovery:discover_packages(path) using defaults
[0.297s] Level 1:colcon.colcon_core.package_discovery:discover_packages(prefix_path) check parameters
[0.297s] Level 1:colcon.colcon_core.package_discovery:discover_packages(prefix_path) discover
[0.299s] DEBUG:colcon.colcon_installed_package_information.package_discovery:Found 7 installed packages in /home/jsc/ros2_ws/install
[0.300s] DEBUG:colcon.colcon_installed_package_information.package_discovery:Found 1 installed packages in /home/jsc/Aros2duino/install
[0.301s] DEBUG:colcon.colcon_installed_package_information.package_discovery:Found 270 installed packages in /opt/ros/humble
[0.302s] Level 1:colcon.colcon_core.package_discovery:discover_packages(prefix_path) using defaults
[0.346s] Level 5:colcon.colcon_core.verb:set package 'delta_lidar' build argument 'cmake_args' from command line to 'None'
[0.346s] Level 5:colcon.colcon_core.verb:set package 'delta_lidar' build argument 'cmake_target' from command line to 'None'
[0.346s] Level 5:colcon.colcon_core.verb:set package 'delta_lidar' build argument 'cmake_target_skip_unavailable' from command line to 'False'
[0.346s] Level 5:colcon.colcon_core.verb:set package 'delta_lidar' build argument 'cmake_clean_cache' from command line to 'False'
[0.347s] Level 5:colcon.colcon_core.verb:set package 'delta_lidar' build argument 'cmake_clean_first' from command line to 'False'
[0.347s] Level 5:colcon.colcon_core.verb:set package 'delta_lidar' build argument 'cmake_force_configure' from command line to 'False'
[0.347s] Level 5:colcon.colcon_core.verb:set package 'delta_lidar' build argument 'ament_cmake_args' from command line to 'None'
[0.347s] Level 5:colcon.colcon_core.verb:set package 'delta_lidar' build argument 'catkin_cmake_args' from command line to 'None'
[0.347s] Level 5:colcon.colcon_core.verb:set package 'delta_lidar' build argument 'catkin_skip_building_tests' from command line to 'False'
[0.347s] DEBUG:colcon.colcon_core.verb:Building package 'delta_lidar' with the following arguments: {'ament_cmake_args': None, 'build_base': '/home/jsc/ros2_ws/build/delta_lidar', 'catkin_cmake_args': None, 'catkin_skip_building_tests': False, 'cmake_args': None, 'cmake_clean_cache': False, 'cmake_clean_first': False, 'cmake_force_configure': False, 'cmake_target': None, 'cmake_target_skip_unavailable': False, 'install_base': '/home/jsc/ros2_ws/install/delta_lidar', 'merge_install': False, 'path': '/home/jsc/ros2_ws/src/delta_lidar', 'symlink_install': False, 'test_result_base': None}
[0.347s] Level 5:colcon.colcon_core.verb:set package 'robot_controller' build argument 'cmake_args' from command line to 'None'
[0.347s] Level 5:colcon.colcon_core.verb:set package 'robot_controller' build argument 'cmake_target' from command line to 'None'
[0.347s] Level 5:colcon.colcon_core.verb:set package 'robot_controller' build argument 'cmake_target_skip_unavailable' from command line to 'False'
[0.347s] Level 5:colcon.colcon_core.verb:set package 'robot_controller' build argument 'cmake_clean_cache' from command line to 'False'
[0.347s] Level 5:colcon.colcon_core.verb:set package 'robot_controller' build argument 'cmake_clean_first' from command line to 'False'
[0.347s] Level 5:colcon.colcon_core.verb:set package 'robot_controller' build argument 'cmake_force_configure' from command line to 'False'
[0.347s] Level 5:colcon.colcon_core.verb:set package 'robot_controller' build argument 'ament_cmake_args' from command line to 'None'
[0.347s] Level 5:colcon.colcon_core.verb:set package 'robot_controller' build argument 'catkin_cmake_args' from command line to 'None'
[0.347s] Level 5:colcon.colcon_core.verb:set package 'robot_controller' build argument 'catkin_skip_building_tests' from command line to 'False'
[0.347s] DEBUG:colcon.colcon_core.verb:Building package 'robot_controller' with the following arguments: {'ament_cmake_args': None, 'build_base': '/home/jsc/ros2_ws/build/robot_controller', 'catkin_cmake_args': None, 'catkin_skip_building_tests': False, 'cmake_args': None, 'cmake_clean_cache': False, 'cmake_clean_first': False, 'cmake_force_configure': False, 'cmake_target': None, 'cmake_target_skip_unavailable': False, 'install_base': '/home/jsc/ros2_ws/install/robot_controller', 'merge_install': False, 'path': '/home/jsc/ros2_ws/src/robot_controller', 'symlink_install': False, 'test_result_base': None}
[0.347s] Level 5:colcon.colcon_core.verb:set package 'robot_distancia' build argument 'cmake_args' from command line to 'None'
[0.348s] Level 5:colcon.colcon_core.verb:set package 'robot_distancia' build argument 'cmake_target' from command line to 'None'
[0.348s] Level 5:colcon.colcon_core.verb:set package 'robot_distancia' build argument 'cmake_target_skip_unavailable' from command line to 'False'
[0.348s] Level 5:colcon.colcon_core.verb:set package 'robot_distancia' build argument 'cmake_clean_cache' from command line to 'False'
[0.348s] Level 5:colcon.colcon_core.verb:set package 'robot_distancia' build argument 'cmake_clean_first' from command line to 'False'
[0.348s] Level 5:colcon.colcon_core.verb:set package 'robot_distancia' build argument 'cmake_force_configure' from command line to 'False'
[0.348s] Level 5:colcon.colcon_core.verb:set package 'robot_distancia' build argument 'ament_cmake_args' from command line to 'None'
[0.348s] Level 5:colcon.colcon_core.verb:set package 'robot_distancia' build argument 'catkin_cmake_args' from command line to 'None'
[0.348s] Level 5:colcon.colcon_core.verb:set package 'robot_distancia' build argument 'catkin_skip_building_tests' from command line to 'False'
[0.348s] DEBUG:colcon.colcon_core.verb:Building package 'robot_distancia' with the following arguments: {'ament_cmake_args': None, 'build_base': '/home/jsc/ros2_ws/build/robot_distancia', 'catkin_cmake_args': None, 'catkin_skip_building_tests': False, 'cmake_args': None, 'cmake_clean_cache': False, 'cmake_clean_first': False, 'cmake_force_configure': False, 'cmake_target': None, 'cmake_target_skip_unavailable': False, 'install_base': '/home/jsc/ros2_ws/install/robot_distancia', 'merge_install': False, 'path': '/home/jsc/ros2_ws/src/robot_distancia', 'symlink_install': False, 'test_result_base': None}
[0.348s] Level 5:colcon.colcon_core.verb:set package 'robot_sensor_distance' build argument 'cmake_args' from command line to 'None'
[0.348s] Level 5:colcon.colcon_core.verb:set package 'robot_sensor_distance' build argument 'cmake_target' from command line to 'None'
[0.348s] Level 5:colcon.colcon_core.verb:set package 'robot_sensor_distance' build argument 'cmake_target_skip_unavailable' from command line to 'False'
[0.348s] Level 5:colcon.colcon_core.verb:set package 'robot_sensor_distance' build argument 'cmake_clean_cache' from command line to 'False'
[0.348s] Level 5:colcon.colcon_core.verb:set package 'robot_sensor_distance' build argument 'cmake_clean_first' from command line to 'False'
[0.348s] Level 5:colcon.colcon_core.verb:set package 'robot_sensor_distance' build argument 'cmake_force_configure' from command line to 'False'
[0.348s] Level 5:colcon.colcon_core.verb:set package 'robot_sensor_distance' build argument 'ament_cmake_args' from command line to 'None'
[0.348s] Level 5:colcon.colcon_core.verb:set package 'robot_sensor_distance' build argument 'catkin_cmake_args' from command line to 'None'
[0.348s] Level 5:colcon.colcon_core.verb:set package 'robot_sensor_distance' build argument 'catkin_skip_building_tests' from command line to 'False'
[0.348s] DEBUG:colcon.colcon_core.verb:Building package 'robot_sensor_distance' with the following arguments: {'ament_cmake_args': None, 'build_base': '/home/jsc/ros2_ws/build/robot_sensor_distance', 'catkin_cmake_args': None, 'catkin_skip_building_tests': False, 'cmake_args': None, 'cmake_clean_cache': False, 'cmake_clean_first': False, 'cmake_force_configure': False, 'cmake_target': None, 'cmake_target_skip_unavailable': False, 'install_base': '/home/jsc/ros2_ws/install/robot_sensor_distance', 'merge_install': False, 'path': '/home/jsc/ros2_ws/src/robot_sensor_distance', 'symlink_install': False, 'test_result_base': None}
[0.349s] Level 5:colcon.colcon_core.verb:set package 'sllidar_ros2' build argument 'cmake_args' from command line to 'None'
[0.349s] Level 5:colcon.colcon_core.verb:set package 'sllidar_ros2' build argument 'cmake_target' from command line to 'None'
[0.349s] Level 5:colcon.colcon_core.verb:set package 'sllidar_ros2' build argument 'cmake_target_skip_unavailable' from command line to 'False'
[0.349s] Level 5:colcon.colcon_core.verb:set package 'sllidar_ros2' build argument 'cmake_clean_cache' from command line to 'False'
[0.349s] Level 5:colcon.colcon_core.verb:set package 'sllidar_ros2' build argument 'cmake_clean_first' from command line to 'False'
[0.349s] Level 5:colcon.colcon_core.verb:set package 'sllidar_ros2' build argument 'cmake_force_configure' from command line to 'False'
[0.349s] Level 5:colcon.colcon_core.verb:set package 'sllidar_ros2' build argument 'ament_cmake_args' from command line to 'None'
[0.349s] Level 5:colcon.colcon_core.verb:set package 'sllidar_ros2' build argument 'catkin_cmake_args' from command line to 'None'
[0.349s] Level 5:colcon.colcon_core.verb:set package 'sllidar_ros2' build argument 'catkin_skip_building_tests' from command line to 'False'
[0.349s] DEBUG:colcon.colcon_core.verb:Building package 'sllidar_ros2' with the following arguments: {'ament_cmake_args': None, 'build_base': '/home/jsc/ros2_ws/build/sllidar_ros2', 'catkin_cmake_args': None, 'catkin_skip_building_tests': False, 'cmake_args': None, 'cmake_clean_cache': False, 'cmake_clean_first': False, 'cmake_force_configure': False, 'cmake_target': None, 'cmake_target_skip_unavailable': False, 'install_base': '/home/jsc/ros2_ws/install/sllidar_ros2', 'merge_install': False, 'path': '/home/jsc/ros2_ws/src/sllidar_ros2', 'symlink_install': False, 'test_result_base': None}
[0.349s] INFO:colcon.colcon_core.executor:Executing jobs using 'parallel' executor
[0.350s] DEBUG:colcon.colcon_parallel_executor.executor.parallel:run_until_complete
[0.350s] INFO:colcon.colcon_ros.task.ament_cmake.build:Building ROS package in '/home/jsc/ros2_ws/src/delta_lidar' with build type 'ament_cmake'
[0.350s] INFO:colcon.colcon_cmake.task.cmake.build:Building CMake package in '/home/jsc/ros2_ws/src/delta_lidar'
[0.352s] INFO:colcon.colcon_core.plugin_system:Skipping extension 'colcon_core.shell.bat': Not used on non-Windows systems
[0.353s] INFO:colcon.colcon_core.shell:Skip shell extension 'powershell' for command environment: Not usable outside of PowerShell
[0.353s] DEBUG:colcon.colcon_core.shell:Skip shell extension 'dsv' for command environment
[0.357s] INFO:colcon.colcon_ros.task.ament_python.build:Building ROS package in '/home/jsc/ros2_ws/src/robot_controller' with build type 'ament_python'
[0.357s] Level 1:colcon.colcon_core.shell:create_environment_hook('robot_controller', 'ament_prefix_path')
[0.357s] INFO:colcon.colcon_core.shell:Creating environment hook '/home/jsc/ros2_ws/install/robot_controller/share/robot_controller/hook/ament_prefix_path.ps1'
[0.358s] INFO:colcon.colcon_core.shell:Creating environment descriptor '/home/jsc/ros2_ws/install/robot_controller/share/robot_controller/hook/ament_prefix_path.dsv'
[0.358s] INFO:colcon.colcon_core.shell:Creating environment hook '/home/jsc/ros2_ws/install/robot_controller/share/robot_controller/hook/ament_prefix_path.sh'
[0.359s] INFO:colcon.colcon_core.shell:Skip shell extension 'powershell' for command environment: Not usable outside of PowerShell
[0.359s] DEBUG:colcon.colcon_core.shell:Skip shell extension 'dsv' for command environment
[0.364s] INFO:colcon.colcon_ros.task.ament_python.build:Building ROS package in '/home/jsc/ros2_ws/src/robot_distancia' with build type 'ament_python'
[0.364s] Level 1:colcon.colcon_core.shell:create_environment_hook('robot_distancia', 'ament_prefix_path')
[0.364s] INFO:colcon.colcon_core.shell:Creating environment hook '/home/jsc/ros2_ws/install/robot_distancia/share/robot_distancia/hook/ament_prefix_path.ps1'
[0.365s] INFO:colcon.colcon_core.shell:Creating environment descriptor '/home/jsc/ros2_ws/install/robot_distancia/share/robot_distancia/hook/ament_prefix_path.dsv'
[0.365s] INFO:colcon.colcon_core.shell:Creating environment hook '/home/jsc/ros2_ws/install/robot_distancia/share/robot_distancia/hook/ament_prefix_path.sh'
[0.366s] INFO:colcon.colcon_core.shell:Skip shell extension 'powershell' for command environment: Not usable outside of PowerShell
[0.366s] DEBUG:colcon.colcon_core.shell:Skip shell extension 'dsv' for command environment
[0.369s] INFO:colcon.colcon_ros.task.ament_python.build:Building ROS package in '/home/jsc/ros2_ws/src/robot_sensor_distance' with build type 'ament_python'
[0.370s] Level 1:colcon.colcon_core.shell:create_environment_hook('robot_sensor_distance', 'ament_prefix_path')
[0.370s] INFO:colcon.colcon_core.shell:Creating environment hook '/home/jsc/ros2_ws/install/robot_sensor_distance/share/robot_sensor_distance/hook/ament_prefix_path.ps1'
[0.371s] INFO:colcon.colcon_core.shell:Creating environment descriptor '/home/jsc/ros2_ws/install/robot_sensor_distance/share/robot_sensor_distance/hook/ament_prefix_path.dsv'
[0.371s] INFO:colcon.colcon_core.shell:Creating environment hook '/home/jsc/ros2_ws/install/robot_sensor_distance/share/robot_sensor_distance/hook/ament_prefix_path.sh'
[0.372s] INFO:colcon.colcon_core.shell:Skip shell extension 'powershell' for command environment: Not usable outside of PowerShell
[0.372s] DEBUG:colcon.colcon_core.shell:Skip shell extension 'dsv' for command environment
[0.375s] INFO:colcon.colcon_ros.task.ament_cmake.build:Building ROS package in '/home/jsc/ros2_ws/src/sllidar_ros2' with build type 'ament_cmake'
[0.376s] INFO:colcon.colcon_cmake.task.cmake.build:Building CMake package in '/home/jsc/ros2_ws/src/sllidar_ros2'
[0.376s] INFO:colcon.colcon_core.shell:Skip shell extension 'powershell' for command environment: Not usable outside of PowerShell
[0.376s] DEBUG:colcon.colcon_core.shell:Skip shell extension 'dsv' for command environment
[0.386s] DEBUG:colcon.colcon_core.event_handler.log_command:Invoking command in '/home/jsc/ros2_ws/build/delta_lidar': CMAKE_PREFIX_PATH=${CMAKE_PREFIX_PATH}:/home/jsc/ros2_ws/install/robot_sensor_distance:/home/jsc/ros2_ws/install/robot_distancia:/home/jsc/ros2_ws/install/robot_controller:/home/jsc/ros2_ws/install/prueba:/home/jsc/ros2_ws/install/aros2duino:/home/jsc/Aros2duino/install/aros2duino:/opt/ros/humble /usr/bin/cmake --build /home/jsc/ros2_ws/build/delta_lidar -- -j12 -l12
[0.644s] INFO:colcon.colcon_core.task.python.build:Building Python package in '/home/jsc/ros2_ws/src/robot_controller'
[0.644s] INFO:colcon.colcon_core.shell:Skip shell extension 'powershell' for command environment: Not usable outside of PowerShell
[0.644s] DEBUG:colcon.colcon_core.shell:Skip shell extension 'dsv' for command environment
[0.900s] INFO:colcon.colcon_core.task.python.build:Building Python package in '/home/jsc/ros2_ws/src/robot_distancia'
[0.900s] INFO:colcon.colcon_core.shell:Skip shell extension 'powershell' for command environment: Not usable outside of PowerShell
[0.900s] DEBUG:colcon.colcon_core.shell:Skip shell extension 'dsv' for command environment
[1.164s] INFO:colcon.colcon_core.task.python.build:Building Python package in '/home/jsc/ros2_ws/src/robot_sensor_distance'
[1.165s] INFO:colcon.colcon_core.shell:Skip shell extension 'powershell' for command environment: Not usable outside of PowerShell
[1.165s] DEBUG:colcon.colcon_core.shell:Skip shell extension 'dsv' for command environment
[1.175s] DEBUG:colcon.colcon_core.event_handler.log_command:Invoking command in '/home/jsc/ros2_ws/build/sllidar_ros2': CMAKE_PREFIX_PATH=${CMAKE_PREFIX_PATH}:/home/jsc/ros2_ws/install/robot_sensor_distance:/home/jsc/ros2_ws/install/robot_distancia:/home/jsc/ros2_ws/install/robot_controller:/home/jsc/ros2_ws/install/prueba:/home/jsc/ros2_ws/install/aros2duino:/home/jsc/Aros2duino/install/aros2duino:/opt/ros/humble /usr/bin/cmake --build /home/jsc/ros2_ws/build/sllidar_ros2 -- -j12 -l12
[1.257s] DEBUG:colcon.colcon_core.event_handler.log_command:Invoked command in '/home/jsc/ros2_ws/build/sllidar_ros2' returned '0': CMAKE_PREFIX_PATH=${CMAKE_PREFIX_PATH}:/home/jsc/ros2_ws/install/robot_sensor_distance:/home/jsc/ros2_ws/install/robot_distancia:/home/jsc/ros2_ws/install/robot_controller:/home/jsc/ros2_ws/install/prueba:/home/jsc/ros2_ws/install/aros2duino:/home/jsc/Aros2duino/install/aros2duino:/opt/ros/humble /usr/bin/cmake --build /home/jsc/ros2_ws/build/sllidar_ros2 -- -j12 -l12
[1.332s] DEBUG:colcon.colcon_core.event_handler.log_command:Invoking command in '/home/jsc/ros2_ws/build/sllidar_ros2': CMAKE_PREFIX_PATH=${CMAKE_PREFIX_PATH}:/home/jsc/ros2_ws/install/robot_sensor_distance:/home/jsc/ros2_ws/install/robot_distancia:/home/jsc/ros2_ws/install/robot_controller:/home/jsc/ros2_ws/install/prueba:/home/jsc/ros2_ws/install/aros2duino:/home/jsc/Aros2duino/install/aros2duino:/opt/ros/humble /usr/bin/cmake --install /home/jsc/ros2_ws/build/sllidar_ros2
[1.358s] Level 1:colcon.colcon_core.environment:create_environment_scripts_only(sllidar_ros2)
[1.359s] DEBUG:colcon.colcon_core.event_handler.log_command:Invoked command in '/home/jsc/ros2_ws/build/sllidar_ros2' returned '0': CMAKE_PREFIX_PATH=${CMAKE_PREFIX_PATH}:/home/jsc/ros2_ws/install/robot_sensor_distance:/home/jsc/ros2_ws/install/robot_distancia:/home/jsc/ros2_ws/install/robot_controller:/home/jsc/ros2_ws/install/prueba:/home/jsc/ros2_ws/install/aros2duino:/home/jsc/Aros2duino/install/aros2duino:/opt/ros/humble /usr/bin/cmake --install /home/jsc/ros2_ws/build/sllidar_ros2
[1.361s] Level 1:colcon.colcon_core.environment:checking '/home/jsc/ros2_ws/install/sllidar_ros2' for CMake module files
[1.362s] Level 1:colcon.colcon_core.environment:checking '/home/jsc/ros2_ws/install/sllidar_ros2' for CMake config files
[1.362s] Level 1:colcon.colcon_core.shell:create_environment_hook('sllidar_ros2', 'cmake_prefix_path')
[1.363s] INFO:colcon.colcon_core.shell:Creating environment hook '/home/jsc/ros2_ws/install/sllidar_ros2/share/sllidar_ros2/hook/cmake_prefix_path.ps1'
[1.363s] INFO:colcon.colcon_core.shell:Creating environment descriptor '/home/jsc/ros2_ws/install/sllidar_ros2/share/sllidar_ros2/hook/cmake_prefix_path.dsv'
[1.363s] INFO:colcon.colcon_core.shell:Creating environment hook '/home/jsc/ros2_ws/install/sllidar_ros2/share/sllidar_ros2/hook/cmake_prefix_path.sh'
[1.364s] Level 1:colcon.colcon_core.environment:checking '/home/jsc/ros2_ws/install/sllidar_ros2/lib'
[1.364s] Level 1:colcon.colcon_core.environment:checking '/home/jsc/ros2_ws/install/sllidar_ros2/bin'
[1.364s] Level 1:colcon.colcon_core.environment:checking '/home/jsc/ros2_ws/install/sllidar_ros2/lib/pkgconfig/sllidar_ros2.pc'
[1.364s] Level 1:colcon.colcon_core.environment:checking '/home/jsc/ros2_ws/install/sllidar_ros2/lib/python3.10/site-packages'
[1.365s] Level 1:colcon.colcon_core.environment:checking '/home/jsc/ros2_ws/install/sllidar_ros2/bin'
[1.365s] INFO:colcon.colcon_core.shell:Creating package script '/home/jsc/ros2_ws/install/sllidar_ros2/share/sllidar_ros2/package.ps1'
[1.366s] INFO:colcon.colcon_core.shell:Creating package descriptor '/home/jsc/ros2_ws/install/sllidar_ros2/share/sllidar_ros2/package.dsv'
[1.367s] INFO:colcon.colcon_core.shell:Creating package script '/home/jsc/ros2_ws/install/sllidar_ros2/share/sllidar_ros2/package.sh'
[1.368s] INFO:colcon.colcon_core.shell:Creating package script '/home/jsc/ros2_ws/install/sllidar_ros2/share/sllidar_ros2/package.bash'
[1.369s] INFO:colcon.colcon_core.shell:Creating package script '/home/jsc/ros2_ws/install/sllidar_ros2/share/sllidar_ros2/package.zsh'
[1.369s] Level 1:colcon.colcon_core.environment:create_file_with_runtime_dependencies(/home/jsc/ros2_ws/install/sllidar_ros2/share/colcon-core/packages/sllidar_ros2)
[1.435s] Level 1:colcon.colcon_core.environment:create_environment_scripts_only(sllidar_ros2)
[1.436s] Level 1:colcon.colcon_core.environment:checking '/home/jsc/ros2_ws/install/sllidar_ros2' for CMake module files
[1.436s] Level 1:colcon.colcon_core.environment:checking '/home/jsc/ros2_ws/install/sllidar_ros2' for CMake config files
[1.436s] Level 1:colcon.colcon_core.shell:create_environment_hook('sllidar_ros2', 'cmake_prefix_path')
[1.437s] INFO:colcon.colcon_core.shell:Creating environment hook '/home/jsc/ros2_ws/install/sllidar_ros2/share/sllidar_ros2/hook/cmake_prefix_path.ps1'
[1.437s] INFO:colcon.colcon_core.shell:Creating environment descriptor '/home/jsc/ros2_ws/install/sllidar_ros2/share/sllidar_ros2/hook/cmake_prefix_path.dsv'
[1.437s] INFO:colcon.colcon_core.shell:Creating environment hook '/home/jsc/ros2_ws/install/sllidar_ros2/share/sllidar_ros2/hook/cmake_prefix_path.sh'
[1.438s] Level 1:colcon.colcon_core.environment:checking '/home/jsc/ros2_ws/install/sllidar_ros2/lib'
[1.438s] Level 1:colcon.colcon_core.environment:checking '/home/jsc/ros2_ws/install/sllidar_ros2/bin'
[1.438s] Level 1:colcon.colcon_core.environment:checking '/home/jsc/ros2_ws/install/sllidar_ros2/lib/pkgconfig/sllidar_ros2.pc'
[1.438s] Level 1:colcon.colcon_core.environment:checking '/home/jsc/ros2_ws/install/sllidar_ros2/lib/python3.10/site-packages'
[1.438s] Level 1:colcon.colcon_core.environment:checking '/home/jsc/ros2_ws/install/sllidar_ros2/bin'
[1.439s] INFO:colcon.colcon_core.shell:Creating package script '/home/jsc/ros2_ws/install/sllidar_ros2/share/sllidar_ros2/package.ps1'
[1.439s] INFO:colcon.colcon_core.shell:Creating package descriptor '/home/jsc/ros2_ws/install/sllidar_ros2/share/sllidar_ros2/package.dsv'
[1.440s] INFO:colcon.colcon_core.shell:Creating package script '/home/jsc/ros2_ws/install/sllidar_ros2/share/sllidar_ros2/package.sh'
[1.440s] INFO:colcon.colcon_core.shell:Creating package script '/home/jsc/ros2_ws/install/sllidar_ros2/share/sllidar_ros2/package.bash'
[1.440s] INFO:colcon.colcon_core.shell:Creating package script '/home/jsc/ros2_ws/install/sllidar_ros2/share/sllidar_ros2/package.zsh'
[1.441s] Level 1:colcon.colcon_core.environment:create_file_with_runtime_dependencies(/home/jsc/ros2_ws/install/sllidar_ros2/share/colcon-core/packages/sllidar_ros2)
[1.586s] DEBUG:colcon.colcon_core.event_handler.log_command:Invoking command in '/home/jsc/ros2_ws/src/robot_controller': PYTHONPATH=/home/jsc/ros2_ws/build/robot_controller/prefix_override:/home/jsc/ros2_ws/install/robot_controller/lib/python3.10/site-packages:${PYTHONPATH} /usr/bin/python3 -W ignore:setup.py install is deprecated setup.py egg_info --egg-base ../../build/robot_controller build --build-base /home/jsc/ros2_ws/build/robot_controller/build install --record /home/jsc/ros2_ws/build/robot_controller/install.log --single-version-externally-managed install_data
[1.589s] DEBUG:colcon.colcon_core.event_handler.log_command:Invoking command in '/home/jsc/ros2_ws/src/robot_distancia': PYTHONPATH=/home/jsc/ros2_ws/build/robot_distancia/prefix_override:/home/jsc/ros2_ws/install/robot_distancia/lib/python3.10/site-packages:${PYTHONPATH} /usr/bin/python3 -W ignore:setup.py install is deprecated setup.py egg_info --egg-base ../../build/robot_distancia build --build-base /home/jsc/ros2_ws/build/robot_distancia/build install --record /home/jsc/ros2_ws/build/robot_distancia/install.log --single-version-externally-managed install_data
[1.597s] DEBUG:colcon.colcon_core.event_handler.log_command:Invoking command in '/home/jsc/ros2_ws/src/robot_sensor_distance': PYTHONPATH=/home/jsc/ros2_ws/build/robot_sensor_distance/prefix_override:/home/jsc/ros2_ws/install/robot_sensor_distance/lib/python3.10/site-packages:${PYTHONPATH} /usr/bin/python3 -W ignore:setup.py install is deprecated setup.py egg_info --egg-base ../../build/robot_sensor_distance build --build-base /home/jsc/ros2_ws/build/robot_sensor_distance/build install --record /home/jsc/ros2_ws/build/robot_sensor_distance/install.log --single-version-externally-managed install_data
[1.906s] Level 1:colcon.colcon_core.environment:checking '/home/jsc/ros2_ws/install/robot_controller' for CMake module files
[1.906s] DEBUG:colcon.colcon_core.event_handler.log_command:Invoked command in '/home/jsc/ros2_ws/src/robot_controller' returned '0': PYTHONPATH=/home/jsc/ros2_ws/build/robot_controller/prefix_override:/home/jsc/ros2_ws/install/robot_controller/lib/python3.10/site-packages:${PYTHONPATH} /usr/bin/python3 -W ignore:setup.py install is deprecated setup.py egg_info --egg-base ../../build/robot_controller build --build-base /home/jsc/ros2_ws/build/robot_controller/build install --record /home/jsc/ros2_ws/build/robot_controller/install.log --single-version-externally-managed install_data
[1.907s] Level 1:colcon.colcon_core.environment:checking '/home/jsc/ros2_ws/install/robot_controller' for CMake config files
[1.907s] Level 1:colcon.colcon_core.environment:checking '/home/jsc/ros2_ws/install/robot_controller/lib'
[1.908s] Level 1:colcon.colcon_core.environment:checking '/home/jsc/ros2_ws/install/robot_controller/bin'
[1.908s] Level 1:colcon.colcon_core.environment:checking '/home/jsc/ros2_ws/install/robot_controller/lib/pkgconfig/robot_controller.pc'
[1.908s] Level 1:colcon.colcon_core.environment:checking '/home/jsc/ros2_ws/install/robot_controller/lib/python3.10/site-packages'
[1.908s] Level 1:colcon.colcon_core.shell:create_environment_hook('robot_controller', 'pythonpath')
[1.908s] INFO:colcon.colcon_core.shell:Creating environment hook '/home/jsc/ros2_ws/install/robot_controller/share/robot_controller/hook/pythonpath.ps1'
[1.909s] INFO:colcon.colcon_core.shell:Creating environment descriptor '/home/jsc/ros2_ws/install/robot_controller/share/robot_controller/hook/pythonpath.dsv'
[1.909s] INFO:colcon.colcon_core.shell:Creating environment hook '/home/jsc/ros2_ws/install/robot_controller/share/robot_controller/hook/pythonpath.sh'
[1.910s] Level 1:colcon.colcon_core.environment:checking '/home/jsc/ros2_ws/install/robot_controller/bin'
[1.910s] Level 1:colcon.colcon_core.environment:create_environment_scripts_only(robot_controller)
[1.910s] INFO:colcon.colcon_core.shell:Creating package script '/home/jsc/ros2_ws/install/robot_controller/share/robot_controller/package.ps1'
[1.911s] INFO:colcon.colcon_core.shell:Creating package descriptor '/home/jsc/ros2_ws/install/robot_controller/share/robot_controller/package.dsv'
[1.911s] INFO:colcon.colcon_core.shell:Creating package script '/home/jsc/ros2_ws/install/robot_controller/share/robot_controller/package.sh'
[1.912s] INFO:colcon.colcon_core.shell:Creating package script '/home/jsc/ros2_ws/install/robot_controller/share/robot_controller/package.bash'
[1.912s] INFO:colcon.colcon_core.shell:Creating package script '/home/jsc/ros2_ws/install/robot_controller/share/robot_controller/package.zsh'
[1.912s] Level 1:colcon.colcon_core.environment:create_file_with_runtime_dependencies(/home/jsc/ros2_ws/install/robot_controller/share/colcon-core/packages/robot_controller)
[1.914s] Level 1:colcon.colcon_core.environment:checking '/home/jsc/ros2_ws/install/robot_sensor_distance' for CMake module files
[1.915s] DEBUG:colcon.colcon_core.event_handler.log_command:Invoked command in '/home/jsc/ros2_ws/src/robot_sensor_distance' returned '0': PYTHONPATH=/home/jsc/ros2_ws/build/robot_sensor_distance/prefix_override:/home/jsc/ros2_ws/install/robot_sensor_distance/lib/python3.10/site-packages:${PYTHONPATH} /usr/bin/python3 -W ignore:setup.py install is deprecated setup.py egg_info --egg-base ../../build/robot_sensor_distance build --build-base /home/jsc/ros2_ws/build/robot_sensor_distance/build install --record /home/jsc/ros2_ws/build/robot_sensor_distance/install.log --single-version-externally-managed install_data
[1.916s] Level 1:colcon.colcon_core.environment:checking '/home/jsc/ros2_ws/install/robot_sensor_distance' for CMake config files
[1.916s] Level 1:colcon.colcon_core.environment:checking '/home/jsc/ros2_ws/install/robot_sensor_distance/lib'
[1.916s] Level 1:colcon.colcon_core.environment:checking '/home/jsc/ros2_ws/install/robot_sensor_distance/bin'
[1.916s] Level 1:colcon.colcon_core.environment:checking '/home/jsc/ros2_ws/install/robot_sensor_distance/lib/pkgconfig/robot_sensor_distance.pc'
[1.917s] Level 1:colcon.colcon_core.environment:checking '/home/jsc/ros2_ws/install/robot_sensor_distance/lib/python3.10/site-packages'
[1.917s] Level 1:colcon.colcon_core.shell:create_environment_hook('robot_sensor_distance', 'pythonpath')
[1.917s] INFO:colcon.colcon_core.shell:Creating environment hook '/home/jsc/ros2_ws/install/robot_sensor_distance/share/robot_sensor_distance/hook/pythonpath.ps1'
[1.918s] INFO:colcon.colcon_core.shell:Creating environment descriptor '/home/jsc/ros2_ws/install/robot_sensor_distance/share/robot_sensor_distance/hook/pythonpath.dsv'
[1.918s] INFO:colcon.colcon_core.shell:Creating environment hook '/home/jsc/ros2_ws/install/robot_sensor_distance/share/robot_sensor_distance/hook/pythonpath.sh'
[1.918s] Level 1:colcon.colcon_core.environment:checking '/home/jsc/ros2_ws/install/robot_sensor_distance/bin'
[1.918s] Level 1:colcon.colcon_core.environment:create_environment_scripts_only(robot_sensor_distance)
[1.919s] INFO:colcon.colcon_core.shell:Creating package script '/home/jsc/ros2_ws/install/robot_sensor_distance/share/robot_sensor_distance/package.ps1'
[1.919s] INFO:colcon.colcon_core.shell:Creating package descriptor '/home/jsc/ros2_ws/install/robot_sensor_distance/share/robot_sensor_distance/package.dsv'
[1.920s] INFO:colcon.colcon_core.shell:Creating package script '/home/jsc/ros2_ws/install/robot_sensor_distance/share/robot_sensor_distance/package.sh'
[1.920s] INFO:colcon.colcon_core.shell:Creating package script '/home/jsc/ros2_ws/install/robot_sensor_distance/share/robot_sensor_distance/package.bash'
[1.920s] INFO:colcon.colcon_core.shell:Creating package script '/home/jsc/ros2_ws/install/robot_sensor_distance/share/robot_sensor_distance/package.zsh'
[1.920s] Level 1:colcon.colcon_core.environment:create_file_with_runtime_dependencies(/home/jsc/ros2_ws/install/robot_sensor_distance/share/colcon-core/packages/robot_sensor_distance)
[1.922s] Level 1:colcon.colcon_core.environment:checking '/home/jsc/ros2_ws/install/robot_distancia' for CMake module files
[1.923s] DEBUG:colcon.colcon_core.event_handler.log_command:Invoked command in '/home/jsc/ros2_ws/src/robot_distancia' returned '0': PYTHONPATH=/home/jsc/ros2_ws/build/robot_distancia/prefix_override:/home/jsc/ros2_ws/install/robot_distancia/lib/python3.10/site-packages:${PYTHONPATH} /usr/bin/python3 -W ignore:setup.py install is deprecated setup.py egg_info --egg-base ../../build/robot_distancia build --build-base /home/jsc/ros2_ws/build/robot_distancia/build install --record /home/jsc/ros2_ws/build/robot_distancia/install.log --single-version-externally-managed install_data
[1.923s] Level 1:colcon.colcon_core.environment:checking '/home/jsc/ros2_ws/install/robot_distancia' for CMake config files
[1.924s] Level 1:colcon.colcon_core.environment:checking '/home/jsc/ros2_ws/install/robot_distancia/lib'
[1.924s] Level 1:colcon.colcon_core.environment:checking '/home/jsc/ros2_ws/install/robot_distancia/bin'
[1.924s] Level 1:colcon.colcon_core.environment:checking '/home/jsc/ros2_ws/install/robot_distancia/lib/pkgconfig/robot_distancia.pc'
[1.924s] Level 1:colcon.colcon_core.environment:checking '/home/jsc/ros2_ws/install/robot_distancia/lib/python3.10/site-packages'
[1.924s] Level 1:colcon.colcon_core.shell:create_environment_hook('robot_distancia', 'pythonpath')
[1.925s] INFO:colcon.colcon_core.shell:Creating environment hook '/home/jsc/ros2_ws/install/robot_distancia/share/robot_distancia/hook/pythonpath.ps1'
[1.925s] INFO:colcon.colcon_core.shell:Creating environment descriptor '/home/jsc/ros2_ws/install/robot_distancia/share/robot_distancia/hook/pythonpath.dsv'
[1.926s] INFO:colcon.colcon_core.shell:Creating environment hook '/home/jsc/ros2_ws/install/robot_distancia/share/robot_distancia/hook/pythonpath.sh'
[1.926s] Level 1:colcon.colcon_core.environment:checking '/home/jsc/ros2_ws/install/robot_distancia/bin'
[1.926s] Level 1:colcon.colcon_core.environment:create_environment_scripts_only(robot_distancia)
[1.927s] INFO:colcon.colcon_core.shell:Creating package script '/home/jsc/ros2_ws/install/robot_distancia/share/robot_distancia/package.ps1'
[1.927s] INFO:colcon.colcon_core.shell:Creating package descriptor '/home/jsc/ros2_ws/install/robot_distancia/share/robot_distancia/package.dsv'
[1.928s] INFO:colcon.colcon_core.shell:Creating package script '/home/jsc/ros2_ws/install/robot_distancia/share/robot_distancia/package.sh'
[1.928s] INFO:colcon.colcon_core.shell:Creating package script '/home/jsc/ros2_ws/install/robot_distancia/share/robot_distancia/package.bash'
[1.928s] INFO:colcon.colcon_core.shell:Creating package script '/home/jsc/ros2_ws/install/robot_distancia/share/robot_distancia/package.zsh'
[1.929s] Level 1:colcon.colcon_core.environment:create_file_with_runtime_dependencies(/home/jsc/ros2_ws/install/robot_distancia/share/colcon-core/packages/robot_distancia)
[4.811s] DEBUG:colcon.colcon_core.event_handler.log_command:Invoked command in '/home/jsc/ros2_ws/build/delta_lidar' returned '0': CMAKE_PREFIX_PATH=${CMAKE_PREFIX_PATH}:/home/jsc/ros2_ws/install/robot_sensor_distance:/home/jsc/ros2_ws/install/robot_distancia:/home/jsc/ros2_ws/install/robot_controller:/home/jsc/ros2_ws/install/prueba:/home/jsc/ros2_ws/install/aros2duino:/home/jsc/Aros2duino/install/aros2duino:/opt/ros/humble /usr/bin/cmake --build /home/jsc/ros2_ws/build/delta_lidar -- -j12 -l12
[4.862s] DEBUG:colcon.colcon_core.event_handler.log_command:Invoking command in '/home/jsc/ros2_ws/build/delta_lidar': CMAKE_PREFIX_PATH=${CMAKE_PREFIX_PATH}:/home/jsc/ros2_ws/install/robot_sensor_distance:/home/jsc/ros2_ws/install/robot_distancia:/home/jsc/ros2_ws/install/robot_controller:/home/jsc/ros2_ws/install/prueba:/home/jsc/ros2_ws/install/aros2duino:/home/jsc/Aros2duino/install/aros2duino:/opt/ros/humble /usr/bin/cmake --install /home/jsc/ros2_ws/build/delta_lidar
[4.895s] Level 1:colcon.colcon_core.environment:create_environment_scripts_only(delta_lidar)
[4.895s] DEBUG:colcon.colcon_core.event_handler.log_command:Invoked command in '/home/jsc/ros2_ws/build/delta_lidar' returned '0': CMAKE_PREFIX_PATH=${CMAKE_PREFIX_PATH}:/home/jsc/ros2_ws/install/robot_sensor_distance:/home/jsc/ros2_ws/install/robot_distancia:/home/jsc/ros2_ws/install/robot_controller:/home/jsc/ros2_ws/install/prueba:/home/jsc/ros2_ws/install/aros2duino:/home/jsc/Aros2duino/install/aros2duino:/opt/ros/humble /usr/bin/cmake --install /home/jsc/ros2_ws/build/delta_lidar
[4.895s] Level 1:colcon.colcon_core.environment:checking '/home/jsc/ros2_ws/install/delta_lidar' for CMake module files
[4.896s] Level 1:colcon.colcon_core.environment:checking '/home/jsc/ros2_ws/install/delta_lidar' for CMake config files
[4.897s] Level 1:colcon.colcon_core.shell:create_environment_hook('delta_lidar', 'cmake_prefix_path')
[4.897s] INFO:colcon.colcon_core.shell:Creating environment hook '/home/jsc/ros2_ws/install/delta_lidar/share/delta_lidar/hook/cmake_prefix_path.ps1'
[4.898s] INFO:colcon.colcon_core.shell:Creating environment descriptor '/home/jsc/ros2_ws/install/delta_lidar/share/delta_lidar/hook/cmake_prefix_path.dsv'
[4.898s] INFO:colcon.colcon_core.shell:Creating environment hook '/home/jsc/ros2_ws/install/delta_lidar/share/delta_lidar/hook/cmake_prefix_path.sh'
[4.899s] Level 1:colcon.colcon_core.environment:checking '/home/jsc/ros2_ws/install/delta_lidar/lib'
[4.899s] Level 1:colcon.colcon_core.environment:checking '/home/jsc/ros2_ws/install/delta_lidar/bin'
[4.899s] Level 1:colcon.colcon_core.environment:checking '/home/jsc/ros2_ws/install/delta_lidar/lib/pkgconfig/delta_lidar.pc'
[4.899s] Level 1:colcon.colcon_core.environment:checking '/home/jsc/ros2_ws/install/delta_lidar/lib/python3.10/site-packages'
[4.899s] Level 1:colcon.colcon_core.environment:checking '/home/jsc/ros2_ws/install/delta_lidar/bin'
[4.899s] INFO:colcon.colcon_core.shell:Creating package script '/home/jsc/ros2_ws/install/delta_lidar/share/delta_lidar/package.ps1'
[4.900s] INFO:colcon.colcon_core.shell:Creating package descriptor '/home/jsc/ros2_ws/install/delta_lidar/share/delta_lidar/package.dsv'
[4.900s] INFO:colcon.colcon_core.shell:Creating package script '/home/jsc/ros2_ws/install/delta_lidar/share/delta_lidar/package.sh'
[4.901s] INFO:colcon.colcon_core.shell:Creating package script '/home/jsc/ros2_ws/install/delta_lidar/share/delta_lidar/package.bash'
[4.901s] INFO:colcon.colcon_core.shell:Creating package script '/home/jsc/ros2_ws/install/delta_lidar/share/delta_lidar/package.zsh'
[4.901s] Level 1:colcon.colcon_core.environment:create_file_with_runtime_dependencies(/home/jsc/ros2_ws/install/delta_lidar/share/colcon-core/packages/delta_lidar)
[4.953s] Level 1:colcon.colcon_core.environment:create_environment_scripts_only(delta_lidar)
[4.953s] Level 1:colcon.colcon_core.environment:checking '/home/jsc/ros2_ws/install/delta_lidar' for CMake module files
[4.954s] Level 1:colcon.colcon_core.environment:checking '/home/jsc/ros2_ws/install/delta_lidar' for CMake config files
[4.954s] Level 1:colcon.colcon_core.shell:create_environment_hook('delta_lidar', 'cmake_prefix_path')
[4.955s] INFO:colcon.colcon_core.shell:Creating environment hook '/home/jsc/ros2_ws/install/delta_lidar/share/delta_lidar/hook/cmake_prefix_path.ps1'
[4.955s] INFO:colcon.colcon_core.shell:Creating environment descriptor '/home/jsc/ros2_ws/install/delta_lidar/share/delta_lidar/hook/cmake_prefix_path.dsv'
[4.955s] INFO:colcon.colcon_core.shell:Creating environment hook '/home/jsc/ros2_ws/install/delta_lidar/share/delta_lidar/hook/cmake_prefix_path.sh'
[4.956s] Level 1:colcon.colcon_core.environment:checking '/home/jsc/ros2_ws/install/delta_lidar/lib'
[4.956s] Level 1:colcon.colcon_core.environment:checking '/home/jsc/ros2_ws/install/delta_lidar/bin'
[4.956s] Level 1:colcon.colcon_core.environment:checking '/home/jsc/ros2_ws/install/delta_lidar/lib/pkgconfig/delta_lidar.pc'
[4.956s] Level 1:colcon.colcon_core.environment:checking '/home/jsc/ros2_ws/install/delta_lidar/lib/python3.10/site-packages'
[4.957s] Level 1:colcon.colcon_core.environment:checking '/home/jsc/ros2_ws/install/delta_lidar/bin'
[4.957s] INFO:colcon.colcon_core.shell:Creating package script '/home/jsc/ros2_ws/install/delta_lidar/share/delta_lidar/package.ps1'
[4.958s] INFO:colcon.colcon_core.shell:Creating package descriptor '/home/jsc/ros2_ws/install/delta_lidar/share/delta_lidar/package.dsv'
[4.958s] INFO:colcon.colcon_core.shell:Creating package script '/home/jsc/ros2_ws/install/delta_lidar/share/delta_lidar/package.sh'
[4.959s] INFO:colcon.colcon_core.shell:Creating package script '/home/jsc/ros2_ws/install/delta_lidar/share/delta_lidar/package.bash'
[4.959s] INFO:colcon.colcon_core.shell:Creating package script '/home/jsc/ros2_ws/install/delta_lidar/share/delta_lidar/package.zsh'
[4.959s] Level 1:colcon.colcon_core.environment:create_file_with_runtime_dependencies(/home/jsc/ros2_ws/install/delta_lidar/share/colcon-core/packages/delta_lidar)
[4.960s] DEBUG:colcon.colcon_parallel_executor.executor.parallel:closing loop
[4.960s] DEBUG:colcon.colcon_parallel_executor.executor.parallel:loop closed
[4.960s] DEBUG:colcon.colcon_parallel_executor.executor.parallel:run_until_complete finished with '0'
[4.960s] DEBUG:colcon.colcon_core.event_reactor:joining thread
[4.967s] INFO:colcon.colcon_core.plugin_system:Skipping extension 'colcon_notification.desktop_notification.terminal_notifier': Not used on non-Darwin systems
[4.967s] INFO:colcon.colcon_core.plugin_system:Skipping extension 'colcon_notification.desktop_notification.win32': Not used on non-Windows systems
[4.967s] INFO:colcon.colcon_notification.desktop_notification:Sending desktop notification using 'notify2'
[4.980s] DEBUG:colcon.colcon_core.event_reactor:joined thread
[4.980s] INFO:colcon.colcon_core.shell:Creating prefix script '/home/jsc/ros2_ws/install/local_setup.ps1'
[4.981s] INFO:colcon.colcon_core.shell:Creating prefix util module '/home/jsc/ros2_ws/install/_local_setup_util_ps1.py'
[4.982s] INFO:colcon.colcon_core.shell:Creating prefix chain script '/home/jsc/ros2_ws/install/setup.ps1'
[4.984s] INFO:colcon.colcon_core.shell:Creating prefix script '/home/jsc/ros2_ws/install/local_setup.sh'
[4.985s] INFO:colcon.colcon_core.shell:Creating prefix util module '/home/jsc/ros2_ws/install/_local_setup_util_sh.py'
[4.985s] INFO:colcon.colcon_core.shell:Creating prefix chain script '/home/jsc/ros2_ws/install/setup.sh'
[4.987s] INFO:colcon.colcon_core.shell:Creating prefix script '/home/jsc/ros2_ws/install/local_setup.bash'
[4.987s] INFO:colcon.colcon_core.shell:Creating prefix chain script '/home/jsc/ros2_ws/install/setup.bash'
[4.988s] INFO:colcon.colcon_core.shell:Creating prefix script '/home/jsc/ros2_ws/install/local_setup.zsh'
[4.989s] INFO:colcon.colcon_core.shell:Creating prefix chain script '/home/jsc/ros2_ws/install/setup.zsh'
