-- Found ament_cmake: 1.3.8 (/opt/ros/humble/share/ament_cmake/cmake)
-- Found rclcpp: 16.0.8 (/opt/ros/humble/share/rclcpp/cmake)
-- Found rosidl_generator_c: 3.1.5 (/opt/ros/humble/share/rosidl_generator_c/cmake)
-- Found rosidl_adapter: 3.1.5 (/opt/ros/humble/share/rosidl_adapter/cmake)
-- Found rosidl_generator_cpp: 3.1.5 (/opt/ros/humble/share/rosidl_generator_cpp/cmake)
-- Using all available rosidl_typesupport_c: rosidl_typesupport_fastrtps_c;rosidl_typesupport_introspection_c
-- Using all available rosidl_typesupport_cpp: rosidl_typesupport_fastrtps_cpp;rosidl_typesupport_introspection_cpp
-- Found rmw_implementation_cmake: 6.1.1 (/opt/ros/humble/share/rmw_implementation_cmake/cmake)
-- Found rmw_fastrtps_cpp: 6.2.6 (/opt/ros/humble/share/rmw_fastrtps_cpp/cmake)
-- Using RMW implementation 'rmw_fastrtps_cpp' as default
-- Found sensor_msgs: 4.2.3 (/opt/ros/humble/share/sensor_msgs/cmake)
-- Configuring done
-- Generating done
-- Build files have been written to: /home/jsc/ros2_ws/build/delta_lidar
[35m[1mConsolidate compiler generated dependencies of target delta_lidar_node_client[0m
[35m[1mConsolidate compiler generated dependencies of target delta_lidar_node[0m
[ 14%] Built target delta_lidar_node_client
[100%] Built target delta_lidar_node
-- Install configuration: ""
-- Up-to-date: /home/jsc/ros2_ws/install/delta_lidar/lib/delta_lidar/delta_lidar_node
-- Up-to-date: /home/jsc/ros2_ws/install/delta_lidar/lib/delta_lidar/delta_lidar_node_client
-- Up-to-date: /home/jsc/ros2_ws/install/delta_lidar/share/delta_lidar/launch
-- Up-to-date: /home/jsc/ros2_ws/install/delta_lidar/share/delta_lidar/launch/delta_lidar.py
-- Up-to-date: /home/jsc/ros2_ws/install/delta_lidar/share/delta_lidar/launch/view_delta_lidar.py
-- Up-to-date: /home/jsc/ros2_ws/install/delta_lidar/share/delta_lidar/launch
-- Up-to-date: /home/jsc/ros2_ws/install/delta_lidar/share/delta_lidar/launch/delta_lidar.py
-- Up-to-date: /home/jsc/ros2_ws/install/delta_lidar/share/delta_lidar/launch/view_delta_lidar.py
-- Up-to-date: /home/jsc/ros2_ws/install/delta_lidar/share/delta_lidar/launch
-- Up-to-date: /home/jsc/ros2_ws/install/delta_lidar/share/delta_lidar/launch/delta_lidar.py
-- Up-to-date: /home/jsc/ros2_ws/install/delta_lidar/share/delta_lidar/launch/view_delta_lidar.py
-- Up-to-date: /home/jsc/ros2_ws/install/delta_lidar/share/delta_lidar/rviz
-- Up-to-date: /home/jsc/ros2_ws/install/delta_lidar/share/delta_lidar/rviz/delta_lidar.rviz
-- Up-to-date: /home/jsc/ros2_ws/install/delta_lidar/share/delta_lidar/launch
-- Up-to-date: /home/jsc/ros2_ws/install/delta_lidar/share/delta_lidar/launch/delta_lidar.py
-- Up-to-date: /home/jsc/ros2_ws/install/delta_lidar/share/delta_lidar/launch/view_delta_lidar.py
-- Up-to-date: /home/jsc/ros2_ws/install/delta_lidar/share/delta_lidar/sdk
-- Up-to-date: /home/jsc/ros2_ws/install/delta_lidar/share/delta_lidar/sdk/src
-- Up-to-date: /home/jsc/ros2_ws/install/delta_lidar/share/delta_lidar/sdk/src/CSimulateSerial.cpp
-- Up-to-date: /home/jsc/ros2_ws/install/delta_lidar/share/delta_lidar/sdk/src/CLidarUnpacket.cpp
-- Up-to-date: /home/jsc/ros2_ws/install/delta_lidar/share/delta_lidar/sdk/src/CCountDown.cpp
-- Up-to-date: /home/jsc/ros2_ws/install/delta_lidar/share/delta_lidar/sdk/src/CDeviceConnection.cpp
-- Up-to-date: /home/jsc/ros2_ws/install/delta_lidar/share/delta_lidar/sdk/src/CLidarPacket.cpp
-- Up-to-date: /home/jsc/ros2_ws/install/delta_lidar/share/delta_lidar/sdk/src/CSerialConnection.cpp
-- Up-to-date: /home/jsc/ros2_ws/install/delta_lidar/share/delta_lidar/sdk/src/CArcTime.cpp
-- Up-to-date: /home/jsc/ros2_ws/install/delta_lidar/share/delta_lidar/sdk/src/CLidarPacketReceiver.cpp
-- Up-to-date: /home/jsc/ros2_ws/install/delta_lidar/share/delta_lidar/sdk/src/C3iroboticsLidar.cpp
-- Up-to-date: /home/jsc/ros2_ws/install/delta_lidar/share/delta_lidar/sdk/src/CTime.cpp
-- Up-to-date: /home/jsc/ros2_ws/install/delta_lidar/share/delta_lidar/sdk/include
-- Up-to-date: /home/jsc/ros2_ws/install/delta_lidar/share/delta_lidar/sdk/include/CTime.h
-- Up-to-date: /home/jsc/ros2_ws/install/delta_lidar/share/delta_lidar/sdk/include/CLidarPacketReceiver.h
-- Up-to-date: /home/jsc/ros2_ws/install/delta_lidar/share/delta_lidar/sdk/include/CLidarPacket.h
-- Up-to-date: /home/jsc/ros2_ws/install/delta_lidar/share/delta_lidar/sdk/include/C3iroboticsLidarProtocol.h
-- Up-to-date: /home/jsc/ros2_ws/install/delta_lidar/share/delta_lidar/sdk/include/CLogUtitls.h
-- Up-to-date: /home/jsc/ros2_ws/install/delta_lidar/share/delta_lidar/sdk/include/typedef.h
-- Up-to-date: /home/jsc/ros2_ws/install/delta_lidar/share/delta_lidar/sdk/include/CSimulateSerial.h
-- Up-to-date: /home/jsc/ros2_ws/install/delta_lidar/share/delta_lidar/sdk/include/C3iroboticsLidar.h
-- Up-to-date: /home/jsc/ros2_ws/install/delta_lidar/share/delta_lidar/sdk/include/CSerialConnection.h
-- Up-to-date: /home/jsc/ros2_ws/install/delta_lidar/share/delta_lidar/sdk/include/CDeviceConnection.h
-- Up-to-date: /home/jsc/ros2_ws/install/delta_lidar/share/delta_lidar/sdk/include/CCountDown.h
-- Up-to-date: /home/jsc/ros2_ws/install/delta_lidar/share/delta_lidar/sdk/include/CLidarUnpacket.h
-- Up-to-date: /home/jsc/ros2_ws/install/delta_lidar/share/delta_lidar/sdk/include/CArcTime.h
-- Up-to-date: /home/jsc/ros2_ws/install/delta_lidar/share/ament_index/resource_index/package_run_dependencies/delta_lidar
-- Installing: /home/jsc/ros2_ws/install/delta_lidar/share/ament_index/resource_index/parent_prefix_path/delta_lidar
-- Up-to-date: /home/jsc/ros2_ws/install/delta_lidar/share/delta_lidar/environment/ament_prefix_path.sh
-- Installing: /home/jsc/ros2_ws/install/delta_lidar/share/delta_lidar/environment/ament_prefix_path.dsv
-- Up-to-date: /home/jsc/ros2_ws/install/delta_lidar/share/delta_lidar/environment/path.sh
-- Installing: /home/jsc/ros2_ws/install/delta_lidar/share/delta_lidar/environment/path.dsv
-- Up-to-date: /home/jsc/ros2_ws/install/delta_lidar/share/delta_lidar/local_setup.bash
-- Up-to-date: /home/jsc/ros2_ws/install/delta_lidar/share/delta_lidar/local_setup.sh
-- Up-to-date: /home/jsc/ros2_ws/install/delta_lidar/share/delta_lidar/local_setup.zsh
-- Installing: /home/jsc/ros2_ws/install/delta_lidar/share/delta_lidar/local_setup.dsv
-- Installing: /home/jsc/ros2_ws/install/delta_lidar/share/delta_lidar/package.dsv
-- Up-to-date: /home/jsc/ros2_ws/install/delta_lidar/share/ament_index/resource_index/packages/delta_lidar
-- Up-to-date: /home/jsc/ros2_ws/install/delta_lidar/share/delta_lidar/cmake/delta_lidarConfig.cmake
-- Up-to-date: /home/jsc/ros2_ws/install/delta_lidar/share/delta_lidar/cmake/delta_lidarConfig-version.cmake
-- Up-to-date: /home/jsc/ros2_ws/install/delta_lidar/share/delta_lidar/package.xml
