[0.034s] Invoking command in '/home/jsc/ros2_ws/build/delta_lidar': CMAKE_PREFIX_PATH=${CMAKE_PREFIX_PATH}:/home/jsc/ros2_ws/install/robot_sensor_distance:/home/jsc/ros2_ws/install/robot_distancia:/home/jsc/ros2_ws/install/robot_controller:/home/jsc/ros2_ws/install/prueba:/home/jsc/ros2_ws/install/aros2duino:/home/jsc/Aros2duino/install/aros2duino:/opt/ros/humble /usr/bin/cmake --build /home/jsc/ros2_ws/build/delta_lidar -- -j12 -l12
[0.793s] -- Found ament_cmake: 1.3.8 (/opt/ros/humble/share/ament_cmake/cmake)
[0.793s] -- Found rclcpp: 16.0.8 (/opt/ros/humble/share/rclcpp/cmake)
[0.794s] -- Found rosidl_generator_c: 3.1.5 (/opt/ros/humble/share/rosidl_generator_c/cmake)
[0.795s] -- Found rosidl_adapter: 3.1.5 (/opt/ros/humble/share/rosidl_adapter/cmake)
[0.795s] -- Found rosidl_generator_cpp: 3.1.5 (/opt/ros/humble/share/rosidl_generator_cpp/cmake)
[0.796s] -- Using all available rosidl_typesupport_c: rosidl_typesupport_fastrtps_c;rosidl_typesupport_introspection_c
[0.796s] -- Using all available rosidl_typesupport_cpp: rosidl_typesupport_fastrtps_cpp;rosidl_typesupport_introspection_cpp
[0.796s] -- Found rmw_implementation_cmake: 6.1.1 (/opt/ros/humble/share/rmw_implementation_cmake/cmake)
[0.796s] -- Found rmw_fastrtps_cpp: 6.2.6 (/opt/ros/humble/share/rmw_fastrtps_cpp/cmake)
[0.796s] -- Using RMW implementation 'rmw_fastrtps_cpp' as default
[0.797s] -- Found sensor_msgs: 4.2.3 (/opt/ros/humble/share/sensor_msgs/cmake)
[0.849s] -- Configuring done
[0.872s] -- Generating done
[0.875s] -- Build files have been written to: /home/jsc/ros2_ws/build/delta_lidar
[0.904s] [35m[1mConsolidate compiler generated dependencies of target delta_lidar_node_client[0m
[0.906s] [35m[1mConsolidate compiler generated dependencies of target delta_lidar_node[0m
[0.925s] [ 14%] Built target delta_lidar_node_client
[0.937s] [100%] Built target delta_lidar_node
[0.949s] Invoked command in '/home/jsc/ros2_ws/build/delta_lidar' returned '0': CMAKE_PREFIX_PATH=${CMAKE_PREFIX_PATH}:/home/jsc/ros2_ws/install/robot_sensor_distance:/home/jsc/ros2_ws/install/robot_distancia:/home/jsc/ros2_ws/install/robot_controller:/home/jsc/ros2_ws/install/prueba:/home/jsc/ros2_ws/install/aros2duino:/home/jsc/Aros2duino/install/aros2duino:/opt/ros/humble /usr/bin/cmake --build /home/jsc/ros2_ws/build/delta_lidar -- -j12 -l12
[0.998s] Invoking command in '/home/jsc/ros2_ws/build/delta_lidar': CMAKE_PREFIX_PATH=${CMAKE_PREFIX_PATH}:/home/jsc/ros2_ws/install/robot_sensor_distance:/home/jsc/ros2_ws/install/robot_distancia:/home/jsc/ros2_ws/install/robot_controller:/home/jsc/ros2_ws/install/prueba:/home/jsc/ros2_ws/install/aros2duino:/home/jsc/Aros2duino/install/aros2duino:/opt/ros/humble /usr/bin/cmake --install /home/jsc/ros2_ws/build/delta_lidar
[1.007s] -- Install configuration: ""
[1.007s] -- Up-to-date: /home/jsc/ros2_ws/install/delta_lidar/lib/delta_lidar/delta_lidar_node
[1.008s] -- Up-to-date: /home/jsc/ros2_ws/install/delta_lidar/lib/delta_lidar/delta_lidar_node_client
[1.008s] -- Up-to-date: /home/jsc/ros2_ws/install/delta_lidar/share/delta_lidar/launch
[1.008s] -- Up-to-date: /home/jsc/ros2_ws/install/delta_lidar/share/delta_lidar/launch/delta_lidar.py
[1.009s] -- Up-to-date: /home/jsc/ros2_ws/install/delta_lidar/share/delta_lidar/launch/view_delta_lidar.py
[1.009s] -- Up-to-date: /home/jsc/ros2_ws/install/delta_lidar/share/delta_lidar/launch
[1.009s] -- Up-to-date: /home/jsc/ros2_ws/install/delta_lidar/share/delta_lidar/launch/delta_lidar.py
[1.010s] -- Up-to-date: /home/jsc/ros2_ws/install/delta_lidar/share/delta_lidar/launch/view_delta_lidar.py
[1.010s] -- Up-to-date: /home/jsc/ros2_ws/install/delta_lidar/share/delta_lidar/launch
[1.010s] -- Up-to-date: /home/jsc/ros2_ws/install/delta_lidar/share/delta_lidar/launch/delta_lidar.py
[1.010s] -- Up-to-date: /home/jsc/ros2_ws/install/delta_lidar/share/delta_lidar/launch/view_delta_lidar.py
[1.010s] -- Up-to-date: /home/jsc/ros2_ws/install/delta_lidar/share/delta_lidar/rviz
[1.010s] -- Up-to-date: /home/jsc/ros2_ws/install/delta_lidar/share/delta_lidar/rviz/delta_lidar.rviz
[1.010s] -- Up-to-date: /home/jsc/ros2_ws/install/delta_lidar/share/delta_lidar/launch
[1.011s] -- Up-to-date: /home/jsc/ros2_ws/install/delta_lidar/share/delta_lidar/launch/delta_lidar.py
[1.011s] -- Up-to-date: /home/jsc/ros2_ws/install/delta_lidar/share/delta_lidar/launch/view_delta_lidar.py
[1.011s] -- Up-to-date: /home/jsc/ros2_ws/install/delta_lidar/share/delta_lidar/sdk
[1.011s] -- Up-to-date: /home/jsc/ros2_ws/install/delta_lidar/share/delta_lidar/sdk/src
[1.011s] -- Up-to-date: /home/jsc/ros2_ws/install/delta_lidar/share/delta_lidar/sdk/src/CSimulateSerial.cpp
[1.012s] -- Up-to-date: /home/jsc/ros2_ws/install/delta_lidar/share/delta_lidar/sdk/src/CLidarUnpacket.cpp
[1.012s] -- Up-to-date: /home/jsc/ros2_ws/install/delta_lidar/share/delta_lidar/sdk/src/CCountDown.cpp
[1.012s] -- Up-to-date: /home/jsc/ros2_ws/install/delta_lidar/share/delta_lidar/sdk/src/CDeviceConnection.cpp
[1.012s] -- Up-to-date: /home/jsc/ros2_ws/install/delta_lidar/share/delta_lidar/sdk/src/CLidarPacket.cpp
[1.012s] -- Up-to-date: /home/jsc/ros2_ws/install/delta_lidar/share/delta_lidar/sdk/src/CSerialConnection.cpp
[1.012s] -- Up-to-date: /home/jsc/ros2_ws/install/delta_lidar/share/delta_lidar/sdk/src/CArcTime.cpp
[1.012s] -- Up-to-date: /home/jsc/ros2_ws/install/delta_lidar/share/delta_lidar/sdk/src/CLidarPacketReceiver.cpp
[1.013s] -- Up-to-date: /home/jsc/ros2_ws/install/delta_lidar/share/delta_lidar/sdk/src/C3iroboticsLidar.cpp
[1.013s] -- Up-to-date: /home/jsc/ros2_ws/install/delta_lidar/share/delta_lidar/sdk/src/CTime.cpp
[1.013s] -- Up-to-date: /home/jsc/ros2_ws/install/delta_lidar/share/delta_lidar/sdk/include
[1.013s] -- Up-to-date: /home/jsc/ros2_ws/install/delta_lidar/share/delta_lidar/sdk/include/CTime.h
[1.013s] -- Up-to-date: /home/jsc/ros2_ws/install/delta_lidar/share/delta_lidar/sdk/include/CLidarPacketReceiver.h
[1.013s] -- Up-to-date: /home/jsc/ros2_ws/install/delta_lidar/share/delta_lidar/sdk/include/CLidarPacket.h
[1.014s] -- Up-to-date: /home/jsc/ros2_ws/install/delta_lidar/share/delta_lidar/sdk/include/C3iroboticsLidarProtocol.h
[1.014s] -- Up-to-date: /home/jsc/ros2_ws/install/delta_lidar/share/delta_lidar/sdk/include/CLogUtitls.h
[1.014s] -- Up-to-date: /home/jsc/ros2_ws/install/delta_lidar/share/delta_lidar/sdk/include/typedef.h
[1.014s] -- Up-to-date: /home/jsc/ros2_ws/install/delta_lidar/share/delta_lidar/sdk/include/CSimulateSerial.h
[1.014s] -- Up-to-date: /home/jsc/ros2_ws/install/delta_lidar/share/delta_lidar/sdk/include/C3iroboticsLidar.h
[1.014s] -- Up-to-date: /home/jsc/ros2_ws/install/delta_lidar/share/delta_lidar/sdk/include/CSerialConnection.h
[1.014s] -- Up-to-date: /home/jsc/ros2_ws/install/delta_lidar/share/delta_lidar/sdk/include/CDeviceConnection.h
[1.015s] -- Up-to-date: /home/jsc/ros2_ws/install/delta_lidar/share/delta_lidar/sdk/include/CCountDown.h
[1.016s] -- Up-to-date: /home/jsc/ros2_ws/install/delta_lidar/share/delta_lidar/sdk/include/CLidarUnpacket.h
[1.016s] -- Up-to-date: /home/jsc/ros2_ws/install/delta_lidar/share/delta_lidar/sdk/include/CArcTime.h
[1.016s] -- Up-to-date: /home/jsc/ros2_ws/install/delta_lidar/share/ament_index/resource_index/package_run_dependencies/delta_lidar
[1.016s] -- Installing: /home/jsc/ros2_ws/install/delta_lidar/share/ament_index/resource_index/parent_prefix_path/delta_lidar
[1.016s] -- Up-to-date: /home/jsc/ros2_ws/install/delta_lidar/share/delta_lidar/environment/ament_prefix_path.sh
[1.016s] -- Installing: /home/jsc/ros2_ws/install/delta_lidar/share/delta_lidar/environment/ament_prefix_path.dsv
[1.017s] -- Up-to-date: /home/jsc/ros2_ws/install/delta_lidar/share/delta_lidar/environment/path.sh
[1.017s] -- Installing: /home/jsc/ros2_ws/install/delta_lidar/share/delta_lidar/environment/path.dsv
[1.017s] -- Up-to-date: /home/jsc/ros2_ws/install/delta_lidar/share/delta_lidar/local_setup.bash
[1.017s] -- Up-to-date: /home/jsc/ros2_ws/install/delta_lidar/share/delta_lidar/local_setup.sh
[1.017s] -- Up-to-date: /home/jsc/ros2_ws/install/delta_lidar/share/delta_lidar/local_setup.zsh
[1.017s] -- Installing: /home/jsc/ros2_ws/install/delta_lidar/share/delta_lidar/local_setup.dsv
[1.018s] -- Installing: /home/jsc/ros2_ws/install/delta_lidar/share/delta_lidar/package.dsv
[1.018s] -- Up-to-date: /home/jsc/ros2_ws/install/delta_lidar/share/ament_index/resource_index/packages/delta_lidar
[1.018s] -- Up-to-date: /home/jsc/ros2_ws/install/delta_lidar/share/delta_lidar/cmake/delta_lidarConfig.cmake
[1.018s] -- Up-to-date: /home/jsc/ros2_ws/install/delta_lidar/share/delta_lidar/cmake/delta_lidarConfig-version.cmake
[1.018s] -- Up-to-date: /home/jsc/ros2_ws/install/delta_lidar/share/delta_lidar/package.xml
[1.018s] Invoked command in '/home/jsc/ros2_ws/build/delta_lidar' returned '0': CMAKE_PREFIX_PATH=${CMAKE_PREFIX_PATH}:/home/jsc/ros2_ws/install/robot_sensor_distance:/home/jsc/ros2_ws/install/robot_distancia:/home/jsc/ros2_ws/install/robot_controller:/home/jsc/ros2_ws/install/prueba:/home/jsc/ros2_ws/install/aros2duino:/home/jsc/Aros2duino/install/aros2duino:/opt/ros/humble /usr/bin/cmake --install /home/jsc/ros2_ws/build/delta_lidar
