[0.046s] Invoking command in '/home/jsc/ros2_ws/build/jsc_mobile_robot': CMAKE_PREFIX_PATH=${CMAKE_PREFIX_PATH}:/home/jsc/ros2_ws/install/robot_sensor_distance:/home/jsc/ros2_ws/install/robot_nav2:/home/jsc/ros2_ws/install/robot_distancia:/home/jsc/ros2_ws/install/robot_controller:/home/jsc/ros2_ws/install/prueba:/home/jsc/ros2_ws/install/aros2duino:/home/jsc/Aros2duino/install/aros2duino:/opt/ros/humble /usr/bin/cmake /home/jsc/ros2_ws/src/jsc_mobile_robot -DCMAKE_INSTALL_PREFIX=/home/jsc/ros2_ws/install/jsc_mobile_robot
[1.138s] -- Found ament_cmake: 1.3.9 (/opt/ros/humble/share/ament_cmake/cmake)
[1.138s] -- Override CMake install command with custom implementation using symlinks instead of copying resources
[1.139s] -- Found ament_lint_auto: 0.12.11 (/opt/ros/humble/share/ament_lint_auto/cmake)
[1.139s] -- Added test 'copyright' to check source files copyright and LICENSE
[1.140s] -- Added test 'flake8' to check Python code syntax and style conventions
[1.141s] -- Added test 'lint_cmake' to check CMake code style
[1.141s] -- Added test 'pep257' to check Python code against some of the docstring style conventions in PEP 257
[1.142s] -- Added test 'xmllint' to check XML markup files
[1.143s] -- Configuring done
[1.143s] -- Generating done
[1.143s] -- Build files have been written to: /home/jsc/ros2_ws/build/jsc_mobile_robot
[1.147s] Invoked command in '/home/jsc/ros2_ws/build/jsc_mobile_robot' returned '0': CMAKE_PREFIX_PATH=${CMAKE_PREFIX_PATH}:/home/jsc/ros2_ws/install/robot_sensor_distance:/home/jsc/ros2_ws/install/robot_nav2:/home/jsc/ros2_ws/install/robot_distancia:/home/jsc/ros2_ws/install/robot_controller:/home/jsc/ros2_ws/install/prueba:/home/jsc/ros2_ws/install/aros2duino:/home/jsc/Aros2duino/install/aros2duino:/opt/ros/humble /usr/bin/cmake /home/jsc/ros2_ws/src/jsc_mobile_robot -DCMAKE_INSTALL_PREFIX=/home/jsc/ros2_ws/install/jsc_mobile_robot
[1.148s] Invoking command in '/home/jsc/ros2_ws/build/jsc_mobile_robot': CMAKE_PREFIX_PATH=${CMAKE_PREFIX_PATH}:/home/jsc/ros2_ws/install/robot_sensor_distance:/home/jsc/ros2_ws/install/robot_nav2:/home/jsc/ros2_ws/install/robot_distancia:/home/jsc/ros2_ws/install/robot_controller:/home/jsc/ros2_ws/install/prueba:/home/jsc/ros2_ws/install/aros2duino:/home/jsc/Aros2duino/install/aros2duino:/opt/ros/humble /usr/bin/cmake --build /home/jsc/ros2_ws/build/jsc_mobile_robot -- -j12 -l12
[1.189s] Invoked command in '/home/jsc/ros2_ws/build/jsc_mobile_robot' returned '0': CMAKE_PREFIX_PATH=${CMAKE_PREFIX_PATH}:/home/jsc/ros2_ws/install/robot_sensor_distance:/home/jsc/ros2_ws/install/robot_nav2:/home/jsc/ros2_ws/install/robot_distancia:/home/jsc/ros2_ws/install/robot_controller:/home/jsc/ros2_ws/install/prueba:/home/jsc/ros2_ws/install/aros2duino:/home/jsc/Aros2duino/install/aros2duino:/opt/ros/humble /usr/bin/cmake --build /home/jsc/ros2_ws/build/jsc_mobile_robot -- -j12 -l12
[1.234s] Invoking command in '/home/jsc/ros2_ws/build/jsc_mobile_robot': CMAKE_PREFIX_PATH=${CMAKE_PREFIX_PATH}:/home/jsc/ros2_ws/install/robot_sensor_distance:/home/jsc/ros2_ws/install/robot_nav2:/home/jsc/ros2_ws/install/robot_distancia:/home/jsc/ros2_ws/install/robot_controller:/home/jsc/ros2_ws/install/prueba:/home/jsc/ros2_ws/install/aros2duino:/home/jsc/Aros2duino/install/aros2duino:/opt/ros/humble /usr/bin/cmake --install /home/jsc/ros2_ws/build/jsc_mobile_robot
[1.244s] -- Install configuration: ""
[1.245s] -- Execute custom install script
[1.245s] -- Up-to-date symlink: /home/jsc/ros2_ws/install/jsc_mobile_robot/share/jsc_mobile_robot/launch/jsc_mobile_bot_v1_launch.py
[1.245s] -- Up-to-date symlink: /home/jsc/ros2_ws/install/jsc_mobile_robot/share/jsc_mobile_robot/meshes/arm_base.stl
[1.245s] -- Up-to-date symlink: /home/jsc/ros2_ws/install/jsc_mobile_robot/share/jsc_mobile_robot/meshes/bicep.stl
[1.246s] -- Up-to-date symlink: /home/jsc/ros2_ws/install/jsc_mobile_robot/share/jsc_mobile_robot/meshes/elbow.stl
[1.246s] -- Up-to-date symlink: /home/jsc/ros2_ws/install/jsc_mobile_robot/share/jsc_mobile_robot/meshes/robot_base.stl
[1.246s] -- Up-to-date symlink: /home/jsc/ros2_ws/install/jsc_mobile_robot/share/jsc_mobile_robot/meshes/wheel.stl
[1.246s] -- Up-to-date symlink: /home/jsc/ros2_ws/install/jsc_mobile_robot/share/jsc_mobile_robot/meshes/wrist.stl
[1.247s] -- Up-to-date symlink: /home/jsc/ros2_ws/install/jsc_mobile_robot/share/jsc_mobile_robot/models/jsc_mobile_bot_description/meshes/arm_base.stl
[1.247s] -- Up-to-date symlink: /home/jsc/ros2_ws/install/jsc_mobile_robot/share/jsc_mobile_robot/models/jsc_mobile_bot_description/meshes/bicep.stl
[1.247s] -- Up-to-date symlink: /home/jsc/ros2_ws/install/jsc_mobile_robot/share/jsc_mobile_robot/models/jsc_mobile_bot_description/meshes/elbow.stl
[1.247s] -- Up-to-date symlink: /home/jsc/ros2_ws/install/jsc_mobile_robot/share/jsc_mobile_robot/models/jsc_mobile_bot_description/meshes/robot_base.stl
[1.248s] -- Up-to-date symlink: /home/jsc/ros2_ws/install/jsc_mobile_robot/share/jsc_mobile_robot/models/jsc_mobile_bot_description/meshes/wheel.stl
[1.248s] -- Up-to-date symlink: /home/jsc/ros2_ws/install/jsc_mobile_robot/share/jsc_mobile_robot/models/jsc_mobile_bot_description/meshes/wrist.stl
[1.248s] -- Up-to-date symlink: /home/jsc/ros2_ws/install/jsc_mobile_robot/share/jsc_mobile_robot/models/jsc_mobile_bot_description/model.config
[1.249s] -- Up-to-date symlink: /home/jsc/ros2_ws/install/jsc_mobile_robot/share/jsc_mobile_robot/models/jsc_mobile_bot_description/model.sdf
[1.249s] -- Up-to-date symlink: /home/jsc/ros2_ws/install/jsc_mobile_robot/share/jsc_mobile_robot/models/jsc_mobile_bot_v1.urdf
[1.249s] -- Up-to-date symlink: /home/jsc/ros2_ws/install/jsc_mobile_robot/share/jsc_mobile_robot/rviz/urdf_config.rviz
[1.250s] -- Up-to-date symlink: /home/jsc/ros2_ws/install/jsc_mobile_robot/share/ament_index/resource_index/package_run_dependencies/jsc_mobile_robot
[1.250s] -- Up-to-date symlink: /home/jsc/ros2_ws/install/jsc_mobile_robot/share/ament_index/resource_index/parent_prefix_path/jsc_mobile_robot
[1.251s] -- Up-to-date symlink: /home/jsc/ros2_ws/install/jsc_mobile_robot/share/jsc_mobile_robot/environment/ament_prefix_path.sh
[1.251s] -- Up-to-date symlink: /home/jsc/ros2_ws/install/jsc_mobile_robot/share/jsc_mobile_robot/environment/ament_prefix_path.dsv
[1.251s] -- Up-to-date symlink: /home/jsc/ros2_ws/install/jsc_mobile_robot/share/jsc_mobile_robot/environment/path.sh
[1.252s] -- Up-to-date symlink: /home/jsc/ros2_ws/install/jsc_mobile_robot/share/jsc_mobile_robot/environment/path.dsv
[1.252s] -- Up-to-date symlink: /home/jsc/ros2_ws/install/jsc_mobile_robot/share/jsc_mobile_robot/local_setup.bash
[1.252s] -- Up-to-date symlink: /home/jsc/ros2_ws/install/jsc_mobile_robot/share/jsc_mobile_robot/local_setup.sh
[1.252s] -- Up-to-date symlink: /home/jsc/ros2_ws/install/jsc_mobile_robot/share/jsc_mobile_robot/local_setup.zsh
[1.253s] -- Up-to-date symlink: /home/jsc/ros2_ws/install/jsc_mobile_robot/share/jsc_mobile_robot/local_setup.dsv
[1.253s] -- Symlinking: /home/jsc/ros2_ws/install/jsc_mobile_robot/share/jsc_mobile_robot/package.dsv
[1.267s] -- Up-to-date symlink: /home/jsc/ros2_ws/install/jsc_mobile_robot/share/ament_index/resource_index/packages/jsc_mobile_robot
[1.267s] -- Up-to-date symlink: /home/jsc/ros2_ws/install/jsc_mobile_robot/share/jsc_mobile_robot/cmake/jsc_mobile_robotConfig.cmake
[1.268s] -- Up-to-date symlink: /home/jsc/ros2_ws/install/jsc_mobile_robot/share/jsc_mobile_robot/cmake/jsc_mobile_robotConfig-version.cmake
[1.268s] -- Up-to-date symlink: /home/jsc/ros2_ws/install/jsc_mobile_robot/share/jsc_mobile_robot/package.xml
[1.288s] Invoked command in '/home/jsc/ros2_ws/build/jsc_mobile_robot' returned '0': CMAKE_PREFIX_PATH=${CMAKE_PREFIX_PATH}:/home/jsc/ros2_ws/install/robot_sensor_distance:/home/jsc/ros2_ws/install/robot_nav2:/home/jsc/ros2_ws/install/robot_distancia:/home/jsc/ros2_ws/install/robot_controller:/home/jsc/ros2_ws/install/prueba:/home/jsc/ros2_ws/install/aros2duino:/home/jsc/Aros2duino/install/aros2duino:/opt/ros/humble /usr/bin/cmake --install /home/jsc/ros2_ws/build/jsc_mobile_robot
