[0.009s] Invoking command in '/home/jsc/ros2_ws/build/rqt_robot_steering': /usr/bin/cmake /home/jsc/ros2_ws/src/rqt_robot_steering -DCATKIN_INSTALL_INTO_PREFIX_ROOT=0 -DCATKIN_SYMLINK_INSTALL=ON -DCMAKE_INSTALL_PREFIX=/home/jsc/ros2_ws/install/rqt_robot_steering
[0.064s] -- The C compiler identification is GNU 11.4.0
[0.119s] -- The CXX compiler identification is GNU 11.4.0
[0.127s] -- Detecting C compiler ABI info
[0.190s] -- Detecting C compiler ABI info - done
[0.202s] -- Check for working C compiler: /usr/bin/cc - skipped
[0.202s] -- Detecting C compile features
[0.203s] -- Detecting C compile features - done
[0.207s] -- Detecting CXX compiler ABI info
[0.281s] -- Detecting CXX compiler ABI info - done
[0.293s] -- Check for working CXX compiler: /usr/bin/c++ - skipped
[0.293s] -- Detecting CXX compile features
[0.294s] -- Detecting CXX compile features - done
[0.307s] [31mCMake Error at CMakeLists.txt:4 (find_package):
[0.307s]   By not providing "Findcatkin.cmake" in CMAKE_MODULE_PATH this project has
[0.308s]   asked CMake to find a package configuration file provided by "catkin", but
[0.308s]   CMake did not find one.
[0.308s] 
[0.308s]   Could not find a package configuration file provided by "catkin" with any
[0.308s]   of the following names:
[0.308s] 
[0.308s]     catkinConfig.cmake
[0.308s]     catkin-config.cmake
[0.308s] 
[0.308s]   Add the installation prefix of "catkin" to CMAKE_PREFIX_PATH or set
[0.309s]   "catkin_DIR" to a directory containing one of the above files.  If "catkin"
[0.309s]   provides a separate development package or SDK, be sure it has been
[0.309s]   installed.
[0.309s] 
[0.309s] [0m
[0.309s] -- Configuring incomplete, errors occurred!
[0.309s] See also "/home/jsc/ros2_ws/build/rqt_robot_steering/CMakeFiles/CMakeOutput.log".
[0.311s] Invoked command in '/home/jsc/ros2_ws/build/rqt_robot_steering' returned '1': /usr/bin/cmake /home/jsc/ros2_ws/src/rqt_robot_steering -DCATKIN_INSTALL_INTO_PREFIX_ROOT=0 -DCATKIN_SYMLINK_INSTALL=ON -DCMAKE_INSTALL_PREFIX=/home/jsc/ros2_ws/install/rqt_robot_steering
